2021-05-12 23:58:40,361 - model.pytorch.dcrnn_supervisor - INFO - Log directory: /models-vol/dcrnn_DR_2_h_12_64-64_lr_0.01_bs_64_0512235840/
2021-05-12 23:58:52,395 - model.pytorch.dcrnn_supervisor - INFO - Model created
2021-05-12 23:58:52,395 - model.pytorch.dcrnn_supervisor - INFO - Start training ...
2021-05-12 23:58:52,396 - model.pytorch.dcrnn_supervisor - INFO - num_batches:570
2021-05-12 23:58:52,891 - model.pytorch.dcrnn_supervisor - INFO - Total trainable parameters 372353
2021-05-13 00:07:48,186 - model.pytorch.dcrnn_supervisor - INFO - epoch complete
2021-05-13 00:07:48,187 - model.pytorch.dcrnn_supervisor - INFO - evaluating now!
2021-05-13 00:08:26,320 - model.pytorch.dcrnn_supervisor - INFO - Epoch [0/100] (570) train_mae: 0.8977, val_mae: 0.8507, lr: 0.010000, 573.9s
2021-05-13 00:08:26,330 - model.pytorch.dcrnn_supervisor - INFO - Saved model at 0
2021-05-13 00:08:26,330 - model.pytorch.dcrnn_supervisor - INFO - Val loss decrease from inf to 0.8507, saving to /models-vol/epo0.tar
2021-05-13 00:17:23,509 - model.pytorch.dcrnn_supervisor - INFO - epoch complete
2021-05-13 00:17:23,510 - model.pytorch.dcrnn_supervisor - INFO - evaluating now!
2021-05-13 00:18:01,644 - model.pytorch.dcrnn_supervisor - INFO - Epoch [1/100] (1140) train_mae: 0.7508, val_mae: 0.8319, lr: 0.010000, 575.3s
2021-05-13 00:18:01,647 - model.pytorch.dcrnn_supervisor - INFO - Saved model at 1
2021-05-13 00:18:01,647 - model.pytorch.dcrnn_supervisor - INFO - Val loss decrease from 0.8507 to 0.8319, saving to /models-vol/epo1.tar
2021-05-13 00:26:58,561 - model.pytorch.dcrnn_supervisor - INFO - epoch complete
2021-05-13 00:26:58,561 - model.pytorch.dcrnn_supervisor - INFO - evaluating now!
2021-05-13 00:27:36,663 - model.pytorch.dcrnn_supervisor - INFO - Epoch [2/100] (1710) train_mae: 0.7392, val_mae: 0.8242, lr: 0.010000, 575.0s
2021-05-13 00:27:36,666 - model.pytorch.dcrnn_supervisor - INFO - Saved model at 2
2021-05-13 00:27:36,667 - model.pytorch.dcrnn_supervisor - INFO - Val loss decrease from 0.8319 to 0.8242, saving to /models-vol/epo2.tar
2021-05-13 00:36:33,273 - model.pytorch.dcrnn_supervisor - INFO - epoch complete
2021-05-13 00:36:33,273 - model.pytorch.dcrnn_supervisor - INFO - evaluating now!
2021-05-13 00:37:11,367 - model.pytorch.dcrnn_supervisor - INFO - Epoch [3/100] (2280) train_mae: 0.7313, val_mae: 0.8165, lr: 0.010000, 574.7s
2021-05-13 00:37:11,370 - model.pytorch.dcrnn_supervisor - INFO - Saved model at 3
2021-05-13 00:37:11,370 - model.pytorch.dcrnn_supervisor - INFO - Val loss decrease from 0.8242 to 0.8165, saving to /models-vol/epo3.tar
2021-05-13 00:46:08,053 - model.pytorch.dcrnn_supervisor - INFO - epoch complete
2021-05-13 00:46:08,053 - model.pytorch.dcrnn_supervisor - INFO - evaluating now!
2021-05-13 00:46:46,175 - model.pytorch.dcrnn_supervisor - INFO - Epoch [4/100] (2850) train_mae: 0.7256, val_mae: 0.8181, lr: 0.010000, 574.8s
2021-05-13 00:55:42,906 - model.pytorch.dcrnn_supervisor - INFO - epoch complete
2021-05-13 00:55:42,906 - model.pytorch.dcrnn_supervisor - INFO - evaluating now!
2021-05-13 00:56:21,022 - model.pytorch.dcrnn_supervisor - INFO - Epoch [5/100] (3420) train_mae: 0.7205, val_mae: 0.8070, lr: 0.010000, 574.8s
2021-05-13 00:56:21,025 - model.pytorch.dcrnn_supervisor - INFO - Saved model at 5
2021-05-13 00:56:21,026 - model.pytorch.dcrnn_supervisor - INFO - Val loss decrease from 0.8165 to 0.8070, saving to /models-vol/epo5.tar
2021-05-13 01:05:17,782 - model.pytorch.dcrnn_supervisor - INFO - epoch complete
2021-05-13 01:05:17,782 - model.pytorch.dcrnn_supervisor - INFO - evaluating now!
2021-05-13 01:05:55,876 - model.pytorch.dcrnn_supervisor - INFO - Epoch [6/100] (3990) train_mae: 0.7170, val_mae: 0.7958, lr: 0.010000, 574.9s
2021-05-13 01:05:55,879 - model.pytorch.dcrnn_supervisor - INFO - Saved model at 6
2021-05-13 01:05:55,879 - model.pytorch.dcrnn_supervisor - INFO - Val loss decrease from 0.8070 to 0.7958, saving to /models-vol/epo6.tar
2021-05-13 01:14:52,776 - model.pytorch.dcrnn_supervisor - INFO - epoch complete
2021-05-13 01:14:52,776 - model.pytorch.dcrnn_supervisor - INFO - evaluating now!
2021-05-13 01:15:30,861 - model.pytorch.dcrnn_supervisor - INFO - Epoch [7/100] (4560) train_mae: 0.7139, val_mae: 0.7983, lr: 0.010000, 575.0s
2021-05-13 01:24:27,349 - model.pytorch.dcrnn_supervisor - INFO - epoch complete
2021-05-13 01:24:27,349 - model.pytorch.dcrnn_supervisor - INFO - evaluating now!
2021-05-13 01:25:05,452 - model.pytorch.dcrnn_supervisor - INFO - Epoch [8/100] (5130) train_mae: 0.7110, val_mae: 0.7814, lr: 0.010000, 574.6s
2021-05-13 01:25:05,455 - model.pytorch.dcrnn_supervisor - INFO - Saved model at 8
2021-05-13 01:25:05,455 - model.pytorch.dcrnn_supervisor - INFO - Val loss decrease from 0.7958 to 0.7814, saving to /models-vol/epo8.tar
2021-05-13 01:34:02,143 - model.pytorch.dcrnn_supervisor - INFO - epoch complete
2021-05-13 01:34:02,144 - model.pytorch.dcrnn_supervisor - INFO - evaluating now!
2021-05-13 01:34:40,249 - model.pytorch.dcrnn_supervisor - INFO - Epoch [9/100] (5700) train_mae: 0.7086, val_mae: 0.7861, lr: 0.010000, 574.8s
2021-05-13 01:35:56,018 - model.pytorch.dcrnn_supervisor - INFO - Epoch [9/100] (5700) train_mae: 0.7086, test_mae: 0.8837,  lr: 0.010000, 574.8s
2021-05-13 01:44:52,708 - model.pytorch.dcrnn_supervisor - INFO - epoch complete
2021-05-13 01:44:52,708 - model.pytorch.dcrnn_supervisor - INFO - evaluating now!
2021-05-13 01:45:30,808 - model.pytorch.dcrnn_supervisor - INFO - Epoch [10/100] (6270) train_mae: 0.7060, val_mae: 0.7862, lr: 0.010000, 574.8s
2021-05-13 01:54:27,486 - model.pytorch.dcrnn_supervisor - INFO - epoch complete
2021-05-13 01:54:27,486 - model.pytorch.dcrnn_supervisor - INFO - evaluating now!
2021-05-13 01:55:05,580 - model.pytorch.dcrnn_supervisor - INFO - Epoch [11/100] (6840) train_mae: 0.7045, val_mae: 0.7944, lr: 0.010000, 574.8s
2021-05-13 02:04:02,284 - model.pytorch.dcrnn_supervisor - INFO - epoch complete
2021-05-13 02:04:02,284 - model.pytorch.dcrnn_supervisor - INFO - evaluating now!
2021-05-13 02:04:40,386 - model.pytorch.dcrnn_supervisor - INFO - Epoch [12/100] (7410) train_mae: 0.7032, val_mae: 0.8073, lr: 0.010000, 574.8s
2021-05-13 02:13:37,309 - model.pytorch.dcrnn_supervisor - INFO - epoch complete
2021-05-13 02:13:37,309 - model.pytorch.dcrnn_supervisor - INFO - evaluating now!
2021-05-13 02:14:15,489 - model.pytorch.dcrnn_supervisor - INFO - Epoch [13/100] (7980) train_mae: 0.7030, val_mae: 0.8087, lr: 0.010000, 575.1s
2021-05-13 02:23:12,085 - model.pytorch.dcrnn_supervisor - INFO - epoch complete
2021-05-13 02:23:12,086 - model.pytorch.dcrnn_supervisor - INFO - evaluating now!
2021-05-13 02:23:50,177 - model.pytorch.dcrnn_supervisor - INFO - Epoch [14/100] (8550) train_mae: 0.7026, val_mae: 0.7720, lr: 0.010000, 574.7s
2021-05-13 02:23:50,180 - model.pytorch.dcrnn_supervisor - INFO - Saved model at 14
2021-05-13 02:23:50,180 - model.pytorch.dcrnn_supervisor - INFO - Val loss decrease from 0.7814 to 0.7720, saving to /models-vol/epo14.tar
2021-05-13 02:32:46,813 - model.pytorch.dcrnn_supervisor - INFO - epoch complete
2021-05-13 02:32:46,813 - model.pytorch.dcrnn_supervisor - INFO - evaluating now!
2021-05-13 02:33:24,914 - model.pytorch.dcrnn_supervisor - INFO - Epoch [15/100] (9120) train_mae: 0.7028, val_mae: 0.7781, lr: 0.010000, 574.7s
2021-05-13 02:42:21,691 - model.pytorch.dcrnn_supervisor - INFO - epoch complete
2021-05-13 02:42:21,691 - model.pytorch.dcrnn_supervisor - INFO - evaluating now!
2021-05-13 02:42:59,804 - model.pytorch.dcrnn_supervisor - INFO - Epoch [16/100] (9690) train_mae: 0.7038, val_mae: 0.7702, lr: 0.010000, 574.9s
2021-05-13 02:42:59,807 - model.pytorch.dcrnn_supervisor - INFO - Saved model at 16
2021-05-13 02:42:59,807 - model.pytorch.dcrnn_supervisor - INFO - Val loss decrease from 0.7720 to 0.7702, saving to /models-vol/epo16.tar
2021-05-13 02:51:56,577 - model.pytorch.dcrnn_supervisor - INFO - epoch complete
2021-05-13 02:51:56,578 - model.pytorch.dcrnn_supervisor - INFO - evaluating now!
2021-05-13 02:52:34,658 - model.pytorch.dcrnn_supervisor - INFO - Epoch [17/100] (10260) train_mae: 0.7076, val_mae: 0.7781, lr: 0.010000, 574.9s
2021-05-13 03:01:31,412 - model.pytorch.dcrnn_supervisor - INFO - epoch complete
2021-05-13 03:01:31,412 - model.pytorch.dcrnn_supervisor - INFO - evaluating now!
2021-05-13 03:02:09,524 - model.pytorch.dcrnn_supervisor - INFO - Epoch [18/100] (10830) train_mae: 0.7121, val_mae: 0.7646, lr: 0.010000, 574.9s
2021-05-13 03:02:09,527 - model.pytorch.dcrnn_supervisor - INFO - Saved model at 18
2021-05-13 03:02:09,527 - model.pytorch.dcrnn_supervisor - INFO - Val loss decrease from 0.7702 to 0.7646, saving to /models-vol/epo18.tar
2021-05-13 03:11:06,144 - model.pytorch.dcrnn_supervisor - INFO - epoch complete
2021-05-13 03:11:06,144 - model.pytorch.dcrnn_supervisor - INFO - evaluating now!
2021-05-13 03:11:44,255 - model.pytorch.dcrnn_supervisor - INFO - Epoch [19/100] (11400) train_mae: 0.7152, val_mae: 0.7802, lr: 0.000100, 574.7s
2021-05-13 03:13:00,015 - model.pytorch.dcrnn_supervisor - INFO - Epoch [19/100] (11400) train_mae: 0.7152, test_mae: 0.9021,  lr: 0.000100, 574.7s
2021-05-13 03:21:57,089 - model.pytorch.dcrnn_supervisor - INFO - epoch complete
2021-05-13 03:21:57,089 - model.pytorch.dcrnn_supervisor - INFO - evaluating now!
2021-05-13 03:22:35,220 - model.pytorch.dcrnn_supervisor - INFO - Epoch [20/100] (11970) train_mae: 0.7214, val_mae: 0.7592, lr: 0.001000, 575.2s
2021-05-13 03:22:35,223 - model.pytorch.dcrnn_supervisor - INFO - Saved model at 20
2021-05-13 03:22:35,223 - model.pytorch.dcrnn_supervisor - INFO - Val loss decrease from 0.7646 to 0.7592, saving to /models-vol/epo20.tar
2021-05-13 03:31:31,913 - model.pytorch.dcrnn_supervisor - INFO - epoch complete
2021-05-13 03:31:31,913 - model.pytorch.dcrnn_supervisor - INFO - evaluating now!
2021-05-13 03:32:10,022 - model.pytorch.dcrnn_supervisor - INFO - Epoch [21/100] (12540) train_mae: 0.7291, val_mae: 0.7803, lr: 0.001000, 574.8s
2021-05-13 03:41:06,713 - model.pytorch.dcrnn_supervisor - INFO - epoch complete
2021-05-13 03:41:06,714 - model.pytorch.dcrnn_supervisor - INFO - evaluating now!
2021-05-13 03:41:44,812 - model.pytorch.dcrnn_supervisor - INFO - Epoch [22/100] (13110) train_mae: 0.7423, val_mae: 0.7977, lr: 0.001000, 574.8s
2021-05-13 03:50:41,466 - model.pytorch.dcrnn_supervisor - INFO - epoch complete
2021-05-13 03:50:41,467 - model.pytorch.dcrnn_supervisor - INFO - evaluating now!
2021-05-13 03:51:19,592 - model.pytorch.dcrnn_supervisor - INFO - Epoch [23/100] (13680) train_mae: 0.7542, val_mae: 0.8418, lr: 0.001000, 574.8s
2021-05-13 04:00:16,272 - model.pytorch.dcrnn_supervisor - INFO - epoch complete
2021-05-13 04:00:16,272 - model.pytorch.dcrnn_supervisor - INFO - evaluating now!
2021-05-13 04:00:54,376 - model.pytorch.dcrnn_supervisor - INFO - Epoch [24/100] (14250) train_mae: 0.7757, val_mae: 0.7652, lr: 0.001000, 574.8s
2021-05-13 04:09:50,988 - model.pytorch.dcrnn_supervisor - INFO - epoch complete
2021-05-13 04:09:50,989 - model.pytorch.dcrnn_supervisor - INFO - evaluating now!
2021-05-13 04:10:29,081 - model.pytorch.dcrnn_supervisor - INFO - Epoch [25/100] (14820) train_mae: 0.8054, val_mae: 0.7820, lr: 0.001000, 574.7s
2021-05-13 04:19:26,042 - model.pytorch.dcrnn_supervisor - INFO - epoch complete
2021-05-13 04:19:26,042 - model.pytorch.dcrnn_supervisor - INFO - evaluating now!
2021-05-13 04:20:04,132 - model.pytorch.dcrnn_supervisor - INFO - Epoch [26/100] (15390) train_mae: 0.8220, val_mae: 0.8101, lr: 0.001000, 575.1s
2021-05-13 04:29:00,875 - model.pytorch.dcrnn_supervisor - INFO - epoch complete
2021-05-13 04:29:00,875 - model.pytorch.dcrnn_supervisor - INFO - evaluating now!
2021-05-13 04:29:38,980 - model.pytorch.dcrnn_supervisor - INFO - Epoch [27/100] (15960) train_mae: 0.8542, val_mae: 0.7765, lr: 0.001000, 574.8s
2021-05-13 04:38:35,662 - model.pytorch.dcrnn_supervisor - INFO - epoch complete
2021-05-13 04:38:35,662 - model.pytorch.dcrnn_supervisor - INFO - evaluating now!
2021-05-13 04:39:13,771 - model.pytorch.dcrnn_supervisor - INFO - Epoch [28/100] (16530) train_mae: 0.8925, val_mae: 0.8005, lr: 0.001000, 574.8s
2021-05-13 04:48:10,556 - model.pytorch.dcrnn_supervisor - INFO - epoch complete
2021-05-13 04:48:10,556 - model.pytorch.dcrnn_supervisor - INFO - evaluating now!
2021-05-13 04:48:48,653 - model.pytorch.dcrnn_supervisor - INFO - Epoch [29/100] (17100) train_mae: 0.9281, val_mae: 0.7716, lr: 0.000010, 574.9s
2021-05-13 04:50:04,420 - model.pytorch.dcrnn_supervisor - INFO - Epoch [29/100] (17100) train_mae: 0.9281, test_mae: 0.8877,  lr: 0.000010, 574.9s
2021-05-13 04:59:01,193 - model.pytorch.dcrnn_supervisor - INFO - epoch complete
2021-05-13 04:59:01,194 - model.pytorch.dcrnn_supervisor - INFO - evaluating now!
2021-05-13 04:59:39,301 - model.pytorch.dcrnn_supervisor - INFO - Epoch [30/100] (17670) train_mae: 0.9412, val_mae: 0.7759, lr: 0.000100, 574.9s
2021-05-13 05:08:36,009 - model.pytorch.dcrnn_supervisor - INFO - epoch complete
2021-05-13 05:08:36,009 - model.pytorch.dcrnn_supervisor - INFO - evaluating now!
2021-05-13 05:09:14,125 - model.pytorch.dcrnn_supervisor - INFO - Epoch [31/100] (18240) train_mae: 0.9939, val_mae: 0.7865, lr: 0.000100, 574.8s
2021-05-13 05:18:11,281 - model.pytorch.dcrnn_supervisor - INFO - epoch complete
2021-05-13 05:18:11,281 - model.pytorch.dcrnn_supervisor - INFO - evaluating now!
2021-05-13 05:18:49,389 - model.pytorch.dcrnn_supervisor - INFO - Epoch [32/100] (18810) train_mae: 1.0179, val_mae: 0.7687, lr: 0.000100, 575.3s
2021-05-13 05:27:46,188 - model.pytorch.dcrnn_supervisor - INFO - epoch complete
2021-05-13 05:27:46,188 - model.pytorch.dcrnn_supervisor - INFO - evaluating now!
2021-05-13 05:28:24,279 - model.pytorch.dcrnn_supervisor - INFO - Epoch [33/100] (19380) train_mae: 1.0320, val_mae: 0.7794, lr: 0.000100, 574.9s
2021-05-13 05:37:21,107 - model.pytorch.dcrnn_supervisor - INFO - epoch complete
2021-05-13 05:37:21,107 - model.pytorch.dcrnn_supervisor - INFO - evaluating now!
2021-05-13 05:37:59,246 - model.pytorch.dcrnn_supervisor - INFO - Epoch [34/100] (19950) train_mae: 1.0482, val_mae: 0.7736, lr: 0.000100, 575.0s
2021-05-13 05:46:56,031 - model.pytorch.dcrnn_supervisor - INFO - epoch complete
2021-05-13 05:46:56,031 - model.pytorch.dcrnn_supervisor - INFO - evaluating now!
2021-05-13 05:47:34,168 - model.pytorch.dcrnn_supervisor - INFO - Epoch [35/100] (20520) train_mae: 1.0746, val_mae: 0.7812, lr: 0.000100, 574.9s
2021-05-13 05:56:30,989 - model.pytorch.dcrnn_supervisor - INFO - epoch complete
2021-05-13 05:56:30,990 - model.pytorch.dcrnn_supervisor - INFO - evaluating now!
2021-05-13 05:57:09,104 - model.pytorch.dcrnn_supervisor - INFO - Epoch [36/100] (21090) train_mae: 1.6440, val_mae: 0.8535, lr: 0.000100, 574.9s
2021-05-13 06:06:05,942 - model.pytorch.dcrnn_supervisor - INFO - epoch complete
2021-05-13 06:06:05,943 - model.pytorch.dcrnn_supervisor - INFO - evaluating now!
2021-05-13 06:06:44,025 - model.pytorch.dcrnn_supervisor - INFO - Epoch [37/100] (21660) train_mae: 1.3671, val_mae: 0.8906, lr: 0.000100, 574.9s
2021-05-13 06:15:40,909 - model.pytorch.dcrnn_supervisor - INFO - epoch complete
2021-05-13 06:15:40,910 - model.pytorch.dcrnn_supervisor - INFO - evaluating now!
2021-05-13 06:16:19,036 - model.pytorch.dcrnn_supervisor - INFO - Epoch [38/100] (22230) train_mae: 1.3163, val_mae: 0.8688, lr: 0.000100, 575.0s
2021-05-13 06:25:16,231 - model.pytorch.dcrnn_supervisor - INFO - epoch complete
2021-05-13 06:25:16,231 - model.pytorch.dcrnn_supervisor - INFO - evaluating now!
2021-05-13 06:25:54,322 - model.pytorch.dcrnn_supervisor - INFO - Epoch [39/100] (22800) train_mae: 1.2899, val_mae: 0.8249, lr: 0.000001, 575.3s
2021-05-13 06:27:10,068 - model.pytorch.dcrnn_supervisor - INFO - Epoch [39/100] (22800) train_mae: 1.2899, test_mae: 0.9406,  lr: 0.000001, 575.3s
2021-05-13 06:36:06,897 - model.pytorch.dcrnn_supervisor - INFO - epoch complete
2021-05-13 06:36:06,897 - model.pytorch.dcrnn_supervisor - INFO - evaluating now!
2021-05-13 06:36:45,005 - model.pytorch.dcrnn_supervisor - INFO - Epoch [40/100] (23370) train_mae: 1.2732, val_mae: 0.8118, lr: 0.000010, 574.9s
2021-05-13 06:45:41,783 - model.pytorch.dcrnn_supervisor - INFO - epoch complete
2021-05-13 06:45:41,783 - model.pytorch.dcrnn_supervisor - INFO - evaluating now!
2021-05-13 06:46:19,869 - model.pytorch.dcrnn_supervisor - INFO - Epoch [41/100] (23940) train_mae: 1.2546, val_mae: 0.8467, lr: 0.000010, 574.9s
2021-05-13 06:55:16,737 - model.pytorch.dcrnn_supervisor - INFO - epoch complete
2021-05-13 06:55:16,737 - model.pytorch.dcrnn_supervisor - INFO - evaluating now!
2021-05-13 06:55:54,848 - model.pytorch.dcrnn_supervisor - INFO - Epoch [42/100] (24510) train_mae: 1.3069, val_mae: 1.5305, lr: 0.000010, 575.0s
2021-05-13 07:04:51,853 - model.pytorch.dcrnn_supervisor - INFO - epoch complete
2021-05-13 07:04:51,853 - model.pytorch.dcrnn_supervisor - INFO - evaluating now!
2021-05-13 07:05:29,965 - model.pytorch.dcrnn_supervisor - INFO - Epoch [43/100] (25080) train_mae: 1.7423, val_mae: 0.9482, lr: 0.000010, 575.1s
2021-05-13 07:14:26,737 - model.pytorch.dcrnn_supervisor - INFO - epoch complete
2021-05-13 07:14:26,738 - model.pytorch.dcrnn_supervisor - INFO - evaluating now!
2021-05-13 07:15:04,836 - model.pytorch.dcrnn_supervisor - INFO - Epoch [44/100] (25650) train_mae: 1.5990, val_mae: 0.8926, lr: 0.000010, 574.9s
2021-05-13 07:24:01,920 - model.pytorch.dcrnn_supervisor - INFO - epoch complete
2021-05-13 07:24:01,921 - model.pytorch.dcrnn_supervisor - INFO - evaluating now!
2021-05-13 07:24:40,008 - model.pytorch.dcrnn_supervisor - INFO - Epoch [45/100] (26220) train_mae: 1.6219, val_mae: 0.8658, lr: 0.000010, 575.2s
2021-05-13 07:33:36,865 - model.pytorch.dcrnn_supervisor - INFO - epoch complete
2021-05-13 07:33:36,866 - model.pytorch.dcrnn_supervisor - INFO - evaluating now!
2021-05-13 07:34:14,966 - model.pytorch.dcrnn_supervisor - INFO - Epoch [46/100] (26790) train_mae: 1.5034, val_mae: 0.8513, lr: 0.000010, 575.0s
2021-05-13 07:43:11,825 - model.pytorch.dcrnn_supervisor - INFO - epoch complete
2021-05-13 07:43:11,825 - model.pytorch.dcrnn_supervisor - INFO - evaluating now!
2021-05-13 07:43:49,964 - model.pytorch.dcrnn_supervisor - INFO - Epoch [47/100] (27360) train_mae: 1.5143, val_mae: 0.9041, lr: 0.000010, 575.0s
2021-05-13 07:52:46,768 - model.pytorch.dcrnn_supervisor - INFO - epoch complete
2021-05-13 07:52:46,768 - model.pytorch.dcrnn_supervisor - INFO - evaluating now!
2021-05-13 07:53:24,868 - model.pytorch.dcrnn_supervisor - INFO - Epoch [48/100] (27930) train_mae: 1.4724, val_mae: 0.8730, lr: 0.000010, 574.9s
2021-05-13 08:02:21,703 - model.pytorch.dcrnn_supervisor - INFO - epoch complete
2021-05-13 08:02:21,703 - model.pytorch.dcrnn_supervisor - INFO - evaluating now!
2021-05-13 08:02:59,824 - model.pytorch.dcrnn_supervisor - INFO - Epoch [49/100] (28500) train_mae: 1.4787, val_mae: 0.8833, lr: 0.000000, 575.0s
2021-05-13 08:04:15,588 - model.pytorch.dcrnn_supervisor - INFO - Epoch [49/100] (28500) train_mae: 1.4787, test_mae: 1.0197,  lr: 0.000000, 575.0s
2021-05-13 08:13:12,454 - model.pytorch.dcrnn_supervisor - INFO - epoch complete
2021-05-13 08:13:12,454 - model.pytorch.dcrnn_supervisor - INFO - evaluating now!
2021-05-13 08:13:50,544 - model.pytorch.dcrnn_supervisor - INFO - Epoch [50/100] (29070) train_mae: 1.4984, val_mae: 0.8486, lr: 0.000001, 575.0s
2021-05-13 08:22:47,682 - model.pytorch.dcrnn_supervisor - INFO - epoch complete
2021-05-13 08:22:47,682 - model.pytorch.dcrnn_supervisor - INFO - evaluating now!
2021-05-13 08:23:25,790 - model.pytorch.dcrnn_supervisor - INFO - Epoch [51/100] (29640) train_mae: 1.4399, val_mae: 0.8397, lr: 0.000001, 575.2s
2021-05-13 08:32:22,615 - model.pytorch.dcrnn_supervisor - INFO - epoch complete
2021-05-13 08:32:22,615 - model.pytorch.dcrnn_supervisor - INFO - evaluating now!
2021-05-13 08:33:00,699 - model.pytorch.dcrnn_supervisor - INFO - Epoch [52/100] (30210) train_mae: 1.3905, val_mae: 0.8340, lr: 0.000001, 574.9s
2021-05-13 08:41:57,404 - model.pytorch.dcrnn_supervisor - INFO - epoch complete
2021-05-13 08:41:57,404 - model.pytorch.dcrnn_supervisor - INFO - evaluating now!
2021-05-13 08:42:35,507 - model.pytorch.dcrnn_supervisor - INFO - Epoch [53/100] (30780) train_mae: 1.3674, val_mae: 0.8309, lr: 0.000001, 574.8s
2021-05-13 08:51:32,232 - model.pytorch.dcrnn_supervisor - INFO - epoch complete
2021-05-13 08:51:32,232 - model.pytorch.dcrnn_supervisor - INFO - evaluating now!
2021-05-13 08:52:10,369 - model.pytorch.dcrnn_supervisor - INFO - Epoch [54/100] (31350) train_mae: 1.3761, val_mae: 0.8204, lr: 0.000001, 574.9s
2021-05-13 09:01:07,077 - model.pytorch.dcrnn_supervisor - INFO - epoch complete
2021-05-13 09:01:07,077 - model.pytorch.dcrnn_supervisor - INFO - evaluating now!
2021-05-13 09:01:45,183 - model.pytorch.dcrnn_supervisor - INFO - Epoch [55/100] (31920) train_mae: 1.4374, val_mae: 0.8302, lr: 0.000001, 574.8s
2021-05-13 09:10:41,972 - model.pytorch.dcrnn_supervisor - INFO - epoch complete
2021-05-13 09:10:41,973 - model.pytorch.dcrnn_supervisor - INFO - evaluating now!
2021-05-13 09:11:20,086 - model.pytorch.dcrnn_supervisor - INFO - Epoch [56/100] (32490) train_mae: 1.3657, val_mae: 0.8386, lr: 0.000001, 574.9s
2021-05-13 09:20:16,929 - model.pytorch.dcrnn_supervisor - INFO - epoch complete
2021-05-13 09:20:16,929 - model.pytorch.dcrnn_supervisor - INFO - evaluating now!
2021-05-13 09:20:55,078 - model.pytorch.dcrnn_supervisor - INFO - Epoch [57/100] (33060) train_mae: 1.3760, val_mae: 0.8497, lr: 0.000001, 575.0s
2021-05-13 09:29:51,856 - model.pytorch.dcrnn_supervisor - INFO - epoch complete
2021-05-13 09:29:51,856 - model.pytorch.dcrnn_supervisor - INFO - evaluating now!
2021-05-13 09:30:29,945 - model.pytorch.dcrnn_supervisor - INFO - Epoch [58/100] (33630) train_mae: 1.5175, val_mae: 0.9671, lr: 0.000001, 574.9s
2021-05-13 09:39:26,723 - model.pytorch.dcrnn_supervisor - INFO - epoch complete
2021-05-13 09:39:26,723 - model.pytorch.dcrnn_supervisor - INFO - evaluating now!
2021-05-13 09:40:04,837 - model.pytorch.dcrnn_supervisor - INFO - Epoch [59/100] (34200) train_mae: 1.4855, val_mae: 0.8303, lr: 0.000001, 574.9s
2021-05-13 09:41:20,616 - model.pytorch.dcrnn_supervisor - INFO - Epoch [59/100] (34200) train_mae: 1.4855, test_mae: 0.9324,  lr: 0.000001, 574.9s
2021-05-13 09:50:17,449 - model.pytorch.dcrnn_supervisor - INFO - epoch complete
2021-05-13 09:50:17,450 - model.pytorch.dcrnn_supervisor - INFO - evaluating now!
2021-05-13 09:50:55,559 - model.pytorch.dcrnn_supervisor - INFO - Epoch [60/100] (34770) train_mae: 1.3969, val_mae: 0.8503, lr: 0.000001, 574.9s
2021-05-13 09:59:52,404 - model.pytorch.dcrnn_supervisor - INFO - epoch complete
2021-05-13 09:59:52,404 - model.pytorch.dcrnn_supervisor - INFO - evaluating now!
2021-05-13 10:00:30,520 - model.pytorch.dcrnn_supervisor - INFO - Epoch [61/100] (35340) train_mae: 1.3930, val_mae: 0.8973, lr: 0.000001, 575.0s
2021-05-13 10:09:27,373 - model.pytorch.dcrnn_supervisor - INFO - epoch complete
2021-05-13 10:09:27,374 - model.pytorch.dcrnn_supervisor - INFO - evaluating now!
2021-05-13 10:10:05,485 - model.pytorch.dcrnn_supervisor - INFO - Epoch [62/100] (35910) train_mae: 1.3693, val_mae: 0.8372, lr: 0.000001, 575.0s
2021-05-13 10:19:02,368 - model.pytorch.dcrnn_supervisor - INFO - epoch complete
2021-05-13 10:19:02,369 - model.pytorch.dcrnn_supervisor - INFO - evaluating now!
2021-05-13 10:19:40,483 - model.pytorch.dcrnn_supervisor - INFO - Epoch [63/100] (36480) train_mae: 1.3391, val_mae: 0.8384, lr: 0.000001, 575.0s
2021-05-13 10:28:37,563 - model.pytorch.dcrnn_supervisor - INFO - epoch complete
2021-05-13 10:28:37,564 - model.pytorch.dcrnn_supervisor - INFO - evaluating now!
2021-05-13 10:29:15,692 - model.pytorch.dcrnn_supervisor - INFO - Epoch [64/100] (37050) train_mae: 1.3350, val_mae: 0.8197, lr: 0.000001, 575.2s
2021-05-13 10:38:12,419 - model.pytorch.dcrnn_supervisor - INFO - epoch complete
2021-05-13 10:38:12,420 - model.pytorch.dcrnn_supervisor - INFO - evaluating now!
2021-05-13 10:38:50,513 - model.pytorch.dcrnn_supervisor - INFO - Epoch [65/100] (37620) train_mae: 1.3647, val_mae: 0.8587, lr: 0.000001, 574.8s
2021-05-13 10:47:47,301 - model.pytorch.dcrnn_supervisor - INFO - epoch complete
2021-05-13 10:47:47,301 - model.pytorch.dcrnn_supervisor - INFO - evaluating now!
2021-05-13 10:48:25,406 - model.pytorch.dcrnn_supervisor - INFO - Epoch [66/100] (38190) train_mae: 1.3660, val_mae: 0.8220, lr: 0.000001, 574.9s
2021-05-13 10:57:22,104 - model.pytorch.dcrnn_supervisor - INFO - epoch complete
2021-05-13 10:57:22,104 - model.pytorch.dcrnn_supervisor - INFO - evaluating now!
2021-05-13 10:58:00,187 - model.pytorch.dcrnn_supervisor - INFO - Epoch [67/100] (38760) train_mae: 1.3506, val_mae: 0.8184, lr: 0.000001, 574.8s
2021-05-13 11:06:56,890 - model.pytorch.dcrnn_supervisor - INFO - epoch complete
2021-05-13 11:06:56,890 - model.pytorch.dcrnn_supervisor - INFO - evaluating now!
2021-05-13 11:07:34,994 - model.pytorch.dcrnn_supervisor - INFO - Epoch [68/100] (39330) train_mae: 1.3484, val_mae: 0.8139, lr: 0.000001, 574.8s
2021-05-13 11:16:31,726 - model.pytorch.dcrnn_supervisor - INFO - epoch complete
2021-05-13 11:16:31,726 - model.pytorch.dcrnn_supervisor - INFO - evaluating now!
2021-05-13 11:17:09,826 - model.pytorch.dcrnn_supervisor - INFO - Epoch [69/100] (39900) train_mae: 1.3277, val_mae: 0.8384, lr: 0.000001, 574.8s
2021-05-13 11:18:25,553 - model.pytorch.dcrnn_supervisor - INFO - Epoch [69/100] (39900) train_mae: 1.3277, test_mae: 0.9482,  lr: 0.000001, 574.8s
2021-05-13 11:27:22,684 - model.pytorch.dcrnn_supervisor - INFO - epoch complete
2021-05-13 11:27:22,684 - model.pytorch.dcrnn_supervisor - INFO - evaluating now!
2021-05-13 11:28:00,777 - model.pytorch.dcrnn_supervisor - INFO - Epoch [70/100] (40470) train_mae: 1.3602, val_mae: 0.8254, lr: 0.000001, 575.2s
2021-05-13 11:28:00,777 - model.pytorch.dcrnn_supervisor - WARNING - Early stopping at epoch: 70
