
2021/04/26 17:37:05 cuda:0
2021/04/26 17:37:05 ####################################################################################################
2021/04/26 17:37:05 Code Started...
2021/04/26 17:41:19 sample size 16618280, train val size 13294624, train size 11632796, val size 1661828, test size 3323656
2021/04/26 17:41:29 Epoch --> 0
2021/04/26 19:19:41 Model Saved...
2021/04/26 19:19:41 Results Saved...
2021/04/26 19:19:41 defaultdict(<class 'list'>, {'train_rmse': [0.26818], 'val_rmse': [0.25805], 'test_rmse': [0.24615]})
2021/04/26 19:19:41 Epoch --> 1
2021/04/26 20:57:50 Model Saved...
2021/04/26 20:57:50 Results Saved...
2021/04/26 20:57:50 defaultdict(<class 'list'>, {'train_rmse': [0.26818, 0.23287], 'val_rmse': [0.25805, 0.25783], 'test_rmse': [0.24615, 0.24627]})
2021/04/26 20:57:50 Epoch --> 2
2021/04/26 22:36:02 Model Saved...
2021/04/26 22:36:02 Results Saved...
2021/04/26 22:36:02 defaultdict(<class 'list'>, {'train_rmse': [0.26818, 0.23287, 0.23209], 'val_rmse': [0.25805, 0.25783, 0.25816], 'test_rmse': [0.24615, 0.24627, 0.24512]})
2021/04/26 22:36:02 Epoch --> 3
2021/04/27 00:14:17 Model Saved...
2021/04/27 00:14:17 Results Saved...
2021/04/27 00:14:17 defaultdict(<class 'list'>, {'train_rmse': [0.26818, 0.23287, 0.23209, 0.23919], 'val_rmse': [0.25805, 0.25783, 0.25816, 0.2578], 'test_rmse': [0.24615, 0.24627, 0.24512, 0.24571]})
2021/04/27 00:14:17 Epoch --> 4
2021/04/27 01:52:28 Model Saved...
2021/04/27 01:52:28 Results Saved...
2021/04/27 01:52:28 defaultdict(<class 'list'>, {'train_rmse': [0.26818, 0.23287, 0.23209, 0.23919, 0.23129], 'val_rmse': [0.25805, 0.25783, 0.25816, 0.2578, 0.25627], 'test_rmse': [0.24615, 0.24627, 0.24512, 0.24571, 0.24527]})
2021/04/27 01:52:28 Epoch --> 5
2021/04/27 03:30:07 Model Saved...
2021/04/27 03:30:07 Results Saved...
2021/04/27 03:30:07 defaultdict(<class 'list'>, {'train_rmse': [0.26818, 0.23287, 0.23209, 0.23919, 0.23129, 0.23431], 'val_rmse': [0.25805, 0.25783, 0.25816, 0.2578, 0.25627, 0.25989], 'test_rmse': [0.24615, 0.24627, 0.24512, 0.24571, 0.24527, 0.24754]})
2021/04/27 03:30:07 Epoch --> 6
2021/04/27 05:06:33 Model Saved...
2021/04/27 05:06:33 Results Saved...
2021/04/27 05:06:33 defaultdict(<class 'list'>, {'train_rmse': [0.26818, 0.23287, 0.23209, 0.23919, 0.23129, 0.23431, 0.23143], 'val_rmse': [0.25805, 0.25783, 0.25816, 0.2578, 0.25627, 0.25989, 0.25676], 'test_rmse': [0.24615, 0.24627, 0.24512, 0.24571, 0.24527, 0.24754, 0.24492]})
2021/04/27 05:06:33 Epoch --> 7
2021/04/27 06:42:22 Model Saved...
2021/04/27 06:42:22 Results Saved...
2021/04/27 06:42:22 defaultdict(<class 'list'>, {'train_rmse': [0.26818, 0.23287, 0.23209, 0.23919, 0.23129, 0.23431, 0.23143, 0.23985], 'val_rmse': [0.25805, 0.25783, 0.25816, 0.2578, 0.25627, 0.25989, 0.25676, 0.26696], 'test_rmse': [0.24615, 0.24627, 0.24512, 0.24571, 0.24527, 0.24754, 0.24492, 0.25185]})
2021/04/27 06:42:22 Epoch --> 8
2021/04/27 08:18:08 Model Saved...
2021/04/27 08:18:08 Results Saved...
2021/04/27 08:18:08 defaultdict(<class 'list'>, {'train_rmse': [0.26818, 0.23287, 0.23209, 0.23919, 0.23129, 0.23431, 0.23143, 0.23985, 0.23798], 'val_rmse': [0.25805, 0.25783, 0.25816, 0.2578, 0.25627, 0.25989, 0.25676, 0.26696, 0.26284], 'test_rmse': [0.24615, 0.24627, 0.24512, 0.24571, 0.24527, 0.24754, 0.24492, 0.25185, 0.24917]})
2021/04/27 08:18:08 Epoch --> 9
2021/04/27 09:53:50 Model Saved...
2021/04/27 09:53:50 Results Saved...
2021/04/27 09:53:50 defaultdict(<class 'list'>, {'train_rmse': [0.26818, 0.23287, 0.23209, 0.23919, 0.23129, 0.23431, 0.23143, 0.23985, 0.23798, 0.23576], 'val_rmse': [0.25805, 0.25783, 0.25816, 0.2578, 0.25627, 0.25989, 0.25676, 0.26696, 0.26284, 0.26213], 'test_rmse': [0.24615, 0.24627, 0.24512, 0.24571, 0.24527, 0.24754, 0.24492, 0.25185, 0.24917, 0.2497]})
2021/04/27 09:53:50 Epoch --> 10
2021/04/27 11:29:34 Model Saved...
2021/04/27 11:29:34 Results Saved...
2021/04/27 11:29:34 defaultdict(<class 'list'>, {'train_rmse': [0.26818, 0.23287, 0.23209, 0.23919, 0.23129, 0.23431, 0.23143, 0.23985, 0.23798, 0.23576, 0.2352], 'val_rmse': [0.25805, 0.25783, 0.25816, 0.2578, 0.25627, 0.25989, 0.25676, 0.26696, 0.26284, 0.26213, 0.2613], 'test_rmse': [0.24615, 0.24627, 0.24512, 0.24571, 0.24527, 0.24754, 0.24492, 0.25185, 0.24917, 0.2497, 0.24904]})
2021/04/27 11:29:34 Epoch --> 11
2021/04/27 13:05:20 Model Saved...
2021/04/27 13:05:20 Results Saved...
2021/04/27 13:05:20 defaultdict(<class 'list'>, {'train_rmse': [0.26818, 0.23287, 0.23209, 0.23919, 0.23129, 0.23431, 0.23143, 0.23985, 0.23798, 0.23576, 0.2352, 0.23482], 'val_rmse': [0.25805, 0.25783, 0.25816, 0.2578, 0.25627, 0.25989, 0.25676, 0.26696, 0.26284, 0.26213, 0.2613, 0.26016], 'test_rmse': [0.24615, 0.24627, 0.24512, 0.24571, 0.24527, 0.24754, 0.24492, 0.25185, 0.24917, 0.2497, 0.24904, 0.24809]})
2021/04/27 13:05:20 Epoch --> 12
2021/04/27 14:41:49 Model Saved...
2021/04/27 14:41:49 Results Saved...
2021/04/27 14:41:49 defaultdict(<class 'list'>, {'train_rmse': [0.26818, 0.23287, 0.23209, 0.23919, 0.23129, 0.23431, 0.23143, 0.23985, 0.23798, 0.23576, 0.2352, 0.23482, 0.23547], 'val_rmse': [0.25805, 0.25783, 0.25816, 0.2578, 0.25627, 0.25989, 0.25676, 0.26696, 0.26284, 0.26213, 0.2613, 0.26016, 0.26115], 'test_rmse': [0.24615, 0.24627, 0.24512, 0.24571, 0.24527, 0.24754, 0.24492, 0.25185, 0.24917, 0.2497, 0.24904, 0.24809, 0.24911]})
2021/04/27 14:41:49 Epoch --> 13
2021/04/27 16:18:33 Model Saved...
2021/04/27 16:18:33 Results Saved...
2021/04/27 16:18:33 defaultdict(<class 'list'>, {'train_rmse': [0.26818, 0.23287, 0.23209, 0.23919, 0.23129, 0.23431, 0.23143, 0.23985, 0.23798, 0.23576, 0.2352, 0.23482, 0.23547, 0.23438], 'val_rmse': [0.25805, 0.25783, 0.25816, 0.2578, 0.25627, 0.25989, 0.25676, 0.26696, 0.26284, 0.26213, 0.2613, 0.26016, 0.26115, 0.25975], 'test_rmse': [0.24615, 0.24627, 0.24512, 0.24571, 0.24527, 0.24754, 0.24492, 0.25185, 0.24917, 0.2497, 0.24904, 0.24809, 0.24911, 0.24775]})
2021/04/27 16:18:33 Epoch --> 14
2021/04/27 17:55:14 Model Saved...
2021/04/27 17:55:14 Results Saved...
2021/04/27 17:55:14 defaultdict(<class 'list'>, {'train_rmse': [0.26818, 0.23287, 0.23209, 0.23919, 0.23129, 0.23431, 0.23143, 0.23985, 0.23798, 0.23576, 0.2352, 0.23482, 0.23547, 0.23438, 0.23386], 'val_rmse': [0.25805, 0.25783, 0.25816, 0.2578, 0.25627, 0.25989, 0.25676, 0.26696, 0.26284, 0.26213, 0.2613, 0.26016, 0.26115, 0.25975, 0.26011], 'test_rmse': [0.24615, 0.24627, 0.24512, 0.24571, 0.24527, 0.24754, 0.24492, 0.25185, 0.24917, 0.2497, 0.24904, 0.24809, 0.24911, 0.24775, 0.24693]})
2021/04/27 17:55:14 Epoch --> 15
2021/04/27 19:31:50 Model Saved...
2021/04/27 19:31:50 Results Saved...
2021/04/27 19:31:50 defaultdict(<class 'list'>, {'train_rmse': [0.26818, 0.23287, 0.23209, 0.23919, 0.23129, 0.23431, 0.23143, 0.23985, 0.23798, 0.23576, 0.2352, 0.23482, 0.23547, 0.23438, 0.23386, 0.23355], 'val_rmse': [0.25805, 0.25783, 0.25816, 0.2578, 0.25627, 0.25989, 0.25676, 0.26696, 0.26284, 0.26213, 0.2613, 0.26016, 0.26115, 0.25975, 0.26011, 0.25902], 'test_rmse': [0.24615, 0.24627, 0.24512, 0.24571, 0.24527, 0.24754, 0.24492, 0.25185, 0.24917, 0.2497, 0.24904, 0.24809, 0.24911, 0.24775, 0.24693, 0.24671]})
2021/04/27 19:31:50 Epoch --> 16
2021/04/27 21:08:25 Model Saved...
2021/04/27 21:08:25 Results Saved...
2021/04/27 21:08:25 defaultdict(<class 'list'>, {'train_rmse': [0.26818, 0.23287, 0.23209, 0.23919, 0.23129, 0.23431, 0.23143, 0.23985, 0.23798, 0.23576, 0.2352, 0.23482, 0.23547, 0.23438, 0.23386, 0.23355, 0.23392], 'val_rmse': [0.25805, 0.25783, 0.25816, 0.2578, 0.25627, 0.25989, 0.25676, 0.26696, 0.26284, 0.26213, 0.2613, 0.26016, 0.26115, 0.25975, 0.26011, 0.25902, 0.26331], 'test_rmse': [0.24615, 0.24627, 0.24512, 0.24571, 0.24527, 0.24754, 0.24492, 0.25185, 0.24917, 0.2497, 0.24904, 0.24809, 0.24911, 0.24775, 0.24693, 0.24671, 0.24984]})
2021/04/27 21:08:25 Epoch --> 17
2021/04/27 22:45:06 Model Saved...
2021/04/27 22:45:06 Results Saved...
2021/04/27 22:45:06 defaultdict(<class 'list'>, {'train_rmse': [0.26818, 0.23287, 0.23209, 0.23919, 0.23129, 0.23431, 0.23143, 0.23985, 0.23798, 0.23576, 0.2352, 0.23482, 0.23547, 0.23438, 0.23386, 0.23355, 0.23392, 0.23418], 'val_rmse': [0.25805, 0.25783, 0.25816, 0.2578, 0.25627, 0.25989, 0.25676, 0.26696, 0.26284, 0.26213, 0.2613, 0.26016, 0.26115, 0.25975, 0.26011, 0.25902, 0.26331, 0.25975], 'test_rmse': [0.24615, 0.24627, 0.24512, 0.24571, 0.24527, 0.24754, 0.24492, 0.25185, 0.24917, 0.2497, 0.24904, 0.24809, 0.24911, 0.24775, 0.24693, 0.24671, 0.24984, 0.24721]})
2021/04/27 22:45:06 Epoch --> 18
2021/04/28 00:19:04 Model Saved...
2021/04/28 00:19:04 Results Saved...
2021/04/28 00:19:04 defaultdict(<class 'list'>, {'train_rmse': [0.26818, 0.23287, 0.23209, 0.23919, 0.23129, 0.23431, 0.23143, 0.23985, 0.23798, 0.23576, 0.2352, 0.23482, 0.23547, 0.23438, 0.23386, 0.23355, 0.23392, 0.23418, 0.23377], 'val_rmse': [0.25805, 0.25783, 0.25816, 0.2578, 0.25627, 0.25989, 0.25676, 0.26696, 0.26284, 0.26213, 0.2613, 0.26016, 0.26115, 0.25975, 0.26011, 0.25902, 0.26331, 0.25975, 0.25873], 'test_rmse': [0.24615, 0.24627, 0.24512, 0.24571, 0.24527, 0.24754, 0.24492, 0.25185, 0.24917, 0.2497, 0.24904, 0.24809, 0.24911, 0.24775, 0.24693, 0.24671, 0.24984, 0.24721, 0.24684]})
2021/04/28 00:19:04 Epoch --> 19
2021/04/28 01:52:09 Model Saved...
2021/04/28 01:52:09 Results Saved...
2021/04/28 01:52:09 defaultdict(<class 'list'>, {'train_rmse': [0.26818, 0.23287, 0.23209, 0.23919, 0.23129, 0.23431, 0.23143, 0.23985, 0.23798, 0.23576, 0.2352, 0.23482, 0.23547, 0.23438, 0.23386, 0.23355, 0.23392, 0.23418, 0.23377, 0.23295], 'val_rmse': [0.25805, 0.25783, 0.25816, 0.2578, 0.25627, 0.25989, 0.25676, 0.26696, 0.26284, 0.26213, 0.2613, 0.26016, 0.26115, 0.25975, 0.26011, 0.25902, 0.26331, 0.25975, 0.25873, 0.26048], 'test_rmse': [0.24615, 0.24627, 0.24512, 0.24571, 0.24527, 0.24754, 0.24492, 0.25185, 0.24917, 0.2497, 0.24904, 0.24809, 0.24911, 0.24775, 0.24693, 0.24671, 0.24984, 0.24721, 0.24684, 0.24791]})
2021/04/28 01:52:09 Epoch --> 20
2021/04/28 03:25:14 Model Saved...
2021/04/28 03:25:14 Results Saved...
2021/04/28 03:25:14 defaultdict(<class 'list'>, {'train_rmse': [0.26818, 0.23287, 0.23209, 0.23919, 0.23129, 0.23431, 0.23143, 0.23985, 0.23798, 0.23576, 0.2352, 0.23482, 0.23547, 0.23438, 0.23386, 0.23355, 0.23392, 0.23418, 0.23377, 0.23295, 0.23318], 'val_rmse': [0.25805, 0.25783, 0.25816, 0.2578, 0.25627, 0.25989, 0.25676, 0.26696, 0.26284, 0.26213, 0.2613, 0.26016, 0.26115, 0.25975, 0.26011, 0.25902, 0.26331, 0.25975, 0.25873, 0.26048, 0.2583], 'test_rmse': [0.24615, 0.24627, 0.24512, 0.24571, 0.24527, 0.24754, 0.24492, 0.25185, 0.24917, 0.2497, 0.24904, 0.24809, 0.24911, 0.24775, 0.24693, 0.24671, 0.24984, 0.24721, 0.24684, 0.24791, 0.24726]})
2021/04/28 03:25:14 Code Ended...
2021/04/28 03:25:14 ####################################################################################################