
2021/05/02 22:22:23 cuda:0
2021/05/02 22:22:23 ####################################################################################################
2021/05/02 22:22:23 Code Started...
2021/05/02 22:23:42 sample size 16618280, train val size 13294624, train size 11632796, val size 1661828, test size 3323656
2021/05/02 22:23:44 Hyperparameters: learning rate 0.001, dropout rate 0.8, hidden dim 448
2021/05/02 22:23:47 Epoch --> 0
2021/05/02 23:08:39 Model Saved /models-vol2/trained_model_0.001_0.8_448.pth...
2021/05/02 23:08:39 Results Saved /models-vol2/results_dict_0.001_0.8_448.pkl...
2021/05/02 23:08:39 defaultdict(<class 'list'>, {'train_rmse': [0.48088], 'val_rmse': [0.40658], 'test_rmse': [0.47183]})
2021/05/02 23:08:39 Epoch 0, Loss 0.48088, valid loss 0.40658, time per epoch 2691.89779
2021/05/02 23:08:39 Epoch --> 1
2021/05/02 23:53:35 Model Saved /models-vol2/trained_model_0.001_0.8_448.pth...
2021/05/02 23:53:35 Results Saved /models-vol2/results_dict_0.001_0.8_448.pkl...
2021/05/02 23:53:35 defaultdict(<class 'list'>, {'train_rmse': [0.48088, 0.46932], 'val_rmse': [0.40658, 0.40636], 'test_rmse': [0.47183, 0.47372]})
2021/05/02 23:53:35 Epoch 1, Loss 0.46932, valid loss 0.40636, time per epoch 2695.23111
2021/05/02 23:53:35 Epoch --> 2
2021/05/03 00:38:31 Model Saved /models-vol2/trained_model_0.001_0.8_448.pth...
2021/05/03 00:38:31 Results Saved /models-vol2/results_dict_0.001_0.8_448.pkl...
2021/05/03 00:38:31 defaultdict(<class 'list'>, {'train_rmse': [0.48088, 0.46932, 0.46741], 'val_rmse': [0.40658, 0.40636, 0.40436], 'test_rmse': [0.47183, 0.47372, 0.47157]})
2021/05/03 00:38:31 Epoch 2, Loss 0.46741, valid loss 0.40436, time per epoch 2695.99019
2021/05/03 00:38:31 Epoch --> 3
2021/05/03 01:23:26 Model Saved /models-vol2/trained_model_0.001_0.8_448.pth...
2021/05/03 01:23:26 Results Saved /models-vol2/results_dict_0.001_0.8_448.pkl...
2021/05/03 01:23:26 defaultdict(<class 'list'>, {'train_rmse': [0.48088, 0.46932, 0.46741, 0.46616], 'val_rmse': [0.40658, 0.40636, 0.40436, 0.40485], 'test_rmse': [0.47183, 0.47372, 0.47157, 0.46956]})
2021/05/03 01:23:26 Epoch 3, Loss 0.46616, valid loss 0.40485, time per epoch 2695.94113
2021/05/03 01:23:26 Epoch --> 4
2021/05/03 02:08:21 Model Saved /models-vol2/trained_model_0.001_0.8_448.pth...
2021/05/03 02:08:21 Results Saved /models-vol2/results_dict_0.001_0.8_448.pkl...
2021/05/03 02:08:21 defaultdict(<class 'list'>, {'train_rmse': [0.48088, 0.46932, 0.46741, 0.46616, 0.4645], 'val_rmse': [0.40658, 0.40636, 0.40436, 0.40485, 0.40474], 'test_rmse': [0.47183, 0.47372, 0.47157, 0.46956, 0.47256]})
2021/05/03 02:08:21 Epoch 4, Loss 0.4645, valid loss 0.40474, time per epoch 2694.06076
2021/05/03 02:08:21 Epoch --> 5
2021/05/03 02:53:14 Model Saved /models-vol2/trained_model_0.001_0.8_448.pth...
2021/05/03 02:53:14 Results Saved /models-vol2/results_dict_0.001_0.8_448.pkl...
2021/05/03 02:53:14 defaultdict(<class 'list'>, {'train_rmse': [0.48088, 0.46932, 0.46741, 0.46616, 0.4645, 0.46348], 'val_rmse': [0.40658, 0.40636, 0.40436, 0.40485, 0.40474, 0.40428], 'test_rmse': [0.47183, 0.47372, 0.47157, 0.46956, 0.47256, 0.47254]})
2021/05/03 02:53:14 Epoch 5, Loss 0.46348, valid loss 0.40428, time per epoch 2693.1507
2021/05/03 02:53:14 Epoch --> 6
2021/05/03 03:38:08 Model Saved /models-vol2/trained_model_0.001_0.8_448.pth...
2021/05/03 03:38:08 Results Saved /models-vol2/results_dict_0.001_0.8_448.pkl...
2021/05/03 03:38:08 defaultdict(<class 'list'>, {'train_rmse': [0.48088, 0.46932, 0.46741, 0.46616, 0.4645, 0.46348, 0.4625], 'val_rmse': [0.40658, 0.40636, 0.40436, 0.40485, 0.40474, 0.40428, 0.40535], 'test_rmse': [0.47183, 0.47372, 0.47157, 0.46956, 0.47256, 0.47254, 0.47218]})
2021/05/03 03:38:08 Epoch 6, Loss 0.4625, valid loss 0.40535, time per epoch 2694.59405
2021/05/03 03:38:08 Epoch --> 7
2021/05/03 04:23:02 Model Saved /models-vol2/trained_model_0.001_0.8_448.pth...
2021/05/03 04:23:02 Results Saved /models-vol2/results_dict_0.001_0.8_448.pkl...
2021/05/03 04:23:02 defaultdict(<class 'list'>, {'train_rmse': [0.48088, 0.46932, 0.46741, 0.46616, 0.4645, 0.46348, 0.4625, 0.46144], 'val_rmse': [0.40658, 0.40636, 0.40436, 0.40485, 0.40474, 0.40428, 0.40535, 0.40495], 'test_rmse': [0.47183, 0.47372, 0.47157, 0.46956, 0.47256, 0.47254, 0.47218, 0.47435]})
2021/05/03 04:23:02 Epoch 7, Loss 0.46144, valid loss 0.40495, time per epoch 2693.69985
2021/05/03 04:23:02 Epoch --> 8
2021/05/03 05:07:55 Model Saved /models-vol2/trained_model_0.001_0.8_448.pth...
2021/05/03 05:07:55 Results Saved /models-vol2/results_dict_0.001_0.8_448.pkl...
2021/05/03 05:07:55 defaultdict(<class 'list'>, {'train_rmse': [0.48088, 0.46932, 0.46741, 0.46616, 0.4645, 0.46348, 0.4625, 0.46144, 0.46027], 'val_rmse': [0.40658, 0.40636, 0.40436, 0.40485, 0.40474, 0.40428, 0.40535, 0.40495, 0.40515], 'test_rmse': [0.47183, 0.47372, 0.47157, 0.46956, 0.47256, 0.47254, 0.47218, 0.47435, 0.47421]})
2021/05/03 05:07:55 Epoch 8, Loss 0.46027, valid loss 0.40515, time per epoch 2693.04981
2021/05/03 05:07:55 Epoch --> 9
2021/05/03 05:52:51 Model Saved /models-vol2/trained_model_0.001_0.8_448.pth...
2021/05/03 05:52:51 Results Saved /models-vol2/results_dict_0.001_0.8_448.pkl...
2021/05/03 05:52:51 defaultdict(<class 'list'>, {'train_rmse': [0.48088, 0.46932, 0.46741, 0.46616, 0.4645, 0.46348, 0.4625, 0.46144, 0.46027, 0.45793], 'val_rmse': [0.40658, 0.40636, 0.40436, 0.40485, 0.40474, 0.40428, 0.40535, 0.40495, 0.40515, 0.40614], 'test_rmse': [0.47183, 0.47372, 0.47157, 0.46956, 0.47256, 0.47254, 0.47218, 0.47435, 0.47421, 0.47467]})
2021/05/03 05:52:51 Epoch 9, Loss 0.45793, valid loss 0.40614, time per epoch 2695.6402
2021/05/03 05:52:51 Epoch --> 10
2021/05/03 06:37:46 Model Saved /models-vol2/trained_model_0.001_0.8_448.pth...
2021/05/03 06:37:46 Results Saved /models-vol2/results_dict_0.001_0.8_448.pkl...
2021/05/03 06:37:46 defaultdict(<class 'list'>, {'train_rmse': [0.48088, 0.46932, 0.46741, 0.46616, 0.4645, 0.46348, 0.4625, 0.46144, 0.46027, 0.45793, 0.45641], 'val_rmse': [0.40658, 0.40636, 0.40436, 0.40485, 0.40474, 0.40428, 0.40535, 0.40495, 0.40515, 0.40614, 0.40677], 'test_rmse': [0.47183, 0.47372, 0.47157, 0.46956, 0.47256, 0.47254, 0.47218, 0.47435, 0.47421, 0.47467, 0.47574]})
2021/05/03 06:37:46 Epoch 10, Loss 0.45641, valid loss 0.40677, time per epoch 2695.29951
2021/05/03 06:37:46 Epoch --> 11
2021/05/03 07:29:36 Model Saved /models-vol2/trained_model_0.001_0.8_448.pth...
2021/05/03 07:29:36 Results Saved /models-vol2/results_dict_0.001_0.8_448.pkl...
2021/05/03 07:29:36 defaultdict(<class 'list'>, {'train_rmse': [0.48088, 0.46932, 0.46741, 0.46616, 0.4645, 0.46348, 0.4625, 0.46144, 0.46027, 0.45793, 0.45641, 0.45481], 'val_rmse': [0.40658, 0.40636, 0.40436, 0.40485, 0.40474, 0.40428, 0.40535, 0.40495, 0.40515, 0.40614, 0.40677, 0.40805], 'test_rmse': [0.47183, 0.47372, 0.47157, 0.46956, 0.47256, 0.47254, 0.47218, 0.47435, 0.47421, 0.47467, 0.47574, 0.47731]})
2021/05/03 07:29:36 Epoch 11, Loss 0.45481, valid loss 0.40805, time per epoch 3109.63096
2021/05/03 07:29:36 Epoch --> 12
2021/05/03 08:29:40 Model Saved /models-vol2/trained_model_0.001_0.8_448.pth...
2021/05/03 08:29:40 Results Saved /models-vol2/results_dict_0.001_0.8_448.pkl...
2021/05/03 08:29:40 defaultdict(<class 'list'>, {'train_rmse': [0.48088, 0.46932, 0.46741, 0.46616, 0.4645, 0.46348, 0.4625, 0.46144, 0.46027, 0.45793, 0.45641, 0.45481, 0.45316], 'val_rmse': [0.40658, 0.40636, 0.40436, 0.40485, 0.40474, 0.40428, 0.40535, 0.40495, 0.40515, 0.40614, 0.40677, 0.40805, 0.40749], 'test_rmse': [0.47183, 0.47372, 0.47157, 0.46956, 0.47256, 0.47254, 0.47218, 0.47435, 0.47421, 0.47467, 0.47574, 0.47731, 0.47925]})
2021/05/03 08:29:40 Epoch 12, Loss 0.45316, valid loss 0.40749, time per epoch 3604.67305
2021/05/03 08:29:40 Epoch --> 13
2021/05/03 09:29:51 Model Saved /models-vol2/trained_model_0.001_0.8_448.pth...
2021/05/03 09:29:51 Results Saved /models-vol2/results_dict_0.001_0.8_448.pkl...
2021/05/03 09:29:51 defaultdict(<class 'list'>, {'train_rmse': [0.48088, 0.46932, 0.46741, 0.46616, 0.4645, 0.46348, 0.4625, 0.46144, 0.46027, 0.45793, 0.45641, 0.45481, 0.45316, 0.45139], 'val_rmse': [0.40658, 0.40636, 0.40436, 0.40485, 0.40474, 0.40428, 0.40535, 0.40495, 0.40515, 0.40614, 0.40677, 0.40805, 0.40749, 0.40942], 'test_rmse': [0.47183, 0.47372, 0.47157, 0.46956, 0.47256, 0.47254, 0.47218, 0.47435, 0.47421, 0.47467, 0.47574, 0.47731, 0.47925, 0.47996]})
2021/05/03 09:29:51 Epoch 13, Loss 0.45139, valid loss 0.40942, time per epoch 3610.97094
2021/05/03 09:29:51 Epoch --> 14
2021/05/03 10:29:52 Model Saved /models-vol2/trained_model_0.001_0.8_448.pth...
2021/05/03 10:29:52 Results Saved /models-vol2/results_dict_0.001_0.8_448.pkl...
2021/05/03 10:29:52 defaultdict(<class 'list'>, {'train_rmse': [0.48088, 0.46932, 0.46741, 0.46616, 0.4645, 0.46348, 0.4625, 0.46144, 0.46027, 0.45793, 0.45641, 0.45481, 0.45316, 0.45139, 0.44794], 'val_rmse': [0.40658, 0.40636, 0.40436, 0.40485, 0.40474, 0.40428, 0.40535, 0.40495, 0.40515, 0.40614, 0.40677, 0.40805, 0.40749, 0.40942, 0.41036], 'test_rmse': [0.47183, 0.47372, 0.47157, 0.46956, 0.47256, 0.47254, 0.47218, 0.47435, 0.47421, 0.47467, 0.47574, 0.47731, 0.47925, 0.47996, 0.48058]})
2021/05/03 10:29:52 Epoch 14, Loss 0.44794, valid loss 0.41036, time per epoch 3600.6932
2021/05/03 10:29:52 Epoch --> 15
2021/05/03 11:30:22 Model Saved /models-vol2/trained_model_0.001_0.8_448.pth...
2021/05/03 11:30:22 Results Saved /models-vol2/results_dict_0.001_0.8_448.pkl...
2021/05/03 11:30:22 defaultdict(<class 'list'>, {'train_rmse': [0.48088, 0.46932, 0.46741, 0.46616, 0.4645, 0.46348, 0.4625, 0.46144, 0.46027, 0.45793, 0.45641, 0.45481, 0.45316, 0.45139, 0.44794, 0.4456], 'val_rmse': [0.40658, 0.40636, 0.40436, 0.40485, 0.40474, 0.40428, 0.40535, 0.40495, 0.40515, 0.40614, 0.40677, 0.40805, 0.40749, 0.40942, 0.41036, 0.41234], 'test_rmse': [0.47183, 0.47372, 0.47157, 0.46956, 0.47256, 0.47254, 0.47218, 0.47435, 0.47421, 0.47467, 0.47574, 0.47731, 0.47925, 0.47996, 0.48058, 0.48396]})
2021/05/03 11:30:22 Completed training current hyperparameters...
2021/05/03 11:30:22 Hyperparameters: learning rate 0.0001, dropout rate 0.2, hidden dim 64
2021/05/03 11:30:24 Epoch --> 0
2021/05/03 12:24:23 Model Saved /models-vol2/trained_model_0.0001_0.2_64.pth...
2021/05/03 12:24:23 Results Saved /models-vol2/results_dict_0.0001_0.2_64.pkl...
2021/05/03 12:24:23 defaultdict(<class 'list'>, {'train_rmse': [0.49479], 'val_rmse': [0.41153], 'test_rmse': [0.48217]})
2021/05/03 12:24:23 Epoch 0, Loss 0.49479, valid loss 0.41153, time per epoch 3239.01897
2021/05/03 12:24:23 Epoch --> 1
2021/05/03 13:17:33 Model Saved /models-vol2/trained_model_0.0001_0.2_64.pth...
2021/05/03 13:17:33 Results Saved /models-vol2/results_dict_0.0001_0.2_64.pkl...
2021/05/03 13:17:33 defaultdict(<class 'list'>, {'train_rmse': [0.49479, 0.48043], 'val_rmse': [0.41153, 0.40889], 'test_rmse': [0.48217, 0.47623]})
2021/05/03 13:17:33 Epoch 1, Loss 0.48043, valid loss 0.40889, time per epoch 3189.50657
2021/05/03 13:17:33 Epoch --> 2
2021/05/03 14:10:54 Model Saved /models-vol2/trained_model_0.0001_0.2_64.pth...
2021/05/03 14:10:54 Results Saved /models-vol2/results_dict_0.0001_0.2_64.pkl...
2021/05/03 14:10:54 defaultdict(<class 'list'>, {'train_rmse': [0.49479, 0.48043, 0.47583], 'val_rmse': [0.41153, 0.40889, 0.40682], 'test_rmse': [0.48217, 0.47623, 0.47412]})
2021/05/03 14:10:54 Epoch 2, Loss 0.47583, valid loss 0.40682, time per epoch 3201.03028
2021/05/03 14:10:54 Epoch --> 3
2021/05/03 15:04:24 Model Saved /models-vol2/trained_model_0.0001_0.2_64.pth...
2021/05/03 15:04:24 Results Saved /models-vol2/results_dict_0.0001_0.2_64.pkl...
2021/05/03 15:04:24 defaultdict(<class 'list'>, {'train_rmse': [0.49479, 0.48043, 0.47583, 0.47358], 'val_rmse': [0.41153, 0.40889, 0.40682, 0.40729], 'test_rmse': [0.48217, 0.47623, 0.47412, 0.47379]})
2021/05/03 15:04:24 Epoch 3, Loss 0.47358, valid loss 0.40729, time per epoch 3210.57412
2021/05/03 15:04:24 Epoch --> 4
2021/05/03 15:58:04 Model Saved /models-vol2/trained_model_0.0001_0.2_64.pth...
2021/05/03 15:58:04 Results Saved /models-vol2/results_dict_0.0001_0.2_64.pkl...
2021/05/03 15:58:04 defaultdict(<class 'list'>, {'train_rmse': [0.49479, 0.48043, 0.47583, 0.47358, 0.47189], 'val_rmse': [0.41153, 0.40889, 0.40682, 0.40729, 0.40559], 'test_rmse': [0.48217, 0.47623, 0.47412, 0.47379, 0.47263]})
2021/05/03 15:58:04 Epoch 4, Loss 0.47189, valid loss 0.40559, time per epoch 3220.01504
2021/05/03 15:58:04 Epoch --> 5
2021/05/03 16:51:32 Model Saved /models-vol2/trained_model_0.0001_0.2_64.pth...
2021/05/03 16:51:32 Results Saved /models-vol2/results_dict_0.0001_0.2_64.pkl...
2021/05/03 16:51:32 defaultdict(<class 'list'>, {'train_rmse': [0.49479, 0.48043, 0.47583, 0.47358, 0.47189, 0.47116], 'val_rmse': [0.41153, 0.40889, 0.40682, 0.40729, 0.40559, 0.40535], 'test_rmse': [0.48217, 0.47623, 0.47412, 0.47379, 0.47263, 0.47122]})
2021/05/03 16:51:32 Epoch 5, Loss 0.47116, valid loss 0.40535, time per epoch 3208.05786
2021/05/03 16:51:32 Epoch --> 6
2021/05/03 17:44:53 Model Saved /models-vol2/trained_model_0.0001_0.2_64.pth...
2021/05/03 17:44:53 Results Saved /models-vol2/results_dict_0.0001_0.2_64.pkl...
2021/05/03 17:44:53 defaultdict(<class 'list'>, {'train_rmse': [0.49479, 0.48043, 0.47583, 0.47358, 0.47189, 0.47116, 0.4706], 'val_rmse': [0.41153, 0.40889, 0.40682, 0.40729, 0.40559, 0.40535, 0.40526], 'test_rmse': [0.48217, 0.47623, 0.47412, 0.47379, 0.47263, 0.47122, 0.47194]})
2021/05/03 17:44:53 Epoch 6, Loss 0.4706, valid loss 0.40526, time per epoch 3201.08892
2021/05/03 17:44:53 Epoch --> 7
2021/05/03 18:38:17 Model Saved /models-vol2/trained_model_0.0001_0.2_64.pth...
2021/05/03 18:38:17 Results Saved /models-vol2/results_dict_0.0001_0.2_64.pkl...
2021/05/03 18:38:17 defaultdict(<class 'list'>, {'train_rmse': [0.49479, 0.48043, 0.47583, 0.47358, 0.47189, 0.47116, 0.4706, 0.47011], 'val_rmse': [0.41153, 0.40889, 0.40682, 0.40729, 0.40559, 0.40535, 0.40526, 0.40444], 'test_rmse': [0.48217, 0.47623, 0.47412, 0.47379, 0.47263, 0.47122, 0.47194, 0.47112]})
2021/05/03 18:38:17 Epoch 7, Loss 0.47011, valid loss 0.40444, time per epoch 3203.51949
2021/05/03 18:38:17 Epoch --> 8
2021/05/03 19:31:42 Model Saved /models-vol2/trained_model_0.0001_0.2_64.pth...
2021/05/03 19:31:42 Results Saved /models-vol2/results_dict_0.0001_0.2_64.pkl...
2021/05/03 19:31:42 defaultdict(<class 'list'>, {'train_rmse': [0.49479, 0.48043, 0.47583, 0.47358, 0.47189, 0.47116, 0.4706, 0.47011, 0.46967], 'val_rmse': [0.41153, 0.40889, 0.40682, 0.40729, 0.40559, 0.40535, 0.40526, 0.40444, 0.4046], 'test_rmse': [0.48217, 0.47623, 0.47412, 0.47379, 0.47263, 0.47122, 0.47194, 0.47112, 0.47163]})
2021/05/03 19:31:42 Epoch 8, Loss 0.46967, valid loss 0.4046, time per epoch 3205.226
2021/05/03 19:31:42 Epoch --> 9
2021/05/03 20:25:14 Model Saved /models-vol2/trained_model_0.0001_0.2_64.pth...
2021/05/03 20:25:14 Results Saved /models-vol2/results_dict_0.0001_0.2_64.pkl...
2021/05/03 20:25:14 defaultdict(<class 'list'>, {'train_rmse': [0.49479, 0.48043, 0.47583, 0.47358, 0.47189, 0.47116, 0.4706, 0.47011, 0.46967, 0.46903], 'val_rmse': [0.41153, 0.40889, 0.40682, 0.40729, 0.40559, 0.40535, 0.40526, 0.40444, 0.4046, 0.40491], 'test_rmse': [0.48217, 0.47623, 0.47412, 0.47379, 0.47263, 0.47122, 0.47194, 0.47112, 0.47163, 0.47181]})
2021/05/03 20:25:14 Epoch 9, Loss 0.46903, valid loss 0.40491, time per epoch 3211.3819
2021/05/03 20:25:14 Epoch --> 10
2021/05/03 21:18:34 Model Saved /models-vol2/trained_model_0.0001_0.2_64.pth...
2021/05/03 21:18:34 Results Saved /models-vol2/results_dict_0.0001_0.2_64.pkl...
2021/05/03 21:18:34 defaultdict(<class 'list'>, {'train_rmse': [0.49479, 0.48043, 0.47583, 0.47358, 0.47189, 0.47116, 0.4706, 0.47011, 0.46967, 0.46903, 0.46877], 'val_rmse': [0.41153, 0.40889, 0.40682, 0.40729, 0.40559, 0.40535, 0.40526, 0.40444, 0.4046, 0.40491, 0.40447], 'test_rmse': [0.48217, 0.47623, 0.47412, 0.47379, 0.47263, 0.47122, 0.47194, 0.47112, 0.47163, 0.47181, 0.47142]})
2021/05/03 21:18:34 Epoch 10, Loss 0.46877, valid loss 0.40447, time per epoch 3200.00617
2021/05/03 21:18:34 Epoch --> 11
2021/05/03 22:11:59 Model Saved /models-vol2/trained_model_0.0001_0.2_64.pth...
2021/05/03 22:11:59 Results Saved /models-vol2/results_dict_0.0001_0.2_64.pkl...
2021/05/03 22:11:59 defaultdict(<class 'list'>, {'train_rmse': [0.49479, 0.48043, 0.47583, 0.47358, 0.47189, 0.47116, 0.4706, 0.47011, 0.46967, 0.46903, 0.46877, 0.46853], 'val_rmse': [0.41153, 0.40889, 0.40682, 0.40729, 0.40559, 0.40535, 0.40526, 0.40444, 0.4046, 0.40491, 0.40447, 0.40397], 'test_rmse': [0.48217, 0.47623, 0.47412, 0.47379, 0.47263, 0.47122, 0.47194, 0.47112, 0.47163, 0.47181, 0.47142, 0.4713]})
2021/05/03 22:11:59 Epoch 11, Loss 0.46853, valid loss 0.40397, time per epoch 3205.92533
2021/05/03 22:11:59 Epoch --> 12
2021/05/03 23:05:26 Model Saved /models-vol2/trained_model_0.0001_0.2_64.pth...
2021/05/03 23:05:26 Results Saved /models-vol2/results_dict_0.0001_0.2_64.pkl...
2021/05/03 23:05:26 defaultdict(<class 'list'>, {'train_rmse': [0.49479, 0.48043, 0.47583, 0.47358, 0.47189, 0.47116, 0.4706, 0.47011, 0.46967, 0.46903, 0.46877, 0.46853, 0.46828], 'val_rmse': [0.41153, 0.40889, 0.40682, 0.40729, 0.40559, 0.40535, 0.40526, 0.40444, 0.4046, 0.40491, 0.40447, 0.40397, 0.40462], 'test_rmse': [0.48217, 0.47623, 0.47412, 0.47379, 0.47263, 0.47122, 0.47194, 0.47112, 0.47163, 0.47181, 0.47142, 0.4713, 0.47169]})
2021/05/03 23:05:26 Epoch 12, Loss 0.46828, valid loss 0.40462, time per epoch 3206.70537
2021/05/03 23:05:26 Epoch --> 13
2021/05/03 23:58:49 Model Saved /models-vol2/trained_model_0.0001_0.2_64.pth...
2021/05/03 23:58:49 Results Saved /models-vol2/results_dict_0.0001_0.2_64.pkl...
2021/05/03 23:58:49 defaultdict(<class 'list'>, {'train_rmse': [0.49479, 0.48043, 0.47583, 0.47358, 0.47189, 0.47116, 0.4706, 0.47011, 0.46967, 0.46903, 0.46877, 0.46853, 0.46828, 0.46806], 'val_rmse': [0.41153, 0.40889, 0.40682, 0.40729, 0.40559, 0.40535, 0.40526, 0.40444, 0.4046, 0.40491, 0.40447, 0.40397, 0.40462, 0.40549], 'test_rmse': [0.48217, 0.47623, 0.47412, 0.47379, 0.47263, 0.47122, 0.47194, 0.47112, 0.47163, 0.47181, 0.47142, 0.4713, 0.47169, 0.47199]})
2021/05/03 23:58:49 Epoch 13, Loss 0.46806, valid loss 0.40549, time per epoch 3203.0028
2021/05/03 23:58:49 Epoch --> 14
2021/05/04 00:52:12 Model Saved /models-vol2/trained_model_0.0001_0.2_64.pth...
2021/05/04 00:52:12 Results Saved /models-vol2/results_dict_0.0001_0.2_64.pkl...
2021/05/04 00:52:12 defaultdict(<class 'list'>, {'train_rmse': [0.49479, 0.48043, 0.47583, 0.47358, 0.47189, 0.47116, 0.4706, 0.47011, 0.46967, 0.46903, 0.46877, 0.46853, 0.46828, 0.46806, 0.46765], 'val_rmse': [0.41153, 0.40889, 0.40682, 0.40729, 0.40559, 0.40535, 0.40526, 0.40444, 0.4046, 0.40491, 0.40447, 0.40397, 0.40462, 0.40549, 0.40385], 'test_rmse': [0.48217, 0.47623, 0.47412, 0.47379, 0.47263, 0.47122, 0.47194, 0.47112, 0.47163, 0.47181, 0.47142, 0.4713, 0.47169, 0.47199, 0.47114]})
2021/05/04 00:52:12 Epoch 14, Loss 0.46765, valid loss 0.40385, time per epoch 3202.68493
2021/05/04 00:52:12 Epoch --> 15
2021/05/04 01:45:32 Model Saved /models-vol2/trained_model_0.0001_0.2_64.pth...
2021/05/04 01:45:32 Results Saved /models-vol2/results_dict_0.0001_0.2_64.pkl...
2021/05/04 01:45:32 defaultdict(<class 'list'>, {'train_rmse': [0.49479, 0.48043, 0.47583, 0.47358, 0.47189, 0.47116, 0.4706, 0.47011, 0.46967, 0.46903, 0.46877, 0.46853, 0.46828, 0.46806, 0.46765, 0.46749], 'val_rmse': [0.41153, 0.40889, 0.40682, 0.40729, 0.40559, 0.40535, 0.40526, 0.40444, 0.4046, 0.40491, 0.40447, 0.40397, 0.40462, 0.40549, 0.40385, 0.40382], 'test_rmse': [0.48217, 0.47623, 0.47412, 0.47379, 0.47263, 0.47122, 0.47194, 0.47112, 0.47163, 0.47181, 0.47142, 0.4713, 0.47169, 0.47199, 0.47114, 0.47086]})
2021/05/04 01:45:32 Epoch 15, Loss 0.46749, valid loss 0.40382, time per epoch 3200.45711
2021/05/04 01:45:32 Epoch --> 16
2021/05/04 02:39:04 Model Saved /models-vol2/trained_model_0.0001_0.2_64.pth...
2021/05/04 02:39:04 Results Saved /models-vol2/results_dict_0.0001_0.2_64.pkl...
2021/05/04 02:39:04 defaultdict(<class 'list'>, {'train_rmse': [0.49479, 0.48043, 0.47583, 0.47358, 0.47189, 0.47116, 0.4706, 0.47011, 0.46967, 0.46903, 0.46877, 0.46853, 0.46828, 0.46806, 0.46765, 0.46749, 0.46734], 'val_rmse': [0.41153, 0.40889, 0.40682, 0.40729, 0.40559, 0.40535, 0.40526, 0.40444, 0.4046, 0.40491, 0.40447, 0.40397, 0.40462, 0.40549, 0.40385, 0.40382, 0.40396], 'test_rmse': [0.48217, 0.47623, 0.47412, 0.47379, 0.47263, 0.47122, 0.47194, 0.47112, 0.47163, 0.47181, 0.47142, 0.4713, 0.47169, 0.47199, 0.47114, 0.47086, 0.47187]})
2021/05/04 02:39:04 Epoch 16, Loss 0.46734, valid loss 0.40396, time per epoch 3211.57503
2021/05/04 02:39:04 Epoch --> 17
2021/05/04 03:32:27 Model Saved /models-vol2/trained_model_0.0001_0.2_64.pth...
2021/05/04 03:32:27 Results Saved /models-vol2/results_dict_0.0001_0.2_64.pkl...
2021/05/04 03:32:27 defaultdict(<class 'list'>, {'train_rmse': [0.49479, 0.48043, 0.47583, 0.47358, 0.47189, 0.47116, 0.4706, 0.47011, 0.46967, 0.46903, 0.46877, 0.46853, 0.46828, 0.46806, 0.46765, 0.46749, 0.46734, 0.46716], 'val_rmse': [0.41153, 0.40889, 0.40682, 0.40729, 0.40559, 0.40535, 0.40526, 0.40444, 0.4046, 0.40491, 0.40447, 0.40397, 0.40462, 0.40549, 0.40385, 0.40382, 0.40396, 0.40362], 'test_rmse': [0.48217, 0.47623, 0.47412, 0.47379, 0.47263, 0.47122, 0.47194, 0.47112, 0.47163, 0.47181, 0.47142, 0.4713, 0.47169, 0.47199, 0.47114, 0.47086, 0.47187, 0.47081]})
2021/05/04 03:32:27 Epoch 17, Loss 0.46716, valid loss 0.40362, time per epoch 3203.08673
2021/05/04 03:32:27 Epoch --> 18
2021/05/04 04:25:29 Model Saved /models-vol2/trained_model_0.0001_0.2_64.pth...
2021/05/04 04:25:29 Results Saved /models-vol2/results_dict_0.0001_0.2_64.pkl...
2021/05/04 04:25:29 defaultdict(<class 'list'>, {'train_rmse': [0.49479, 0.48043, 0.47583, 0.47358, 0.47189, 0.47116, 0.4706, 0.47011, 0.46967, 0.46903, 0.46877, 0.46853, 0.46828, 0.46806, 0.46765, 0.46749, 0.46734, 0.46716, 0.46701], 'val_rmse': [0.41153, 0.40889, 0.40682, 0.40729, 0.40559, 0.40535, 0.40526, 0.40444, 0.4046, 0.40491, 0.40447, 0.40397, 0.40462, 0.40549, 0.40385, 0.40382, 0.40396, 0.40362, 0.40348], 'test_rmse': [0.48217, 0.47623, 0.47412, 0.47379, 0.47263, 0.47122, 0.47194, 0.47112, 0.47163, 0.47181, 0.47142, 0.4713, 0.47169, 0.47199, 0.47114, 0.47086, 0.47187, 0.47081, 0.47125]})
2021/05/04 04:25:29 Epoch 18, Loss 0.46701, valid loss 0.40348, time per epoch 3182.02768
2021/05/04 04:25:29 Epoch --> 19
2021/05/04 05:18:42 Model Saved /models-vol2/trained_model_0.0001_0.2_64.pth...
2021/05/04 05:18:42 Results Saved /models-vol2/results_dict_0.0001_0.2_64.pkl...
2021/05/04 05:18:42 defaultdict(<class 'list'>, {'train_rmse': [0.49479, 0.48043, 0.47583, 0.47358, 0.47189, 0.47116, 0.4706, 0.47011, 0.46967, 0.46903, 0.46877, 0.46853, 0.46828, 0.46806, 0.46765, 0.46749, 0.46734, 0.46716, 0.46701, 0.46673], 'val_rmse': [0.41153, 0.40889, 0.40682, 0.40729, 0.40559, 0.40535, 0.40526, 0.40444, 0.4046, 0.40491, 0.40447, 0.40397, 0.40462, 0.40549, 0.40385, 0.40382, 0.40396, 0.40362, 0.40348, 0.40381], 'test_rmse': [0.48217, 0.47623, 0.47412, 0.47379, 0.47263, 0.47122, 0.47194, 0.47112, 0.47163, 0.47181, 0.47142, 0.4713, 0.47169, 0.47199, 0.47114, 0.47086, 0.47187, 0.47081, 0.47125, 0.47112]})
2021/05/04 05:18:42 Epoch 19, Loss 0.46673, valid loss 0.40381, time per epoch 3192.67535
2021/05/04 05:18:42 Epoch --> 20
2021/05/04 06:11:28 Model Saved /models-vol2/trained_model_0.0001_0.2_64.pth...
2021/05/04 06:11:28 Results Saved /models-vol2/results_dict_0.0001_0.2_64.pkl...
2021/05/04 06:11:28 defaultdict(<class 'list'>, {'train_rmse': [0.49479, 0.48043, 0.47583, 0.47358, 0.47189, 0.47116, 0.4706, 0.47011, 0.46967, 0.46903, 0.46877, 0.46853, 0.46828, 0.46806, 0.46765, 0.46749, 0.46734, 0.46716, 0.46701, 0.46673, 0.46663], 'val_rmse': [0.41153, 0.40889, 0.40682, 0.40729, 0.40559, 0.40535, 0.40526, 0.40444, 0.4046, 0.40491, 0.40447, 0.40397, 0.40462, 0.40549, 0.40385, 0.40382, 0.40396, 0.40362, 0.40348, 0.40381, 0.40415], 'test_rmse': [0.48217, 0.47623, 0.47412, 0.47379, 0.47263, 0.47122, 0.47194, 0.47112, 0.47163, 0.47181, 0.47142, 0.4713, 0.47169, 0.47199, 0.47114, 0.47086, 0.47187, 0.47081, 0.47125, 0.47112, 0.47088]})
2021/05/04 06:11:28 Epoch 20, Loss 0.46663, valid loss 0.40415, time per epoch 3166.10483
2021/05/04 06:11:28 Epoch --> 21
2021/05/04 07:05:08 Model Saved /models-vol2/trained_model_0.0001_0.2_64.pth...
2021/05/04 07:05:08 Results Saved /models-vol2/results_dict_0.0001_0.2_64.pkl...
2021/05/04 07:05:08 defaultdict(<class 'list'>, {'train_rmse': [0.49479, 0.48043, 0.47583, 0.47358, 0.47189, 0.47116, 0.4706, 0.47011, 0.46967, 0.46903, 0.46877, 0.46853, 0.46828, 0.46806, 0.46765, 0.46749, 0.46734, 0.46716, 0.46701, 0.46673, 0.46663, 0.46651], 'val_rmse': [0.41153, 0.40889, 0.40682, 0.40729, 0.40559, 0.40535, 0.40526, 0.40444, 0.4046, 0.40491, 0.40447, 0.40397, 0.40462, 0.40549, 0.40385, 0.40382, 0.40396, 0.40362, 0.40348, 0.40381, 0.40415, 0.40429], 'test_rmse': [0.48217, 0.47623, 0.47412, 0.47379, 0.47263, 0.47122, 0.47194, 0.47112, 0.47163, 0.47181, 0.47142, 0.4713, 0.47169, 0.47199, 0.47114, 0.47086, 0.47187, 0.47081, 0.47125, 0.47112, 0.47088, 0.47127]})
2021/05/04 07:05:08 Epoch 21, Loss 0.46651, valid loss 0.40429, time per epoch 3220.00896
2021/05/04 07:05:08 Epoch --> 22
2021/05/04 07:58:29 Model Saved /models-vol2/trained_model_0.0001_0.2_64.pth...
2021/05/04 07:58:29 Results Saved /models-vol2/results_dict_0.0001_0.2_64.pkl...
2021/05/04 07:58:29 defaultdict(<class 'list'>, {'train_rmse': [0.49479, 0.48043, 0.47583, 0.47358, 0.47189, 0.47116, 0.4706, 0.47011, 0.46967, 0.46903, 0.46877, 0.46853, 0.46828, 0.46806, 0.46765, 0.46749, 0.46734, 0.46716, 0.46701, 0.46673, 0.46663, 0.46651, 0.46641], 'val_rmse': [0.41153, 0.40889, 0.40682, 0.40729, 0.40559, 0.40535, 0.40526, 0.40444, 0.4046, 0.40491, 0.40447, 0.40397, 0.40462, 0.40549, 0.40385, 0.40382, 0.40396, 0.40362, 0.40348, 0.40381, 0.40415, 0.40429, 0.40395], 'test_rmse': [0.48217, 0.47623, 0.47412, 0.47379, 0.47263, 0.47122, 0.47194, 0.47112, 0.47163, 0.47181, 0.47142, 0.4713, 0.47169, 0.47199, 0.47114, 0.47086, 0.47187, 0.47081, 0.47125, 0.47112, 0.47088, 0.47127, 0.47097]})
2021/05/04 07:58:29 Epoch 22, Loss 0.46641, valid loss 0.40395, time per epoch 3201.72214
2021/05/04 07:58:29 Epoch --> 23
2021/05/04 08:52:01 Model Saved /models-vol2/trained_model_0.0001_0.2_64.pth...
2021/05/04 08:52:01 Results Saved /models-vol2/results_dict_0.0001_0.2_64.pkl...
2021/05/04 08:52:01 defaultdict(<class 'list'>, {'train_rmse': [0.49479, 0.48043, 0.47583, 0.47358, 0.47189, 0.47116, 0.4706, 0.47011, 0.46967, 0.46903, 0.46877, 0.46853, 0.46828, 0.46806, 0.46765, 0.46749, 0.46734, 0.46716, 0.46701, 0.46673, 0.46663, 0.46651, 0.46641, 0.46627], 'val_rmse': [0.41153, 0.40889, 0.40682, 0.40729, 0.40559, 0.40535, 0.40526, 0.40444, 0.4046, 0.40491, 0.40447, 0.40397, 0.40462, 0.40549, 0.40385, 0.40382, 0.40396, 0.40362, 0.40348, 0.40381, 0.40415, 0.40429, 0.40395, 0.40357], 'test_rmse': [0.48217, 0.47623, 0.47412, 0.47379, 0.47263, 0.47122, 0.47194, 0.47112, 0.47163, 0.47181, 0.47142, 0.4713, 0.47169, 0.47199, 0.47114, 0.47086, 0.47187, 0.47081, 0.47125, 0.47112, 0.47088, 0.47127, 0.47097, 0.47107]})
2021/05/04 08:52:01 Completed training current hyperparameters...
2021/05/04 08:52:01 Hyperparameters: learning rate 0.0001, dropout rate 0.4, hidden dim 384
2021/05/04 08:52:03 Epoch --> 0
2021/05/04 09:48:56 Model Saved /models-vol2/trained_model_0.0001_0.4_384.pth...
2021/05/04 09:48:56 Results Saved /models-vol2/results_dict_0.0001_0.4_384.pkl...
2021/05/04 09:48:56 defaultdict(<class 'list'>, {'train_rmse': [0.48674], 'val_rmse': [0.41019], 'test_rmse': [0.47705]})
2021/05/04 09:48:56 Epoch 0, Loss 0.48674, valid loss 0.41019, time per epoch 3412.81289
2021/05/04 09:48:56 Epoch --> 1
2021/05/04 10:45:52 Model Saved /models-vol2/trained_model_0.0001_0.4_384.pth...
2021/05/04 10:45:52 Results Saved /models-vol2/results_dict_0.0001_0.4_384.pkl...
2021/05/04 10:45:52 defaultdict(<class 'list'>, {'train_rmse': [0.48674, 0.47246], 'val_rmse': [0.41019, 0.40492], 'test_rmse': [0.47705, 0.47108]})
2021/05/04 10:45:52 Epoch 1, Loss 0.47246, valid loss 0.40492, time per epoch 3415.32867
2021/05/04 10:45:52 Epoch --> 2
2021/05/04 11:43:29 Model Saved /models-vol2/trained_model_0.0001_0.4_384.pth...
2021/05/04 11:43:29 Results Saved /models-vol2/results_dict_0.0001_0.4_384.pkl...
2021/05/04 11:43:29 defaultdict(<class 'list'>, {'train_rmse': [0.48674, 0.47246, 0.46995], 'val_rmse': [0.41019, 0.40492, 0.40638], 'test_rmse': [0.47705, 0.47108, 0.47285]})
2021/05/04 11:43:29 Epoch 2, Loss 0.46995, valid loss 0.40638, time per epoch 3457.75406
2021/05/04 11:43:29 Epoch --> 3
2021/05/04 12:40:30 Model Saved /models-vol2/trained_model_0.0001_0.4_384.pth...
2021/05/04 12:40:30 Results Saved /models-vol2/results_dict_0.0001_0.4_384.pkl...
2021/05/04 12:40:30 defaultdict(<class 'list'>, {'train_rmse': [0.48674, 0.47246, 0.46995, 0.46855], 'val_rmse': [0.41019, 0.40492, 0.40638, 0.4044], 'test_rmse': [0.47705, 0.47108, 0.47285, 0.46968]})
2021/05/04 12:40:30 Epoch 3, Loss 0.46855, valid loss 0.4044, time per epoch 3420.76036
2021/05/04 12:40:30 Epoch --> 4
2021/05/04 13:37:26 Model Saved /models-vol2/trained_model_0.0001_0.4_384.pth...
2021/05/04 13:37:26 Results Saved /models-vol2/results_dict_0.0001_0.4_384.pkl...
2021/05/04 13:37:26 defaultdict(<class 'list'>, {'train_rmse': [0.48674, 0.47246, 0.46995, 0.46855, 0.46706], 'val_rmse': [0.41019, 0.40492, 0.40638, 0.4044, 0.40412], 'test_rmse': [0.47705, 0.47108, 0.47285, 0.46968, 0.47084]})
2021/05/04 13:37:26 Epoch 4, Loss 0.46706, valid loss 0.40412, time per epoch 3415.38822
2021/05/04 13:37:26 Epoch --> 5
2021/05/04 14:34:02 Model Saved /models-vol2/trained_model_0.0001_0.4_384.pth...
2021/05/04 14:34:02 Results Saved /models-vol2/results_dict_0.0001_0.4_384.pkl...
2021/05/04 14:34:02 defaultdict(<class 'list'>, {'train_rmse': [0.48674, 0.47246, 0.46995, 0.46855, 0.46706, 0.46643], 'val_rmse': [0.41019, 0.40492, 0.40638, 0.4044, 0.40412, 0.40457], 'test_rmse': [0.47705, 0.47108, 0.47285, 0.46968, 0.47084, 0.47116]})
2021/05/04 14:34:02 Epoch 5, Loss 0.46643, valid loss 0.40457, time per epoch 3396.46302
2021/05/04 14:34:02 Epoch --> 6
2021/05/04 15:30:44 Model Saved /models-vol2/trained_model_0.0001_0.4_384.pth...
2021/05/04 15:30:44 Results Saved /models-vol2/results_dict_0.0001_0.4_384.pkl...
2021/05/04 15:30:44 defaultdict(<class 'list'>, {'train_rmse': [0.48674, 0.47246, 0.46995, 0.46855, 0.46706, 0.46643, 0.46584], 'val_rmse': [0.41019, 0.40492, 0.40638, 0.4044, 0.40412, 0.40457, 0.4053], 'test_rmse': [0.47705, 0.47108, 0.47285, 0.46968, 0.47084, 0.47116, 0.47169]})
2021/05/04 15:30:44 Epoch 6, Loss 0.46584, valid loss 0.4053, time per epoch 3401.75357
2021/05/04 15:30:44 Epoch --> 7
2021/05/04 16:27:18 Model Saved /models-vol2/trained_model_0.0001_0.4_384.pth...
2021/05/04 16:27:18 Results Saved /models-vol2/results_dict_0.0001_0.4_384.pkl...
2021/05/04 16:27:18 defaultdict(<class 'list'>, {'train_rmse': [0.48674, 0.47246, 0.46995, 0.46855, 0.46706, 0.46643, 0.46584, 0.4653], 'val_rmse': [0.41019, 0.40492, 0.40638, 0.4044, 0.40412, 0.40457, 0.4053, 0.40481], 'test_rmse': [0.47705, 0.47108, 0.47285, 0.46968, 0.47084, 0.47116, 0.47169, 0.47234]})
2021/05/04 16:27:18 Epoch 7, Loss 0.4653, valid loss 0.40481, time per epoch 3394.63291
2021/05/04 16:27:18 Epoch --> 8
2021/05/04 17:23:58 Model Saved /models-vol2/trained_model_0.0001_0.4_384.pth...
2021/05/04 17:23:58 Results Saved /models-vol2/results_dict_0.0001_0.4_384.pkl...
2021/05/04 17:23:58 defaultdict(<class 'list'>, {'train_rmse': [0.48674, 0.47246, 0.46995, 0.46855, 0.46706, 0.46643, 0.46584, 0.4653, 0.46477], 'val_rmse': [0.41019, 0.40492, 0.40638, 0.4044, 0.40412, 0.40457, 0.4053, 0.40481, 0.40388], 'test_rmse': [0.47705, 0.47108, 0.47285, 0.46968, 0.47084, 0.47116, 0.47169, 0.47234, 0.47061]})
2021/05/04 17:23:58 Epoch 8, Loss 0.46477, valid loss 0.40388, time per epoch 3399.36077
2021/05/04 17:23:58 Epoch --> 9
2021/05/04 18:20:50 Model Saved /models-vol2/trained_model_0.0001_0.4_384.pth...
2021/05/04 18:20:50 Results Saved /models-vol2/results_dict_0.0001_0.4_384.pkl...
2021/05/04 18:20:50 defaultdict(<class 'list'>, {'train_rmse': [0.48674, 0.47246, 0.46995, 0.46855, 0.46706, 0.46643, 0.46584, 0.4653, 0.46477, 0.46379], 'val_rmse': [0.41019, 0.40492, 0.40638, 0.4044, 0.40412, 0.40457, 0.4053, 0.40481, 0.40388, 0.40553], 'test_rmse': [0.47705, 0.47108, 0.47285, 0.46968, 0.47084, 0.47116, 0.47169, 0.47234, 0.47061, 0.47268]})
2021/05/04 18:20:50 Epoch 9, Loss 0.46379, valid loss 0.40553, time per epoch 3412.58861
2021/05/04 18:20:50 Epoch --> 10
2021/05/04 19:17:43 Model Saved /models-vol2/trained_model_0.0001_0.4_384.pth...
2021/05/04 19:17:43 Results Saved /models-vol2/results_dict_0.0001_0.4_384.pkl...
2021/05/04 19:17:43 defaultdict(<class 'list'>, {'train_rmse': [0.48674, 0.47246, 0.46995, 0.46855, 0.46706, 0.46643, 0.46584, 0.4653, 0.46477, 0.46379, 0.46328], 'val_rmse': [0.41019, 0.40492, 0.40638, 0.4044, 0.40412, 0.40457, 0.4053, 0.40481, 0.40388, 0.40553, 0.40431], 'test_rmse': [0.47705, 0.47108, 0.47285, 0.46968, 0.47084, 0.47116, 0.47169, 0.47234, 0.47061, 0.47268, 0.47156]})
2021/05/04 19:17:43 Epoch 10, Loss 0.46328, valid loss 0.40431, time per epoch 3413.12087
2021/05/04 19:17:43 Epoch --> 11
2021/05/04 20:14:37 Model Saved /models-vol2/trained_model_0.0001_0.4_384.pth...
2021/05/04 20:14:37 Results Saved /models-vol2/results_dict_0.0001_0.4_384.pkl...
2021/05/04 20:14:37 defaultdict(<class 'list'>, {'train_rmse': [0.48674, 0.47246, 0.46995, 0.46855, 0.46706, 0.46643, 0.46584, 0.4653, 0.46477, 0.46379, 0.46328, 0.46279], 'val_rmse': [0.41019, 0.40492, 0.40638, 0.4044, 0.40412, 0.40457, 0.4053, 0.40481, 0.40388, 0.40553, 0.40431, 0.40421], 'test_rmse': [0.47705, 0.47108, 0.47285, 0.46968, 0.47084, 0.47116, 0.47169, 0.47234, 0.47061, 0.47268, 0.47156, 0.47306]})
2021/05/04 20:14:37 Epoch 11, Loss 0.46279, valid loss 0.40421, time per epoch 3413.22696
2021/05/04 20:14:37 Epoch --> 12
2021/05/04 21:11:27 Model Saved /models-vol2/trained_model_0.0001_0.4_384.pth...
2021/05/04 21:11:27 Results Saved /models-vol2/results_dict_0.0001_0.4_384.pkl...
2021/05/04 21:11:27 defaultdict(<class 'list'>, {'train_rmse': [0.48674, 0.47246, 0.46995, 0.46855, 0.46706, 0.46643, 0.46584, 0.4653, 0.46477, 0.46379, 0.46328, 0.46279, 0.46226], 'val_rmse': [0.41019, 0.40492, 0.40638, 0.4044, 0.40412, 0.40457, 0.4053, 0.40481, 0.40388, 0.40553, 0.40431, 0.40421, 0.40392], 'test_rmse': [0.47705, 0.47108, 0.47285, 0.46968, 0.47084, 0.47116, 0.47169, 0.47234, 0.47061, 0.47268, 0.47156, 0.47306, 0.47285]})
2021/05/04 21:11:27 Epoch 12, Loss 0.46226, valid loss 0.40392, time per epoch 3410.81372
2021/05/04 21:11:27 Epoch --> 13
2021/05/04 22:08:07 Model Saved /models-vol2/trained_model_0.0001_0.4_384.pth...
2021/05/04 22:08:07 Results Saved /models-vol2/results_dict_0.0001_0.4_384.pkl...
2021/05/04 22:08:07 defaultdict(<class 'list'>, {'train_rmse': [0.48674, 0.47246, 0.46995, 0.46855, 0.46706, 0.46643, 0.46584, 0.4653, 0.46477, 0.46379, 0.46328, 0.46279, 0.46226, 0.46166], 'val_rmse': [0.41019, 0.40492, 0.40638, 0.4044, 0.40412, 0.40457, 0.4053, 0.40481, 0.40388, 0.40553, 0.40431, 0.40421, 0.40392, 0.40594], 'test_rmse': [0.47705, 0.47108, 0.47285, 0.46968, 0.47084, 0.47116, 0.47169, 0.47234, 0.47061, 0.47268, 0.47156, 0.47306, 0.47285, 0.47328]})
2021/05/04 22:08:07 Epoch 13, Loss 0.46166, valid loss 0.40594, time per epoch 3399.43349
2021/05/04 22:08:07 Epoch --> 14
2021/05/04 23:04:46 Model Saved /models-vol2/trained_model_0.0001_0.4_384.pth...
2021/05/04 23:04:46 Results Saved /models-vol2/results_dict_0.0001_0.4_384.pkl...
2021/05/04 23:04:46 defaultdict(<class 'list'>, {'train_rmse': [0.48674, 0.47246, 0.46995, 0.46855, 0.46706, 0.46643, 0.46584, 0.4653, 0.46477, 0.46379, 0.46328, 0.46279, 0.46226, 0.46166, 0.46056], 'val_rmse': [0.41019, 0.40492, 0.40638, 0.4044, 0.40412, 0.40457, 0.4053, 0.40481, 0.40388, 0.40553, 0.40431, 0.40421, 0.40392, 0.40594, 0.40526], 'test_rmse': [0.47705, 0.47108, 0.47285, 0.46968, 0.47084, 0.47116, 0.47169, 0.47234, 0.47061, 0.47268, 0.47156, 0.47306, 0.47285, 0.47328, 0.47428]})
2021/05/04 23:04:46 Epoch 14, Loss 0.46056, valid loss 0.40526, time per epoch 3398.93891
2021/05/04 23:04:46 Epoch --> 15
2021/05/05 00:01:32 Model Saved /models-vol2/trained_model_0.0001_0.4_384.pth...
2021/05/05 00:01:32 Results Saved /models-vol2/results_dict_0.0001_0.4_384.pkl...
2021/05/05 00:01:32 defaultdict(<class 'list'>, {'train_rmse': [0.48674, 0.47246, 0.46995, 0.46855, 0.46706, 0.46643, 0.46584, 0.4653, 0.46477, 0.46379, 0.46328, 0.46279, 0.46226, 0.46166, 0.46056, 0.4599], 'val_rmse': [0.41019, 0.40492, 0.40638, 0.4044, 0.40412, 0.40457, 0.4053, 0.40481, 0.40388, 0.40553, 0.40431, 0.40421, 0.40392, 0.40594, 0.40526, 0.40563], 'test_rmse': [0.47705, 0.47108, 0.47285, 0.46968, 0.47084, 0.47116, 0.47169, 0.47234, 0.47061, 0.47268, 0.47156, 0.47306, 0.47285, 0.47328, 0.47428, 0.47529]})
2021/05/05 00:01:32 Completed training current hyperparameters...
2021/05/05 00:01:32 Hyperparameters: learning rate 0.001, dropout rate 0.6, hidden dim 384
2021/05/05 00:01:35 Epoch --> 0
2021/05/05 00:58:29 Model Saved /models-vol2/trained_model_0.001_0.6_384.pth...
2021/05/05 00:58:29 Results Saved /models-vol2/results_dict_0.001_0.6_384.pkl...
2021/05/05 00:58:29 defaultdict(<class 'list'>, {'train_rmse': [0.47825], 'val_rmse': [0.4051], 'test_rmse': [0.47116]})
2021/05/05 00:58:29 Epoch 0, Loss 0.47825, valid loss 0.4051, time per epoch 3413.98411
2021/05/05 00:58:29 Epoch --> 1
2021/05/05 01:55:18 Model Saved /models-vol2/trained_model_0.001_0.6_384.pth...
2021/05/05 01:55:18 Results Saved /models-vol2/results_dict_0.001_0.6_384.pkl...
2021/05/05 01:55:18 defaultdict(<class 'list'>, {'train_rmse': [0.47825, 0.46918], 'val_rmse': [0.4051, 0.40718], 'test_rmse': [0.47116, 0.47207]})
2021/05/05 01:55:18 Epoch 1, Loss 0.46918, valid loss 0.40718, time per epoch 3409.04693
2021/05/05 01:55:18 Epoch --> 2
2021/05/05 02:52:06 Model Saved /models-vol2/trained_model_0.001_0.6_384.pth...
2021/05/05 02:52:06 Results Saved /models-vol2/results_dict_0.001_0.6_384.pkl...
2021/05/05 02:52:06 defaultdict(<class 'list'>, {'train_rmse': [0.47825, 0.46918, 0.4673], 'val_rmse': [0.4051, 0.40718, 0.40626], 'test_rmse': [0.47116, 0.47207, 0.47233]})
2021/05/05 02:52:06 Epoch 2, Loss 0.4673, valid loss 0.40626, time per epoch 3408.57664
2021/05/05 02:52:06 Epoch --> 3
2021/05/05 03:48:57 Model Saved /models-vol2/trained_model_0.001_0.6_384.pth...
2021/05/05 03:48:57 Results Saved /models-vol2/results_dict_0.001_0.6_384.pkl...
2021/05/05 03:48:57 defaultdict(<class 'list'>, {'train_rmse': [0.47825, 0.46918, 0.4673, 0.4661], 'val_rmse': [0.4051, 0.40718, 0.40626, 0.40504], 'test_rmse': [0.47116, 0.47207, 0.47233, 0.4725]})
2021/05/05 03:48:57 Epoch 3, Loss 0.4661, valid loss 0.40504, time per epoch 3410.99949
2021/05/05 03:48:57 Epoch --> 4
2021/05/05 04:45:46 Model Saved /models-vol2/trained_model_0.001_0.6_384.pth...
2021/05/05 04:45:46 Results Saved /models-vol2/results_dict_0.001_0.6_384.pkl...
2021/05/05 04:45:46 defaultdict(<class 'list'>, {'train_rmse': [0.47825, 0.46918, 0.4673, 0.4661, 0.46423], 'val_rmse': [0.4051, 0.40718, 0.40626, 0.40504, 0.40542], 'test_rmse': [0.47116, 0.47207, 0.47233, 0.4725, 0.47332]})
2021/05/05 04:45:46 Epoch 4, Loss 0.46423, valid loss 0.40542, time per epoch 3408.48068
2021/05/05 04:45:46 Epoch --> 5
2021/05/05 05:42:49 Model Saved /models-vol2/trained_model_0.001_0.6_384.pth...
2021/05/05 05:42:49 Results Saved /models-vol2/results_dict_0.001_0.6_384.pkl...
2021/05/05 05:42:49 defaultdict(<class 'list'>, {'train_rmse': [0.47825, 0.46918, 0.4673, 0.4661, 0.46423, 0.46319], 'val_rmse': [0.4051, 0.40718, 0.40626, 0.40504, 0.40542, 0.40421], 'test_rmse': [0.47116, 0.47207, 0.47233, 0.4725, 0.47332, 0.47181]})
2021/05/05 05:42:49 Epoch 5, Loss 0.46319, valid loss 0.40421, time per epoch 3423.0647
2021/05/05 05:42:49 Epoch --> 6
2021/05/05 06:39:42 Model Saved /models-vol2/trained_model_0.001_0.6_384.pth...
2021/05/05 06:39:42 Results Saved /models-vol2/results_dict_0.001_0.6_384.pkl...
2021/05/05 06:39:42 defaultdict(<class 'list'>, {'train_rmse': [0.47825, 0.46918, 0.4673, 0.4661, 0.46423, 0.46319, 0.46221], 'val_rmse': [0.4051, 0.40718, 0.40626, 0.40504, 0.40542, 0.40421, 0.40423], 'test_rmse': [0.47116, 0.47207, 0.47233, 0.4725, 0.47332, 0.47181, 0.47315]})
2021/05/05 06:39:42 Epoch 6, Loss 0.46221, valid loss 0.40423, time per epoch 3412.72233
2021/05/05 06:39:42 Epoch --> 7
2021/05/05 07:36:38 Model Saved /models-vol2/trained_model_0.001_0.6_384.pth...
2021/05/05 07:36:38 Results Saved /models-vol2/results_dict_0.001_0.6_384.pkl...
2021/05/05 07:36:38 defaultdict(<class 'list'>, {'train_rmse': [0.47825, 0.46918, 0.4673, 0.4661, 0.46423, 0.46319, 0.46221, 0.46115], 'val_rmse': [0.4051, 0.40718, 0.40626, 0.40504, 0.40542, 0.40421, 0.40423, 0.4054], 'test_rmse': [0.47116, 0.47207, 0.47233, 0.4725, 0.47332, 0.47181, 0.47315, 0.47462]})
2021/05/05 07:36:38 Epoch 7, Loss 0.46115, valid loss 0.4054, time per epoch 3415.88021
2021/05/05 07:36:38 Epoch --> 8
2021/05/05 08:33:30 Model Saved /models-vol2/trained_model_0.001_0.6_384.pth...
2021/05/05 08:33:30 Results Saved /models-vol2/results_dict_0.001_0.6_384.pkl...
2021/05/05 08:33:30 defaultdict(<class 'list'>, {'train_rmse': [0.47825, 0.46918, 0.4673, 0.4661, 0.46423, 0.46319, 0.46221, 0.46115, 0.45998], 'val_rmse': [0.4051, 0.40718, 0.40626, 0.40504, 0.40542, 0.40421, 0.40423, 0.4054, 0.40563], 'test_rmse': [0.47116, 0.47207, 0.47233, 0.4725, 0.47332, 0.47181, 0.47315, 0.47462, 0.47471]})
2021/05/05 08:33:30 Epoch 8, Loss 0.45998, valid loss 0.40563, time per epoch 3412.59239
2021/05/05 08:33:30 Epoch --> 9
2021/05/05 09:30:49 Model Saved /models-vol2/trained_model_0.001_0.6_384.pth...
2021/05/05 09:30:49 Results Saved /models-vol2/results_dict_0.001_0.6_384.pkl...
2021/05/05 09:30:49 defaultdict(<class 'list'>, {'train_rmse': [0.47825, 0.46918, 0.4673, 0.4661, 0.46423, 0.46319, 0.46221, 0.46115, 0.45998, 0.45766], 'val_rmse': [0.4051, 0.40718, 0.40626, 0.40504, 0.40542, 0.40421, 0.40423, 0.4054, 0.40563, 0.40718], 'test_rmse': [0.47116, 0.47207, 0.47233, 0.4725, 0.47332, 0.47181, 0.47315, 0.47462, 0.47471, 0.47637]})
2021/05/05 09:30:49 Epoch 9, Loss 0.45766, valid loss 0.40718, time per epoch 3438.74798
2021/05/05 09:30:49 Epoch --> 10
2021/05/05 10:27:41 Model Saved /models-vol2/trained_model_0.001_0.6_384.pth...
2021/05/05 10:27:41 Results Saved /models-vol2/results_dict_0.001_0.6_384.pkl...
2021/05/05 10:27:41 defaultdict(<class 'list'>, {'train_rmse': [0.47825, 0.46918, 0.4673, 0.4661, 0.46423, 0.46319, 0.46221, 0.46115, 0.45998, 0.45766, 0.45609], 'val_rmse': [0.4051, 0.40718, 0.40626, 0.40504, 0.40542, 0.40421, 0.40423, 0.4054, 0.40563, 0.40718, 0.40844], 'test_rmse': [0.47116, 0.47207, 0.47233, 0.4725, 0.47332, 0.47181, 0.47315, 0.47462, 0.47471, 0.47637, 0.47702]})
2021/05/05 10:27:41 Epoch 10, Loss 0.45609, valid loss 0.40844, time per epoch 3412.27118
2021/05/05 10:27:41 Epoch --> 11
2021/05/05 11:25:09 Model Saved /models-vol2/trained_model_0.001_0.6_384.pth...
2021/05/05 11:25:09 Results Saved /models-vol2/results_dict_0.001_0.6_384.pkl...
2021/05/05 11:25:09 defaultdict(<class 'list'>, {'train_rmse': [0.47825, 0.46918, 0.4673, 0.4661, 0.46423, 0.46319, 0.46221, 0.46115, 0.45998, 0.45766, 0.45609, 0.45454], 'val_rmse': [0.4051, 0.40718, 0.40626, 0.40504, 0.40542, 0.40421, 0.40423, 0.4054, 0.40563, 0.40718, 0.40844, 0.40811], 'test_rmse': [0.47116, 0.47207, 0.47233, 0.4725, 0.47332, 0.47181, 0.47315, 0.47462, 0.47471, 0.47637, 0.47702, 0.48082]})
2021/05/05 11:25:09 Epoch 11, Loss 0.45454, valid loss 0.40811, time per epoch 3447.29674
2021/05/05 11:25:09 Epoch --> 12
2021/05/05 12:22:05 Model Saved /models-vol2/trained_model_0.001_0.6_384.pth...
2021/05/05 12:22:05 Results Saved /models-vol2/results_dict_0.001_0.6_384.pkl...
2021/05/05 12:22:05 defaultdict(<class 'list'>, {'train_rmse': [0.47825, 0.46918, 0.4673, 0.4661, 0.46423, 0.46319, 0.46221, 0.46115, 0.45998, 0.45766, 0.45609, 0.45454, 0.45293], 'val_rmse': [0.4051, 0.40718, 0.40626, 0.40504, 0.40542, 0.40421, 0.40423, 0.4054, 0.40563, 0.40718, 0.40844, 0.40811, 0.40988], 'test_rmse': [0.47116, 0.47207, 0.47233, 0.4725, 0.47332, 0.47181, 0.47315, 0.47462, 0.47471, 0.47637, 0.47702, 0.48082, 0.4788]})
2021/05/05 12:22:05 Epoch 12, Loss 0.45293, valid loss 0.40988, time per epoch 3416.66704
2021/05/05 12:22:05 Epoch --> 13
2021/05/05 13:19:00 Model Saved /models-vol2/trained_model_0.001_0.6_384.pth...
2021/05/05 13:19:00 Results Saved /models-vol2/results_dict_0.001_0.6_384.pkl...
2021/05/05 13:19:00 defaultdict(<class 'list'>, {'train_rmse': [0.47825, 0.46918, 0.4673, 0.4661, 0.46423, 0.46319, 0.46221, 0.46115, 0.45998, 0.45766, 0.45609, 0.45454, 0.45293, 0.45132], 'val_rmse': [0.4051, 0.40718, 0.40626, 0.40504, 0.40542, 0.40421, 0.40423, 0.4054, 0.40563, 0.40718, 0.40844, 0.40811, 0.40988, 0.40946], 'test_rmse': [0.47116, 0.47207, 0.47233, 0.4725, 0.47332, 0.47181, 0.47315, 0.47462, 0.47471, 0.47637, 0.47702, 0.48082, 0.4788, 0.48024]})
2021/05/05 13:19:00 Epoch 13, Loss 0.45132, valid loss 0.40946, time per epoch 3414.77392
2021/05/05 13:19:00 Epoch --> 14
2021/05/05 14:16:14 Model Saved /models-vol2/trained_model_0.001_0.6_384.pth...
2021/05/05 14:16:14 Results Saved /models-vol2/results_dict_0.001_0.6_384.pkl...
2021/05/05 14:16:14 defaultdict(<class 'list'>, {'train_rmse': [0.47825, 0.46918, 0.4673, 0.4661, 0.46423, 0.46319, 0.46221, 0.46115, 0.45998, 0.45766, 0.45609, 0.45454, 0.45293, 0.45132, 0.4479], 'val_rmse': [0.4051, 0.40718, 0.40626, 0.40504, 0.40542, 0.40421, 0.40423, 0.4054, 0.40563, 0.40718, 0.40844, 0.40811, 0.40988, 0.40946, 0.411], 'test_rmse': [0.47116, 0.47207, 0.47233, 0.4725, 0.47332, 0.47181, 0.47315, 0.47462, 0.47471, 0.47637, 0.47702, 0.48082, 0.4788, 0.48024, 0.48097]})
2021/05/05 14:16:14 Epoch 14, Loss 0.4479, valid loss 0.411, time per epoch 3434.23426
2021/05/05 14:16:14 Epoch --> 15
2021/05/05 15:13:13 Model Saved /models-vol2/trained_model_0.001_0.6_384.pth...
2021/05/05 15:13:13 Results Saved /models-vol2/results_dict_0.001_0.6_384.pkl...
2021/05/05 15:13:13 defaultdict(<class 'list'>, {'train_rmse': [0.47825, 0.46918, 0.4673, 0.4661, 0.46423, 0.46319, 0.46221, 0.46115, 0.45998, 0.45766, 0.45609, 0.45454, 0.45293, 0.45132, 0.4479, 0.44569], 'val_rmse': [0.4051, 0.40718, 0.40626, 0.40504, 0.40542, 0.40421, 0.40423, 0.4054, 0.40563, 0.40718, 0.40844, 0.40811, 0.40988, 0.40946, 0.411, 0.41199], 'test_rmse': [0.47116, 0.47207, 0.47233, 0.4725, 0.47332, 0.47181, 0.47315, 0.47462, 0.47471, 0.47637, 0.47702, 0.48082, 0.4788, 0.48024, 0.48097, 0.48279]})
2021/05/05 15:13:13 Completed training current hyperparameters...
2021/05/05 15:13:13 Hyperparameters: learning rate 0.01, dropout rate 0.6, hidden dim 256
2021/05/05 15:13:15 Epoch --> 0
2021/05/05 16:07:04 Model Saved /models-vol2/trained_model_0.01_0.6_256.pth...
2021/05/05 16:07:04 Results Saved /models-vol2/results_dict_0.01_0.6_256.pkl...
2021/05/05 16:07:04 defaultdict(<class 'list'>, {'train_rmse': [0.58399], 'val_rmse': [0.40903], 'test_rmse': [0.47578]})
2021/05/05 16:07:04 Epoch 0, Loss 0.58399, valid loss 0.40903, time per epoch 3228.98339
2021/05/05 16:07:04 Epoch --> 1