
2021/05/02 22:30:01 cuda:0
2021/05/02 22:30:01 ####################################################################################################
2021/05/02 22:30:01 Code Started...
2021/05/02 22:31:14 sample size 16618280, train val size 13294624, train size 11632796, val size 1661828, test size 3323656
2021/05/02 22:31:17 Hyperparameters: learning rate 0.0001, dropout rate 0.4, hidden dim 320
2021/05/02 22:31:22 Epoch --> 0
2021/05/02 23:28:59 Model Saved /models-vol5/trained_model_0.0001_0.4_320.pth...
2021/05/02 23:28:59 Results Saved /models-vol5/results_dict_0.0001_0.4_320.pkl...
2021/05/02 23:28:59 defaultdict(<class 'list'>, {'train_rmse': [0.48819], 'val_rmse': [0.40732], 'test_rmse': [0.47349]})
2021/05/02 23:28:59 Epoch 0, Loss 0.48819, valid loss 0.40732, time per epoch 3457.60176
2021/05/02 23:28:59 Epoch --> 1
2021/05/03 00:26:29 Model Saved /models-vol5/trained_model_0.0001_0.4_320.pth...
2021/05/03 00:26:29 Results Saved /models-vol5/results_dict_0.0001_0.4_320.pkl...
2021/05/03 00:26:29 defaultdict(<class 'list'>, {'train_rmse': [0.48819, 0.47311], 'val_rmse': [0.40732, 0.40484], 'test_rmse': [0.47349, 0.47152]})
2021/05/03 00:26:29 Epoch 1, Loss 0.47311, valid loss 0.40484, time per epoch 3449.14072
2021/05/03 00:26:29 Epoch --> 2
2021/05/03 01:24:12 Model Saved /models-vol5/trained_model_0.0001_0.4_320.pth...
2021/05/03 01:24:12 Results Saved /models-vol5/results_dict_0.0001_0.4_320.pkl...
2021/05/03 01:24:12 defaultdict(<class 'list'>, {'train_rmse': [0.48819, 0.47311, 0.47037], 'val_rmse': [0.40732, 0.40484, 0.40758], 'test_rmse': [0.47349, 0.47152, 0.47558]})
2021/05/03 01:24:12 Epoch 2, Loss 0.47037, valid loss 0.40758, time per epoch 3463.69077
2021/05/03 01:24:12 Epoch --> 3
2021/05/03 02:22:06 Model Saved /models-vol5/trained_model_0.0001_0.4_320.pth...
2021/05/03 02:22:06 Results Saved /models-vol5/results_dict_0.0001_0.4_320.pkl...
2021/05/03 02:22:06 defaultdict(<class 'list'>, {'train_rmse': [0.48819, 0.47311, 0.47037, 0.4689], 'val_rmse': [0.40732, 0.40484, 0.40758, 0.40369], 'test_rmse': [0.47349, 0.47152, 0.47558, 0.47062]})
2021/05/03 02:22:06 Epoch 3, Loss 0.4689, valid loss 0.40369, time per epoch 3473.62225
2021/05/03 02:22:06 Epoch --> 4
2021/05/03 03:19:46 Model Saved /models-vol5/trained_model_0.0001_0.4_320.pth...
2021/05/03 03:19:47 Results Saved /models-vol5/results_dict_0.0001_0.4_320.pkl...
2021/05/03 03:19:47 defaultdict(<class 'list'>, {'train_rmse': [0.48819, 0.47311, 0.47037, 0.4689, 0.46743], 'val_rmse': [0.40732, 0.40484, 0.40758, 0.40369, 0.40516], 'test_rmse': [0.47349, 0.47152, 0.47558, 0.47062, 0.47217]})
2021/05/03 03:19:47 Epoch 4, Loss 0.46743, valid loss 0.40516, time per epoch 3460.64883
2021/05/03 03:19:47 Epoch --> 5
2021/05/03 04:17:30 Model Saved /models-vol5/trained_model_0.0001_0.4_320.pth...
2021/05/03 04:17:30 Results Saved /models-vol5/results_dict_0.0001_0.4_320.pkl...
2021/05/03 04:17:30 defaultdict(<class 'list'>, {'train_rmse': [0.48819, 0.47311, 0.47037, 0.4689, 0.46743, 0.46678], 'val_rmse': [0.40732, 0.40484, 0.40758, 0.40369, 0.40516, 0.40492], 'test_rmse': [0.47349, 0.47152, 0.47558, 0.47062, 0.47217, 0.47136]})
2021/05/03 04:17:30 Epoch 5, Loss 0.46678, valid loss 0.40492, time per epoch 3463.10988
2021/05/03 04:17:30 Epoch --> 6
2021/05/03 05:15:05 Model Saved /models-vol5/trained_model_0.0001_0.4_320.pth...
2021/05/03 05:15:05 Results Saved /models-vol5/results_dict_0.0001_0.4_320.pkl...
2021/05/03 05:15:05 defaultdict(<class 'list'>, {'train_rmse': [0.48819, 0.47311, 0.47037, 0.4689, 0.46743, 0.46678, 0.46624], 'val_rmse': [0.40732, 0.40484, 0.40758, 0.40369, 0.40516, 0.40492, 0.40374], 'test_rmse': [0.47349, 0.47152, 0.47558, 0.47062, 0.47217, 0.47136, 0.47033]})
2021/05/03 05:15:05 Epoch 6, Loss 0.46624, valid loss 0.40374, time per epoch 3455.69935
2021/05/03 05:15:05 Epoch --> 7
2021/05/03 06:12:44 Model Saved /models-vol5/trained_model_0.0001_0.4_320.pth...
2021/05/03 06:12:44 Results Saved /models-vol5/results_dict_0.0001_0.4_320.pkl...
2021/05/03 06:12:44 defaultdict(<class 'list'>, {'train_rmse': [0.48819, 0.47311, 0.47037, 0.4689, 0.46743, 0.46678, 0.46624, 0.46572], 'val_rmse': [0.40732, 0.40484, 0.40758, 0.40369, 0.40516, 0.40492, 0.40374, 0.40638], 'test_rmse': [0.47349, 0.47152, 0.47558, 0.47062, 0.47217, 0.47136, 0.47033, 0.47339]})
2021/05/03 06:12:44 Epoch 7, Loss 0.46572, valid loss 0.40638, time per epoch 3458.97078
2021/05/03 06:12:44 Epoch --> 8
2021/05/03 07:10:22 Model Saved /models-vol5/trained_model_0.0001_0.4_320.pth...
2021/05/03 07:10:22 Results Saved /models-vol5/results_dict_0.0001_0.4_320.pkl...
2021/05/03 07:10:22 defaultdict(<class 'list'>, {'train_rmse': [0.48819, 0.47311, 0.47037, 0.4689, 0.46743, 0.46678, 0.46624, 0.46572, 0.46528], 'val_rmse': [0.40732, 0.40484, 0.40758, 0.40369, 0.40516, 0.40492, 0.40374, 0.40638, 0.40375], 'test_rmse': [0.47349, 0.47152, 0.47558, 0.47062, 0.47217, 0.47136, 0.47033, 0.47339, 0.47184]})
2021/05/03 07:10:22 Epoch 8, Loss 0.46528, valid loss 0.40375, time per epoch 3457.82005
2021/05/03 07:10:22 Epoch --> 9
2021/05/03 08:08:22 Model Saved /models-vol5/trained_model_0.0001_0.4_320.pth...
2021/05/03 08:08:22 Results Saved /models-vol5/results_dict_0.0001_0.4_320.pkl...
2021/05/03 08:08:22 defaultdict(<class 'list'>, {'train_rmse': [0.48819, 0.47311, 0.47037, 0.4689, 0.46743, 0.46678, 0.46624, 0.46572, 0.46528, 0.46435], 'val_rmse': [0.40732, 0.40484, 0.40758, 0.40369, 0.40516, 0.40492, 0.40374, 0.40638, 0.40375, 0.40483], 'test_rmse': [0.47349, 0.47152, 0.47558, 0.47062, 0.47217, 0.47136, 0.47033, 0.47339, 0.47184, 0.47133]})
2021/05/03 08:08:22 Epoch 9, Loss 0.46435, valid loss 0.40483, time per epoch 3479.52605
2021/05/03 08:08:22 Epoch --> 10
2021/05/03 09:05:45 Model Saved /models-vol5/trained_model_0.0001_0.4_320.pth...
2021/05/03 09:05:45 Results Saved /models-vol5/results_dict_0.0001_0.4_320.pkl...
2021/05/03 09:05:45 defaultdict(<class 'list'>, {'train_rmse': [0.48819, 0.47311, 0.47037, 0.4689, 0.46743, 0.46678, 0.46624, 0.46572, 0.46528, 0.46435, 0.4639], 'val_rmse': [0.40732, 0.40484, 0.40758, 0.40369, 0.40516, 0.40492, 0.40374, 0.40638, 0.40375, 0.40483, 0.40446], 'test_rmse': [0.47349, 0.47152, 0.47558, 0.47062, 0.47217, 0.47136, 0.47033, 0.47339, 0.47184, 0.47133, 0.47143]})
2021/05/03 09:05:45 Epoch 10, Loss 0.4639, valid loss 0.40446, time per epoch 3442.96383
2021/05/03 09:05:45 Epoch --> 11
2021/05/03 10:03:16 Model Saved /models-vol5/trained_model_0.0001_0.4_320.pth...
2021/05/03 10:03:16 Results Saved /models-vol5/results_dict_0.0001_0.4_320.pkl...
2021/05/03 10:03:16 defaultdict(<class 'list'>, {'train_rmse': [0.48819, 0.47311, 0.47037, 0.4689, 0.46743, 0.46678, 0.46624, 0.46572, 0.46528, 0.46435, 0.4639, 0.4635], 'val_rmse': [0.40732, 0.40484, 0.40758, 0.40369, 0.40516, 0.40492, 0.40374, 0.40638, 0.40375, 0.40483, 0.40446, 0.40402], 'test_rmse': [0.47349, 0.47152, 0.47558, 0.47062, 0.47217, 0.47136, 0.47033, 0.47339, 0.47184, 0.47133, 0.47143, 0.47096]})
2021/05/03 10:03:16 Epoch 11, Loss 0.4635, valid loss 0.40402, time per epoch 3451.6085
2021/05/03 10:03:16 Epoch --> 12
2021/05/03 11:00:48 Model Saved /models-vol5/trained_model_0.0001_0.4_320.pth...
2021/05/03 11:00:48 Results Saved /models-vol5/results_dict_0.0001_0.4_320.pkl...
2021/05/03 11:00:48 defaultdict(<class 'list'>, {'train_rmse': [0.48819, 0.47311, 0.47037, 0.4689, 0.46743, 0.46678, 0.46624, 0.46572, 0.46528, 0.46435, 0.4639, 0.4635, 0.46303], 'val_rmse': [0.40732, 0.40484, 0.40758, 0.40369, 0.40516, 0.40492, 0.40374, 0.40638, 0.40375, 0.40483, 0.40446, 0.40402, 0.40392], 'test_rmse': [0.47349, 0.47152, 0.47558, 0.47062, 0.47217, 0.47136, 0.47033, 0.47339, 0.47184, 0.47133, 0.47143, 0.47096, 0.47124]})
2021/05/03 11:00:48 Epoch 12, Loss 0.46303, valid loss 0.40392, time per epoch 3451.36013
2021/05/03 11:00:48 Epoch --> 13
2021/05/03 11:58:16 Model Saved /models-vol5/trained_model_0.0001_0.4_320.pth...
2021/05/03 11:58:17 Results Saved /models-vol5/results_dict_0.0001_0.4_320.pkl...
2021/05/03 11:58:17 defaultdict(<class 'list'>, {'train_rmse': [0.48819, 0.47311, 0.47037, 0.4689, 0.46743, 0.46678, 0.46624, 0.46572, 0.46528, 0.46435, 0.4639, 0.4635, 0.46303, 0.46254], 'val_rmse': [0.40732, 0.40484, 0.40758, 0.40369, 0.40516, 0.40492, 0.40374, 0.40638, 0.40375, 0.40483, 0.40446, 0.40402, 0.40392, 0.40421], 'test_rmse': [0.47349, 0.47152, 0.47558, 0.47062, 0.47217, 0.47136, 0.47033, 0.47339, 0.47184, 0.47133, 0.47143, 0.47096, 0.47124, 0.47261]})
2021/05/03 11:58:17 Epoch 13, Loss 0.46254, valid loss 0.40421, time per epoch 3448.98021
2021/05/03 11:58:17 Epoch --> 14
2021/05/03 12:55:52 Model Saved /models-vol5/trained_model_0.0001_0.4_320.pth...
2021/05/03 12:55:52 Results Saved /models-vol5/results_dict_0.0001_0.4_320.pkl...
2021/05/03 12:55:52 defaultdict(<class 'list'>, {'train_rmse': [0.48819, 0.47311, 0.47037, 0.4689, 0.46743, 0.46678, 0.46624, 0.46572, 0.46528, 0.46435, 0.4639, 0.4635, 0.46303, 0.46254, 0.46165], 'val_rmse': [0.40732, 0.40484, 0.40758, 0.40369, 0.40516, 0.40492, 0.40374, 0.40638, 0.40375, 0.40483, 0.40446, 0.40402, 0.40392, 0.40421, 0.4041], 'test_rmse': [0.47349, 0.47152, 0.47558, 0.47062, 0.47217, 0.47136, 0.47033, 0.47339, 0.47184, 0.47133, 0.47143, 0.47096, 0.47124, 0.47261, 0.47288]})
2021/05/03 12:55:52 Epoch 14, Loss 0.46165, valid loss 0.4041, time per epoch 3455.83072
2021/05/03 12:55:52 Epoch --> 15
2021/05/03 13:53:22 Model Saved /models-vol5/trained_model_0.0001_0.4_320.pth...
2021/05/03 13:53:22 Results Saved /models-vol5/results_dict_0.0001_0.4_320.pkl...
2021/05/03 13:53:22 defaultdict(<class 'list'>, {'train_rmse': [0.48819, 0.47311, 0.47037, 0.4689, 0.46743, 0.46678, 0.46624, 0.46572, 0.46528, 0.46435, 0.4639, 0.4635, 0.46303, 0.46254, 0.46165, 0.46111], 'val_rmse': [0.40732, 0.40484, 0.40758, 0.40369, 0.40516, 0.40492, 0.40374, 0.40638, 0.40375, 0.40483, 0.40446, 0.40402, 0.40392, 0.40421, 0.4041, 0.4046], 'test_rmse': [0.47349, 0.47152, 0.47558, 0.47062, 0.47217, 0.47136, 0.47033, 0.47339, 0.47184, 0.47133, 0.47143, 0.47096, 0.47124, 0.47261, 0.47288, 0.47179]})
2021/05/03 13:53:22 Epoch 15, Loss 0.46111, valid loss 0.4046, time per epoch 3449.74307
2021/05/03 13:53:22 Epoch --> 16
2021/05/03 14:50:50 Model Saved /models-vol5/trained_model_0.0001_0.4_320.pth...
2021/05/03 14:50:50 Results Saved /models-vol5/results_dict_0.0001_0.4_320.pkl...
2021/05/03 14:50:50 defaultdict(<class 'list'>, {'train_rmse': [0.48819, 0.47311, 0.47037, 0.4689, 0.46743, 0.46678, 0.46624, 0.46572, 0.46528, 0.46435, 0.4639, 0.4635, 0.46303, 0.46254, 0.46165, 0.46111, 0.46063], 'val_rmse': [0.40732, 0.40484, 0.40758, 0.40369, 0.40516, 0.40492, 0.40374, 0.40638, 0.40375, 0.40483, 0.40446, 0.40402, 0.40392, 0.40421, 0.4041, 0.4046, 0.40512], 'test_rmse': [0.47349, 0.47152, 0.47558, 0.47062, 0.47217, 0.47136, 0.47033, 0.47339, 0.47184, 0.47133, 0.47143, 0.47096, 0.47124, 0.47261, 0.47288, 0.47179, 0.47265]})
2021/05/03 14:50:50 Epoch 16, Loss 0.46063, valid loss 0.40512, time per epoch 3447.40345
2021/05/03 14:50:50 Epoch --> 17
2021/05/03 15:48:19 Model Saved /models-vol5/trained_model_0.0001_0.4_320.pth...
2021/05/03 15:48:19 Results Saved /models-vol5/results_dict_0.0001_0.4_320.pkl...
2021/05/03 15:48:19 defaultdict(<class 'list'>, {'train_rmse': [0.48819, 0.47311, 0.47037, 0.4689, 0.46743, 0.46678, 0.46624, 0.46572, 0.46528, 0.46435, 0.4639, 0.4635, 0.46303, 0.46254, 0.46165, 0.46111, 0.46063, 0.46013], 'val_rmse': [0.40732, 0.40484, 0.40758, 0.40369, 0.40516, 0.40492, 0.40374, 0.40638, 0.40375, 0.40483, 0.40446, 0.40402, 0.40392, 0.40421, 0.4041, 0.4046, 0.40512, 0.40484], 'test_rmse': [0.47349, 0.47152, 0.47558, 0.47062, 0.47217, 0.47136, 0.47033, 0.47339, 0.47184, 0.47133, 0.47143, 0.47096, 0.47124, 0.47261, 0.47288, 0.47179, 0.47265, 0.47269]})
2021/05/03 15:48:19 Completed training current hyperparameters...
2021/05/03 15:48:19 Hyperparameters: learning rate 0.1, dropout rate 0.2, hidden dim 64
2021/05/03 15:48:22 Epoch --> 0
2021/05/03 16:44:32 Model Saved /models-vol5/trained_model_0.1_0.2_64.pth...
2021/05/03 16:44:32 Results Saved /models-vol5/results_dict_0.1_0.2_64.pkl...
2021/05/03 16:44:32 defaultdict(<class 'list'>, {'train_rmse': [48.83964], 'val_rmse': [71.70883], 'test_rmse': [71.1867]})
2021/05/03 16:44:32 Epoch 0, Loss 48.83964, valid loss 71.70883, time per epoch 3370.02693
2021/05/03 16:44:32 Epoch --> 1
2021/05/03 17:40:33 Model Saved /models-vol5/trained_model_0.1_0.2_64.pth...
2021/05/03 17:40:33 Results Saved /models-vol5/results_dict_0.1_0.2_64.pkl...
2021/05/03 17:40:33 defaultdict(<class 'list'>, {'train_rmse': [48.83964, 69.79263], 'val_rmse': [71.70883, 79.90444], 'test_rmse': [71.1867, 80.02586]})
2021/05/03 17:40:33 Epoch 1, Loss 69.79263, valid loss 79.90444, time per epoch 3361.32386
2021/05/03 17:40:33 Epoch --> 2
2021/05/03 18:37:01 Model Saved /models-vol5/trained_model_0.1_0.2_64.pth...
2021/05/03 18:37:01 Results Saved /models-vol5/results_dict_0.1_0.2_64.pkl...
2021/05/03 18:37:01 defaultdict(<class 'list'>, {'train_rmse': [48.83964, 69.79263, 80.50935], 'val_rmse': [71.70883, 79.90444, 77.32981], 'test_rmse': [71.1867, 80.02586, 77.35082]})
2021/05/03 18:37:01 Epoch 2, Loss 80.50935, valid loss 77.32981, time per epoch 3387.84928
2021/05/03 18:37:01 Epoch --> 3
2021/05/03 19:33:18 Model Saved /models-vol5/trained_model_0.1_0.2_64.pth...
2021/05/03 19:33:18 Results Saved /models-vol5/results_dict_0.1_0.2_64.pkl...
2021/05/03 19:33:18 defaultdict(<class 'list'>, {'train_rmse': [48.83964, 69.79263, 80.50935, 93.33659], 'val_rmse': [71.70883, 79.90444, 77.32981, 83.11595], 'test_rmse': [71.1867, 80.02586, 77.35082, 83.13675]})
2021/05/03 19:33:18 Epoch 3, Loss 93.33659, valid loss 83.11595, time per epoch 3376.82576
2021/05/03 19:33:18 Epoch --> 4
2021/05/03 20:29:28 Model Saved /models-vol5/trained_model_0.1_0.2_64.pth...
2021/05/03 20:29:28 Results Saved /models-vol5/results_dict_0.1_0.2_64.pkl...
2021/05/03 20:29:28 defaultdict(<class 'list'>, {'train_rmse': [48.83964, 69.79263, 80.50935, 93.33659, 81.08219], 'val_rmse': [71.70883, 79.90444, 77.32981, 83.11595, 92.75879], 'test_rmse': [71.1867, 80.02586, 77.35082, 83.13675, 93.08863]})
2021/05/03 20:29:28 Epoch 4, Loss 81.08219, valid loss 92.75879, time per epoch 3369.92859
2021/05/03 20:29:28 Epoch --> 5
2021/05/03 21:25:32 Model Saved /models-vol5/trained_model_0.1_0.2_64.pth...
2021/05/03 21:25:32 Results Saved /models-vol5/results_dict_0.1_0.2_64.pkl...
2021/05/03 21:25:32 defaultdict(<class 'list'>, {'train_rmse': [48.83964, 69.79263, 80.50935, 93.33659, 81.08219, 96.27975], 'val_rmse': [71.70883, 79.90444, 77.32981, 83.11595, 92.75879, 92.74121], 'test_rmse': [71.1867, 80.02586, 77.35082, 83.13675, 93.08863, 92.83607]})
2021/05/03 21:25:32 Epoch 5, Loss 96.27975, valid loss 92.74121, time per epoch 3364.36227
2021/05/03 21:25:32 Epoch --> 6
2021/05/03 22:21:35 Model Saved /models-vol5/trained_model_0.1_0.2_64.pth...
2021/05/03 22:21:35 Results Saved /models-vol5/results_dict_0.1_0.2_64.pkl...
2021/05/03 22:21:35 defaultdict(<class 'list'>, {'train_rmse': [48.83964, 69.79263, 80.50935, 93.33659, 81.08219, 96.27975, 106.94961], 'val_rmse': [71.70883, 79.90444, 77.32981, 83.11595, 92.75879, 92.74121, 82.20435], 'test_rmse': [71.1867, 80.02586, 77.35082, 83.13675, 93.08863, 92.83607, 83.16214]})
2021/05/03 22:21:35 Epoch 6, Loss 106.94961, valid loss 82.20435, time per epoch 3363.15363
2021/05/03 22:21:35 Epoch --> 7
2021/05/03 23:17:21 Model Saved /models-vol5/trained_model_0.1_0.2_64.pth...
2021/05/03 23:17:21 Results Saved /models-vol5/results_dict_0.1_0.2_64.pkl...
2021/05/03 23:17:21 defaultdict(<class 'list'>, {'train_rmse': [48.83964, 69.79263, 80.50935, 93.33659, 81.08219, 96.27975, 106.94961, 105.33519], 'val_rmse': [71.70883, 79.90444, 77.32981, 83.11595, 92.75879, 92.74121, 82.20435, 61.31578], 'test_rmse': [71.1867, 80.02586, 77.35082, 83.13675, 93.08863, 92.83607, 83.16214, 61.24241]})
2021/05/03 23:17:21 Epoch 7, Loss 105.33519, valid loss 61.31578, time per epoch 3346.30799
2021/05/03 23:17:21 Epoch --> 8
2021/05/04 00:13:29 Model Saved /models-vol5/trained_model_0.1_0.2_64.pth...
2021/05/04 00:13:29 Results Saved /models-vol5/results_dict_0.1_0.2_64.pkl...
2021/05/04 00:13:29 defaultdict(<class 'list'>, {'train_rmse': [48.83964, 69.79263, 80.50935, 93.33659, 81.08219, 96.27975, 106.94961, 105.33519, 79.3915], 'val_rmse': [71.70883, 79.90444, 77.32981, 83.11595, 92.75879, 92.74121, 82.20435, 61.31578, 90.35439], 'test_rmse': [71.1867, 80.02586, 77.35082, 83.13675, 93.08863, 92.83607, 83.16214, 61.24241, 90.79137]})
2021/05/04 00:13:29 Epoch 8, Loss 79.3915, valid loss 90.35439, time per epoch 3367.76565
2021/05/04 00:13:29 Epoch --> 9
2021/05/04 01:09:34 Model Saved /models-vol5/trained_model_0.1_0.2_64.pth...
2021/05/04 01:09:34 Results Saved /models-vol5/results_dict_0.1_0.2_64.pkl...
2021/05/04 01:09:34 defaultdict(<class 'list'>, {'train_rmse': [48.83964, 69.79263, 80.50935, 93.33659, 81.08219, 96.27975, 106.94961, 105.33519, 79.3915, 90.57335], 'val_rmse': [71.70883, 79.90444, 77.32981, 83.11595, 92.75879, 92.74121, 82.20435, 61.31578, 90.35439, 88.34436], 'test_rmse': [71.1867, 80.02586, 77.35082, 83.13675, 93.08863, 92.83607, 83.16214, 61.24241, 90.79137, 88.4157]})
2021/05/04 01:09:34 Epoch 9, Loss 90.57335, valid loss 88.34436, time per epoch 3365.21844
2021/05/04 01:09:34 Epoch --> 10
2021/05/04 02:05:42 Model Saved /models-vol5/trained_model_0.1_0.2_64.pth...
2021/05/04 02:05:42 Results Saved /models-vol5/results_dict_0.1_0.2_64.pkl...
2021/05/04 02:05:42 defaultdict(<class 'list'>, {'train_rmse': [48.83964, 69.79263, 80.50935, 93.33659, 81.08219, 96.27975, 106.94961, 105.33519, 79.3915, 90.57335, 112.01893], 'val_rmse': [71.70883, 79.90444, 77.32981, 83.11595, 92.75879, 92.74121, 82.20435, 61.31578, 90.35439, 88.34436, 110.57274], 'test_rmse': [71.1867, 80.02586, 77.35082, 83.13675, 93.08863, 92.83607, 83.16214, 61.24241, 90.79137, 88.4157, 110.65543]})
2021/05/04 02:05:42 Epoch 10, Loss 112.01893, valid loss 110.57274, time per epoch 3368.10762
2021/05/04 02:05:42 Epoch --> 11
2021/05/04 03:01:53 Model Saved /models-vol5/trained_model_0.1_0.2_64.pth...
2021/05/04 03:01:53 Results Saved /models-vol5/results_dict_0.1_0.2_64.pkl...
2021/05/04 03:01:53 defaultdict(<class 'list'>, {'train_rmse': [48.83964, 69.79263, 80.50935, 93.33659, 81.08219, 96.27975, 106.94961, 105.33519, 79.3915, 90.57335, 112.01893, 127.3668], 'val_rmse': [71.70883, 79.90444, 77.32981, 83.11595, 92.75879, 92.74121, 82.20435, 61.31578, 90.35439, 88.34436, 110.57274, 127.25434], 'test_rmse': [71.1867, 80.02586, 77.35082, 83.13675, 93.08863, 92.83607, 83.16214, 61.24241, 90.79137, 88.4157, 110.65543, 127.23275]})
2021/05/04 03:01:53 Epoch 11, Loss 127.3668, valid loss 127.25434, time per epoch 3370.98777
2021/05/04 03:01:53 Epoch --> 12
2021/05/04 03:57:49 Model Saved /models-vol5/trained_model_0.1_0.2_64.pth...
2021/05/04 03:57:49 Results Saved /models-vol5/results_dict_0.1_0.2_64.pkl...
2021/05/04 03:57:49 defaultdict(<class 'list'>, {'train_rmse': [48.83964, 69.79263, 80.50935, 93.33659, 81.08219, 96.27975, 106.94961, 105.33519, 79.3915, 90.57335, 112.01893, 127.3668, 118.22475], 'val_rmse': [71.70883, 79.90444, 77.32981, 83.11595, 92.75879, 92.74121, 82.20435, 61.31578, 90.35439, 88.34436, 110.57274, 127.25434, 117.7623], 'test_rmse': [71.1867, 80.02586, 77.35082, 83.13675, 93.08863, 92.83607, 83.16214, 61.24241, 90.79137, 88.4157, 110.65543, 127.23275, 117.64478]})
2021/05/04 03:57:49 Epoch 12, Loss 118.22475, valid loss 117.7623, time per epoch 3355.26844
2021/05/04 03:57:49 Epoch --> 13
2021/05/04 04:53:42 Model Saved /models-vol5/trained_model_0.1_0.2_64.pth...
2021/05/04 04:53:42 Results Saved /models-vol5/results_dict_0.1_0.2_64.pkl...
2021/05/04 04:53:42 defaultdict(<class 'list'>, {'train_rmse': [48.83964, 69.79263, 80.50935, 93.33659, 81.08219, 96.27975, 106.94961, 105.33519, 79.3915, 90.57335, 112.01893, 127.3668, 118.22475, 117.16855], 'val_rmse': [71.70883, 79.90444, 77.32981, 83.11595, 92.75879, 92.74121, 82.20435, 61.31578, 90.35439, 88.34436, 110.57274, 127.25434, 117.7623, 128.14302], 'test_rmse': [71.1867, 80.02586, 77.35082, 83.13675, 93.08863, 92.83607, 83.16214, 61.24241, 90.79137, 88.4157, 110.65543, 127.23275, 117.64478, 128.04819]})
2021/05/04 04:53:42 Epoch 13, Loss 117.16855, valid loss 128.14302, time per epoch 3353.09057
2021/05/04 04:53:42 Epoch --> 14
2021/05/04 05:49:22 Model Saved /models-vol5/trained_model_0.1_0.2_64.pth...
2021/05/04 05:49:22 Results Saved /models-vol5/results_dict_0.1_0.2_64.pkl...
2021/05/04 05:49:22 defaultdict(<class 'list'>, {'train_rmse': [48.83964, 69.79263, 80.50935, 93.33659, 81.08219, 96.27975, 106.94961, 105.33519, 79.3915, 90.57335, 112.01893, 127.3668, 118.22475, 117.16855, 133.32743], 'val_rmse': [71.70883, 79.90444, 77.32981, 83.11595, 92.75879, 92.74121, 82.20435, 61.31578, 90.35439, 88.34436, 110.57274, 127.25434, 117.7623, 128.14302, 140.26889], 'test_rmse': [71.1867, 80.02586, 77.35082, 83.13675, 93.08863, 92.83607, 83.16214, 61.24241, 90.79137, 88.4157, 110.65543, 127.23275, 117.64478, 128.04819, 139.8541]})
2021/05/04 05:49:22 Epoch 14, Loss 133.32743, valid loss 140.26889, time per epoch 3340.19014
2021/05/04 05:49:22 Epoch --> 15
2021/05/04 06:45:10 Model Saved /models-vol5/trained_model_0.1_0.2_64.pth...
2021/05/04 06:45:10 Results Saved /models-vol5/results_dict_0.1_0.2_64.pkl...
2021/05/04 06:45:10 defaultdict(<class 'list'>, {'train_rmse': [48.83964, 69.79263, 80.50935, 93.33659, 81.08219, 96.27975, 106.94961, 105.33519, 79.3915, 90.57335, 112.01893, 127.3668, 118.22475, 117.16855, 133.32743, 113.35518], 'val_rmse': [71.70883, 79.90444, 77.32981, 83.11595, 92.75879, 92.74121, 82.20435, 61.31578, 90.35439, 88.34436, 110.57274, 127.25434, 117.7623, 128.14302, 140.26889, 86.20218], 'test_rmse': [71.1867, 80.02586, 77.35082, 83.13675, 93.08863, 92.83607, 83.16214, 61.24241, 90.79137, 88.4157, 110.65543, 127.23275, 117.64478, 128.04819, 139.8541, 86.71295]})
2021/05/04 06:45:10 Completed training current hyperparameters...
2021/05/04 06:45:10 Hyperparameters: learning rate 0.1, dropout rate 0.6, hidden dim 256
2021/05/04 06:45:12 Epoch --> 0
2021/05/04 07:42:07 Model Saved /models-vol5/trained_model_0.1_0.6_256.pth...
2021/05/04 07:42:07 Results Saved /models-vol5/results_dict_0.1_0.6_256.pkl...
2021/05/04 07:42:07 defaultdict(<class 'list'>, {'train_rmse': [84.43397], 'val_rmse': [116.03704], 'test_rmse': [116.03252]})
2021/05/04 07:42:07 Epoch 0, Loss 84.43397, valid loss 116.03704, time per epoch 3415.27594
2021/05/04 07:42:07 Epoch --> 1
2021/05/04 08:38:55 Model Saved /models-vol5/trained_model_0.1_0.6_256.pth...
2021/05/04 08:38:55 Results Saved /models-vol5/results_dict_0.1_0.6_256.pkl...
2021/05/04 08:38:55 defaultdict(<class 'list'>, {'train_rmse': [84.43397, 126.76229], 'val_rmse': [116.03704, 201.13328], 'test_rmse': [116.03252, 201.25243]})
2021/05/04 08:38:55 Epoch 1, Loss 126.76229, valid loss 201.13328, time per epoch 3407.56386
2021/05/04 08:38:55 Epoch --> 2
2021/05/04 09:35:42 Model Saved /models-vol5/trained_model_0.1_0.6_256.pth...
2021/05/04 09:35:42 Results Saved /models-vol5/results_dict_0.1_0.6_256.pkl...
2021/05/04 09:35:42 defaultdict(<class 'list'>, {'train_rmse': [84.43397, 126.76229, 158.42467], 'val_rmse': [116.03704, 201.13328, 140.38112], 'test_rmse': [116.03252, 201.25243, 140.26658]})
2021/05/04 09:35:42 Epoch 2, Loss 158.42467, valid loss 140.38112, time per epoch 3407.44596
2021/05/04 09:35:42 Epoch --> 3
2021/05/04 10:32:32 Model Saved /models-vol5/trained_model_0.1_0.6_256.pth...
2021/05/04 10:32:32 Results Saved /models-vol5/results_dict_0.1_0.6_256.pkl...
2021/05/04 10:32:32 defaultdict(<class 'list'>, {'train_rmse': [84.43397, 126.76229, 158.42467, 175.12919], 'val_rmse': [116.03704, 201.13328, 140.38112, 208.78376], 'test_rmse': [116.03252, 201.25243, 140.26658, 208.70369]})
2021/05/04 10:32:32 Epoch 3, Loss 175.12919, valid loss 208.78376, time per epoch 3409.62657
2021/05/04 10:32:32 Epoch --> 4
2021/05/04 11:29:27 Model Saved /models-vol5/trained_model_0.1_0.6_256.pth...
2021/05/04 11:29:27 Results Saved /models-vol5/results_dict_0.1_0.6_256.pkl...
2021/05/04 11:29:27 defaultdict(<class 'list'>, {'train_rmse': [84.43397, 126.76229, 158.42467, 175.12919, 188.77177], 'val_rmse': [116.03704, 201.13328, 140.38112, 208.78376, 221.1922], 'test_rmse': [116.03252, 201.25243, 140.26658, 208.70369, 222.85951]})
2021/05/04 11:29:27 Epoch 4, Loss 188.77177, valid loss 221.1922, time per epoch 3415.0163
2021/05/04 11:29:27 Epoch --> 5
2021/05/04 12:26:10 Model Saved /models-vol5/trained_model_0.1_0.6_256.pth...
2021/05/04 12:26:10 Results Saved /models-vol5/results_dict_0.1_0.6_256.pkl...
2021/05/04 12:26:10 defaultdict(<class 'list'>, {'train_rmse': [84.43397, 126.76229, 158.42467, 175.12919, 188.77177, 238.71914], 'val_rmse': [116.03704, 201.13328, 140.38112, 208.78376, 221.1922, 313.12767], 'test_rmse': [116.03252, 201.25243, 140.26658, 208.70369, 222.85951, 313.97277]})
2021/05/04 12:26:10 Epoch 5, Loss 238.71914, valid loss 313.12767, time per epoch 3402.39795
2021/05/04 12:26:10 Epoch --> 6
2021/05/04 13:22:59 Model Saved /models-vol5/trained_model_0.1_0.6_256.pth...
2021/05/04 13:22:59 Results Saved /models-vol5/results_dict_0.1_0.6_256.pkl...
2021/05/04 13:22:59 defaultdict(<class 'list'>, {'train_rmse': [84.43397, 126.76229, 158.42467, 175.12919, 188.77177, 238.71914, 195.93421], 'val_rmse': [116.03704, 201.13328, 140.38112, 208.78376, 221.1922, 313.12767, 195.24898], 'test_rmse': [116.03252, 201.25243, 140.26658, 208.70369, 222.85951, 313.97277, 196.37452]})
2021/05/04 13:22:59 Epoch 6, Loss 195.93421, valid loss 195.24898, time per epoch 3409.96211
2021/05/04 13:22:59 Epoch --> 7
2021/05/04 14:19:43 Model Saved /models-vol5/trained_model_0.1_0.6_256.pth...
2021/05/04 14:19:43 Results Saved /models-vol5/results_dict_0.1_0.6_256.pkl...
2021/05/04 14:19:43 defaultdict(<class 'list'>, {'train_rmse': [84.43397, 126.76229, 158.42467, 175.12919, 188.77177, 238.71914, 195.93421, 309.90457], 'val_rmse': [116.03704, 201.13328, 140.38112, 208.78376, 221.1922, 313.12767, 195.24898, 349.4964], 'test_rmse': [116.03252, 201.25243, 140.26658, 208.70369, 222.85951, 313.97277, 196.37452, 347.9349]})
2021/05/04 14:19:43 Epoch 7, Loss 309.90457, valid loss 349.4964, time per epoch 3403.16683
2021/05/04 14:19:43 Epoch --> 8
2021/05/04 15:16:27 Model Saved /models-vol5/trained_model_0.1_0.6_256.pth...
2021/05/04 15:16:27 Results Saved /models-vol5/results_dict_0.1_0.6_256.pkl...
2021/05/04 15:16:27 defaultdict(<class 'list'>, {'train_rmse': [84.43397, 126.76229, 158.42467, 175.12919, 188.77177, 238.71914, 195.93421, 309.90457, 282.27094], 'val_rmse': [116.03704, 201.13328, 140.38112, 208.78376, 221.1922, 313.12767, 195.24898, 349.4964, 244.2598], 'test_rmse': [116.03252, 201.25243, 140.26658, 208.70369, 222.85951, 313.97277, 196.37452, 347.9349, 243.61815]})
2021/05/04 15:16:27 Epoch 8, Loss 282.27094, valid loss 244.2598, time per epoch 3403.93278
2021/05/04 15:16:27 Epoch --> 9
2021/05/04 16:13:15 Model Saved /models-vol5/trained_model_0.1_0.6_256.pth...
2021/05/04 16:13:15 Results Saved /models-vol5/results_dict_0.1_0.6_256.pkl...
2021/05/04 16:13:15 defaultdict(<class 'list'>, {'train_rmse': [84.43397, 126.76229, 158.42467, 175.12919, 188.77177, 238.71914, 195.93421, 309.90457, 282.27094, 246.30579], 'val_rmse': [116.03704, 201.13328, 140.38112, 208.78376, 221.1922, 313.12767, 195.24898, 349.4964, 244.2598, 395.41285], 'test_rmse': [116.03252, 201.25243, 140.26658, 208.70369, 222.85951, 313.97277, 196.37452, 347.9349, 243.61815, 398.43452]})
2021/05/04 16:13:15 Epoch 9, Loss 246.30579, valid loss 395.41285, time per epoch 3408.34708
2021/05/04 16:13:15 Epoch --> 10
2021/05/04 17:10:05 Model Saved /models-vol5/trained_model_0.1_0.6_256.pth...
2021/05/04 17:10:05 Results Saved /models-vol5/results_dict_0.1_0.6_256.pkl...
2021/05/04 17:10:05 defaultdict(<class 'list'>, {'train_rmse': [84.43397, 126.76229, 158.42467, 175.12919, 188.77177, 238.71914, 195.93421, 309.90457, 282.27094, 246.30579, 301.64485], 'val_rmse': [116.03704, 201.13328, 140.38112, 208.78376, 221.1922, 313.12767, 195.24898, 349.4964, 244.2598, 395.41285, 464.18764], 'test_rmse': [116.03252, 201.25243, 140.26658, 208.70369, 222.85951, 313.97277, 196.37452, 347.9349, 243.61815, 398.43452, 465.56447]})
2021/05/04 17:10:05 Epoch 10, Loss 301.64485, valid loss 464.18764, time per epoch 3410.44759
2021/05/04 17:10:05 Epoch --> 11
2021/05/04 18:06:56 Model Saved /models-vol5/trained_model_0.1_0.6_256.pth...
2021/05/04 18:06:56 Results Saved /models-vol5/results_dict_0.1_0.6_256.pkl...
2021/05/04 18:06:56 defaultdict(<class 'list'>, {'train_rmse': [84.43397, 126.76229, 158.42467, 175.12919, 188.77177, 238.71914, 195.93421, 309.90457, 282.27094, 246.30579, 301.64485, 255.65597], 'val_rmse': [116.03704, 201.13328, 140.38112, 208.78376, 221.1922, 313.12767, 195.24898, 349.4964, 244.2598, 395.41285, 464.18764, 241.19117], 'test_rmse': [116.03252, 201.25243, 140.26658, 208.70369, 222.85951, 313.97277, 196.37452, 347.9349, 243.61815, 398.43452, 465.56447, 243.32633]})
2021/05/04 18:06:56 Epoch 11, Loss 255.65597, valid loss 241.19117, time per epoch 3410.65924
2021/05/04 18:06:56 Epoch --> 12
2021/05/04 19:04:06 Model Saved /models-vol5/trained_model_0.1_0.6_256.pth...
2021/05/04 19:04:06 Results Saved /models-vol5/results_dict_0.1_0.6_256.pkl...
2021/05/04 19:04:06 defaultdict(<class 'list'>, {'train_rmse': [84.43397, 126.76229, 158.42467, 175.12919, 188.77177, 238.71914, 195.93421, 309.90457, 282.27094, 246.30579, 301.64485, 255.65597, 264.33626], 'val_rmse': [116.03704, 201.13328, 140.38112, 208.78376, 221.1922, 313.12767, 195.24898, 349.4964, 244.2598, 395.41285, 464.18764, 241.19117, 264.73577], 'test_rmse': [116.03252, 201.25243, 140.26658, 208.70369, 222.85951, 313.97277, 196.37452, 347.9349, 243.61815, 398.43452, 465.56447, 243.32633, 264.93764]})
2021/05/04 19:04:06 Epoch 12, Loss 264.33626, valid loss 264.73577, time per epoch 3429.96222
2021/05/04 19:04:06 Epoch --> 13
2021/05/04 20:01:01 Model Saved /models-vol5/trained_model_0.1_0.6_256.pth...
2021/05/04 20:01:01 Results Saved /models-vol5/results_dict_0.1_0.6_256.pkl...
2021/05/04 20:01:01 defaultdict(<class 'list'>, {'train_rmse': [84.43397, 126.76229, 158.42467, 175.12919, 188.77177, 238.71914, 195.93421, 309.90457, 282.27094, 246.30579, 301.64485, 255.65597, 264.33626, 264.64026], 'val_rmse': [116.03704, 201.13328, 140.38112, 208.78376, 221.1922, 313.12767, 195.24898, 349.4964, 244.2598, 395.41285, 464.18764, 241.19117, 264.73577, 256.49659], 'test_rmse': [116.03252, 201.25243, 140.26658, 208.70369, 222.85951, 313.97277, 196.37452, 347.9349, 243.61815, 398.43452, 465.56447, 243.32633, 264.93764, 255.9389]})
2021/05/04 20:01:01 Epoch 13, Loss 264.64026, valid loss 256.49659, time per epoch 3414.79177
2021/05/04 20:01:01 Epoch --> 14
2021/05/04 20:57:48 Model Saved /models-vol5/trained_model_0.1_0.6_256.pth...
2021/05/04 20:57:48 Results Saved /models-vol5/results_dict_0.1_0.6_256.pkl...
2021/05/04 20:57:48 defaultdict(<class 'list'>, {'train_rmse': [84.43397, 126.76229, 158.42467, 175.12919, 188.77177, 238.71914, 195.93421, 309.90457, 282.27094, 246.30579, 301.64485, 255.65597, 264.33626, 264.64026, 290.11961], 'val_rmse': [116.03704, 201.13328, 140.38112, 208.78376, 221.1922, 313.12767, 195.24898, 349.4964, 244.2598, 395.41285, 464.18764, 241.19117, 264.73577, 256.49659, 256.17825], 'test_rmse': [116.03252, 201.25243, 140.26658, 208.70369, 222.85951, 313.97277, 196.37452, 347.9349, 243.61815, 398.43452, 465.56447, 243.32633, 264.93764, 255.9389, 257.12642]})
2021/05/04 20:57:48 Epoch 14, Loss 290.11961, valid loss 256.17825, time per epoch 3407.43905
2021/05/04 20:57:48 Epoch --> 15
2021/05/04 21:54:41 Model Saved /models-vol5/trained_model_0.1_0.6_256.pth...
2021/05/04 21:54:41 Results Saved /models-vol5/results_dict_0.1_0.6_256.pkl...
2021/05/04 21:54:41 defaultdict(<class 'list'>, {'train_rmse': [84.43397, 126.76229, 158.42467, 175.12919, 188.77177, 238.71914, 195.93421, 309.90457, 282.27094, 246.30579, 301.64485, 255.65597, 264.33626, 264.64026, 290.11961, 258.46834], 'val_rmse': [116.03704, 201.13328, 140.38112, 208.78376, 221.1922, 313.12767, 195.24898, 349.4964, 244.2598, 395.41285, 464.18764, 241.19117, 264.73577, 256.49659, 256.17825, 240.92621], 'test_rmse': [116.03252, 201.25243, 140.26658, 208.70369, 222.85951, 313.97277, 196.37452, 347.9349, 243.61815, 398.43452, 465.56447, 243.32633, 264.93764, 255.9389, 257.12642, 240.38882]})
2021/05/04 21:54:41 Epoch 15, Loss 258.46834, valid loss 240.92621, time per epoch 3412.631
2021/05/04 21:54:41 Epoch --> 16
2021/05/04 22:51:30 Model Saved /models-vol5/trained_model_0.1_0.6_256.pth...
2021/05/04 22:51:30 Results Saved /models-vol5/results_dict_0.1_0.6_256.pkl...
2021/05/04 22:51:30 defaultdict(<class 'list'>, {'train_rmse': [84.43397, 126.76229, 158.42467, 175.12919, 188.77177, 238.71914, 195.93421, 309.90457, 282.27094, 246.30579, 301.64485, 255.65597, 264.33626, 264.64026, 290.11961, 258.46834, 210.05957], 'val_rmse': [116.03704, 201.13328, 140.38112, 208.78376, 221.1922, 313.12767, 195.24898, 349.4964, 244.2598, 395.41285, 464.18764, 241.19117, 264.73577, 256.49659, 256.17825, 240.92621, 199.65866], 'test_rmse': [116.03252, 201.25243, 140.26658, 208.70369, 222.85951, 313.97277, 196.37452, 347.9349, 243.61815, 398.43452, 465.56447, 243.32633, 264.93764, 255.9389, 257.12642, 240.38882, 198.59402]})
2021/05/04 22:51:30 Epoch 16, Loss 210.05957, valid loss 199.65866, time per epoch 3408.68071
2021/05/04 22:51:30 Epoch --> 17
2021/05/04 23:48:28 Model Saved /models-vol5/trained_model_0.1_0.6_256.pth...
2021/05/04 23:48:28 Results Saved /models-vol5/results_dict_0.1_0.6_256.pkl...
2021/05/04 23:48:28 defaultdict(<class 'list'>, {'train_rmse': [84.43397, 126.76229, 158.42467, 175.12919, 188.77177, 238.71914, 195.93421, 309.90457, 282.27094, 246.30579, 301.64485, 255.65597, 264.33626, 264.64026, 290.11961, 258.46834, 210.05957, 248.53675], 'val_rmse': [116.03704, 201.13328, 140.38112, 208.78376, 221.1922, 313.12767, 195.24898, 349.4964, 244.2598, 395.41285, 464.18764, 241.19117, 264.73577, 256.49659, 256.17825, 240.92621, 199.65866, 275.87631], 'test_rmse': [116.03252, 201.25243, 140.26658, 208.70369, 222.85951, 313.97277, 196.37452, 347.9349, 243.61815, 398.43452, 465.56447, 243.32633, 264.93764, 255.9389, 257.12642, 240.38882, 198.59402, 275.80157]})
2021/05/04 23:48:28 Epoch 17, Loss 248.53675, valid loss 275.87631, time per epoch 3418.66427
2021/05/04 23:48:28 Epoch --> 18
2021/05/05 00:45:14 Model Saved /models-vol5/trained_model_0.1_0.6_256.pth...
2021/05/05 00:45:14 Results Saved /models-vol5/results_dict_0.1_0.6_256.pkl...
2021/05/05 00:45:14 defaultdict(<class 'list'>, {'train_rmse': [84.43397, 126.76229, 158.42467, 175.12919, 188.77177, 238.71914, 195.93421, 309.90457, 282.27094, 246.30579, 301.64485, 255.65597, 264.33626, 264.64026, 290.11961, 258.46834, 210.05957, 248.53675, 281.5216], 'val_rmse': [116.03704, 201.13328, 140.38112, 208.78376, 221.1922, 313.12767, 195.24898, 349.4964, 244.2598, 395.41285, 464.18764, 241.19117, 264.73577, 256.49659, 256.17825, 240.92621, 199.65866, 275.87631, 283.60456], 'test_rmse': [116.03252, 201.25243, 140.26658, 208.70369, 222.85951, 313.97277, 196.37452, 347.9349, 243.61815, 398.43452, 465.56447, 243.32633, 264.93764, 255.9389, 257.12642, 240.38882, 198.59402, 275.80157, 282.2261]})
2021/05/05 00:45:14 Epoch 18, Loss 281.5216, valid loss 283.60456, time per epoch 3406.27053
2021/05/05 00:45:14 Epoch --> 19
2021/05/05 01:42:14 Model Saved /models-vol5/trained_model_0.1_0.6_256.pth...
2021/05/05 01:42:14 Results Saved /models-vol5/results_dict_0.1_0.6_256.pkl...
2021/05/05 01:42:14 defaultdict(<class 'list'>, {'train_rmse': [84.43397, 126.76229, 158.42467, 175.12919, 188.77177, 238.71914, 195.93421, 309.90457, 282.27094, 246.30579, 301.64485, 255.65597, 264.33626, 264.64026, 290.11961, 258.46834, 210.05957, 248.53675, 281.5216, 288.21985], 'val_rmse': [116.03704, 201.13328, 140.38112, 208.78376, 221.1922, 313.12767, 195.24898, 349.4964, 244.2598, 395.41285, 464.18764, 241.19117, 264.73577, 256.49659, 256.17825, 240.92621, 199.65866, 275.87631, 283.60456, 415.68002], 'test_rmse': [116.03252, 201.25243, 140.26658, 208.70369, 222.85951, 313.97277, 196.37452, 347.9349, 243.61815, 398.43452, 465.56447, 243.32633, 264.93764, 255.9389, 257.12642, 240.38882, 198.59402, 275.80157, 282.2261, 411.88873]})
2021/05/05 01:42:14 Epoch 19, Loss 288.21985, valid loss 415.68002, time per epoch 3419.19006
2021/05/05 01:42:14 Epoch --> 20
2021/05/05 02:34:57 Model Saved /models-vol5/trained_model_0.1_0.6_256.pth...
2021/05/05 02:34:57 Results Saved /models-vol5/results_dict_0.1_0.6_256.pkl...
2021/05/05 02:34:57 defaultdict(<class 'list'>, {'train_rmse': [84.43397, 126.76229, 158.42467, 175.12919, 188.77177, 238.71914, 195.93421, 309.90457, 282.27094, 246.30579, 301.64485, 255.65597, 264.33626, 264.64026, 290.11961, 258.46834, 210.05957, 248.53675, 281.5216, 288.21985, 273.42883], 'val_rmse': [116.03704, 201.13328, 140.38112, 208.78376, 221.1922, 313.12767, 195.24898, 349.4964, 244.2598, 395.41285, 464.18764, 241.19117, 264.73577, 256.49659, 256.17825, 240.92621, 199.65866, 275.87631, 283.60456, 415.68002, 164.67549], 'test_rmse': [116.03252, 201.25243, 140.26658, 208.70369, 222.85951, 313.97277, 196.37452, 347.9349, 243.61815, 398.43452, 465.56447, 243.32633, 264.93764, 255.9389, 257.12642, 240.38882, 198.59402, 275.80157, 282.2261, 411.88873, 164.24811]})
2021/05/05 02:34:57 Completed training current hyperparameters...
2021/05/05 02:34:57 Hyperparameters: learning rate 0.1, dropout rate 0.4, hidden dim 192
2021/05/05 02:35:00 Epoch --> 0
2021/05/05 03:26:50 Model Saved /models-vol5/trained_model_0.1_0.4_192.pth...
2021/05/05 03:26:50 Results Saved /models-vol5/results_dict_0.1_0.4_192.pkl...
2021/05/05 03:26:50 defaultdict(<class 'list'>, {'train_rmse': [76.50244], 'val_rmse': [88.51042], 'test_rmse': [88.58638]})
2021/05/05 03:26:50 Epoch 0, Loss 76.50244, valid loss 88.51042, time per epoch 3110.75583
2021/05/05 03:26:50 Epoch --> 1
2021/05/05 04:18:38 Model Saved /models-vol5/trained_model_0.1_0.4_192.pth...
2021/05/05 04:18:38 Results Saved /models-vol5/results_dict_0.1_0.4_192.pkl...
2021/05/05 04:18:38 defaultdict(<class 'list'>, {'train_rmse': [76.50244, 102.89336], 'val_rmse': [88.51042, 154.23799], 'test_rmse': [88.58638, 154.20654]})
2021/05/05 04:18:38 Epoch 1, Loss 102.89336, valid loss 154.23799, time per epoch 3107.5193
2021/05/05 04:18:38 Epoch --> 2
2021/05/05 05:10:36 Model Saved /models-vol5/trained_model_0.1_0.4_192.pth...
2021/05/05 05:10:36 Results Saved /models-vol5/results_dict_0.1_0.4_192.pkl...
2021/05/05 05:10:36 defaultdict(<class 'list'>, {'train_rmse': [76.50244, 102.89336, 139.73299], 'val_rmse': [88.51042, 154.23799, 122.60795], 'test_rmse': [88.58638, 154.20654, 122.293]})
2021/05/05 05:10:36 Epoch 2, Loss 139.73299, valid loss 122.60795, time per epoch 3118.43857
2021/05/05 05:10:36 Epoch --> 3
2021/05/05 06:02:29 Model Saved /models-vol5/trained_model_0.1_0.4_192.pth...
2021/05/05 06:02:29 Results Saved /models-vol5/results_dict_0.1_0.4_192.pkl...
2021/05/05 06:02:29 defaultdict(<class 'list'>, {'train_rmse': [76.50244, 102.89336, 139.73299, 166.90506], 'val_rmse': [88.51042, 154.23799, 122.60795, 174.72285], 'test_rmse': [88.58638, 154.20654, 122.293, 175.00139]})
2021/05/05 06:02:29 Epoch 3, Loss 166.90506, valid loss 174.72285, time per epoch 3112.3471
2021/05/05 06:02:29 Epoch --> 4
2021/05/05 06:54:20 Model Saved /models-vol5/trained_model_0.1_0.4_192.pth...
2021/05/05 06:54:20 Results Saved /models-vol5/results_dict_0.1_0.4_192.pkl...
2021/05/05 06:54:20 defaultdict(<class 'list'>, {'train_rmse': [76.50244, 102.89336, 139.73299, 166.90506, 170.5818], 'val_rmse': [88.51042, 154.23799, 122.60795, 174.72285, 249.33769], 'test_rmse': [88.58638, 154.20654, 122.293, 175.00139, 247.64029]})
2021/05/05 06:54:20 Epoch 4, Loss 170.5818, valid loss 249.33769, time per epoch 3111.45282
2021/05/05 06:54:20 Epoch --> 5
2021/05/05 07:46:15 Model Saved /models-vol5/trained_model_0.1_0.4_192.pth...
2021/05/05 07:46:15 Results Saved /models-vol5/results_dict_0.1_0.4_192.pkl...
2021/05/05 07:46:15 defaultdict(<class 'list'>, {'train_rmse': [76.50244, 102.89336, 139.73299, 166.90506, 170.5818, 205.66564], 'val_rmse': [88.51042, 154.23799, 122.60795, 174.72285, 249.33769, 199.28624], 'test_rmse': [88.58638, 154.20654, 122.293, 175.00139, 247.64029, 196.71362]})
2021/05/05 07:46:15 Epoch 5, Loss 205.66564, valid loss 199.28624, time per epoch 3115.32056
2021/05/05 07:46:15 Epoch --> 6
2021/05/05 08:38:08 Model Saved /models-vol5/trained_model_0.1_0.4_192.pth...
2021/05/05 08:38:08 Results Saved /models-vol5/results_dict_0.1_0.4_192.pkl...
2021/05/05 08:38:08 defaultdict(<class 'list'>, {'train_rmse': [76.50244, 102.89336, 139.73299, 166.90506, 170.5818, 205.66564, 201.15133], 'val_rmse': [88.51042, 154.23799, 122.60795, 174.72285, 249.33769, 199.28624, 157.70826], 'test_rmse': [88.58638, 154.20654, 122.293, 175.00139, 247.64029, 196.71362, 158.58741]})
2021/05/05 08:38:08 Epoch 6, Loss 201.15133, valid loss 157.70826, time per epoch 3112.61761
2021/05/05 08:38:08 Epoch --> 7
2021/05/05 09:29:59 Model Saved /models-vol5/trained_model_0.1_0.4_192.pth...
2021/05/05 09:29:59 Results Saved /models-vol5/results_dict_0.1_0.4_192.pkl...
2021/05/05 09:29:59 defaultdict(<class 'list'>, {'train_rmse': [76.50244, 102.89336, 139.73299, 166.90506, 170.5818, 205.66564, 201.15133, 260.45615], 'val_rmse': [88.51042, 154.23799, 122.60795, 174.72285, 249.33769, 199.28624, 157.70826, 296.76079], 'test_rmse': [88.58638, 154.20654, 122.293, 175.00139, 247.64029, 196.71362, 158.58741, 297.43743]})
2021/05/05 09:29:59 Epoch 7, Loss 260.45615, valid loss 296.76079, time per epoch 3110.70559
2021/05/05 09:29:59 Epoch --> 8
2021/05/05 10:21:47 Model Saved /models-vol5/trained_model_0.1_0.4_192.pth...
2021/05/05 10:21:47 Results Saved /models-vol5/results_dict_0.1_0.4_192.pkl...
2021/05/05 10:21:47 defaultdict(<class 'list'>, {'train_rmse': [76.50244, 102.89336, 139.73299, 166.90506, 170.5818, 205.66564, 201.15133, 260.45615, 229.10825], 'val_rmse': [88.51042, 154.23799, 122.60795, 174.72285, 249.33769, 199.28624, 157.70826, 296.76079, 221.8223], 'test_rmse': [88.58638, 154.20654, 122.293, 175.00139, 247.64029, 196.71362, 158.58741, 297.43743, 221.09372]})
2021/05/05 10:21:47 Epoch 8, Loss 229.10825, valid loss 221.8223, time per epoch 3108.43074
2021/05/05 10:21:47 Epoch --> 9
2021/05/05 11:13:36 Model Saved /models-vol5/trained_model_0.1_0.4_192.pth...
2021/05/05 11:13:36 Results Saved /models-vol5/results_dict_0.1_0.4_192.pkl...
2021/05/05 11:13:36 defaultdict(<class 'list'>, {'train_rmse': [76.50244, 102.89336, 139.73299, 166.90506, 170.5818, 205.66564, 201.15133, 260.45615, 229.10825, 213.68301], 'val_rmse': [88.51042, 154.23799, 122.60795, 174.72285, 249.33769, 199.28624, 157.70826, 296.76079, 221.8223, 187.97456], 'test_rmse': [88.58638, 154.20654, 122.293, 175.00139, 247.64029, 196.71362, 158.58741, 297.43743, 221.09372, 189.41267]})
2021/05/05 11:13:36 Epoch 9, Loss 213.68301, valid loss 187.97456, time per epoch 3108.72921
2021/05/05 11:13:36 Epoch --> 10
2021/05/05 12:05:29 Model Saved /models-vol5/trained_model_0.1_0.4_192.pth...
2021/05/05 12:05:29 Results Saved /models-vol5/results_dict_0.1_0.4_192.pkl...
2021/05/05 12:05:29 defaultdict(<class 'list'>, {'train_rmse': [76.50244, 102.89336, 139.73299, 166.90506, 170.5818, 205.66564, 201.15133, 260.45615, 229.10825, 213.68301, 200.22254], 'val_rmse': [88.51042, 154.23799, 122.60795, 174.72285, 249.33769, 199.28624, 157.70826, 296.76079, 221.8223, 187.97456, 165.77737], 'test_rmse': [88.58638, 154.20654, 122.293, 175.00139, 247.64029, 196.71362, 158.58741, 297.43743, 221.09372, 189.41267, 166.44468]})
2021/05/05 12:05:29 Epoch 10, Loss 200.22254, valid loss 165.77737, time per epoch 3113.18861
2021/05/05 12:05:29 Epoch --> 11
2021/05/05 12:57:18 Model Saved /models-vol5/trained_model_0.1_0.4_192.pth...
2021/05/05 12:57:18 Results Saved /models-vol5/results_dict_0.1_0.4_192.pkl...
2021/05/05 12:57:18 defaultdict(<class 'list'>, {'train_rmse': [76.50244, 102.89336, 139.73299, 166.90506, 170.5818, 205.66564, 201.15133, 260.45615, 229.10825, 213.68301, 200.22254, 215.28738], 'val_rmse': [88.51042, 154.23799, 122.60795, 174.72285, 249.33769, 199.28624, 157.70826, 296.76079, 221.8223, 187.97456, 165.77737, 184.8664], 'test_rmse': [88.58638, 154.20654, 122.293, 175.00139, 247.64029, 196.71362, 158.58741, 297.43743, 221.09372, 189.41267, 166.44468, 184.30084]})
2021/05/05 12:57:18 Epoch 11, Loss 215.28738, valid loss 184.8664, time per epoch 3109.2809
2021/05/05 12:57:18 Epoch --> 12
2021/05/05 13:49:11 Model Saved /models-vol5/trained_model_0.1_0.4_192.pth...
2021/05/05 13:49:11 Results Saved /models-vol5/results_dict_0.1_0.4_192.pkl...
2021/05/05 13:49:11 defaultdict(<class 'list'>, {'train_rmse': [76.50244, 102.89336, 139.73299, 166.90506, 170.5818, 205.66564, 201.15133, 260.45615, 229.10825, 213.68301, 200.22254, 215.28738, 229.77449], 'val_rmse': [88.51042, 154.23799, 122.60795, 174.72285, 249.33769, 199.28624, 157.70826, 296.76079, 221.8223, 187.97456, 165.77737, 184.8664, 159.15073], 'test_rmse': [88.58638, 154.20654, 122.293, 175.00139, 247.64029, 196.71362, 158.58741, 297.43743, 221.09372, 189.41267, 166.44468, 184.30084, 158.23132]})
2021/05/05 13:49:11 Epoch 12, Loss 229.77449, valid loss 159.15073, time per epoch 3112.78944
2021/05/05 13:49:11 Epoch --> 13
2021/05/05 14:41:03 Model Saved /models-vol5/trained_model_0.1_0.4_192.pth...
2021/05/05 14:41:03 Results Saved /models-vol5/results_dict_0.1_0.4_192.pkl...
2021/05/05 14:41:03 defaultdict(<class 'list'>, {'train_rmse': [76.50244, 102.89336, 139.73299, 166.90506, 170.5818, 205.66564, 201.15133, 260.45615, 229.10825, 213.68301, 200.22254, 215.28738, 229.77449, 248.14562], 'val_rmse': [88.51042, 154.23799, 122.60795, 174.72285, 249.33769, 199.28624, 157.70826, 296.76079, 221.8223, 187.97456, 165.77737, 184.8664, 159.15073, 249.33941], 'test_rmse': [88.58638, 154.20654, 122.293, 175.00139, 247.64029, 196.71362, 158.58741, 297.43743, 221.09372, 189.41267, 166.44468, 184.30084, 158.23132, 248.62622]})
2021/05/05 14:41:03 Epoch 13, Loss 248.14562, valid loss 249.33941, time per epoch 3112.05396
2021/05/05 14:41:03 Epoch --> 14
2021/05/05 15:32:49 Model Saved /models-vol5/trained_model_0.1_0.4_192.pth...
2021/05/05 15:32:49 Results Saved /models-vol5/results_dict_0.1_0.4_192.pkl...
2021/05/05 15:32:49 defaultdict(<class 'list'>, {'train_rmse': [76.50244, 102.89336, 139.73299, 166.90506, 170.5818, 205.66564, 201.15133, 260.45615, 229.10825, 213.68301, 200.22254, 215.28738, 229.77449, 248.14562, 219.82468], 'val_rmse': [88.51042, 154.23799, 122.60795, 174.72285, 249.33769, 199.28624, 157.70826, 296.76079, 221.8223, 187.97456, 165.77737, 184.8664, 159.15073, 249.33941, 184.47254], 'test_rmse': [88.58638, 154.20654, 122.293, 175.00139, 247.64029, 196.71362, 158.58741, 297.43743, 221.09372, 189.41267, 166.44468, 184.30084, 158.23132, 248.62622, 184.73519]})
2021/05/05 15:32:49 Epoch 14, Loss 219.82468, valid loss 184.47254, time per epoch 3105.32772
2021/05/05 15:32:49 Epoch --> 15