
2021/05/02 21:55:54 cuda:0
2021/05/02 21:55:54 ####################################################################################################
2021/05/02 21:55:54 Code Started...
2021/05/02 21:57:19 sample size 16618280, train val size 13294624, train size 11632796, val size 1661828, test size 3323656
2021/05/02 21:57:21 Hyperparameters: learning rate 0.01, dropout rate 0.8, hidden dim 384
2021/05/02 21:57:24 Epoch --> 0
2021/05/02 22:38:06 Model Saved /models-vol/trained_model_0.01_0.8_384.pth...
2021/05/02 22:38:06 Results Saved /models-vol/results_dict_0.01_0.8_384.pkl...
2021/05/02 22:38:06 defaultdict(<class 'list'>, {'train_rmse': [0.57899], 'val_rmse': [0.42003], 'test_rmse': [0.48879]})
2021/05/02 22:38:06 Epoch 0, Loss 0.57899, valid loss 0.42003, time per epoch 2442.01027
2021/05/02 22:38:06 Epoch --> 1
2021/05/02 23:19:20 Model Saved /models-vol/trained_model_0.01_0.8_384.pth...
2021/05/02 23:19:20 Results Saved /models-vol/results_dict_0.01_0.8_384.pkl...
2021/05/02 23:19:20 defaultdict(<class 'list'>, {'train_rmse': [0.57899, 0.49415], 'val_rmse': [0.42003, 0.42027], 'test_rmse': [0.48879, 0.48638]})
2021/05/02 23:19:20 Epoch 1, Loss 0.49415, valid loss 0.42027, time per epoch 2473.46012
2021/05/02 23:19:20 Epoch --> 2
2021/05/03 00:00:32 Model Saved /models-vol/trained_model_0.01_0.8_384.pth...
2021/05/03 00:00:32 Results Saved /models-vol/results_dict_0.01_0.8_384.pkl...
2021/05/03 00:00:32 defaultdict(<class 'list'>, {'train_rmse': [0.57899, 0.49415, 0.48855], 'val_rmse': [0.42003, 0.42027, 0.41711], 'test_rmse': [0.48879, 0.48638, 0.48644]})
2021/05/03 00:00:32 Epoch 2, Loss 0.48855, valid loss 0.41711, time per epoch 2471.97131
2021/05/03 00:00:32 Epoch --> 3
2021/05/03 00:41:45 Model Saved /models-vol/trained_model_0.01_0.8_384.pth...
2021/05/03 00:41:45 Results Saved /models-vol/results_dict_0.01_0.8_384.pkl...
2021/05/03 00:41:45 defaultdict(<class 'list'>, {'train_rmse': [0.57899, 0.49415, 0.48855, 0.48617], 'val_rmse': [0.42003, 0.42027, 0.41711, 0.41268], 'test_rmse': [0.48879, 0.48638, 0.48644, 0.48115]})
2021/05/03 00:41:45 Epoch 3, Loss 0.48617, valid loss 0.41268, time per epoch 2472.98393
2021/05/03 00:41:45 Epoch --> 4
2021/05/03 01:23:00 Model Saved /models-vol/trained_model_0.01_0.8_384.pth...
2021/05/03 01:23:00 Results Saved /models-vol/results_dict_0.01_0.8_384.pkl...
2021/05/03 01:23:00 defaultdict(<class 'list'>, {'train_rmse': [0.57899, 0.49415, 0.48855, 0.48617, 0.48404], 'val_rmse': [0.42003, 0.42027, 0.41711, 0.41268, 0.41604], 'test_rmse': [0.48879, 0.48638, 0.48644, 0.48115, 0.48425]})
2021/05/03 01:23:00 Epoch 4, Loss 0.48404, valid loss 0.41604, time per epoch 2474.6398
2021/05/03 01:23:00 Epoch --> 5
2021/05/03 02:04:15 Model Saved /models-vol/trained_model_0.01_0.8_384.pth...
2021/05/03 02:04:15 Results Saved /models-vol/results_dict_0.01_0.8_384.pkl...
2021/05/03 02:04:15 defaultdict(<class 'list'>, {'train_rmse': [0.57899, 0.49415, 0.48855, 0.48617, 0.48404, 0.48734], 'val_rmse': [0.42003, 0.42027, 0.41711, 0.41268, 0.41604, 0.41585], 'test_rmse': [0.48879, 0.48638, 0.48644, 0.48115, 0.48425, 0.4834]})
2021/05/03 02:04:15 Epoch 5, Loss 0.48734, valid loss 0.41585, time per epoch 2475.2393
2021/05/03 02:04:15 Epoch --> 6
2021/05/03 02:45:40 Model Saved /models-vol/trained_model_0.01_0.8_384.pth...
2021/05/03 02:45:40 Results Saved /models-vol/results_dict_0.01_0.8_384.pkl...
2021/05/03 02:45:40 defaultdict(<class 'list'>, {'train_rmse': [0.57899, 0.49415, 0.48855, 0.48617, 0.48404, 0.48734, 0.48596], 'val_rmse': [0.42003, 0.42027, 0.41711, 0.41268, 0.41604, 0.41585, 0.41411], 'test_rmse': [0.48879, 0.48638, 0.48644, 0.48115, 0.48425, 0.4834, 0.48209]})
2021/05/03 02:45:40 Epoch 6, Loss 0.48596, valid loss 0.41411, time per epoch 2484.80359
2021/05/03 02:45:40 Epoch --> 7
2021/05/03 03:26:54 Model Saved /models-vol/trained_model_0.01_0.8_384.pth...
2021/05/03 03:26:54 Results Saved /models-vol/results_dict_0.01_0.8_384.pkl...
2021/05/03 03:26:54 defaultdict(<class 'list'>, {'train_rmse': [0.57899, 0.49415, 0.48855, 0.48617, 0.48404, 0.48734, 0.48596, 0.48162], 'val_rmse': [0.42003, 0.42027, 0.41711, 0.41268, 0.41604, 0.41585, 0.41411, 0.41154], 'test_rmse': [0.48879, 0.48638, 0.48644, 0.48115, 0.48425, 0.4834, 0.48209, 0.47977]})
2021/05/03 03:26:54 Epoch 7, Loss 0.48162, valid loss 0.41154, time per epoch 2474.67663
2021/05/03 03:26:54 Epoch --> 8
2021/05/03 04:08:06 Model Saved /models-vol/trained_model_0.01_0.8_384.pth...
2021/05/03 04:08:06 Results Saved /models-vol/results_dict_0.01_0.8_384.pkl...
2021/05/03 04:08:06 defaultdict(<class 'list'>, {'train_rmse': [0.57899, 0.49415, 0.48855, 0.48617, 0.48404, 0.48734, 0.48596, 0.48162, 0.48037], 'val_rmse': [0.42003, 0.42027, 0.41711, 0.41268, 0.41604, 0.41585, 0.41411, 0.41154, 0.41204], 'test_rmse': [0.48879, 0.48638, 0.48644, 0.48115, 0.48425, 0.4834, 0.48209, 0.47977, 0.47867]})
2021/05/03 04:08:06 Epoch 8, Loss 0.48037, valid loss 0.41204, time per epoch 2471.71157
2021/05/03 04:08:06 Epoch --> 9
2021/05/03 04:49:21 Model Saved /models-vol/trained_model_0.01_0.8_384.pth...
2021/05/03 04:49:21 Results Saved /models-vol/results_dict_0.01_0.8_384.pkl...
2021/05/03 04:49:21 defaultdict(<class 'list'>, {'train_rmse': [0.57899, 0.49415, 0.48855, 0.48617, 0.48404, 0.48734, 0.48596, 0.48162, 0.48037, 0.4783], 'val_rmse': [0.42003, 0.42027, 0.41711, 0.41268, 0.41604, 0.41585, 0.41411, 0.41154, 0.41204, 0.4109], 'test_rmse': [0.48879, 0.48638, 0.48644, 0.48115, 0.48425, 0.4834, 0.48209, 0.47977, 0.47867, 0.47769]})
2021/05/03 04:49:21 Epoch 9, Loss 0.4783, valid loss 0.4109, time per epoch 2475.37982
2021/05/03 04:49:21 Epoch --> 10
2021/05/03 05:30:44 Model Saved /models-vol/trained_model_0.01_0.8_384.pth...
2021/05/03 05:30:44 Results Saved /models-vol/results_dict_0.01_0.8_384.pkl...
2021/05/03 05:30:44 defaultdict(<class 'list'>, {'train_rmse': [0.57899, 0.49415, 0.48855, 0.48617, 0.48404, 0.48734, 0.48596, 0.48162, 0.48037, 0.4783, 0.47803], 'val_rmse': [0.42003, 0.42027, 0.41711, 0.41268, 0.41604, 0.41585, 0.41411, 0.41154, 0.41204, 0.4109, 0.41], 'test_rmse': [0.48879, 0.48638, 0.48644, 0.48115, 0.48425, 0.4834, 0.48209, 0.47977, 0.47867, 0.47769, 0.47824]})
2021/05/03 05:30:44 Epoch 10, Loss 0.47803, valid loss 0.41, time per epoch 2482.21655
2021/05/03 05:30:44 Epoch --> 11
2021/05/03 06:11:56 Model Saved /models-vol/trained_model_0.01_0.8_384.pth...
2021/05/03 06:11:56 Results Saved /models-vol/results_dict_0.01_0.8_384.pkl...
2021/05/03 06:11:56 defaultdict(<class 'list'>, {'train_rmse': [0.57899, 0.49415, 0.48855, 0.48617, 0.48404, 0.48734, 0.48596, 0.48162, 0.48037, 0.4783, 0.47803, 0.47715], 'val_rmse': [0.42003, 0.42027, 0.41711, 0.41268, 0.41604, 0.41585, 0.41411, 0.41154, 0.41204, 0.4109, 0.41, 0.41065], 'test_rmse': [0.48879, 0.48638, 0.48644, 0.48115, 0.48425, 0.4834, 0.48209, 0.47977, 0.47867, 0.47769, 0.47824, 0.479]})
2021/05/03 06:11:56 Epoch 11, Loss 0.47715, valid loss 0.41065, time per epoch 2471.96733
2021/05/03 06:11:56 Epoch --> 12
2021/05/03 06:53:11 Model Saved /models-vol/trained_model_0.01_0.8_384.pth...
2021/05/03 06:53:11 Results Saved /models-vol/results_dict_0.01_0.8_384.pkl...
2021/05/03 06:53:11 defaultdict(<class 'list'>, {'train_rmse': [0.57899, 0.49415, 0.48855, 0.48617, 0.48404, 0.48734, 0.48596, 0.48162, 0.48037, 0.4783, 0.47803, 0.47715, 0.47687], 'val_rmse': [0.42003, 0.42027, 0.41711, 0.41268, 0.41604, 0.41585, 0.41411, 0.41154, 0.41204, 0.4109, 0.41, 0.41065, 0.41287], 'test_rmse': [0.48879, 0.48638, 0.48644, 0.48115, 0.48425, 0.4834, 0.48209, 0.47977, 0.47867, 0.47769, 0.47824, 0.479, 0.47791]})
2021/05/03 06:53:11 Epoch 12, Loss 0.47687, valid loss 0.41287, time per epoch 2475.51267
2021/05/03 06:53:11 Epoch --> 13
2021/05/03 07:46:58 Model Saved /models-vol/trained_model_0.01_0.8_384.pth...
2021/05/03 07:46:58 Results Saved /models-vol/results_dict_0.01_0.8_384.pkl...
2021/05/03 07:46:58 defaultdict(<class 'list'>, {'train_rmse': [0.57899, 0.49415, 0.48855, 0.48617, 0.48404, 0.48734, 0.48596, 0.48162, 0.48037, 0.4783, 0.47803, 0.47715, 0.47687, 0.47673], 'val_rmse': [0.42003, 0.42027, 0.41711, 0.41268, 0.41604, 0.41585, 0.41411, 0.41154, 0.41204, 0.4109, 0.41, 0.41065, 0.41287, 0.40986], 'test_rmse': [0.48879, 0.48638, 0.48644, 0.48115, 0.48425, 0.4834, 0.48209, 0.47977, 0.47867, 0.47769, 0.47824, 0.479, 0.47791, 0.47883]})
2021/05/03 07:46:58 Epoch 13, Loss 0.47673, valid loss 0.40986, time per epoch 3226.6599
2021/05/03 07:46:58 Epoch --> 14
2021/05/03 08:43:45 Model Saved /models-vol/trained_model_0.01_0.8_384.pth...
2021/05/03 08:43:45 Results Saved /models-vol/results_dict_0.01_0.8_384.pkl...
2021/05/03 08:43:45 defaultdict(<class 'list'>, {'train_rmse': [0.57899, 0.49415, 0.48855, 0.48617, 0.48404, 0.48734, 0.48596, 0.48162, 0.48037, 0.4783, 0.47803, 0.47715, 0.47687, 0.47673, 0.47566], 'val_rmse': [0.42003, 0.42027, 0.41711, 0.41268, 0.41604, 0.41585, 0.41411, 0.41154, 0.41204, 0.4109, 0.41, 0.41065, 0.41287, 0.40986, 0.41036], 'test_rmse': [0.48879, 0.48638, 0.48644, 0.48115, 0.48425, 0.4834, 0.48209, 0.47977, 0.47867, 0.47769, 0.47824, 0.479, 0.47791, 0.47883, 0.47737]})
2021/05/03 08:43:45 Epoch 14, Loss 0.47566, valid loss 0.41036, time per epoch 3407.28
2021/05/03 08:43:45 Epoch --> 15
2021/05/03 09:40:41 Model Saved /models-vol/trained_model_0.01_0.8_384.pth...
2021/05/03 09:40:41 Results Saved /models-vol/results_dict_0.01_0.8_384.pkl...
2021/05/03 09:40:41 defaultdict(<class 'list'>, {'train_rmse': [0.57899, 0.49415, 0.48855, 0.48617, 0.48404, 0.48734, 0.48596, 0.48162, 0.48037, 0.4783, 0.47803, 0.47715, 0.47687, 0.47673, 0.47566, 0.47537], 'val_rmse': [0.42003, 0.42027, 0.41711, 0.41268, 0.41604, 0.41585, 0.41411, 0.41154, 0.41204, 0.4109, 0.41, 0.41065, 0.41287, 0.40986, 0.41036, 0.41158], 'test_rmse': [0.48879, 0.48638, 0.48644, 0.48115, 0.48425, 0.4834, 0.48209, 0.47977, 0.47867, 0.47769, 0.47824, 0.479, 0.47791, 0.47883, 0.47737, 0.47929]})
2021/05/03 09:40:41 Epoch 15, Loss 0.47537, valid loss 0.41158, time per epoch 3415.98767
2021/05/03 09:40:41 Epoch --> 16
2021/05/03 10:37:32 Model Saved /models-vol/trained_model_0.01_0.8_384.pth...
2021/05/03 10:37:32 Results Saved /models-vol/results_dict_0.01_0.8_384.pkl...
2021/05/03 10:37:32 defaultdict(<class 'list'>, {'train_rmse': [0.57899, 0.49415, 0.48855, 0.48617, 0.48404, 0.48734, 0.48596, 0.48162, 0.48037, 0.4783, 0.47803, 0.47715, 0.47687, 0.47673, 0.47566, 0.47537, 0.47534], 'val_rmse': [0.42003, 0.42027, 0.41711, 0.41268, 0.41604, 0.41585, 0.41411, 0.41154, 0.41204, 0.4109, 0.41, 0.41065, 0.41287, 0.40986, 0.41036, 0.41158, 0.40972], 'test_rmse': [0.48879, 0.48638, 0.48644, 0.48115, 0.48425, 0.4834, 0.48209, 0.47977, 0.47867, 0.47769, 0.47824, 0.479, 0.47791, 0.47883, 0.47737, 0.47929, 0.47729]})
2021/05/03 10:37:32 Epoch 16, Loss 0.47534, valid loss 0.40972, time per epoch 3410.63177
2021/05/03 10:37:32 Epoch --> 17
2021/05/03 11:35:02 Model Saved /models-vol/trained_model_0.01_0.8_384.pth...
2021/05/03 11:35:02 Results Saved /models-vol/results_dict_0.01_0.8_384.pkl...
2021/05/03 11:35:02 defaultdict(<class 'list'>, {'train_rmse': [0.57899, 0.49415, 0.48855, 0.48617, 0.48404, 0.48734, 0.48596, 0.48162, 0.48037, 0.4783, 0.47803, 0.47715, 0.47687, 0.47673, 0.47566, 0.47537, 0.47534, 0.47642], 'val_rmse': [0.42003, 0.42027, 0.41711, 0.41268, 0.41604, 0.41585, 0.41411, 0.41154, 0.41204, 0.4109, 0.41, 0.41065, 0.41287, 0.40986, 0.41036, 0.41158, 0.40972, 0.41002], 'test_rmse': [0.48879, 0.48638, 0.48644, 0.48115, 0.48425, 0.4834, 0.48209, 0.47977, 0.47867, 0.47769, 0.47824, 0.479, 0.47791, 0.47883, 0.47737, 0.47929, 0.47729, 0.47818]})
2021/05/03 11:35:02 Epoch 17, Loss 0.47642, valid loss 0.41002, time per epoch 3449.97611
2021/05/03 11:35:02 Epoch --> 18
2021/05/03 12:31:46 Model Saved /models-vol/trained_model_0.01_0.8_384.pth...
2021/05/03 12:31:46 Results Saved /models-vol/results_dict_0.01_0.8_384.pkl...
2021/05/03 12:31:46 defaultdict(<class 'list'>, {'train_rmse': [0.57899, 0.49415, 0.48855, 0.48617, 0.48404, 0.48734, 0.48596, 0.48162, 0.48037, 0.4783, 0.47803, 0.47715, 0.47687, 0.47673, 0.47566, 0.47537, 0.47534, 0.47642, 0.4763], 'val_rmse': [0.42003, 0.42027, 0.41711, 0.41268, 0.41604, 0.41585, 0.41411, 0.41154, 0.41204, 0.4109, 0.41, 0.41065, 0.41287, 0.40986, 0.41036, 0.41158, 0.40972, 0.41002, 0.41075], 'test_rmse': [0.48879, 0.48638, 0.48644, 0.48115, 0.48425, 0.4834, 0.48209, 0.47977, 0.47867, 0.47769, 0.47824, 0.479, 0.47791, 0.47883, 0.47737, 0.47929, 0.47729, 0.47818, 0.47833]})
2021/05/03 12:31:46 Epoch 18, Loss 0.4763, valid loss 0.41075, time per epoch 3404.55556
2021/05/03 12:31:46 Epoch --> 19
2021/05/03 13:28:17 Model Saved /models-vol/trained_model_0.01_0.8_384.pth...
2021/05/03 13:28:17 Results Saved /models-vol/results_dict_0.01_0.8_384.pkl...
2021/05/03 13:28:17 defaultdict(<class 'list'>, {'train_rmse': [0.57899, 0.49415, 0.48855, 0.48617, 0.48404, 0.48734, 0.48596, 0.48162, 0.48037, 0.4783, 0.47803, 0.47715, 0.47687, 0.47673, 0.47566, 0.47537, 0.47534, 0.47642, 0.4763, 0.47443], 'val_rmse': [0.42003, 0.42027, 0.41711, 0.41268, 0.41604, 0.41585, 0.41411, 0.41154, 0.41204, 0.4109, 0.41, 0.41065, 0.41287, 0.40986, 0.41036, 0.41158, 0.40972, 0.41002, 0.41075, 0.41047], 'test_rmse': [0.48879, 0.48638, 0.48644, 0.48115, 0.48425, 0.4834, 0.48209, 0.47977, 0.47867, 0.47769, 0.47824, 0.479, 0.47791, 0.47883, 0.47737, 0.47929, 0.47729, 0.47818, 0.47833, 0.47709]})
2021/05/03 13:28:17 Epoch 19, Loss 0.47443, valid loss 0.41047, time per epoch 3390.68325
2021/05/03 13:28:17 Epoch --> 20
2021/05/03 14:25:01 Model Saved /models-vol/trained_model_0.01_0.8_384.pth...
2021/05/03 14:25:01 Results Saved /models-vol/results_dict_0.01_0.8_384.pkl...
2021/05/03 14:25:01 defaultdict(<class 'list'>, {'train_rmse': [0.57899, 0.49415, 0.48855, 0.48617, 0.48404, 0.48734, 0.48596, 0.48162, 0.48037, 0.4783, 0.47803, 0.47715, 0.47687, 0.47673, 0.47566, 0.47537, 0.47534, 0.47642, 0.4763, 0.47443, 0.47423], 'val_rmse': [0.42003, 0.42027, 0.41711, 0.41268, 0.41604, 0.41585, 0.41411, 0.41154, 0.41204, 0.4109, 0.41, 0.41065, 0.41287, 0.40986, 0.41036, 0.41158, 0.40972, 0.41002, 0.41075, 0.41047, 0.40868], 'test_rmse': [0.48879, 0.48638, 0.48644, 0.48115, 0.48425, 0.4834, 0.48209, 0.47977, 0.47867, 0.47769, 0.47824, 0.479, 0.47791, 0.47883, 0.47737, 0.47929, 0.47729, 0.47818, 0.47833, 0.47709, 0.47564]})
2021/05/03 14:25:01 Epoch 20, Loss 0.47423, valid loss 0.40868, time per epoch 3404.0087
2021/05/03 14:25:01 Epoch --> 21
2021/05/03 15:21:27 Model Saved /models-vol/trained_model_0.01_0.8_384.pth...
2021/05/03 15:21:27 Results Saved /models-vol/results_dict_0.01_0.8_384.pkl...
2021/05/03 15:21:27 defaultdict(<class 'list'>, {'train_rmse': [0.57899, 0.49415, 0.48855, 0.48617, 0.48404, 0.48734, 0.48596, 0.48162, 0.48037, 0.4783, 0.47803, 0.47715, 0.47687, 0.47673, 0.47566, 0.47537, 0.47534, 0.47642, 0.4763, 0.47443, 0.47423, 0.47416], 'val_rmse': [0.42003, 0.42027, 0.41711, 0.41268, 0.41604, 0.41585, 0.41411, 0.41154, 0.41204, 0.4109, 0.41, 0.41065, 0.41287, 0.40986, 0.41036, 0.41158, 0.40972, 0.41002, 0.41075, 0.41047, 0.40868, 0.40935], 'test_rmse': [0.48879, 0.48638, 0.48644, 0.48115, 0.48425, 0.4834, 0.48209, 0.47977, 0.47867, 0.47769, 0.47824, 0.479, 0.47791, 0.47883, 0.47737, 0.47929, 0.47729, 0.47818, 0.47833, 0.47709, 0.47564, 0.47593]})
2021/05/03 15:21:27 Epoch 21, Loss 0.47416, valid loss 0.40935, time per epoch 3385.66465
2021/05/03 15:21:27 Epoch --> 22
2021/05/03 16:17:57 Model Saved /models-vol/trained_model_0.01_0.8_384.pth...
2021/05/03 16:17:57 Results Saved /models-vol/results_dict_0.01_0.8_384.pkl...
2021/05/03 16:17:57 defaultdict(<class 'list'>, {'train_rmse': [0.57899, 0.49415, 0.48855, 0.48617, 0.48404, 0.48734, 0.48596, 0.48162, 0.48037, 0.4783, 0.47803, 0.47715, 0.47687, 0.47673, 0.47566, 0.47537, 0.47534, 0.47642, 0.4763, 0.47443, 0.47423, 0.47416, 0.47409], 'val_rmse': [0.42003, 0.42027, 0.41711, 0.41268, 0.41604, 0.41585, 0.41411, 0.41154, 0.41204, 0.4109, 0.41, 0.41065, 0.41287, 0.40986, 0.41036, 0.41158, 0.40972, 0.41002, 0.41075, 0.41047, 0.40868, 0.40935, 0.41033], 'test_rmse': [0.48879, 0.48638, 0.48644, 0.48115, 0.48425, 0.4834, 0.48209, 0.47977, 0.47867, 0.47769, 0.47824, 0.479, 0.47791, 0.47883, 0.47737, 0.47929, 0.47729, 0.47818, 0.47833, 0.47709, 0.47564, 0.47593, 0.47795]})
2021/05/03 16:17:57 Epoch 22, Loss 0.47409, valid loss 0.41033, time per epoch 3390.3099
2021/05/03 16:17:57 Epoch --> 23
2021/05/03 17:14:36 Model Saved /models-vol/trained_model_0.01_0.8_384.pth...
2021/05/03 17:14:36 Results Saved /models-vol/results_dict_0.01_0.8_384.pkl...
2021/05/03 17:14:36 defaultdict(<class 'list'>, {'train_rmse': [0.57899, 0.49415, 0.48855, 0.48617, 0.48404, 0.48734, 0.48596, 0.48162, 0.48037, 0.4783, 0.47803, 0.47715, 0.47687, 0.47673, 0.47566, 0.47537, 0.47534, 0.47642, 0.4763, 0.47443, 0.47423, 0.47416, 0.47409, 0.47367], 'val_rmse': [0.42003, 0.42027, 0.41711, 0.41268, 0.41604, 0.41585, 0.41411, 0.41154, 0.41204, 0.4109, 0.41, 0.41065, 0.41287, 0.40986, 0.41036, 0.41158, 0.40972, 0.41002, 0.41075, 0.41047, 0.40868, 0.40935, 0.41033, 0.41011], 'test_rmse': [0.48879, 0.48638, 0.48644, 0.48115, 0.48425, 0.4834, 0.48209, 0.47977, 0.47867, 0.47769, 0.47824, 0.479, 0.47791, 0.47883, 0.47737, 0.47929, 0.47729, 0.47818, 0.47833, 0.47709, 0.47564, 0.47593, 0.47795, 0.47671]})
2021/05/03 17:14:36 Epoch 23, Loss 0.47367, valid loss 0.41011, time per epoch 3399.42888
2021/05/03 17:14:36 Epoch --> 24
2021/05/03 18:11:05 Model Saved /models-vol/trained_model_0.01_0.8_384.pth...
2021/05/03 18:11:05 Results Saved /models-vol/results_dict_0.01_0.8_384.pkl...
2021/05/03 18:11:05 defaultdict(<class 'list'>, {'train_rmse': [0.57899, 0.49415, 0.48855, 0.48617, 0.48404, 0.48734, 0.48596, 0.48162, 0.48037, 0.4783, 0.47803, 0.47715, 0.47687, 0.47673, 0.47566, 0.47537, 0.47534, 0.47642, 0.4763, 0.47443, 0.47423, 0.47416, 0.47409, 0.47367, 0.47293], 'val_rmse': [0.42003, 0.42027, 0.41711, 0.41268, 0.41604, 0.41585, 0.41411, 0.41154, 0.41204, 0.4109, 0.41, 0.41065, 0.41287, 0.40986, 0.41036, 0.41158, 0.40972, 0.41002, 0.41075, 0.41047, 0.40868, 0.40935, 0.41033, 0.41011, 0.40784], 'test_rmse': [0.48879, 0.48638, 0.48644, 0.48115, 0.48425, 0.4834, 0.48209, 0.47977, 0.47867, 0.47769, 0.47824, 0.479, 0.47791, 0.47883, 0.47737, 0.47929, 0.47729, 0.47818, 0.47833, 0.47709, 0.47564, 0.47593, 0.47795, 0.47671, 0.47551]})
2021/05/03 18:11:05 Epoch 24, Loss 0.47293, valid loss 0.40784, time per epoch 3388.53363
2021/05/03 18:11:05 Epoch --> 25
2021/05/03 19:07:38 Model Saved /models-vol/trained_model_0.01_0.8_384.pth...
2021/05/03 19:07:38 Results Saved /models-vol/results_dict_0.01_0.8_384.pkl...
2021/05/03 19:07:38 defaultdict(<class 'list'>, {'train_rmse': [0.57899, 0.49415, 0.48855, 0.48617, 0.48404, 0.48734, 0.48596, 0.48162, 0.48037, 0.4783, 0.47803, 0.47715, 0.47687, 0.47673, 0.47566, 0.47537, 0.47534, 0.47642, 0.4763, 0.47443, 0.47423, 0.47416, 0.47409, 0.47367, 0.47293, 0.47309], 'val_rmse': [0.42003, 0.42027, 0.41711, 0.41268, 0.41604, 0.41585, 0.41411, 0.41154, 0.41204, 0.4109, 0.41, 0.41065, 0.41287, 0.40986, 0.41036, 0.41158, 0.40972, 0.41002, 0.41075, 0.41047, 0.40868, 0.40935, 0.41033, 0.41011, 0.40784, 0.40887], 'test_rmse': [0.48879, 0.48638, 0.48644, 0.48115, 0.48425, 0.4834, 0.48209, 0.47977, 0.47867, 0.47769, 0.47824, 0.479, 0.47791, 0.47883, 0.47737, 0.47929, 0.47729, 0.47818, 0.47833, 0.47709, 0.47564, 0.47593, 0.47795, 0.47671, 0.47551, 0.47656]})
2021/05/03 19:07:38 Epoch 25, Loss 0.47309, valid loss 0.40887, time per epoch 3392.77353
2021/05/03 19:07:38 Epoch --> 26
2021/05/03 20:04:01 Model Saved /models-vol/trained_model_0.01_0.8_384.pth...
2021/05/03 20:04:01 Results Saved /models-vol/results_dict_0.01_0.8_384.pkl...
2021/05/03 20:04:01 defaultdict(<class 'list'>, {'train_rmse': [0.57899, 0.49415, 0.48855, 0.48617, 0.48404, 0.48734, 0.48596, 0.48162, 0.48037, 0.4783, 0.47803, 0.47715, 0.47687, 0.47673, 0.47566, 0.47537, 0.47534, 0.47642, 0.4763, 0.47443, 0.47423, 0.47416, 0.47409, 0.47367, 0.47293, 0.47309, 0.47285], 'val_rmse': [0.42003, 0.42027, 0.41711, 0.41268, 0.41604, 0.41585, 0.41411, 0.41154, 0.41204, 0.4109, 0.41, 0.41065, 0.41287, 0.40986, 0.41036, 0.41158, 0.40972, 0.41002, 0.41075, 0.41047, 0.40868, 0.40935, 0.41033, 0.41011, 0.40784, 0.40887, 0.4088], 'test_rmse': [0.48879, 0.48638, 0.48644, 0.48115, 0.48425, 0.4834, 0.48209, 0.47977, 0.47867, 0.47769, 0.47824, 0.479, 0.47791, 0.47883, 0.47737, 0.47929, 0.47729, 0.47818, 0.47833, 0.47709, 0.47564, 0.47593, 0.47795, 0.47671, 0.47551, 0.47656, 0.47541]})
2021/05/03 20:04:01 Epoch 26, Loss 0.47285, valid loss 0.4088, time per epoch 3383.35616
2021/05/03 20:04:01 Epoch --> 27
2021/05/03 21:00:31 Model Saved /models-vol/trained_model_0.01_0.8_384.pth...
2021/05/03 21:00:31 Results Saved /models-vol/results_dict_0.01_0.8_384.pkl...
2021/05/03 21:00:31 defaultdict(<class 'list'>, {'train_rmse': [0.57899, 0.49415, 0.48855, 0.48617, 0.48404, 0.48734, 0.48596, 0.48162, 0.48037, 0.4783, 0.47803, 0.47715, 0.47687, 0.47673, 0.47566, 0.47537, 0.47534, 0.47642, 0.4763, 0.47443, 0.47423, 0.47416, 0.47409, 0.47367, 0.47293, 0.47309, 0.47285, 0.47278], 'val_rmse': [0.42003, 0.42027, 0.41711, 0.41268, 0.41604, 0.41585, 0.41411, 0.41154, 0.41204, 0.4109, 0.41, 0.41065, 0.41287, 0.40986, 0.41036, 0.41158, 0.40972, 0.41002, 0.41075, 0.41047, 0.40868, 0.40935, 0.41033, 0.41011, 0.40784, 0.40887, 0.4088, 0.40893], 'test_rmse': [0.48879, 0.48638, 0.48644, 0.48115, 0.48425, 0.4834, 0.48209, 0.47977, 0.47867, 0.47769, 0.47824, 0.479, 0.47791, 0.47883, 0.47737, 0.47929, 0.47729, 0.47818, 0.47833, 0.47709, 0.47564, 0.47593, 0.47795, 0.47671, 0.47551, 0.47656, 0.47541, 0.47639]})
2021/05/03 21:00:31 Epoch 27, Loss 0.47278, valid loss 0.40893, time per epoch 3390.31725
2021/05/03 21:00:31 Epoch --> 28
2021/05/03 21:57:00 Model Saved /models-vol/trained_model_0.01_0.8_384.pth...
2021/05/03 21:57:00 Results Saved /models-vol/results_dict_0.01_0.8_384.pkl...
2021/05/03 21:57:00 defaultdict(<class 'list'>, {'train_rmse': [0.57899, 0.49415, 0.48855, 0.48617, 0.48404, 0.48734, 0.48596, 0.48162, 0.48037, 0.4783, 0.47803, 0.47715, 0.47687, 0.47673, 0.47566, 0.47537, 0.47534, 0.47642, 0.4763, 0.47443, 0.47423, 0.47416, 0.47409, 0.47367, 0.47293, 0.47309, 0.47285, 0.47278, 0.47248], 'val_rmse': [0.42003, 0.42027, 0.41711, 0.41268, 0.41604, 0.41585, 0.41411, 0.41154, 0.41204, 0.4109, 0.41, 0.41065, 0.41287, 0.40986, 0.41036, 0.41158, 0.40972, 0.41002, 0.41075, 0.41047, 0.40868, 0.40935, 0.41033, 0.41011, 0.40784, 0.40887, 0.4088, 0.40893, 0.4081], 'test_rmse': [0.48879, 0.48638, 0.48644, 0.48115, 0.48425, 0.4834, 0.48209, 0.47977, 0.47867, 0.47769, 0.47824, 0.479, 0.47791, 0.47883, 0.47737, 0.47929, 0.47729, 0.47818, 0.47833, 0.47709, 0.47564, 0.47593, 0.47795, 0.47671, 0.47551, 0.47656, 0.47541, 0.47639, 0.47553]})
2021/05/03 21:57:00 Epoch 28, Loss 0.47248, valid loss 0.4081, time per epoch 3388.43356
2021/05/03 21:57:00 Epoch --> 29
2021/05/03 22:53:18 Model Saved /models-vol/trained_model_0.01_0.8_384.pth...
2021/05/03 22:53:18 Results Saved /models-vol/results_dict_0.01_0.8_384.pkl...
2021/05/03 22:53:18 defaultdict(<class 'list'>, {'train_rmse': [0.57899, 0.49415, 0.48855, 0.48617, 0.48404, 0.48734, 0.48596, 0.48162, 0.48037, 0.4783, 0.47803, 0.47715, 0.47687, 0.47673, 0.47566, 0.47537, 0.47534, 0.47642, 0.4763, 0.47443, 0.47423, 0.47416, 0.47409, 0.47367, 0.47293, 0.47309, 0.47285, 0.47278, 0.47248, 0.47164], 'val_rmse': [0.42003, 0.42027, 0.41711, 0.41268, 0.41604, 0.41585, 0.41411, 0.41154, 0.41204, 0.4109, 0.41, 0.41065, 0.41287, 0.40986, 0.41036, 0.41158, 0.40972, 0.41002, 0.41075, 0.41047, 0.40868, 0.40935, 0.41033, 0.41011, 0.40784, 0.40887, 0.4088, 0.40893, 0.4081, 0.40845], 'test_rmse': [0.48879, 0.48638, 0.48644, 0.48115, 0.48425, 0.4834, 0.48209, 0.47977, 0.47867, 0.47769, 0.47824, 0.479, 0.47791, 0.47883, 0.47737, 0.47929, 0.47729, 0.47818, 0.47833, 0.47709, 0.47564, 0.47593, 0.47795, 0.47671, 0.47551, 0.47656, 0.47541, 0.47639, 0.47553, 0.47659]})
2021/05/03 22:53:18 Epoch 29, Loss 0.47164, valid loss 0.40845, time per epoch 3378.25961
2021/05/03 22:53:18 Epoch --> 30
2021/05/03 23:49:53 Model Saved /models-vol/trained_model_0.01_0.8_384.pth...
2021/05/03 23:49:53 Results Saved /models-vol/results_dict_0.01_0.8_384.pkl...
2021/05/03 23:49:53 defaultdict(<class 'list'>, {'train_rmse': [0.57899, 0.49415, 0.48855, 0.48617, 0.48404, 0.48734, 0.48596, 0.48162, 0.48037, 0.4783, 0.47803, 0.47715, 0.47687, 0.47673, 0.47566, 0.47537, 0.47534, 0.47642, 0.4763, 0.47443, 0.47423, 0.47416, 0.47409, 0.47367, 0.47293, 0.47309, 0.47285, 0.47278, 0.47248, 0.47164, 0.47149], 'val_rmse': [0.42003, 0.42027, 0.41711, 0.41268, 0.41604, 0.41585, 0.41411, 0.41154, 0.41204, 0.4109, 0.41, 0.41065, 0.41287, 0.40986, 0.41036, 0.41158, 0.40972, 0.41002, 0.41075, 0.41047, 0.40868, 0.40935, 0.41033, 0.41011, 0.40784, 0.40887, 0.4088, 0.40893, 0.4081, 0.40845, 0.40967], 'test_rmse': [0.48879, 0.48638, 0.48644, 0.48115, 0.48425, 0.4834, 0.48209, 0.47977, 0.47867, 0.47769, 0.47824, 0.479, 0.47791, 0.47883, 0.47737, 0.47929, 0.47729, 0.47818, 0.47833, 0.47709, 0.47564, 0.47593, 0.47795, 0.47671, 0.47551, 0.47656, 0.47541, 0.47639, 0.47553, 0.47659, 0.47711]})
2021/05/03 23:49:53 Epoch 30, Loss 0.47149, valid loss 0.40967, time per epoch 3394.94061
2021/05/03 23:49:53 Epoch --> 31
2021/05/04 00:46:37 Model Saved /models-vol/trained_model_0.01_0.8_384.pth...
2021/05/04 00:46:37 Results Saved /models-vol/results_dict_0.01_0.8_384.pkl...
2021/05/04 00:46:37 defaultdict(<class 'list'>, {'train_rmse': [0.57899, 0.49415, 0.48855, 0.48617, 0.48404, 0.48734, 0.48596, 0.48162, 0.48037, 0.4783, 0.47803, 0.47715, 0.47687, 0.47673, 0.47566, 0.47537, 0.47534, 0.47642, 0.4763, 0.47443, 0.47423, 0.47416, 0.47409, 0.47367, 0.47293, 0.47309, 0.47285, 0.47278, 0.47248, 0.47164, 0.47149, 0.47123], 'val_rmse': [0.42003, 0.42027, 0.41711, 0.41268, 0.41604, 0.41585, 0.41411, 0.41154, 0.41204, 0.4109, 0.41, 0.41065, 0.41287, 0.40986, 0.41036, 0.41158, 0.40972, 0.41002, 0.41075, 0.41047, 0.40868, 0.40935, 0.41033, 0.41011, 0.40784, 0.40887, 0.4088, 0.40893, 0.4081, 0.40845, 0.40967, 0.40729], 'test_rmse': [0.48879, 0.48638, 0.48644, 0.48115, 0.48425, 0.4834, 0.48209, 0.47977, 0.47867, 0.47769, 0.47824, 0.479, 0.47791, 0.47883, 0.47737, 0.47929, 0.47729, 0.47818, 0.47833, 0.47709, 0.47564, 0.47593, 0.47795, 0.47671, 0.47551, 0.47656, 0.47541, 0.47639, 0.47553, 0.47659, 0.47711, 0.47536]})
2021/05/04 00:46:37 Epoch 31, Loss 0.47123, valid loss 0.40729, time per epoch 3404.16012
2021/05/04 00:46:37 Epoch --> 32
2021/05/04 01:43:07 Model Saved /models-vol/trained_model_0.01_0.8_384.pth...
2021/05/04 01:43:07 Results Saved /models-vol/results_dict_0.01_0.8_384.pkl...
2021/05/04 01:43:07 defaultdict(<class 'list'>, {'train_rmse': [0.57899, 0.49415, 0.48855, 0.48617, 0.48404, 0.48734, 0.48596, 0.48162, 0.48037, 0.4783, 0.47803, 0.47715, 0.47687, 0.47673, 0.47566, 0.47537, 0.47534, 0.47642, 0.4763, 0.47443, 0.47423, 0.47416, 0.47409, 0.47367, 0.47293, 0.47309, 0.47285, 0.47278, 0.47248, 0.47164, 0.47149, 0.47123, 0.4715], 'val_rmse': [0.42003, 0.42027, 0.41711, 0.41268, 0.41604, 0.41585, 0.41411, 0.41154, 0.41204, 0.4109, 0.41, 0.41065, 0.41287, 0.40986, 0.41036, 0.41158, 0.40972, 0.41002, 0.41075, 0.41047, 0.40868, 0.40935, 0.41033, 0.41011, 0.40784, 0.40887, 0.4088, 0.40893, 0.4081, 0.40845, 0.40967, 0.40729, 0.4094], 'test_rmse': [0.48879, 0.48638, 0.48644, 0.48115, 0.48425, 0.4834, 0.48209, 0.47977, 0.47867, 0.47769, 0.47824, 0.479, 0.47791, 0.47883, 0.47737, 0.47929, 0.47729, 0.47818, 0.47833, 0.47709, 0.47564, 0.47593, 0.47795, 0.47671, 0.47551, 0.47656, 0.47541, 0.47639, 0.47553, 0.47659, 0.47711, 0.47536, 0.47532]})
2021/05/04 01:43:07 Epoch 32, Loss 0.4715, valid loss 0.4094, time per epoch 3390.22712
2021/05/04 01:43:07 Epoch --> 33
2021/05/04 02:39:50 Model Saved /models-vol/trained_model_0.01_0.8_384.pth...
2021/05/04 02:39:50 Results Saved /models-vol/results_dict_0.01_0.8_384.pkl...
2021/05/04 02:39:50 defaultdict(<class 'list'>, {'train_rmse': [0.57899, 0.49415, 0.48855, 0.48617, 0.48404, 0.48734, 0.48596, 0.48162, 0.48037, 0.4783, 0.47803, 0.47715, 0.47687, 0.47673, 0.47566, 0.47537, 0.47534, 0.47642, 0.4763, 0.47443, 0.47423, 0.47416, 0.47409, 0.47367, 0.47293, 0.47309, 0.47285, 0.47278, 0.47248, 0.47164, 0.47149, 0.47123, 0.4715, 0.47209], 'val_rmse': [0.42003, 0.42027, 0.41711, 0.41268, 0.41604, 0.41585, 0.41411, 0.41154, 0.41204, 0.4109, 0.41, 0.41065, 0.41287, 0.40986, 0.41036, 0.41158, 0.40972, 0.41002, 0.41075, 0.41047, 0.40868, 0.40935, 0.41033, 0.41011, 0.40784, 0.40887, 0.4088, 0.40893, 0.4081, 0.40845, 0.40967, 0.40729, 0.4094, 0.40831], 'test_rmse': [0.48879, 0.48638, 0.48644, 0.48115, 0.48425, 0.4834, 0.48209, 0.47977, 0.47867, 0.47769, 0.47824, 0.479, 0.47791, 0.47883, 0.47737, 0.47929, 0.47729, 0.47818, 0.47833, 0.47709, 0.47564, 0.47593, 0.47795, 0.47671, 0.47551, 0.47656, 0.47541, 0.47639, 0.47553, 0.47659, 0.47711, 0.47536, 0.47532, 0.47678]})
2021/05/04 02:39:50 Completed training current hyperparameters...
2021/05/04 02:39:50 Hyperparameters: learning rate 0.001, dropout rate 0.4, hidden dim 192
2021/05/04 02:39:52 Epoch --> 0
2021/05/04 03:33:28 Model Saved /models-vol/trained_model_0.001_0.4_192.pth...
2021/05/04 03:33:28 Results Saved /models-vol/results_dict_0.001_0.4_192.pkl...
2021/05/04 03:33:28 defaultdict(<class 'list'>, {'train_rmse': [0.47864], 'val_rmse': [0.40621], 'test_rmse': [0.47351]})
2021/05/04 03:33:28 Epoch 0, Loss 0.47864, valid loss 0.40621, time per epoch 3216.2171
2021/05/04 03:33:28 Epoch --> 1
2021/05/04 04:26:38 Model Saved /models-vol/trained_model_0.001_0.4_192.pth...
2021/05/04 04:26:38 Results Saved /models-vol/results_dict_0.001_0.4_192.pkl...
2021/05/04 04:26:38 defaultdict(<class 'list'>, {'train_rmse': [0.47864, 0.46924], 'val_rmse': [0.40621, 0.40789], 'test_rmse': [0.47351, 0.47325]})
2021/05/04 04:26:38 Epoch 1, Loss 0.46924, valid loss 0.40789, time per epoch 3189.69861
2021/05/04 04:26:38 Epoch --> 2
2021/05/04 05:19:56 Model Saved /models-vol/trained_model_0.001_0.4_192.pth...
2021/05/04 05:19:56 Results Saved /models-vol/results_dict_0.001_0.4_192.pkl...
2021/05/04 05:19:56 defaultdict(<class 'list'>, {'train_rmse': [0.47864, 0.46924, 0.46746], 'val_rmse': [0.40621, 0.40789, 0.40525], 'test_rmse': [0.47351, 0.47325, 0.47185]})
2021/05/04 05:19:56 Epoch 2, Loss 0.46746, valid loss 0.40525, time per epoch 3197.93784
2021/05/04 05:19:56 Epoch --> 3
2021/05/04 06:13:05 Model Saved /models-vol/trained_model_0.001_0.4_192.pth...
2021/05/04 06:13:05 Results Saved /models-vol/results_dict_0.001_0.4_192.pkl...
2021/05/04 06:13:05 defaultdict(<class 'list'>, {'train_rmse': [0.47864, 0.46924, 0.46746, 0.46626], 'val_rmse': [0.40621, 0.40789, 0.40525, 0.40591], 'test_rmse': [0.47351, 0.47325, 0.47185, 0.47218]})
2021/05/04 06:13:05 Epoch 3, Loss 0.46626, valid loss 0.40591, time per epoch 3188.86707
2021/05/04 06:13:05 Epoch --> 4
2021/05/04 07:06:31 Model Saved /models-vol/trained_model_0.001_0.4_192.pth...
2021/05/04 07:06:31 Results Saved /models-vol/results_dict_0.001_0.4_192.pkl...
2021/05/04 07:06:31 defaultdict(<class 'list'>, {'train_rmse': [0.47864, 0.46924, 0.46746, 0.46626, 0.46454], 'val_rmse': [0.40621, 0.40789, 0.40525, 0.40591, 0.40485], 'test_rmse': [0.47351, 0.47325, 0.47185, 0.47218, 0.47314]})
2021/05/04 07:06:31 Epoch 4, Loss 0.46454, valid loss 0.40485, time per epoch 3205.83976
2021/05/04 07:06:31 Epoch --> 5
2021/05/04 08:00:06 Model Saved /models-vol/trained_model_0.001_0.4_192.pth...
2021/05/04 08:00:06 Results Saved /models-vol/results_dict_0.001_0.4_192.pkl...
2021/05/04 08:00:06 defaultdict(<class 'list'>, {'train_rmse': [0.47864, 0.46924, 0.46746, 0.46626, 0.46454, 0.46361], 'val_rmse': [0.40621, 0.40789, 0.40525, 0.40591, 0.40485, 0.40582], 'test_rmse': [0.47351, 0.47325, 0.47185, 0.47218, 0.47314, 0.47364]})
2021/05/04 08:00:06 Epoch 5, Loss 0.46361, valid loss 0.40582, time per epoch 3215.23092
2021/05/04 08:00:06 Epoch --> 6
2021/05/04 08:53:22 Model Saved /models-vol/trained_model_0.001_0.4_192.pth...
2021/05/04 08:53:22 Results Saved /models-vol/results_dict_0.001_0.4_192.pkl...
2021/05/04 08:53:22 defaultdict(<class 'list'>, {'train_rmse': [0.47864, 0.46924, 0.46746, 0.46626, 0.46454, 0.46361, 0.46269], 'val_rmse': [0.40621, 0.40789, 0.40525, 0.40591, 0.40485, 0.40582, 0.40472], 'test_rmse': [0.47351, 0.47325, 0.47185, 0.47218, 0.47314, 0.47364, 0.47388]})
2021/05/04 08:53:22 Epoch 6, Loss 0.46269, valid loss 0.40472, time per epoch 3195.82838
2021/05/04 08:53:22 Epoch --> 7
2021/05/04 09:47:03 Model Saved /models-vol/trained_model_0.001_0.4_192.pth...
2021/05/04 09:47:03 Results Saved /models-vol/results_dict_0.001_0.4_192.pkl...
2021/05/04 09:47:03 defaultdict(<class 'list'>, {'train_rmse': [0.47864, 0.46924, 0.46746, 0.46626, 0.46454, 0.46361, 0.46269, 0.46174], 'val_rmse': [0.40621, 0.40789, 0.40525, 0.40591, 0.40485, 0.40582, 0.40472, 0.4057], 'test_rmse': [0.47351, 0.47325, 0.47185, 0.47218, 0.47314, 0.47364, 0.47388, 0.47377]})
2021/05/04 09:47:03 Epoch 7, Loss 0.46174, valid loss 0.4057, time per epoch 3221.0323
2021/05/04 09:47:03 Epoch --> 8
2021/05/04 10:40:33 Model Saved /models-vol/trained_model_0.001_0.4_192.pth...
2021/05/04 10:40:33 Results Saved /models-vol/results_dict_0.001_0.4_192.pkl...
2021/05/04 10:40:33 defaultdict(<class 'list'>, {'train_rmse': [0.47864, 0.46924, 0.46746, 0.46626, 0.46454, 0.46361, 0.46269, 0.46174, 0.46073], 'val_rmse': [0.40621, 0.40789, 0.40525, 0.40591, 0.40485, 0.40582, 0.40472, 0.4057, 0.40563], 'test_rmse': [0.47351, 0.47325, 0.47185, 0.47218, 0.47314, 0.47364, 0.47388, 0.47377, 0.47327]})
2021/05/04 10:40:33 Epoch 8, Loss 0.46073, valid loss 0.40563, time per epoch 3209.8797
2021/05/04 10:40:33 Epoch --> 9
2021/05/04 11:34:20 Model Saved /models-vol/trained_model_0.001_0.4_192.pth...
2021/05/04 11:34:20 Results Saved /models-vol/results_dict_0.001_0.4_192.pkl...
2021/05/04 11:34:20 defaultdict(<class 'list'>, {'train_rmse': [0.47864, 0.46924, 0.46746, 0.46626, 0.46454, 0.46361, 0.46269, 0.46174, 0.46073, 0.45869], 'val_rmse': [0.40621, 0.40789, 0.40525, 0.40591, 0.40485, 0.40582, 0.40472, 0.4057, 0.40563, 0.40648], 'test_rmse': [0.47351, 0.47325, 0.47185, 0.47218, 0.47314, 0.47364, 0.47388, 0.47377, 0.47327, 0.47565]})
2021/05/04 11:34:20 Epoch 9, Loss 0.45869, valid loss 0.40648, time per epoch 3227.01865
2021/05/04 11:34:20 Epoch --> 10
2021/05/04 12:28:35 Model Saved /models-vol/trained_model_0.001_0.4_192.pth...
2021/05/04 12:28:35 Results Saved /models-vol/results_dict_0.001_0.4_192.pkl...
2021/05/04 12:28:35 defaultdict(<class 'list'>, {'train_rmse': [0.47864, 0.46924, 0.46746, 0.46626, 0.46454, 0.46361, 0.46269, 0.46174, 0.46073, 0.45869, 0.4575], 'val_rmse': [0.40621, 0.40789, 0.40525, 0.40591, 0.40485, 0.40582, 0.40472, 0.4057, 0.40563, 0.40648, 0.40779], 'test_rmse': [0.47351, 0.47325, 0.47185, 0.47218, 0.47314, 0.47364, 0.47388, 0.47377, 0.47327, 0.47565, 0.47582]})
2021/05/04 12:28:35 Epoch 10, Loss 0.4575, valid loss 0.40779, time per epoch 3255.31187
2021/05/04 12:28:35 Epoch --> 11
2021/05/04 13:22:15 Model Saved /models-vol/trained_model_0.001_0.4_192.pth...
2021/05/04 13:22:15 Results Saved /models-vol/results_dict_0.001_0.4_192.pkl...
2021/05/04 13:22:15 defaultdict(<class 'list'>, {'train_rmse': [0.47864, 0.46924, 0.46746, 0.46626, 0.46454, 0.46361, 0.46269, 0.46174, 0.46073, 0.45869, 0.4575, 0.45632], 'val_rmse': [0.40621, 0.40789, 0.40525, 0.40591, 0.40485, 0.40582, 0.40472, 0.4057, 0.40563, 0.40648, 0.40779, 0.40833], 'test_rmse': [0.47351, 0.47325, 0.47185, 0.47218, 0.47314, 0.47364, 0.47388, 0.47377, 0.47327, 0.47565, 0.47582, 0.47687]})
2021/05/04 13:22:15 Epoch 11, Loss 0.45632, valid loss 0.40833, time per epoch 3219.70319
2021/05/04 13:22:15 Epoch --> 12
2021/05/04 14:15:55 Model Saved /models-vol/trained_model_0.001_0.4_192.pth...
2021/05/04 14:15:55 Results Saved /models-vol/results_dict_0.001_0.4_192.pkl...
2021/05/04 14:15:55 defaultdict(<class 'list'>, {'train_rmse': [0.47864, 0.46924, 0.46746, 0.46626, 0.46454, 0.46361, 0.46269, 0.46174, 0.46073, 0.45869, 0.4575, 0.45632, 0.45509], 'val_rmse': [0.40621, 0.40789, 0.40525, 0.40591, 0.40485, 0.40582, 0.40472, 0.4057, 0.40563, 0.40648, 0.40779, 0.40833, 0.40719], 'test_rmse': [0.47351, 0.47325, 0.47185, 0.47218, 0.47314, 0.47364, 0.47388, 0.47377, 0.47327, 0.47565, 0.47582, 0.47687, 0.4766]})
2021/05/04 14:15:55 Epoch 12, Loss 0.45509, valid loss 0.40719, time per epoch 3219.96279
2021/05/04 14:15:55 Epoch --> 13
2021/05/04 15:09:45 Model Saved /models-vol/trained_model_0.001_0.4_192.pth...
2021/05/04 15:09:45 Results Saved /models-vol/results_dict_0.001_0.4_192.pkl...
2021/05/04 15:09:45 defaultdict(<class 'list'>, {'train_rmse': [0.47864, 0.46924, 0.46746, 0.46626, 0.46454, 0.46361, 0.46269, 0.46174, 0.46073, 0.45869, 0.4575, 0.45632, 0.45509, 0.45387], 'val_rmse': [0.40621, 0.40789, 0.40525, 0.40591, 0.40485, 0.40582, 0.40472, 0.4057, 0.40563, 0.40648, 0.40779, 0.40833, 0.40719, 0.40739], 'test_rmse': [0.47351, 0.47325, 0.47185, 0.47218, 0.47314, 0.47364, 0.47388, 0.47377, 0.47327, 0.47565, 0.47582, 0.47687, 0.4766, 0.47626]})
2021/05/04 15:09:45 Epoch 13, Loss 0.45387, valid loss 0.40739, time per epoch 3230.16677
2021/05/04 15:09:45 Epoch --> 14
2021/05/04 16:03:32 Model Saved /models-vol/trained_model_0.001_0.4_192.pth...
2021/05/04 16:03:32 Results Saved /models-vol/results_dict_0.001_0.4_192.pkl...
2021/05/04 16:03:32 defaultdict(<class 'list'>, {'train_rmse': [0.47864, 0.46924, 0.46746, 0.46626, 0.46454, 0.46361, 0.46269, 0.46174, 0.46073, 0.45869, 0.4575, 0.45632, 0.45509, 0.45387, 0.45141], 'val_rmse': [0.40621, 0.40789, 0.40525, 0.40591, 0.40485, 0.40582, 0.40472, 0.4057, 0.40563, 0.40648, 0.40779, 0.40833, 0.40719, 0.40739, 0.40866], 'test_rmse': [0.47351, 0.47325, 0.47185, 0.47218, 0.47314, 0.47364, 0.47388, 0.47377, 0.47327, 0.47565, 0.47582, 0.47687, 0.4766, 0.47626, 0.48018]})
2021/05/04 16:03:32 Epoch 14, Loss 0.45141, valid loss 0.40866, time per epoch 3226.90801
2021/05/04 16:03:32 Epoch --> 15
2021/05/04 16:57:28 Model Saved /models-vol/trained_model_0.001_0.4_192.pth...
2021/05/04 16:57:28 Results Saved /models-vol/results_dict_0.001_0.4_192.pkl...
2021/05/04 16:57:28 defaultdict(<class 'list'>, {'train_rmse': [0.47864, 0.46924, 0.46746, 0.46626, 0.46454, 0.46361, 0.46269, 0.46174, 0.46073, 0.45869, 0.4575, 0.45632, 0.45509, 0.45387, 0.45141, 0.44992], 'val_rmse': [0.40621, 0.40789, 0.40525, 0.40591, 0.40485, 0.40582, 0.40472, 0.4057, 0.40563, 0.40648, 0.40779, 0.40833, 0.40719, 0.40739, 0.40866, 0.40926], 'test_rmse': [0.47351, 0.47325, 0.47185, 0.47218, 0.47314, 0.47364, 0.47388, 0.47377, 0.47327, 0.47565, 0.47582, 0.47687, 0.4766, 0.47626, 0.48018, 0.48069]})
2021/05/04 16:57:28 Completed training current hyperparameters...
2021/05/04 16:57:28 Hyperparameters: learning rate 0.01, dropout rate 0.4, hidden dim 192
2021/05/04 16:57:31 Epoch --> 0
2021/05/04 17:51:24 Model Saved /models-vol/trained_model_0.01_0.4_192.pth...
2021/05/04 17:51:24 Results Saved /models-vol/results_dict_0.01_0.4_192.pkl...
2021/05/04 17:51:24 defaultdict(<class 'list'>, {'train_rmse': [0.51359], 'val_rmse': [0.40795], 'test_rmse': [0.47686]})
2021/05/04 17:51:24 Epoch 0, Loss 0.51359, valid loss 0.40795, time per epoch 3233.31215
2021/05/04 17:51:24 Epoch --> 1
2021/05/04 18:44:56 Model Saved /models-vol/trained_model_0.01_0.4_192.pth...
2021/05/04 18:44:56 Results Saved /models-vol/results_dict_0.01_0.4_192.pkl...
2021/05/04 18:44:56 defaultdict(<class 'list'>, {'train_rmse': [0.51359, 0.47436], 'val_rmse': [0.40795, 0.40895], 'test_rmse': [0.47686, 0.47327]})
2021/05/04 18:44:56 Epoch 1, Loss 0.47436, valid loss 0.40895, time per epoch 3212.54339
2021/05/04 18:44:56 Epoch --> 2
2021/05/04 19:38:49 Model Saved /models-vol/trained_model_0.01_0.4_192.pth...
2021/05/04 19:38:49 Results Saved /models-vol/results_dict_0.01_0.4_192.pkl...
2021/05/04 19:38:49 defaultdict(<class 'list'>, {'train_rmse': [0.51359, 0.47436, 0.47289], 'val_rmse': [0.40795, 0.40895, 0.40783], 'test_rmse': [0.47686, 0.47327, 0.47279]})
2021/05/04 19:38:49 Epoch 2, Loss 0.47289, valid loss 0.40783, time per epoch 3232.37343
2021/05/04 19:38:49 Epoch --> 3
2021/05/04 20:32:09 Model Saved /models-vol/trained_model_0.01_0.4_192.pth...
2021/05/04 20:32:09 Results Saved /models-vol/results_dict_0.01_0.4_192.pkl...
2021/05/04 20:32:09 defaultdict(<class 'list'>, {'train_rmse': [0.51359, 0.47436, 0.47289, 0.47407], 'val_rmse': [0.40795, 0.40895, 0.40783, 0.40732], 'test_rmse': [0.47686, 0.47327, 0.47279, 0.47478]})
2021/05/04 20:32:09 Epoch 3, Loss 0.47407, valid loss 0.40732, time per epoch 3200.04041
2021/05/04 20:32:09 Epoch --> 4
2021/05/04 21:25:40 Model Saved /models-vol/trained_model_0.01_0.4_192.pth...
2021/05/04 21:25:40 Results Saved /models-vol/results_dict_0.01_0.4_192.pkl...
2021/05/04 21:25:40 defaultdict(<class 'list'>, {'train_rmse': [0.51359, 0.47436, 0.47289, 0.47407, 0.47117], 'val_rmse': [0.40795, 0.40895, 0.40783, 0.40732, 0.40653], 'test_rmse': [0.47686, 0.47327, 0.47279, 0.47478, 0.47321]})
2021/05/04 21:25:40 Epoch 4, Loss 0.47117, valid loss 0.40653, time per epoch 3211.26999
2021/05/04 21:25:40 Epoch --> 5
2021/05/04 22:18:59 Model Saved /models-vol/trained_model_0.01_0.4_192.pth...
2021/05/04 22:18:59 Results Saved /models-vol/results_dict_0.01_0.4_192.pkl...
2021/05/04 22:18:59 defaultdict(<class 'list'>, {'train_rmse': [0.51359, 0.47436, 0.47289, 0.47407, 0.47117, 0.47089], 'val_rmse': [0.40795, 0.40895, 0.40783, 0.40732, 0.40653, 0.40669], 'test_rmse': [0.47686, 0.47327, 0.47279, 0.47478, 0.47321, 0.47431]})
2021/05/04 22:18:59 Epoch 5, Loss 0.47089, valid loss 0.40669, time per epoch 3199.36882
2021/05/04 22:18:59 Epoch --> 6
2021/05/04 23:12:16 Model Saved /models-vol/trained_model_0.01_0.4_192.pth...
2021/05/04 23:12:16 Results Saved /models-vol/results_dict_0.01_0.4_192.pkl...
2021/05/04 23:12:16 defaultdict(<class 'list'>, {'train_rmse': [0.51359, 0.47436, 0.47289, 0.47407, 0.47117, 0.47089, 0.47164], 'val_rmse': [0.40795, 0.40895, 0.40783, 0.40732, 0.40653, 0.40669, 0.41181], 'test_rmse': [0.47686, 0.47327, 0.47279, 0.47478, 0.47321, 0.47431, 0.47849]})
2021/05/04 23:12:16 Epoch 6, Loss 0.47164, valid loss 0.41181, time per epoch 3196.12841
2021/05/04 23:12:16 Epoch --> 7
2021/05/05 00:05:38 Model Saved /models-vol/trained_model_0.01_0.4_192.pth...
2021/05/05 00:05:38 Results Saved /models-vol/results_dict_0.01_0.4_192.pkl...
2021/05/05 00:05:38 defaultdict(<class 'list'>, {'train_rmse': [0.51359, 0.47436, 0.47289, 0.47407, 0.47117, 0.47089, 0.47164, 0.47992], 'val_rmse': [0.40795, 0.40895, 0.40783, 0.40732, 0.40653, 0.40669, 0.41181, 0.4171], 'test_rmse': [0.47686, 0.47327, 0.47279, 0.47478, 0.47321, 0.47431, 0.47849, 0.48269]})
2021/05/05 00:05:38 Epoch 7, Loss 0.47992, valid loss 0.4171, time per epoch 3202.14052
2021/05/05 00:05:38 Epoch --> 8
2021/05/05 00:58:37 Model Saved /models-vol/trained_model_0.01_0.4_192.pth...
2021/05/05 00:58:37 Results Saved /models-vol/results_dict_0.01_0.4_192.pkl...
2021/05/05 00:58:37 defaultdict(<class 'list'>, {'train_rmse': [0.51359, 0.47436, 0.47289, 0.47407, 0.47117, 0.47089, 0.47164, 0.47992, 0.4774], 'val_rmse': [0.40795, 0.40895, 0.40783, 0.40732, 0.40653, 0.40669, 0.41181, 0.4171, 0.40875], 'test_rmse': [0.47686, 0.47327, 0.47279, 0.47478, 0.47321, 0.47431, 0.47849, 0.48269, 0.47664]})
2021/05/05 00:58:37 Epoch 8, Loss 0.4774, valid loss 0.40875, time per epoch 3178.84424
2021/05/05 00:58:37 Epoch --> 9
2021/05/05 01:51:43 Model Saved /models-vol/trained_model_0.01_0.4_192.pth...
2021/05/05 01:51:43 Results Saved /models-vol/results_dict_0.01_0.4_192.pkl...
2021/05/05 01:51:43 defaultdict(<class 'list'>, {'train_rmse': [0.51359, 0.47436, 0.47289, 0.47407, 0.47117, 0.47089, 0.47164, 0.47992, 0.4774, 0.47477], 'val_rmse': [0.40795, 0.40895, 0.40783, 0.40732, 0.40653, 0.40669, 0.41181, 0.4171, 0.40875, 0.40897], 'test_rmse': [0.47686, 0.47327, 0.47279, 0.47478, 0.47321, 0.47431, 0.47849, 0.48269, 0.47664, 0.47636]})
2021/05/05 01:51:43 Epoch 9, Loss 0.47477, valid loss 0.40897, time per epoch 3186.45487
2021/05/05 01:51:43 Epoch --> 10
2021/05/05 02:45:10 Model Saved /models-vol/trained_model_0.01_0.4_192.pth...
2021/05/05 02:45:10 Results Saved /models-vol/results_dict_0.01_0.4_192.pkl...
2021/05/05 02:45:10 defaultdict(<class 'list'>, {'train_rmse': [0.51359, 0.47436, 0.47289, 0.47407, 0.47117, 0.47089, 0.47164, 0.47992, 0.4774, 0.47477, 0.47441], 'val_rmse': [0.40795, 0.40895, 0.40783, 0.40732, 0.40653, 0.40669, 0.41181, 0.4171, 0.40875, 0.40897, 0.40618], 'test_rmse': [0.47686, 0.47327, 0.47279, 0.47478, 0.47321, 0.47431, 0.47849, 0.48269, 0.47664, 0.47636, 0.4739]})
2021/05/05 02:45:10 Epoch 10, Loss 0.47441, valid loss 0.40618, time per epoch 3207.04224
2021/05/05 02:45:10 Epoch --> 11
2021/05/05 03:38:48 Model Saved /models-vol/trained_model_0.01_0.4_192.pth...
2021/05/05 03:38:48 Results Saved /models-vol/results_dict_0.01_0.4_192.pkl...
2021/05/05 03:38:48 defaultdict(<class 'list'>, {'train_rmse': [0.51359, 0.47436, 0.47289, 0.47407, 0.47117, 0.47089, 0.47164, 0.47992, 0.4774, 0.47477, 0.47441, 0.47339], 'val_rmse': [0.40795, 0.40895, 0.40783, 0.40732, 0.40653, 0.40669, 0.41181, 0.4171, 0.40875, 0.40897, 0.40618, 0.40868], 'test_rmse': [0.47686, 0.47327, 0.47279, 0.47478, 0.47321, 0.47431, 0.47849, 0.48269, 0.47664, 0.47636, 0.4739, 0.47698]})
2021/05/05 03:38:48 Epoch 11, Loss 0.47339, valid loss 0.40868, time per epoch 3217.54008
2021/05/05 03:38:48 Epoch --> 12
2021/05/05 04:32:03 Model Saved /models-vol/trained_model_0.01_0.4_192.pth...
2021/05/05 04:32:03 Results Saved /models-vol/results_dict_0.01_0.4_192.pkl...
2021/05/05 04:32:03 defaultdict(<class 'list'>, {'train_rmse': [0.51359, 0.47436, 0.47289, 0.47407, 0.47117, 0.47089, 0.47164, 0.47992, 0.4774, 0.47477, 0.47441, 0.47339, 0.47316], 'val_rmse': [0.40795, 0.40895, 0.40783, 0.40732, 0.40653, 0.40669, 0.41181, 0.4171, 0.40875, 0.40897, 0.40618, 0.40868, 0.40848], 'test_rmse': [0.47686, 0.47327, 0.47279, 0.47478, 0.47321, 0.47431, 0.47849, 0.48269, 0.47664, 0.47636, 0.4739, 0.47698, 0.4762]})
2021/05/05 04:32:03 Epoch 12, Loss 0.47316, valid loss 0.40848, time per epoch 3195.47731
2021/05/05 04:32:03 Epoch --> 13
2021/05/05 05:25:27 Model Saved /models-vol/trained_model_0.01_0.4_192.pth...
2021/05/05 05:25:27 Results Saved /models-vol/results_dict_0.01_0.4_192.pkl...
2021/05/05 05:25:27 defaultdict(<class 'list'>, {'train_rmse': [0.51359, 0.47436, 0.47289, 0.47407, 0.47117, 0.47089, 0.47164, 0.47992, 0.4774, 0.47477, 0.47441, 0.47339, 0.47316, 0.47277], 'val_rmse': [0.40795, 0.40895, 0.40783, 0.40732, 0.40653, 0.40669, 0.41181, 0.4171, 0.40875, 0.40897, 0.40618, 0.40868, 0.40848, 0.4091], 'test_rmse': [0.47686, 0.47327, 0.47279, 0.47478, 0.47321, 0.47431, 0.47849, 0.48269, 0.47664, 0.47636, 0.4739, 0.47698, 0.4762, 0.47656]})
2021/05/05 05:25:27 Epoch 13, Loss 0.47277, valid loss 0.4091, time per epoch 3203.69382
2021/05/05 05:25:27 Epoch --> 14
2021/05/05 06:19:02 Model Saved /models-vol/trained_model_0.01_0.4_192.pth...
2021/05/05 06:19:02 Results Saved /models-vol/results_dict_0.01_0.4_192.pkl...
2021/05/05 06:19:02 defaultdict(<class 'list'>, {'train_rmse': [0.51359, 0.47436, 0.47289, 0.47407, 0.47117, 0.47089, 0.47164, 0.47992, 0.4774, 0.47477, 0.47441, 0.47339, 0.47316, 0.47277, 0.47171], 'val_rmse': [0.40795, 0.40895, 0.40783, 0.40732, 0.40653, 0.40669, 0.41181, 0.4171, 0.40875, 0.40897, 0.40618, 0.40868, 0.40848, 0.4091, 0.40757], 'test_rmse': [0.47686, 0.47327, 0.47279, 0.47478, 0.47321, 0.47431, 0.47849, 0.48269, 0.47664, 0.47636, 0.4739, 0.47698, 0.4762, 0.47656, 0.4762]})
2021/05/05 06:19:02 Epoch 14, Loss 0.47171, valid loss 0.40757, time per epoch 3215.41121
2021/05/05 06:19:02 Epoch --> 15
2021/05/05 07:12:33 Model Saved /models-vol/trained_model_0.01_0.4_192.pth...
2021/05/05 07:12:33 Results Saved /models-vol/results_dict_0.01_0.4_192.pkl...
2021/05/05 07:12:33 defaultdict(<class 'list'>, {'train_rmse': [0.51359, 0.47436, 0.47289, 0.47407, 0.47117, 0.47089, 0.47164, 0.47992, 0.4774, 0.47477, 0.47441, 0.47339, 0.47316, 0.47277, 0.47171, 0.47171], 'val_rmse': [0.40795, 0.40895, 0.40783, 0.40732, 0.40653, 0.40669, 0.41181, 0.4171, 0.40875, 0.40897, 0.40618, 0.40868, 0.40848, 0.4091, 0.40757, 0.40608], 'test_rmse': [0.47686, 0.47327, 0.47279, 0.47478, 0.47321, 0.47431, 0.47849, 0.48269, 0.47664, 0.47636, 0.4739, 0.47698, 0.4762, 0.47656, 0.4762, 0.47396]})
2021/05/05 07:12:33 Epoch 15, Loss 0.47171, valid loss 0.40608, time per epoch 3210.87124
2021/05/05 07:12:33 Epoch --> 16
2021/05/05 08:05:45 Model Saved /models-vol/trained_model_0.01_0.4_192.pth...
2021/05/05 08:05:45 Results Saved /models-vol/results_dict_0.01_0.4_192.pkl...
2021/05/05 08:05:45 defaultdict(<class 'list'>, {'train_rmse': [0.51359, 0.47436, 0.47289, 0.47407, 0.47117, 0.47089, 0.47164, 0.47992, 0.4774, 0.47477, 0.47441, 0.47339, 0.47316, 0.47277, 0.47171, 0.47171, 0.47207], 'val_rmse': [0.40795, 0.40895, 0.40783, 0.40732, 0.40653, 0.40669, 0.41181, 0.4171, 0.40875, 0.40897, 0.40618, 0.40868, 0.40848, 0.4091, 0.40757, 0.40608, 0.40546], 'test_rmse': [0.47686, 0.47327, 0.47279, 0.47478, 0.47321, 0.47431, 0.47849, 0.48269, 0.47664, 0.47636, 0.4739, 0.47698, 0.4762, 0.47656, 0.4762, 0.47396, 0.47429]})
2021/05/05 08:05:45 Epoch 16, Loss 0.47207, valid loss 0.40546, time per epoch 3191.82461
2021/05/05 08:05:45 Epoch --> 17
2021/05/05 08:59:13 Model Saved /models-vol/trained_model_0.01_0.4_192.pth...
2021/05/05 08:59:13 Results Saved /models-vol/results_dict_0.01_0.4_192.pkl...
2021/05/05 08:59:13 defaultdict(<class 'list'>, {'train_rmse': [0.51359, 0.47436, 0.47289, 0.47407, 0.47117, 0.47089, 0.47164, 0.47992, 0.4774, 0.47477, 0.47441, 0.47339, 0.47316, 0.47277, 0.47171, 0.47171, 0.47207, 0.47139], 'val_rmse': [0.40795, 0.40895, 0.40783, 0.40732, 0.40653, 0.40669, 0.41181, 0.4171, 0.40875, 0.40897, 0.40618, 0.40868, 0.40848, 0.4091, 0.40757, 0.40608, 0.40546, 0.40596], 'test_rmse': [0.47686, 0.47327, 0.47279, 0.47478, 0.47321, 0.47431, 0.47849, 0.48269, 0.47664, 0.47636, 0.4739, 0.47698, 0.4762, 0.47656, 0.4762, 0.47396, 0.47429, 0.47424]})
2021/05/05 08:59:13 Epoch 17, Loss 0.47139, valid loss 0.40596, time per epoch 3208.43824
2021/05/05 08:59:13 Epoch --> 18
2021/05/05 09:52:23 Model Saved /models-vol/trained_model_0.01_0.4_192.pth...
2021/05/05 09:52:23 Results Saved /models-vol/results_dict_0.01_0.4_192.pkl...
2021/05/05 09:52:23 defaultdict(<class 'list'>, {'train_rmse': [0.51359, 0.47436, 0.47289, 0.47407, 0.47117, 0.47089, 0.47164, 0.47992, 0.4774, 0.47477, 0.47441, 0.47339, 0.47316, 0.47277, 0.47171, 0.47171, 0.47207, 0.47139, 0.47189], 'val_rmse': [0.40795, 0.40895, 0.40783, 0.40732, 0.40653, 0.40669, 0.41181, 0.4171, 0.40875, 0.40897, 0.40618, 0.40868, 0.40848, 0.4091, 0.40757, 0.40608, 0.40546, 0.40596, 0.40673], 'test_rmse': [0.47686, 0.47327, 0.47279, 0.47478, 0.47321, 0.47431, 0.47849, 0.48269, 0.47664, 0.47636, 0.4739, 0.47698, 0.4762, 0.47656, 0.4762, 0.47396, 0.47429, 0.47424, 0.47489]})
2021/05/05 09:52:23 Epoch 18, Loss 0.47189, valid loss 0.40673, time per epoch 3189.92873
2021/05/05 09:52:23 Epoch --> 19
2021/05/05 10:46:05 Model Saved /models-vol/trained_model_0.01_0.4_192.pth...
2021/05/05 10:46:05 Results Saved /models-vol/results_dict_0.01_0.4_192.pkl...
2021/05/05 10:46:05 defaultdict(<class 'list'>, {'train_rmse': [0.51359, 0.47436, 0.47289, 0.47407, 0.47117, 0.47089, 0.47164, 0.47992, 0.4774, 0.47477, 0.47441, 0.47339, 0.47316, 0.47277, 0.47171, 0.47171, 0.47207, 0.47139, 0.47189, 0.47071], 'val_rmse': [0.40795, 0.40895, 0.40783, 0.40732, 0.40653, 0.40669, 0.41181, 0.4171, 0.40875, 0.40897, 0.40618, 0.40868, 0.40848, 0.4091, 0.40757, 0.40608, 0.40546, 0.40596, 0.40673, 0.40874], 'test_rmse': [0.47686, 0.47327, 0.47279, 0.47478, 0.47321, 0.47431, 0.47849, 0.48269, 0.47664, 0.47636, 0.4739, 0.47698, 0.4762, 0.47656, 0.4762, 0.47396, 0.47429, 0.47424, 0.47489, 0.47834]})
2021/05/05 10:46:05 Epoch 19, Loss 0.47071, valid loss 0.40874, time per epoch 3222.17152
2021/05/05 10:46:05 Epoch --> 20
2021/05/05 11:39:43 Model Saved /models-vol/trained_model_0.01_0.4_192.pth...
2021/05/05 11:39:43 Results Saved /models-vol/results_dict_0.01_0.4_192.pkl...
2021/05/05 11:39:43 defaultdict(<class 'list'>, {'train_rmse': [0.51359, 0.47436, 0.47289, 0.47407, 0.47117, 0.47089, 0.47164, 0.47992, 0.4774, 0.47477, 0.47441, 0.47339, 0.47316, 0.47277, 0.47171, 0.47171, 0.47207, 0.47139, 0.47189, 0.47071, 0.47062], 'val_rmse': [0.40795, 0.40895, 0.40783, 0.40732, 0.40653, 0.40669, 0.41181, 0.4171, 0.40875, 0.40897, 0.40618, 0.40868, 0.40848, 0.4091, 0.40757, 0.40608, 0.40546, 0.40596, 0.40673, 0.40874, 0.40517], 'test_rmse': [0.47686, 0.47327, 0.47279, 0.47478, 0.47321, 0.47431, 0.47849, 0.48269, 0.47664, 0.47636, 0.4739, 0.47698, 0.4762, 0.47656, 0.4762, 0.47396, 0.47429, 0.47424, 0.47489, 0.47834, 0.47348]})
2021/05/05 11:39:43 Epoch 20, Loss 0.47062, valid loss 0.40517, time per epoch 3217.62367
2021/05/05 11:39:43 Epoch --> 21
2021/05/05 12:33:03 Model Saved /models-vol/trained_model_0.01_0.4_192.pth...
2021/05/05 12:33:03 Results Saved /models-vol/results_dict_0.01_0.4_192.pkl...
2021/05/05 12:33:03 defaultdict(<class 'list'>, {'train_rmse': [0.51359, 0.47436, 0.47289, 0.47407, 0.47117, 0.47089, 0.47164, 0.47992, 0.4774, 0.47477, 0.47441, 0.47339, 0.47316, 0.47277, 0.47171, 0.47171, 0.47207, 0.47139, 0.47189, 0.47071, 0.47062, 0.47064], 'val_rmse': [0.40795, 0.40895, 0.40783, 0.40732, 0.40653, 0.40669, 0.41181, 0.4171, 0.40875, 0.40897, 0.40618, 0.40868, 0.40848, 0.4091, 0.40757, 0.40608, 0.40546, 0.40596, 0.40673, 0.40874, 0.40517, 0.40632], 'test_rmse': [0.47686, 0.47327, 0.47279, 0.47478, 0.47321, 0.47431, 0.47849, 0.48269, 0.47664, 0.47636, 0.4739, 0.47698, 0.4762, 0.47656, 0.4762, 0.47396, 0.47429, 0.47424, 0.47489, 0.47834, 0.47348, 0.47459]})
2021/05/05 12:33:03 Epoch 21, Loss 0.47064, valid loss 0.40632, time per epoch 3199.66306
2021/05/05 12:33:03 Epoch --> 22
2021/05/05 13:26:22 Model Saved /models-vol/trained_model_0.01_0.4_192.pth...
2021/05/05 13:26:22 Results Saved /models-vol/results_dict_0.01_0.4_192.pkl...
2021/05/05 13:26:22 defaultdict(<class 'list'>, {'train_rmse': [0.51359, 0.47436, 0.47289, 0.47407, 0.47117, 0.47089, 0.47164, 0.47992, 0.4774, 0.47477, 0.47441, 0.47339, 0.47316, 0.47277, 0.47171, 0.47171, 0.47207, 0.47139, 0.47189, 0.47071, 0.47062, 0.47064, 0.47031], 'val_rmse': [0.40795, 0.40895, 0.40783, 0.40732, 0.40653, 0.40669, 0.41181, 0.4171, 0.40875, 0.40897, 0.40618, 0.40868, 0.40848, 0.4091, 0.40757, 0.40608, 0.40546, 0.40596, 0.40673, 0.40874, 0.40517, 0.40632, 0.405], 'test_rmse': [0.47686, 0.47327, 0.47279, 0.47478, 0.47321, 0.47431, 0.47849, 0.48269, 0.47664, 0.47636, 0.4739, 0.47698, 0.4762, 0.47656, 0.4762, 0.47396, 0.47429, 0.47424, 0.47489, 0.47834, 0.47348, 0.47459, 0.47306]})
2021/05/05 13:26:22 Epoch 22, Loss 0.47031, valid loss 0.405, time per epoch 3198.93164
2021/05/05 13:26:22 Epoch --> 23
2021/05/05 14:19:39 Model Saved /models-vol/trained_model_0.01_0.4_192.pth...
2021/05/05 14:19:39 Results Saved /models-vol/results_dict_0.01_0.4_192.pkl...
2021/05/05 14:19:39 defaultdict(<class 'list'>, {'train_rmse': [0.51359, 0.47436, 0.47289, 0.47407, 0.47117, 0.47089, 0.47164, 0.47992, 0.4774, 0.47477, 0.47441, 0.47339, 0.47316, 0.47277, 0.47171, 0.47171, 0.47207, 0.47139, 0.47189, 0.47071, 0.47062, 0.47064, 0.47031, 0.47014], 'val_rmse': [0.40795, 0.40895, 0.40783, 0.40732, 0.40653, 0.40669, 0.41181, 0.4171, 0.40875, 0.40897, 0.40618, 0.40868, 0.40848, 0.4091, 0.40757, 0.40608, 0.40546, 0.40596, 0.40673, 0.40874, 0.40517, 0.40632, 0.405, 0.40526], 'test_rmse': [0.47686, 0.47327, 0.47279, 0.47478, 0.47321, 0.47431, 0.47849, 0.48269, 0.47664, 0.47636, 0.4739, 0.47698, 0.4762, 0.47656, 0.4762, 0.47396, 0.47429, 0.47424, 0.47489, 0.47834, 0.47348, 0.47459, 0.47306, 0.47307]})
2021/05/05 14:19:39 Epoch 23, Loss 0.47014, valid loss 0.40526, time per epoch 3197.34037
2021/05/05 14:19:39 Epoch --> 24
2021/05/05 15:13:26 Model Saved /models-vol/trained_model_0.01_0.4_192.pth...
2021/05/05 15:13:26 Results Saved /models-vol/results_dict_0.01_0.4_192.pkl...
2021/05/05 15:13:26 defaultdict(<class 'list'>, {'train_rmse': [0.51359, 0.47436, 0.47289, 0.47407, 0.47117, 0.47089, 0.47164, 0.47992, 0.4774, 0.47477, 0.47441, 0.47339, 0.47316, 0.47277, 0.47171, 0.47171, 0.47207, 0.47139, 0.47189, 0.47071, 0.47062, 0.47064, 0.47031, 0.47014, 0.46939], 'val_rmse': [0.40795, 0.40895, 0.40783, 0.40732, 0.40653, 0.40669, 0.41181, 0.4171, 0.40875, 0.40897, 0.40618, 0.40868, 0.40848, 0.4091, 0.40757, 0.40608, 0.40546, 0.40596, 0.40673, 0.40874, 0.40517, 0.40632, 0.405, 0.40526, 0.40518], 'test_rmse': [0.47686, 0.47327, 0.47279, 0.47478, 0.47321, 0.47431, 0.47849, 0.48269, 0.47664, 0.47636, 0.4739, 0.47698, 0.4762, 0.47656, 0.4762, 0.47396, 0.47429, 0.47424, 0.47489, 0.47834, 0.47348, 0.47459, 0.47306, 0.47307, 0.47271]})
2021/05/05 15:13:26 Epoch 24, Loss 0.46939, valid loss 0.40518, time per epoch 3227.24007
2021/05/05 15:13:26 Epoch --> 25
2021/05/05 16:06:13 Model Saved /models-vol/trained_model_0.01_0.4_192.pth...
2021/05/05 16:06:13 Results Saved /models-vol/results_dict_0.01_0.4_192.pkl...
2021/05/05 16:06:13 defaultdict(<class 'list'>, {'train_rmse': [0.51359, 0.47436, 0.47289, 0.47407, 0.47117, 0.47089, 0.47164, 0.47992, 0.4774, 0.47477, 0.47441, 0.47339, 0.47316, 0.47277, 0.47171, 0.47171, 0.47207, 0.47139, 0.47189, 0.47071, 0.47062, 0.47064, 0.47031, 0.47014, 0.46939, 0.46934], 'val_rmse': [0.40795, 0.40895, 0.40783, 0.40732, 0.40653, 0.40669, 0.41181, 0.4171, 0.40875, 0.40897, 0.40618, 0.40868, 0.40848, 0.4091, 0.40757, 0.40608, 0.40546, 0.40596, 0.40673, 0.40874, 0.40517, 0.40632, 0.405, 0.40526, 0.40518, 0.40607], 'test_rmse': [0.47686, 0.47327, 0.47279, 0.47478, 0.47321, 0.47431, 0.47849, 0.48269, 0.47664, 0.47636, 0.4739, 0.47698, 0.4762, 0.47656, 0.4762, 0.47396, 0.47429, 0.47424, 0.47489, 0.47834, 0.47348, 0.47459, 0.47306, 0.47307, 0.47271, 0.47322]})
2021/05/05 16:06:13 Epoch 25, Loss 0.46934, valid loss 0.40607, time per epoch 3166.5887
2021/05/05 16:06:13 Epoch --> 26