
2021/05/02 22:24:01 cuda:0
2021/05/02 22:24:01 ####################################################################################################
2021/05/02 22:24:01 Code Started...
2021/05/02 22:25:15 sample size 16618280, train val size 13294624, train size 11632796, val size 1661828, test size 3323656
2021/05/02 22:25:18 Hyperparameters: learning rate 0.01, dropout rate 0.4, hidden dim 256
2021/05/02 22:25:23 Epoch --> 0
2021/05/02 23:26:06 Model Saved /models-vol3/trained_model_0.01_0.4_256.pth...
2021/05/02 23:26:06 Results Saved /models-vol3/results_dict_0.01_0.4_256.pkl...
2021/05/02 23:26:06 defaultdict(<class 'list'>, {'train_rmse': [0.52983], 'val_rmse': [0.42236], 'test_rmse': [0.48896]})
2021/05/02 23:26:06 Epoch 0, Loss 0.52983, valid loss 0.42236, time per epoch 3642.57437
2021/05/02 23:26:06 Epoch --> 1
2021/05/03 00:27:25 Model Saved /models-vol3/trained_model_0.01_0.4_256.pth...
2021/05/03 00:27:25 Results Saved /models-vol3/results_dict_0.01_0.4_256.pkl...
2021/05/03 00:27:25 defaultdict(<class 'list'>, {'train_rmse': [0.52983, 0.47629], 'val_rmse': [0.42236, 0.40696], 'test_rmse': [0.48896, 0.47655]})
2021/05/03 00:27:25 Epoch 1, Loss 0.47629, valid loss 0.40696, time per epoch 3679.64094
2021/05/03 00:27:25 Epoch --> 2
2021/05/03 01:28:07 Model Saved /models-vol3/trained_model_0.01_0.4_256.pth...
2021/05/03 01:28:07 Results Saved /models-vol3/results_dict_0.01_0.4_256.pkl...
2021/05/03 01:28:07 defaultdict(<class 'list'>, {'train_rmse': [0.52983, 0.47629, 0.47433], 'val_rmse': [0.42236, 0.40696, 0.40675], 'test_rmse': [0.48896, 0.47655, 0.47554]})
2021/05/03 01:28:07 Epoch 2, Loss 0.47433, valid loss 0.40675, time per epoch 3641.43758
2021/05/03 01:28:07 Epoch --> 3
2021/05/03 02:27:43 Model Saved /models-vol3/trained_model_0.01_0.4_256.pth...
2021/05/03 02:27:43 Results Saved /models-vol3/results_dict_0.01_0.4_256.pkl...
2021/05/03 02:27:43 defaultdict(<class 'list'>, {'train_rmse': [0.52983, 0.47629, 0.47433, 0.47407], 'val_rmse': [0.42236, 0.40696, 0.40675, 0.40728], 'test_rmse': [0.48896, 0.47655, 0.47554, 0.47541]})
2021/05/03 02:27:43 Epoch 3, Loss 0.47407, valid loss 0.40728, time per epoch 3575.84779
2021/05/03 02:27:43 Epoch --> 4
2021/05/03 03:27:23 Model Saved /models-vol3/trained_model_0.01_0.4_256.pth...
2021/05/03 03:27:23 Results Saved /models-vol3/results_dict_0.01_0.4_256.pkl...
2021/05/03 03:27:23 defaultdict(<class 'list'>, {'train_rmse': [0.52983, 0.47629, 0.47433, 0.47407, 0.47244], 'val_rmse': [0.42236, 0.40696, 0.40675, 0.40728, 0.4063], 'test_rmse': [0.48896, 0.47655, 0.47554, 0.47541, 0.47255]})
2021/05/03 03:27:23 Epoch 4, Loss 0.47244, valid loss 0.4063, time per epoch 3580.1625
2021/05/03 03:27:23 Epoch --> 5
2021/05/03 04:26:55 Model Saved /models-vol3/trained_model_0.01_0.4_256.pth...
2021/05/03 04:26:55 Results Saved /models-vol3/results_dict_0.01_0.4_256.pkl...
2021/05/03 04:26:55 defaultdict(<class 'list'>, {'train_rmse': [0.52983, 0.47629, 0.47433, 0.47407, 0.47244, 0.47163], 'val_rmse': [0.42236, 0.40696, 0.40675, 0.40728, 0.4063, 0.4077], 'test_rmse': [0.48896, 0.47655, 0.47554, 0.47541, 0.47255, 0.47392]})
2021/05/03 04:26:55 Epoch 5, Loss 0.47163, valid loss 0.4077, time per epoch 3571.88239
2021/05/03 04:26:55 Epoch --> 6
2021/05/03 05:26:52 Model Saved /models-vol3/trained_model_0.01_0.4_256.pth...
2021/05/03 05:26:52 Results Saved /models-vol3/results_dict_0.01_0.4_256.pkl...
2021/05/03 05:26:52 defaultdict(<class 'list'>, {'train_rmse': [0.52983, 0.47629, 0.47433, 0.47407, 0.47244, 0.47163, 0.47203], 'val_rmse': [0.42236, 0.40696, 0.40675, 0.40728, 0.4063, 0.4077, 0.40911], 'test_rmse': [0.48896, 0.47655, 0.47554, 0.47541, 0.47255, 0.47392, 0.47882]})
2021/05/03 05:26:52 Epoch 6, Loss 0.47203, valid loss 0.40911, time per epoch 3597.87501
2021/05/03 05:26:52 Epoch --> 7
2021/05/03 06:26:49 Model Saved /models-vol3/trained_model_0.01_0.4_256.pth...
2021/05/03 06:26:49 Results Saved /models-vol3/results_dict_0.01_0.4_256.pkl...
2021/05/03 06:26:49 defaultdict(<class 'list'>, {'train_rmse': [0.52983, 0.47629, 0.47433, 0.47407, 0.47244, 0.47163, 0.47203, 0.4722], 'val_rmse': [0.42236, 0.40696, 0.40675, 0.40728, 0.4063, 0.4077, 0.40911, 0.40827], 'test_rmse': [0.48896, 0.47655, 0.47554, 0.47541, 0.47255, 0.47392, 0.47882, 0.47466]})
2021/05/03 06:26:49 Epoch 7, Loss 0.4722, valid loss 0.40827, time per epoch 3596.76856
2021/05/03 06:26:49 Epoch --> 8
2021/05/03 07:26:51 Model Saved /models-vol3/trained_model_0.01_0.4_256.pth...
2021/05/03 07:26:51 Results Saved /models-vol3/results_dict_0.01_0.4_256.pkl...
2021/05/03 07:26:51 defaultdict(<class 'list'>, {'train_rmse': [0.52983, 0.47629, 0.47433, 0.47407, 0.47244, 0.47163, 0.47203, 0.4722, 0.47338], 'val_rmse': [0.42236, 0.40696, 0.40675, 0.40728, 0.4063, 0.4077, 0.40911, 0.40827, 0.41031], 'test_rmse': [0.48896, 0.47655, 0.47554, 0.47541, 0.47255, 0.47392, 0.47882, 0.47466, 0.47804]})
2021/05/03 07:26:51 Epoch 8, Loss 0.47338, valid loss 0.41031, time per epoch 3601.84978
2021/05/03 07:26:51 Epoch --> 9
2021/05/03 08:26:33 Model Saved /models-vol3/trained_model_0.01_0.4_256.pth...
2021/05/03 08:26:33 Results Saved /models-vol3/results_dict_0.01_0.4_256.pkl...
2021/05/03 08:26:33 defaultdict(<class 'list'>, {'train_rmse': [0.52983, 0.47629, 0.47433, 0.47407, 0.47244, 0.47163, 0.47203, 0.4722, 0.47338, 0.47097], 'val_rmse': [0.42236, 0.40696, 0.40675, 0.40728, 0.4063, 0.4077, 0.40911, 0.40827, 0.41031, 0.40675], 'test_rmse': [0.48896, 0.47655, 0.47554, 0.47541, 0.47255, 0.47392, 0.47882, 0.47466, 0.47804, 0.47378]})
2021/05/03 08:26:33 Epoch 9, Loss 0.47097, valid loss 0.40675, time per epoch 3581.46971
2021/05/03 08:26:33 Epoch --> 10
2021/05/03 09:26:11 Model Saved /models-vol3/trained_model_0.01_0.4_256.pth...
2021/05/03 09:26:11 Results Saved /models-vol3/results_dict_0.01_0.4_256.pkl...
2021/05/03 09:26:11 defaultdict(<class 'list'>, {'train_rmse': [0.52983, 0.47629, 0.47433, 0.47407, 0.47244, 0.47163, 0.47203, 0.4722, 0.47338, 0.47097, 0.47127], 'val_rmse': [0.42236, 0.40696, 0.40675, 0.40728, 0.4063, 0.4077, 0.40911, 0.40827, 0.41031, 0.40675, 0.40773], 'test_rmse': [0.48896, 0.47655, 0.47554, 0.47541, 0.47255, 0.47392, 0.47882, 0.47466, 0.47804, 0.47378, 0.47616]})
2021/05/03 09:26:11 Epoch 10, Loss 0.47127, valid loss 0.40773, time per epoch 3578.64544
2021/05/03 09:26:11 Epoch --> 11
2021/05/03 10:25:48 Model Saved /models-vol3/trained_model_0.01_0.4_256.pth...
2021/05/03 10:25:48 Results Saved /models-vol3/results_dict_0.01_0.4_256.pkl...
2021/05/03 10:25:48 defaultdict(<class 'list'>, {'train_rmse': [0.52983, 0.47629, 0.47433, 0.47407, 0.47244, 0.47163, 0.47203, 0.4722, 0.47338, 0.47097, 0.47127, 0.47084], 'val_rmse': [0.42236, 0.40696, 0.40675, 0.40728, 0.4063, 0.4077, 0.40911, 0.40827, 0.41031, 0.40675, 0.40773, 0.40763], 'test_rmse': [0.48896, 0.47655, 0.47554, 0.47541, 0.47255, 0.47392, 0.47882, 0.47466, 0.47804, 0.47378, 0.47616, 0.47523]})
2021/05/03 10:25:48 Epoch 11, Loss 0.47084, valid loss 0.40763, time per epoch 3576.9592
2021/05/03 10:25:48 Epoch --> 12
2021/05/03 11:25:47 Model Saved /models-vol3/trained_model_0.01_0.4_256.pth...
2021/05/03 11:25:47 Results Saved /models-vol3/results_dict_0.01_0.4_256.pkl...
2021/05/03 11:25:47 defaultdict(<class 'list'>, {'train_rmse': [0.52983, 0.47629, 0.47433, 0.47407, 0.47244, 0.47163, 0.47203, 0.4722, 0.47338, 0.47097, 0.47127, 0.47084, 0.4733], 'val_rmse': [0.42236, 0.40696, 0.40675, 0.40728, 0.4063, 0.4077, 0.40911, 0.40827, 0.41031, 0.40675, 0.40773, 0.40763, 0.40734], 'test_rmse': [0.48896, 0.47655, 0.47554, 0.47541, 0.47255, 0.47392, 0.47882, 0.47466, 0.47804, 0.47378, 0.47616, 0.47523, 0.47502]})
2021/05/03 11:25:47 Epoch 12, Loss 0.4733, valid loss 0.40734, time per epoch 3598.72904
2021/05/03 11:25:47 Epoch --> 13
2021/05/03 12:25:42 Model Saved /models-vol3/trained_model_0.01_0.4_256.pth...
2021/05/03 12:25:42 Results Saved /models-vol3/results_dict_0.01_0.4_256.pkl...
2021/05/03 12:25:42 defaultdict(<class 'list'>, {'train_rmse': [0.52983, 0.47629, 0.47433, 0.47407, 0.47244, 0.47163, 0.47203, 0.4722, 0.47338, 0.47097, 0.47127, 0.47084, 0.4733, 0.47277], 'val_rmse': [0.42236, 0.40696, 0.40675, 0.40728, 0.4063, 0.4077, 0.40911, 0.40827, 0.41031, 0.40675, 0.40773, 0.40763, 0.40734, 0.40898], 'test_rmse': [0.48896, 0.47655, 0.47554, 0.47541, 0.47255, 0.47392, 0.47882, 0.47466, 0.47804, 0.47378, 0.47616, 0.47523, 0.47502, 0.47597]})
2021/05/03 12:25:42 Epoch 13, Loss 0.47277, valid loss 0.40898, time per epoch 3595.13757
2021/05/03 12:25:42 Epoch --> 14
2021/05/03 13:25:15 Model Saved /models-vol3/trained_model_0.01_0.4_256.pth...
2021/05/03 13:25:15 Results Saved /models-vol3/results_dict_0.01_0.4_256.pkl...
2021/05/03 13:25:15 defaultdict(<class 'list'>, {'train_rmse': [0.52983, 0.47629, 0.47433, 0.47407, 0.47244, 0.47163, 0.47203, 0.4722, 0.47338, 0.47097, 0.47127, 0.47084, 0.4733, 0.47277, 0.47012], 'val_rmse': [0.42236, 0.40696, 0.40675, 0.40728, 0.4063, 0.4077, 0.40911, 0.40827, 0.41031, 0.40675, 0.40773, 0.40763, 0.40734, 0.40898, 0.40583], 'test_rmse': [0.48896, 0.47655, 0.47554, 0.47541, 0.47255, 0.47392, 0.47882, 0.47466, 0.47804, 0.47378, 0.47616, 0.47523, 0.47502, 0.47597, 0.47403]})
2021/05/03 13:25:15 Epoch 14, Loss 0.47012, valid loss 0.40583, time per epoch 3572.81349
2021/05/03 13:25:15 Epoch --> 15
2021/05/03 14:24:50 Model Saved /models-vol3/trained_model_0.01_0.4_256.pth...
2021/05/03 14:24:50 Results Saved /models-vol3/results_dict_0.01_0.4_256.pkl...
2021/05/03 14:24:50 defaultdict(<class 'list'>, {'train_rmse': [0.52983, 0.47629, 0.47433, 0.47407, 0.47244, 0.47163, 0.47203, 0.4722, 0.47338, 0.47097, 0.47127, 0.47084, 0.4733, 0.47277, 0.47012, 0.47005], 'val_rmse': [0.42236, 0.40696, 0.40675, 0.40728, 0.4063, 0.4077, 0.40911, 0.40827, 0.41031, 0.40675, 0.40773, 0.40763, 0.40734, 0.40898, 0.40583, 0.40547], 'test_rmse': [0.48896, 0.47655, 0.47554, 0.47541, 0.47255, 0.47392, 0.47882, 0.47466, 0.47804, 0.47378, 0.47616, 0.47523, 0.47502, 0.47597, 0.47403, 0.47481]})
2021/05/03 14:24:50 Epoch 15, Loss 0.47005, valid loss 0.40547, time per epoch 3575.51819
2021/05/03 14:24:50 Epoch --> 16
2021/05/03 15:24:46 Model Saved /models-vol3/trained_model_0.01_0.4_256.pth...
2021/05/03 15:24:46 Results Saved /models-vol3/results_dict_0.01_0.4_256.pkl...
2021/05/03 15:24:46 defaultdict(<class 'list'>, {'train_rmse': [0.52983, 0.47629, 0.47433, 0.47407, 0.47244, 0.47163, 0.47203, 0.4722, 0.47338, 0.47097, 0.47127, 0.47084, 0.4733, 0.47277, 0.47012, 0.47005, 0.47629], 'val_rmse': [0.42236, 0.40696, 0.40675, 0.40728, 0.4063, 0.4077, 0.40911, 0.40827, 0.41031, 0.40675, 0.40773, 0.40763, 0.40734, 0.40898, 0.40583, 0.40547, 0.41203], 'test_rmse': [0.48896, 0.47655, 0.47554, 0.47541, 0.47255, 0.47392, 0.47882, 0.47466, 0.47804, 0.47378, 0.47616, 0.47523, 0.47502, 0.47597, 0.47403, 0.47481, 0.47857]})
2021/05/03 15:24:46 Epoch 16, Loss 0.47629, valid loss 0.41203, time per epoch 3595.18802
2021/05/03 15:24:46 Epoch --> 17
2021/05/03 16:24:46 Model Saved /models-vol3/trained_model_0.01_0.4_256.pth...
2021/05/03 16:24:46 Results Saved /models-vol3/results_dict_0.01_0.4_256.pkl...
2021/05/03 16:24:46 defaultdict(<class 'list'>, {'train_rmse': [0.52983, 0.47629, 0.47433, 0.47407, 0.47244, 0.47163, 0.47203, 0.4722, 0.47338, 0.47097, 0.47127, 0.47084, 0.4733, 0.47277, 0.47012, 0.47005, 0.47629, 0.47546], 'val_rmse': [0.42236, 0.40696, 0.40675, 0.40728, 0.4063, 0.4077, 0.40911, 0.40827, 0.41031, 0.40675, 0.40773, 0.40763, 0.40734, 0.40898, 0.40583, 0.40547, 0.41203, 0.40939], 'test_rmse': [0.48896, 0.47655, 0.47554, 0.47541, 0.47255, 0.47392, 0.47882, 0.47466, 0.47804, 0.47378, 0.47616, 0.47523, 0.47502, 0.47597, 0.47403, 0.47481, 0.47857, 0.47497]})
2021/05/03 16:24:46 Completed training current hyperparameters...
2021/05/03 16:24:46 Hyperparameters: learning rate 0.01, dropout rate 0.4, hidden dim 320
2021/05/03 16:24:48 Epoch --> 0
2021/05/03 17:25:47 Model Saved /models-vol3/trained_model_0.01_0.4_320.pth...
2021/05/03 17:25:47 Results Saved /models-vol3/results_dict_0.01_0.4_320.pkl...
2021/05/03 17:25:47 defaultdict(<class 'list'>, {'train_rmse': [0.6099], 'val_rmse': [0.41659], 'test_rmse': [0.48326]})
2021/05/03 17:25:47 Epoch 0, Loss 0.6099, valid loss 0.41659, time per epoch 3658.37553
2021/05/03 17:25:47 Epoch --> 1
2021/05/03 18:27:02 Model Saved /models-vol3/trained_model_0.01_0.4_320.pth...
2021/05/03 18:27:02 Results Saved /models-vol3/results_dict_0.01_0.4_320.pkl...
2021/05/03 18:27:02 defaultdict(<class 'list'>, {'train_rmse': [0.6099, 0.47754], 'val_rmse': [0.41659, 0.4115], 'test_rmse': [0.48326, 0.47719]})
2021/05/03 18:27:02 Epoch 1, Loss 0.47754, valid loss 0.4115, time per epoch 3674.99041
2021/05/03 18:27:02 Epoch --> 2
2021/05/03 19:28:36 Model Saved /models-vol3/trained_model_0.01_0.4_320.pth...
2021/05/03 19:28:36 Results Saved /models-vol3/results_dict_0.01_0.4_320.pkl...
2021/05/03 19:28:36 defaultdict(<class 'list'>, {'train_rmse': [0.6099, 0.47754, 0.47512], 'val_rmse': [0.41659, 0.4115, 0.40758], 'test_rmse': [0.48326, 0.47719, 0.47683]})
2021/05/03 19:28:36 Epoch 2, Loss 0.47512, valid loss 0.40758, time per epoch 3694.18726
2021/05/03 19:28:36 Epoch --> 3
2021/05/03 20:30:03 Model Saved /models-vol3/trained_model_0.01_0.4_320.pth...
2021/05/03 20:30:03 Results Saved /models-vol3/results_dict_0.01_0.4_320.pkl...
2021/05/03 20:30:03 defaultdict(<class 'list'>, {'train_rmse': [0.6099, 0.47754, 0.47512, 0.47405], 'val_rmse': [0.41659, 0.4115, 0.40758, 0.40762], 'test_rmse': [0.48326, 0.47719, 0.47683, 0.47488]})
2021/05/03 20:30:03 Epoch 3, Loss 0.47405, valid loss 0.40762, time per epoch 3687.30392
2021/05/03 20:30:03 Epoch --> 4
2021/05/03 21:31:10 Model Saved /models-vol3/trained_model_0.01_0.4_320.pth...
2021/05/03 21:31:10 Results Saved /models-vol3/results_dict_0.01_0.4_320.pkl...
2021/05/03 21:31:10 defaultdict(<class 'list'>, {'train_rmse': [0.6099, 0.47754, 0.47512, 0.47405, 0.47236], 'val_rmse': [0.41659, 0.4115, 0.40758, 0.40762, 0.4096], 'test_rmse': [0.48326, 0.47719, 0.47683, 0.47488, 0.4768]})
2021/05/03 21:31:10 Epoch 4, Loss 0.47236, valid loss 0.4096, time per epoch 3666.54529
2021/05/03 21:31:10 Epoch --> 5
2021/05/03 22:32:11 Model Saved /models-vol3/trained_model_0.01_0.4_320.pth...
2021/05/03 22:32:11 Results Saved /models-vol3/results_dict_0.01_0.4_320.pkl...
2021/05/03 22:32:11 defaultdict(<class 'list'>, {'train_rmse': [0.6099, 0.47754, 0.47512, 0.47405, 0.47236, 0.472], 'val_rmse': [0.41659, 0.4115, 0.40758, 0.40762, 0.4096, 0.4085], 'test_rmse': [0.48326, 0.47719, 0.47683, 0.47488, 0.4768, 0.47706]})
2021/05/03 22:32:11 Epoch 5, Loss 0.472, valid loss 0.4085, time per epoch 3660.89226
2021/05/03 22:32:11 Epoch --> 6
2021/05/03 23:33:09 Model Saved /models-vol3/trained_model_0.01_0.4_320.pth...
2021/05/03 23:33:09 Results Saved /models-vol3/results_dict_0.01_0.4_320.pkl...
2021/05/03 23:33:09 defaultdict(<class 'list'>, {'train_rmse': [0.6099, 0.47754, 0.47512, 0.47405, 0.47236, 0.472, 0.47685], 'val_rmse': [0.41659, 0.4115, 0.40758, 0.40762, 0.4096, 0.4085, 0.41064], 'test_rmse': [0.48326, 0.47719, 0.47683, 0.47488, 0.4768, 0.47706, 0.47854]})
2021/05/03 23:33:09 Epoch 6, Loss 0.47685, valid loss 0.41064, time per epoch 3658.63396
2021/05/03 23:33:09 Epoch --> 7
2021/05/04 00:34:15 Model Saved /models-vol3/trained_model_0.01_0.4_320.pth...
2021/05/04 00:34:15 Results Saved /models-vol3/results_dict_0.01_0.4_320.pkl...
2021/05/04 00:34:15 defaultdict(<class 'list'>, {'train_rmse': [0.6099, 0.47754, 0.47512, 0.47405, 0.47236, 0.472, 0.47685, 0.47683], 'val_rmse': [0.41659, 0.4115, 0.40758, 0.40762, 0.4096, 0.4085, 0.41064, 0.4238], 'test_rmse': [0.48326, 0.47719, 0.47683, 0.47488, 0.4768, 0.47706, 0.47854, 0.48805]})
2021/05/04 00:34:15 Epoch 7, Loss 0.47683, valid loss 0.4238, time per epoch 3665.54467
2021/05/04 00:34:15 Epoch --> 8
2021/05/04 01:35:33 Model Saved /models-vol3/trained_model_0.01_0.4_320.pth...
2021/05/04 01:35:33 Results Saved /models-vol3/results_dict_0.01_0.4_320.pkl...
2021/05/04 01:35:33 defaultdict(<class 'list'>, {'train_rmse': [0.6099, 0.47754, 0.47512, 0.47405, 0.47236, 0.472, 0.47685, 0.47683, 0.48505], 'val_rmse': [0.41659, 0.4115, 0.40758, 0.40762, 0.4096, 0.4085, 0.41064, 0.4238, 0.4117], 'test_rmse': [0.48326, 0.47719, 0.47683, 0.47488, 0.4768, 0.47706, 0.47854, 0.48805, 0.48178]})
2021/05/04 01:35:33 Epoch 8, Loss 0.48505, valid loss 0.4117, time per epoch 3678.42302
2021/05/04 01:35:33 Epoch --> 9
2021/05/04 02:36:38 Model Saved /models-vol3/trained_model_0.01_0.4_320.pth...
2021/05/04 02:36:38 Results Saved /models-vol3/results_dict_0.01_0.4_320.pkl...
2021/05/04 02:36:38 defaultdict(<class 'list'>, {'train_rmse': [0.6099, 0.47754, 0.47512, 0.47405, 0.47236, 0.472, 0.47685, 0.47683, 0.48505, 0.47837], 'val_rmse': [0.41659, 0.4115, 0.40758, 0.40762, 0.4096, 0.4085, 0.41064, 0.4238, 0.4117, 0.41092], 'test_rmse': [0.48326, 0.47719, 0.47683, 0.47488, 0.4768, 0.47706, 0.47854, 0.48805, 0.48178, 0.47805]})
2021/05/04 02:36:38 Epoch 9, Loss 0.47837, valid loss 0.41092, time per epoch 3665.27955
2021/05/04 02:36:38 Epoch --> 10
2021/05/04 03:38:06 Model Saved /models-vol3/trained_model_0.01_0.4_320.pth...
2021/05/04 03:38:06 Results Saved /models-vol3/results_dict_0.01_0.4_320.pkl...
2021/05/04 03:38:06 defaultdict(<class 'list'>, {'train_rmse': [0.6099, 0.47754, 0.47512, 0.47405, 0.47236, 0.472, 0.47685, 0.47683, 0.48505, 0.47837, 0.48055], 'val_rmse': [0.41659, 0.4115, 0.40758, 0.40762, 0.4096, 0.4085, 0.41064, 0.4238, 0.4117, 0.41092, 0.41337], 'test_rmse': [0.48326, 0.47719, 0.47683, 0.47488, 0.4768, 0.47706, 0.47854, 0.48805, 0.48178, 0.47805, 0.48216]})
2021/05/04 03:38:06 Epoch 10, Loss 0.48055, valid loss 0.41337, time per epoch 3687.85673
2021/05/04 03:38:06 Epoch --> 11
2021/05/04 04:39:17 Model Saved /models-vol3/trained_model_0.01_0.4_320.pth...
2021/05/04 04:39:17 Results Saved /models-vol3/results_dict_0.01_0.4_320.pkl...
2021/05/04 04:39:17 defaultdict(<class 'list'>, {'train_rmse': [0.6099, 0.47754, 0.47512, 0.47405, 0.47236, 0.472, 0.47685, 0.47683, 0.48505, 0.47837, 0.48055, 0.47894], 'val_rmse': [0.41659, 0.4115, 0.40758, 0.40762, 0.4096, 0.4085, 0.41064, 0.4238, 0.4117, 0.41092, 0.41337, 0.40931], 'test_rmse': [0.48326, 0.47719, 0.47683, 0.47488, 0.4768, 0.47706, 0.47854, 0.48805, 0.48178, 0.47805, 0.48216, 0.47828]})
2021/05/04 04:39:17 Epoch 11, Loss 0.47894, valid loss 0.40931, time per epoch 3670.26318
2021/05/04 04:39:17 Epoch --> 12
2021/05/04 05:40:24 Model Saved /models-vol3/trained_model_0.01_0.4_320.pth...
2021/05/04 05:40:24 Results Saved /models-vol3/results_dict_0.01_0.4_320.pkl...
2021/05/04 05:40:24 defaultdict(<class 'list'>, {'train_rmse': [0.6099, 0.47754, 0.47512, 0.47405, 0.47236, 0.472, 0.47685, 0.47683, 0.48505, 0.47837, 0.48055, 0.47894, 0.47742], 'val_rmse': [0.41659, 0.4115, 0.40758, 0.40762, 0.4096, 0.4085, 0.41064, 0.4238, 0.4117, 0.41092, 0.41337, 0.40931, 0.40989], 'test_rmse': [0.48326, 0.47719, 0.47683, 0.47488, 0.4768, 0.47706, 0.47854, 0.48805, 0.48178, 0.47805, 0.48216, 0.47828, 0.47829]})
2021/05/04 05:40:24 Epoch 12, Loss 0.47742, valid loss 0.40989, time per epoch 3667.57598
2021/05/04 05:40:24 Epoch --> 13
2021/05/04 06:41:21 Model Saved /models-vol3/trained_model_0.01_0.4_320.pth...
2021/05/04 06:41:21 Results Saved /models-vol3/results_dict_0.01_0.4_320.pkl...
2021/05/04 06:41:21 defaultdict(<class 'list'>, {'train_rmse': [0.6099, 0.47754, 0.47512, 0.47405, 0.47236, 0.472, 0.47685, 0.47683, 0.48505, 0.47837, 0.48055, 0.47894, 0.47742, 0.47614], 'val_rmse': [0.41659, 0.4115, 0.40758, 0.40762, 0.4096, 0.4085, 0.41064, 0.4238, 0.4117, 0.41092, 0.41337, 0.40931, 0.40989, 0.41024], 'test_rmse': [0.48326, 0.47719, 0.47683, 0.47488, 0.4768, 0.47706, 0.47854, 0.48805, 0.48178, 0.47805, 0.48216, 0.47828, 0.47829, 0.47754]})
2021/05/04 06:41:21 Epoch 13, Loss 0.47614, valid loss 0.41024, time per epoch 3656.99153
2021/05/04 06:41:21 Epoch --> 14
2021/05/04 07:42:34 Model Saved /models-vol3/trained_model_0.01_0.4_320.pth...
2021/05/04 07:42:34 Results Saved /models-vol3/results_dict_0.01_0.4_320.pkl...
2021/05/04 07:42:34 defaultdict(<class 'list'>, {'train_rmse': [0.6099, 0.47754, 0.47512, 0.47405, 0.47236, 0.472, 0.47685, 0.47683, 0.48505, 0.47837, 0.48055, 0.47894, 0.47742, 0.47614, 0.47452], 'val_rmse': [0.41659, 0.4115, 0.40758, 0.40762, 0.4096, 0.4085, 0.41064, 0.4238, 0.4117, 0.41092, 0.41337, 0.40931, 0.40989, 0.41024, 0.40887], 'test_rmse': [0.48326, 0.47719, 0.47683, 0.47488, 0.4768, 0.47706, 0.47854, 0.48805, 0.48178, 0.47805, 0.48216, 0.47828, 0.47829, 0.47754, 0.47781]})
2021/05/04 07:42:34 Epoch 14, Loss 0.47452, valid loss 0.40887, time per epoch 3672.59996
2021/05/04 07:42:34 Epoch --> 15
2021/05/04 08:43:46 Model Saved /models-vol3/trained_model_0.01_0.4_320.pth...
2021/05/04 08:43:46 Results Saved /models-vol3/results_dict_0.01_0.4_320.pkl...
2021/05/04 08:43:46 defaultdict(<class 'list'>, {'train_rmse': [0.6099, 0.47754, 0.47512, 0.47405, 0.47236, 0.472, 0.47685, 0.47683, 0.48505, 0.47837, 0.48055, 0.47894, 0.47742, 0.47614, 0.47452, 0.47465], 'val_rmse': [0.41659, 0.4115, 0.40758, 0.40762, 0.4096, 0.4085, 0.41064, 0.4238, 0.4117, 0.41092, 0.41337, 0.40931, 0.40989, 0.41024, 0.40887, 0.40896], 'test_rmse': [0.48326, 0.47719, 0.47683, 0.47488, 0.4768, 0.47706, 0.47854, 0.48805, 0.48178, 0.47805, 0.48216, 0.47828, 0.47829, 0.47754, 0.47781, 0.47739]})
2021/05/04 08:43:46 Epoch 15, Loss 0.47465, valid loss 0.40896, time per epoch 3672.76001
2021/05/04 08:43:46 Epoch --> 16
2021/05/04 09:44:41 Model Saved /models-vol3/trained_model_0.01_0.4_320.pth...
2021/05/04 09:44:41 Results Saved /models-vol3/results_dict_0.01_0.4_320.pkl...
2021/05/04 09:44:41 defaultdict(<class 'list'>, {'train_rmse': [0.6099, 0.47754, 0.47512, 0.47405, 0.47236, 0.472, 0.47685, 0.47683, 0.48505, 0.47837, 0.48055, 0.47894, 0.47742, 0.47614, 0.47452, 0.47465, 0.47368], 'val_rmse': [0.41659, 0.4115, 0.40758, 0.40762, 0.4096, 0.4085, 0.41064, 0.4238, 0.4117, 0.41092, 0.41337, 0.40931, 0.40989, 0.41024, 0.40887, 0.40896, 0.40853], 'test_rmse': [0.48326, 0.47719, 0.47683, 0.47488, 0.4768, 0.47706, 0.47854, 0.48805, 0.48178, 0.47805, 0.48216, 0.47828, 0.47829, 0.47754, 0.47781, 0.47739, 0.477]})
2021/05/04 09:44:41 Epoch 16, Loss 0.47368, valid loss 0.40853, time per epoch 3654.69645
2021/05/04 09:44:41 Epoch --> 17
2021/05/04 10:45:34 Model Saved /models-vol3/trained_model_0.01_0.4_320.pth...
2021/05/04 10:45:34 Results Saved /models-vol3/results_dict_0.01_0.4_320.pkl...
2021/05/04 10:45:34 defaultdict(<class 'list'>, {'train_rmse': [0.6099, 0.47754, 0.47512, 0.47405, 0.47236, 0.472, 0.47685, 0.47683, 0.48505, 0.47837, 0.48055, 0.47894, 0.47742, 0.47614, 0.47452, 0.47465, 0.47368, 0.47331], 'val_rmse': [0.41659, 0.4115, 0.40758, 0.40762, 0.4096, 0.4085, 0.41064, 0.4238, 0.4117, 0.41092, 0.41337, 0.40931, 0.40989, 0.41024, 0.40887, 0.40896, 0.40853, 0.40684], 'test_rmse': [0.48326, 0.47719, 0.47683, 0.47488, 0.4768, 0.47706, 0.47854, 0.48805, 0.48178, 0.47805, 0.48216, 0.47828, 0.47829, 0.47754, 0.47781, 0.47739, 0.477, 0.47378]})
2021/05/04 10:45:34 Epoch 17, Loss 0.47331, valid loss 0.40684, time per epoch 3652.3834
2021/05/04 10:45:34 Epoch --> 18
2021/05/04 11:46:34 Model Saved /models-vol3/trained_model_0.01_0.4_320.pth...
2021/05/04 11:46:34 Results Saved /models-vol3/results_dict_0.01_0.4_320.pkl...
2021/05/04 11:46:34 defaultdict(<class 'list'>, {'train_rmse': [0.6099, 0.47754, 0.47512, 0.47405, 0.47236, 0.472, 0.47685, 0.47683, 0.48505, 0.47837, 0.48055, 0.47894, 0.47742, 0.47614, 0.47452, 0.47465, 0.47368, 0.47331, 0.47293], 'val_rmse': [0.41659, 0.4115, 0.40758, 0.40762, 0.4096, 0.4085, 0.41064, 0.4238, 0.4117, 0.41092, 0.41337, 0.40931, 0.40989, 0.41024, 0.40887, 0.40896, 0.40853, 0.40684, 0.40705], 'test_rmse': [0.48326, 0.47719, 0.47683, 0.47488, 0.4768, 0.47706, 0.47854, 0.48805, 0.48178, 0.47805, 0.48216, 0.47828, 0.47829, 0.47754, 0.47781, 0.47739, 0.477, 0.47378, 0.47478]})
2021/05/04 11:46:34 Epoch 18, Loss 0.47293, valid loss 0.40705, time per epoch 3660.2479
2021/05/04 11:46:34 Epoch --> 19
2021/05/04 12:47:41 Model Saved /models-vol3/trained_model_0.01_0.4_320.pth...
2021/05/04 12:47:41 Results Saved /models-vol3/results_dict_0.01_0.4_320.pkl...
2021/05/04 12:47:41 defaultdict(<class 'list'>, {'train_rmse': [0.6099, 0.47754, 0.47512, 0.47405, 0.47236, 0.472, 0.47685, 0.47683, 0.48505, 0.47837, 0.48055, 0.47894, 0.47742, 0.47614, 0.47452, 0.47465, 0.47368, 0.47331, 0.47293, 0.47248], 'val_rmse': [0.41659, 0.4115, 0.40758, 0.40762, 0.4096, 0.4085, 0.41064, 0.4238, 0.4117, 0.41092, 0.41337, 0.40931, 0.40989, 0.41024, 0.40887, 0.40896, 0.40853, 0.40684, 0.40705, 0.40674], 'test_rmse': [0.48326, 0.47719, 0.47683, 0.47488, 0.4768, 0.47706, 0.47854, 0.48805, 0.48178, 0.47805, 0.48216, 0.47828, 0.47829, 0.47754, 0.47781, 0.47739, 0.477, 0.47378, 0.47478, 0.47401]})
2021/05/04 12:47:41 Epoch 19, Loss 0.47248, valid loss 0.40674, time per epoch 3666.74781
2021/05/04 12:47:41 Epoch --> 20
2021/05/04 13:48:45 Model Saved /models-vol3/trained_model_0.01_0.4_320.pth...
2021/05/04 13:48:45 Results Saved /models-vol3/results_dict_0.01_0.4_320.pkl...
2021/05/04 13:48:45 defaultdict(<class 'list'>, {'train_rmse': [0.6099, 0.47754, 0.47512, 0.47405, 0.47236, 0.472, 0.47685, 0.47683, 0.48505, 0.47837, 0.48055, 0.47894, 0.47742, 0.47614, 0.47452, 0.47465, 0.47368, 0.47331, 0.47293, 0.47248, 0.47181], 'val_rmse': [0.41659, 0.4115, 0.40758, 0.40762, 0.4096, 0.4085, 0.41064, 0.4238, 0.4117, 0.41092, 0.41337, 0.40931, 0.40989, 0.41024, 0.40887, 0.40896, 0.40853, 0.40684, 0.40705, 0.40674, 0.40773], 'test_rmse': [0.48326, 0.47719, 0.47683, 0.47488, 0.4768, 0.47706, 0.47854, 0.48805, 0.48178, 0.47805, 0.48216, 0.47828, 0.47829, 0.47754, 0.47781, 0.47739, 0.477, 0.47378, 0.47478, 0.47401, 0.47415]})
2021/05/04 13:48:45 Epoch 20, Loss 0.47181, valid loss 0.40773, time per epoch 3664.96268
2021/05/04 13:48:45 Epoch --> 21
2021/05/04 14:49:43 Model Saved /models-vol3/trained_model_0.01_0.4_320.pth...
2021/05/04 14:49:43 Results Saved /models-vol3/results_dict_0.01_0.4_320.pkl...
2021/05/04 14:49:43 defaultdict(<class 'list'>, {'train_rmse': [0.6099, 0.47754, 0.47512, 0.47405, 0.47236, 0.472, 0.47685, 0.47683, 0.48505, 0.47837, 0.48055, 0.47894, 0.47742, 0.47614, 0.47452, 0.47465, 0.47368, 0.47331, 0.47293, 0.47248, 0.47181, 0.47162], 'val_rmse': [0.41659, 0.4115, 0.40758, 0.40762, 0.4096, 0.4085, 0.41064, 0.4238, 0.4117, 0.41092, 0.41337, 0.40931, 0.40989, 0.41024, 0.40887, 0.40896, 0.40853, 0.40684, 0.40705, 0.40674, 0.40773, 0.40731], 'test_rmse': [0.48326, 0.47719, 0.47683, 0.47488, 0.4768, 0.47706, 0.47854, 0.48805, 0.48178, 0.47805, 0.48216, 0.47828, 0.47829, 0.47754, 0.47781, 0.47739, 0.477, 0.47378, 0.47478, 0.47401, 0.47415, 0.47541]})
2021/05/04 14:49:43 Epoch 21, Loss 0.47162, valid loss 0.40731, time per epoch 3657.31234
2021/05/04 14:49:43 Epoch --> 22
2021/05/04 15:50:37 Model Saved /models-vol3/trained_model_0.01_0.4_320.pth...
2021/05/04 15:50:37 Results Saved /models-vol3/results_dict_0.01_0.4_320.pkl...
2021/05/04 15:50:37 defaultdict(<class 'list'>, {'train_rmse': [0.6099, 0.47754, 0.47512, 0.47405, 0.47236, 0.472, 0.47685, 0.47683, 0.48505, 0.47837, 0.48055, 0.47894, 0.47742, 0.47614, 0.47452, 0.47465, 0.47368, 0.47331, 0.47293, 0.47248, 0.47181, 0.47162, 0.47153], 'val_rmse': [0.41659, 0.4115, 0.40758, 0.40762, 0.4096, 0.4085, 0.41064, 0.4238, 0.4117, 0.41092, 0.41337, 0.40931, 0.40989, 0.41024, 0.40887, 0.40896, 0.40853, 0.40684, 0.40705, 0.40674, 0.40773, 0.40731, 0.40788], 'test_rmse': [0.48326, 0.47719, 0.47683, 0.47488, 0.4768, 0.47706, 0.47854, 0.48805, 0.48178, 0.47805, 0.48216, 0.47828, 0.47829, 0.47754, 0.47781, 0.47739, 0.477, 0.47378, 0.47478, 0.47401, 0.47415, 0.47541, 0.47648]})
2021/05/04 15:50:37 Epoch 22, Loss 0.47153, valid loss 0.40788, time per epoch 3654.49136
2021/05/04 15:50:37 Epoch --> 23
2021/05/04 16:51:21 Model Saved /models-vol3/trained_model_0.01_0.4_320.pth...
2021/05/04 16:51:21 Results Saved /models-vol3/results_dict_0.01_0.4_320.pkl...
2021/05/04 16:51:21 defaultdict(<class 'list'>, {'train_rmse': [0.6099, 0.47754, 0.47512, 0.47405, 0.47236, 0.472, 0.47685, 0.47683, 0.48505, 0.47837, 0.48055, 0.47894, 0.47742, 0.47614, 0.47452, 0.47465, 0.47368, 0.47331, 0.47293, 0.47248, 0.47181, 0.47162, 0.47153, 0.47182], 'val_rmse': [0.41659, 0.4115, 0.40758, 0.40762, 0.4096, 0.4085, 0.41064, 0.4238, 0.4117, 0.41092, 0.41337, 0.40931, 0.40989, 0.41024, 0.40887, 0.40896, 0.40853, 0.40684, 0.40705, 0.40674, 0.40773, 0.40731, 0.40788, 0.40789], 'test_rmse': [0.48326, 0.47719, 0.47683, 0.47488, 0.4768, 0.47706, 0.47854, 0.48805, 0.48178, 0.47805, 0.48216, 0.47828, 0.47829, 0.47754, 0.47781, 0.47739, 0.477, 0.47378, 0.47478, 0.47401, 0.47415, 0.47541, 0.47648, 0.47618]})
2021/05/04 16:51:21 Epoch 23, Loss 0.47182, valid loss 0.40789, time per epoch 3644.17237
2021/05/04 16:51:21 Epoch --> 24
2021/05/04 17:51:55 Model Saved /models-vol3/trained_model_0.01_0.4_320.pth...
2021/05/04 17:51:55 Results Saved /models-vol3/results_dict_0.01_0.4_320.pkl...
2021/05/04 17:51:55 defaultdict(<class 'list'>, {'train_rmse': [0.6099, 0.47754, 0.47512, 0.47405, 0.47236, 0.472, 0.47685, 0.47683, 0.48505, 0.47837, 0.48055, 0.47894, 0.47742, 0.47614, 0.47452, 0.47465, 0.47368, 0.47331, 0.47293, 0.47248, 0.47181, 0.47162, 0.47153, 0.47182, 0.47073], 'val_rmse': [0.41659, 0.4115, 0.40758, 0.40762, 0.4096, 0.4085, 0.41064, 0.4238, 0.4117, 0.41092, 0.41337, 0.40931, 0.40989, 0.41024, 0.40887, 0.40896, 0.40853, 0.40684, 0.40705, 0.40674, 0.40773, 0.40731, 0.40788, 0.40789, 0.40646], 'test_rmse': [0.48326, 0.47719, 0.47683, 0.47488, 0.4768, 0.47706, 0.47854, 0.48805, 0.48178, 0.47805, 0.48216, 0.47828, 0.47829, 0.47754, 0.47781, 0.47739, 0.477, 0.47378, 0.47478, 0.47401, 0.47415, 0.47541, 0.47648, 0.47618, 0.47436]})
2021/05/04 17:51:55 Epoch 24, Loss 0.47073, valid loss 0.40646, time per epoch 3633.09654
2021/05/04 17:51:55 Epoch --> 25
2021/05/04 18:52:59 Model Saved /models-vol3/trained_model_0.01_0.4_320.pth...
2021/05/04 18:52:59 Results Saved /models-vol3/results_dict_0.01_0.4_320.pkl...
2021/05/04 18:52:59 defaultdict(<class 'list'>, {'train_rmse': [0.6099, 0.47754, 0.47512, 0.47405, 0.47236, 0.472, 0.47685, 0.47683, 0.48505, 0.47837, 0.48055, 0.47894, 0.47742, 0.47614, 0.47452, 0.47465, 0.47368, 0.47331, 0.47293, 0.47248, 0.47181, 0.47162, 0.47153, 0.47182, 0.47073, 0.47045], 'val_rmse': [0.41659, 0.4115, 0.40758, 0.40762, 0.4096, 0.4085, 0.41064, 0.4238, 0.4117, 0.41092, 0.41337, 0.40931, 0.40989, 0.41024, 0.40887, 0.40896, 0.40853, 0.40684, 0.40705, 0.40674, 0.40773, 0.40731, 0.40788, 0.40789, 0.40646, 0.4057], 'test_rmse': [0.48326, 0.47719, 0.47683, 0.47488, 0.4768, 0.47706, 0.47854, 0.48805, 0.48178, 0.47805, 0.48216, 0.47828, 0.47829, 0.47754, 0.47781, 0.47739, 0.477, 0.47378, 0.47478, 0.47401, 0.47415, 0.47541, 0.47648, 0.47618, 0.47436, 0.47266]})
2021/05/04 18:52:59 Epoch 25, Loss 0.47045, valid loss 0.4057, time per epoch 3664.41438
2021/05/04 18:52:59 Epoch --> 26
2021/05/04 19:53:59 Model Saved /models-vol3/trained_model_0.01_0.4_320.pth...
2021/05/04 19:53:59 Results Saved /models-vol3/results_dict_0.01_0.4_320.pkl...
2021/05/04 19:53:59 defaultdict(<class 'list'>, {'train_rmse': [0.6099, 0.47754, 0.47512, 0.47405, 0.47236, 0.472, 0.47685, 0.47683, 0.48505, 0.47837, 0.48055, 0.47894, 0.47742, 0.47614, 0.47452, 0.47465, 0.47368, 0.47331, 0.47293, 0.47248, 0.47181, 0.47162, 0.47153, 0.47182, 0.47073, 0.47045, 0.47031], 'val_rmse': [0.41659, 0.4115, 0.40758, 0.40762, 0.4096, 0.4085, 0.41064, 0.4238, 0.4117, 0.41092, 0.41337, 0.40931, 0.40989, 0.41024, 0.40887, 0.40896, 0.40853, 0.40684, 0.40705, 0.40674, 0.40773, 0.40731, 0.40788, 0.40789, 0.40646, 0.4057, 0.40608], 'test_rmse': [0.48326, 0.47719, 0.47683, 0.47488, 0.4768, 0.47706, 0.47854, 0.48805, 0.48178, 0.47805, 0.48216, 0.47828, 0.47829, 0.47754, 0.47781, 0.47739, 0.477, 0.47378, 0.47478, 0.47401, 0.47415, 0.47541, 0.47648, 0.47618, 0.47436, 0.47266, 0.47396]})
2021/05/04 19:53:59 Epoch 26, Loss 0.47031, valid loss 0.40608, time per epoch 3659.84738
2021/05/04 19:53:59 Epoch --> 27
2021/05/04 20:54:54 Model Saved /models-vol3/trained_model_0.01_0.4_320.pth...
2021/05/04 20:54:54 Results Saved /models-vol3/results_dict_0.01_0.4_320.pkl...
2021/05/04 20:54:54 defaultdict(<class 'list'>, {'train_rmse': [0.6099, 0.47754, 0.47512, 0.47405, 0.47236, 0.472, 0.47685, 0.47683, 0.48505, 0.47837, 0.48055, 0.47894, 0.47742, 0.47614, 0.47452, 0.47465, 0.47368, 0.47331, 0.47293, 0.47248, 0.47181, 0.47162, 0.47153, 0.47182, 0.47073, 0.47045, 0.47031, 0.47047], 'val_rmse': [0.41659, 0.4115, 0.40758, 0.40762, 0.4096, 0.4085, 0.41064, 0.4238, 0.4117, 0.41092, 0.41337, 0.40931, 0.40989, 0.41024, 0.40887, 0.40896, 0.40853, 0.40684, 0.40705, 0.40674, 0.40773, 0.40731, 0.40788, 0.40789, 0.40646, 0.4057, 0.40608, 0.4066], 'test_rmse': [0.48326, 0.47719, 0.47683, 0.47488, 0.4768, 0.47706, 0.47854, 0.48805, 0.48178, 0.47805, 0.48216, 0.47828, 0.47829, 0.47754, 0.47781, 0.47739, 0.477, 0.47378, 0.47478, 0.47401, 0.47415, 0.47541, 0.47648, 0.47618, 0.47436, 0.47266, 0.47396, 0.47454]})
2021/05/04 20:54:54 Epoch 27, Loss 0.47047, valid loss 0.4066, time per epoch 3655.27303
2021/05/04 20:54:54 Epoch --> 28
2021/05/04 21:56:18 Model Saved /models-vol3/trained_model_0.01_0.4_320.pth...
2021/05/04 21:56:18 Results Saved /models-vol3/results_dict_0.01_0.4_320.pkl...
2021/05/04 21:56:18 defaultdict(<class 'list'>, {'train_rmse': [0.6099, 0.47754, 0.47512, 0.47405, 0.47236, 0.472, 0.47685, 0.47683, 0.48505, 0.47837, 0.48055, 0.47894, 0.47742, 0.47614, 0.47452, 0.47465, 0.47368, 0.47331, 0.47293, 0.47248, 0.47181, 0.47162, 0.47153, 0.47182, 0.47073, 0.47045, 0.47031, 0.47047, 0.4707], 'val_rmse': [0.41659, 0.4115, 0.40758, 0.40762, 0.4096, 0.4085, 0.41064, 0.4238, 0.4117, 0.41092, 0.41337, 0.40931, 0.40989, 0.41024, 0.40887, 0.40896, 0.40853, 0.40684, 0.40705, 0.40674, 0.40773, 0.40731, 0.40788, 0.40789, 0.40646, 0.4057, 0.40608, 0.4066, 0.40546], 'test_rmse': [0.48326, 0.47719, 0.47683, 0.47488, 0.4768, 0.47706, 0.47854, 0.48805, 0.48178, 0.47805, 0.48216, 0.47828, 0.47829, 0.47754, 0.47781, 0.47739, 0.477, 0.47378, 0.47478, 0.47401, 0.47415, 0.47541, 0.47648, 0.47618, 0.47436, 0.47266, 0.47396, 0.47454, 0.47284]})
2021/05/04 21:56:18 Epoch 28, Loss 0.4707, valid loss 0.40546, time per epoch 3683.80203
2021/05/04 21:56:18 Epoch --> 29
2021/05/04 22:57:10 Model Saved /models-vol3/trained_model_0.01_0.4_320.pth...
2021/05/04 22:57:10 Results Saved /models-vol3/results_dict_0.01_0.4_320.pkl...
2021/05/04 22:57:10 defaultdict(<class 'list'>, {'train_rmse': [0.6099, 0.47754, 0.47512, 0.47405, 0.47236, 0.472, 0.47685, 0.47683, 0.48505, 0.47837, 0.48055, 0.47894, 0.47742, 0.47614, 0.47452, 0.47465, 0.47368, 0.47331, 0.47293, 0.47248, 0.47181, 0.47162, 0.47153, 0.47182, 0.47073, 0.47045, 0.47031, 0.47047, 0.4707, 0.4699], 'val_rmse': [0.41659, 0.4115, 0.40758, 0.40762, 0.4096, 0.4085, 0.41064, 0.4238, 0.4117, 0.41092, 0.41337, 0.40931, 0.40989, 0.41024, 0.40887, 0.40896, 0.40853, 0.40684, 0.40705, 0.40674, 0.40773, 0.40731, 0.40788, 0.40789, 0.40646, 0.4057, 0.40608, 0.4066, 0.40546, 0.40638], 'test_rmse': [0.48326, 0.47719, 0.47683, 0.47488, 0.4768, 0.47706, 0.47854, 0.48805, 0.48178, 0.47805, 0.48216, 0.47828, 0.47829, 0.47754, 0.47781, 0.47739, 0.477, 0.47378, 0.47478, 0.47401, 0.47415, 0.47541, 0.47648, 0.47618, 0.47436, 0.47266, 0.47396, 0.47454, 0.47284, 0.47354]})
2021/05/04 22:57:10 Epoch 29, Loss 0.4699, valid loss 0.40638, time per epoch 3651.97352
2021/05/04 22:57:10 Epoch --> 30
2021/05/04 23:58:03 Model Saved /models-vol3/trained_model_0.01_0.4_320.pth...
2021/05/04 23:58:03 Results Saved /models-vol3/results_dict_0.01_0.4_320.pkl...
2021/05/04 23:58:03 defaultdict(<class 'list'>, {'train_rmse': [0.6099, 0.47754, 0.47512, 0.47405, 0.47236, 0.472, 0.47685, 0.47683, 0.48505, 0.47837, 0.48055, 0.47894, 0.47742, 0.47614, 0.47452, 0.47465, 0.47368, 0.47331, 0.47293, 0.47248, 0.47181, 0.47162, 0.47153, 0.47182, 0.47073, 0.47045, 0.47031, 0.47047, 0.4707, 0.4699, 0.47006], 'val_rmse': [0.41659, 0.4115, 0.40758, 0.40762, 0.4096, 0.4085, 0.41064, 0.4238, 0.4117, 0.41092, 0.41337, 0.40931, 0.40989, 0.41024, 0.40887, 0.40896, 0.40853, 0.40684, 0.40705, 0.40674, 0.40773, 0.40731, 0.40788, 0.40789, 0.40646, 0.4057, 0.40608, 0.4066, 0.40546, 0.40638, 0.40981], 'test_rmse': [0.48326, 0.47719, 0.47683, 0.47488, 0.4768, 0.47706, 0.47854, 0.48805, 0.48178, 0.47805, 0.48216, 0.47828, 0.47829, 0.47754, 0.47781, 0.47739, 0.477, 0.47378, 0.47478, 0.47401, 0.47415, 0.47541, 0.47648, 0.47618, 0.47436, 0.47266, 0.47396, 0.47454, 0.47284, 0.47354, 0.47704]})
2021/05/04 23:58:03 Epoch 30, Loss 0.47006, valid loss 0.40981, time per epoch 3653.29387
2021/05/04 23:58:03 Epoch --> 31
2021/05/05 00:59:14 Model Saved /models-vol3/trained_model_0.01_0.4_320.pth...
2021/05/05 00:59:14 Results Saved /models-vol3/results_dict_0.01_0.4_320.pkl...
2021/05/05 00:59:14 defaultdict(<class 'list'>, {'train_rmse': [0.6099, 0.47754, 0.47512, 0.47405, 0.47236, 0.472, 0.47685, 0.47683, 0.48505, 0.47837, 0.48055, 0.47894, 0.47742, 0.47614, 0.47452, 0.47465, 0.47368, 0.47331, 0.47293, 0.47248, 0.47181, 0.47162, 0.47153, 0.47182, 0.47073, 0.47045, 0.47031, 0.47047, 0.4707, 0.4699, 0.47006, 0.46974], 'val_rmse': [0.41659, 0.4115, 0.40758, 0.40762, 0.4096, 0.4085, 0.41064, 0.4238, 0.4117, 0.41092, 0.41337, 0.40931, 0.40989, 0.41024, 0.40887, 0.40896, 0.40853, 0.40684, 0.40705, 0.40674, 0.40773, 0.40731, 0.40788, 0.40789, 0.40646, 0.4057, 0.40608, 0.4066, 0.40546, 0.40638, 0.40981, 0.40489], 'test_rmse': [0.48326, 0.47719, 0.47683, 0.47488, 0.4768, 0.47706, 0.47854, 0.48805, 0.48178, 0.47805, 0.48216, 0.47828, 0.47829, 0.47754, 0.47781, 0.47739, 0.477, 0.47378, 0.47478, 0.47401, 0.47415, 0.47541, 0.47648, 0.47618, 0.47436, 0.47266, 0.47396, 0.47454, 0.47284, 0.47354, 0.47704, 0.47213]})
2021/05/05 00:59:14 Epoch 31, Loss 0.46974, valid loss 0.40489, time per epoch 3670.79307
2021/05/05 00:59:14 Epoch --> 32
2021/05/05 02:00:12 Model Saved /models-vol3/trained_model_0.01_0.4_320.pth...
2021/05/05 02:00:12 Results Saved /models-vol3/results_dict_0.01_0.4_320.pkl...
2021/05/05 02:00:12 defaultdict(<class 'list'>, {'train_rmse': [0.6099, 0.47754, 0.47512, 0.47405, 0.47236, 0.472, 0.47685, 0.47683, 0.48505, 0.47837, 0.48055, 0.47894, 0.47742, 0.47614, 0.47452, 0.47465, 0.47368, 0.47331, 0.47293, 0.47248, 0.47181, 0.47162, 0.47153, 0.47182, 0.47073, 0.47045, 0.47031, 0.47047, 0.4707, 0.4699, 0.47006, 0.46974, 0.46972], 'val_rmse': [0.41659, 0.4115, 0.40758, 0.40762, 0.4096, 0.4085, 0.41064, 0.4238, 0.4117, 0.41092, 0.41337, 0.40931, 0.40989, 0.41024, 0.40887, 0.40896, 0.40853, 0.40684, 0.40705, 0.40674, 0.40773, 0.40731, 0.40788, 0.40789, 0.40646, 0.4057, 0.40608, 0.4066, 0.40546, 0.40638, 0.40981, 0.40489, 0.40587], 'test_rmse': [0.48326, 0.47719, 0.47683, 0.47488, 0.4768, 0.47706, 0.47854, 0.48805, 0.48178, 0.47805, 0.48216, 0.47828, 0.47829, 0.47754, 0.47781, 0.47739, 0.477, 0.47378, 0.47478, 0.47401, 0.47415, 0.47541, 0.47648, 0.47618, 0.47436, 0.47266, 0.47396, 0.47454, 0.47284, 0.47354, 0.47704, 0.47213, 0.47279]})
2021/05/05 02:00:12 Epoch 32, Loss 0.46972, valid loss 0.40587, time per epoch 3657.92696
2021/05/05 02:00:12 Epoch --> 33
2021/05/05 03:01:23 Model Saved /models-vol3/trained_model_0.01_0.4_320.pth...
2021/05/05 03:01:23 Results Saved /models-vol3/results_dict_0.01_0.4_320.pkl...
2021/05/05 03:01:23 defaultdict(<class 'list'>, {'train_rmse': [0.6099, 0.47754, 0.47512, 0.47405, 0.47236, 0.472, 0.47685, 0.47683, 0.48505, 0.47837, 0.48055, 0.47894, 0.47742, 0.47614, 0.47452, 0.47465, 0.47368, 0.47331, 0.47293, 0.47248, 0.47181, 0.47162, 0.47153, 0.47182, 0.47073, 0.47045, 0.47031, 0.47047, 0.4707, 0.4699, 0.47006, 0.46974, 0.46972, 0.46981], 'val_rmse': [0.41659, 0.4115, 0.40758, 0.40762, 0.4096, 0.4085, 0.41064, 0.4238, 0.4117, 0.41092, 0.41337, 0.40931, 0.40989, 0.41024, 0.40887, 0.40896, 0.40853, 0.40684, 0.40705, 0.40674, 0.40773, 0.40731, 0.40788, 0.40789, 0.40646, 0.4057, 0.40608, 0.4066, 0.40546, 0.40638, 0.40981, 0.40489, 0.40587, 0.40537], 'test_rmse': [0.48326, 0.47719, 0.47683, 0.47488, 0.4768, 0.47706, 0.47854, 0.48805, 0.48178, 0.47805, 0.48216, 0.47828, 0.47829, 0.47754, 0.47781, 0.47739, 0.477, 0.47378, 0.47478, 0.47401, 0.47415, 0.47541, 0.47648, 0.47618, 0.47436, 0.47266, 0.47396, 0.47454, 0.47284, 0.47354, 0.47704, 0.47213, 0.47279, 0.47393]})
2021/05/05 03:01:23 Completed training current hyperparameters...
2021/05/05 03:01:23 Hyperparameters: learning rate 0.001, dropout rate 0.4, hidden dim 256
2021/05/05 03:01:26 Epoch --> 0
2021/05/05 04:01:15 Model Saved /models-vol3/trained_model_0.001_0.4_256.pth...
2021/05/05 04:01:15 Results Saved /models-vol3/results_dict_0.001_0.4_256.pkl...
2021/05/05 04:01:15 defaultdict(<class 'list'>, {'train_rmse': [0.48048], 'val_rmse': [0.40737], 'test_rmse': [0.47402]})
2021/05/05 04:01:15 Epoch 0, Loss 0.48048, valid loss 0.40737, time per epoch 3589.49152
2021/05/05 04:01:15 Epoch --> 1
2021/05/05 05:01:04 Model Saved /models-vol3/trained_model_0.001_0.4_256.pth...
2021/05/05 05:01:04 Results Saved /models-vol3/results_dict_0.001_0.4_256.pkl...
2021/05/05 05:01:04 defaultdict(<class 'list'>, {'train_rmse': [0.48048, 0.46938], 'val_rmse': [0.40737, 0.40296], 'test_rmse': [0.47402, 0.4709]})
2021/05/05 05:01:04 Epoch 1, Loss 0.46938, valid loss 0.40296, time per epoch 3589.25111
2021/05/05 05:01:04 Epoch --> 2
2021/05/05 06:01:10 Model Saved /models-vol3/trained_model_0.001_0.4_256.pth...
2021/05/05 06:01:10 Results Saved /models-vol3/results_dict_0.001_0.4_256.pkl...
2021/05/05 06:01:10 defaultdict(<class 'list'>, {'train_rmse': [0.48048, 0.46938, 0.46759], 'val_rmse': [0.40737, 0.40296, 0.40411], 'test_rmse': [0.47402, 0.4709, 0.47155]})
2021/05/05 06:01:10 Epoch 2, Loss 0.46759, valid loss 0.40411, time per epoch 3606.04509
2021/05/05 06:01:10 Epoch --> 3
2021/05/05 07:01:18 Model Saved /models-vol3/trained_model_0.001_0.4_256.pth...
2021/05/05 07:01:18 Results Saved /models-vol3/results_dict_0.001_0.4_256.pkl...
2021/05/05 07:01:18 defaultdict(<class 'list'>, {'train_rmse': [0.48048, 0.46938, 0.46759, 0.46645], 'val_rmse': [0.40737, 0.40296, 0.40411, 0.40558], 'test_rmse': [0.47402, 0.4709, 0.47155, 0.47297]})
2021/05/05 07:01:18 Epoch 3, Loss 0.46645, valid loss 0.40558, time per epoch 3607.72759
2021/05/05 07:01:18 Epoch --> 4
2021/05/05 08:01:34 Model Saved /models-vol3/trained_model_0.001_0.4_256.pth...
2021/05/05 08:01:34 Results Saved /models-vol3/results_dict_0.001_0.4_256.pkl...
2021/05/05 08:01:34 defaultdict(<class 'list'>, {'train_rmse': [0.48048, 0.46938, 0.46759, 0.46645, 0.46481], 'val_rmse': [0.40737, 0.40296, 0.40411, 0.40558, 0.4074], 'test_rmse': [0.47402, 0.4709, 0.47155, 0.47297, 0.4732]})
2021/05/05 08:01:34 Epoch 4, Loss 0.46481, valid loss 0.4074, time per epoch 3615.8437
2021/05/05 08:01:34 Epoch --> 5
2021/05/05 09:01:41 Model Saved /models-vol3/trained_model_0.001_0.4_256.pth...
2021/05/05 09:01:41 Results Saved /models-vol3/results_dict_0.001_0.4_256.pkl...
2021/05/05 09:01:41 defaultdict(<class 'list'>, {'train_rmse': [0.48048, 0.46938, 0.46759, 0.46645, 0.46481, 0.46386], 'val_rmse': [0.40737, 0.40296, 0.40411, 0.40558, 0.4074, 0.40538], 'test_rmse': [0.47402, 0.4709, 0.47155, 0.47297, 0.4732, 0.47295]})
2021/05/05 09:01:41 Epoch 5, Loss 0.46386, valid loss 0.40538, time per epoch 3607.39734
2021/05/05 09:01:41 Epoch --> 6
2021/05/05 10:01:38 Model Saved /models-vol3/trained_model_0.001_0.4_256.pth...
2021/05/05 10:01:38 Results Saved /models-vol3/results_dict_0.001_0.4_256.pkl...
2021/05/05 10:01:38 defaultdict(<class 'list'>, {'train_rmse': [0.48048, 0.46938, 0.46759, 0.46645, 0.46481, 0.46386, 0.46292], 'val_rmse': [0.40737, 0.40296, 0.40411, 0.40558, 0.4074, 0.40538, 0.40579], 'test_rmse': [0.47402, 0.4709, 0.47155, 0.47297, 0.4732, 0.47295, 0.4726]})
2021/05/05 10:01:38 Epoch 6, Loss 0.46292, valid loss 0.40579, time per epoch 3597.16653
2021/05/05 10:01:38 Epoch --> 7
2021/05/05 11:01:29 Model Saved /models-vol3/trained_model_0.001_0.4_256.pth...
2021/05/05 11:01:29 Results Saved /models-vol3/results_dict_0.001_0.4_256.pkl...
2021/05/05 11:01:29 defaultdict(<class 'list'>, {'train_rmse': [0.48048, 0.46938, 0.46759, 0.46645, 0.46481, 0.46386, 0.46292, 0.46196], 'val_rmse': [0.40737, 0.40296, 0.40411, 0.40558, 0.4074, 0.40538, 0.40579, 0.40484], 'test_rmse': [0.47402, 0.4709, 0.47155, 0.47297, 0.4732, 0.47295, 0.4726, 0.4738]})
2021/05/05 11:01:29 Epoch 7, Loss 0.46196, valid loss 0.40484, time per epoch 3590.54505
2021/05/05 11:01:29 Epoch --> 8
2021/05/05 12:01:29 Model Saved /models-vol3/trained_model_0.001_0.4_256.pth...
2021/05/05 12:01:29 Results Saved /models-vol3/results_dict_0.001_0.4_256.pkl...
2021/05/05 12:01:29 defaultdict(<class 'list'>, {'train_rmse': [0.48048, 0.46938, 0.46759, 0.46645, 0.46481, 0.46386, 0.46292, 0.46196, 0.46093], 'val_rmse': [0.40737, 0.40296, 0.40411, 0.40558, 0.4074, 0.40538, 0.40579, 0.40484, 0.4064], 'test_rmse': [0.47402, 0.4709, 0.47155, 0.47297, 0.4732, 0.47295, 0.4726, 0.4738, 0.47434]})
2021/05/05 12:01:29 Epoch 8, Loss 0.46093, valid loss 0.4064, time per epoch 3599.56274
2021/05/05 12:01:29 Epoch --> 9
2021/05/05 13:01:41 Model Saved /models-vol3/trained_model_0.001_0.4_256.pth...
2021/05/05 13:01:41 Results Saved /models-vol3/results_dict_0.001_0.4_256.pkl...
2021/05/05 13:01:41 defaultdict(<class 'list'>, {'train_rmse': [0.48048, 0.46938, 0.46759, 0.46645, 0.46481, 0.46386, 0.46292, 0.46196, 0.46093, 0.45897], 'val_rmse': [0.40737, 0.40296, 0.40411, 0.40558, 0.4074, 0.40538, 0.40579, 0.40484, 0.4064, 0.40685], 'test_rmse': [0.47402, 0.4709, 0.47155, 0.47297, 0.4732, 0.47295, 0.4726, 0.4738, 0.47434, 0.47635]})
2021/05/05 13:01:41 Epoch 9, Loss 0.45897, valid loss 0.40685, time per epoch 3612.32735
2021/05/05 13:01:41 Epoch --> 10
2021/05/05 14:01:55 Model Saved /models-vol3/trained_model_0.001_0.4_256.pth...
2021/05/05 14:01:55 Results Saved /models-vol3/results_dict_0.001_0.4_256.pkl...
2021/05/05 14:01:55 defaultdict(<class 'list'>, {'train_rmse': [0.48048, 0.46938, 0.46759, 0.46645, 0.46481, 0.46386, 0.46292, 0.46196, 0.46093, 0.45897, 0.45758], 'val_rmse': [0.40737, 0.40296, 0.40411, 0.40558, 0.4074, 0.40538, 0.40579, 0.40484, 0.4064, 0.40685, 0.40629], 'test_rmse': [0.47402, 0.4709, 0.47155, 0.47297, 0.4732, 0.47295, 0.4726, 0.4738, 0.47434, 0.47635, 0.4753]})
2021/05/05 14:01:55 Epoch 10, Loss 0.45758, valid loss 0.40629, time per epoch 3614.33697
2021/05/05 14:01:55 Epoch --> 11
2021/05/05 15:01:55 Model Saved /models-vol3/trained_model_0.001_0.4_256.pth...
2021/05/05 15:01:55 Results Saved /models-vol3/results_dict_0.001_0.4_256.pkl...
2021/05/05 15:01:55 defaultdict(<class 'list'>, {'train_rmse': [0.48048, 0.46938, 0.46759, 0.46645, 0.46481, 0.46386, 0.46292, 0.46196, 0.46093, 0.45897, 0.45758, 0.45632], 'val_rmse': [0.40737, 0.40296, 0.40411, 0.40558, 0.4074, 0.40538, 0.40579, 0.40484, 0.4064, 0.40685, 0.40629, 0.40887], 'test_rmse': [0.47402, 0.4709, 0.47155, 0.47297, 0.4732, 0.47295, 0.4726, 0.4738, 0.47434, 0.47635, 0.4753, 0.47804]})
2021/05/05 15:01:55 Epoch 11, Loss 0.45632, valid loss 0.40887, time per epoch 3599.48931
2021/05/05 15:01:55 Epoch --> 12
2021/05/05 16:01:59 Model Saved /models-vol3/trained_model_0.001_0.4_256.pth...
2021/05/05 16:01:59 Results Saved /models-vol3/results_dict_0.001_0.4_256.pkl...
2021/05/05 16:01:59 defaultdict(<class 'list'>, {'train_rmse': [0.48048, 0.46938, 0.46759, 0.46645, 0.46481, 0.46386, 0.46292, 0.46196, 0.46093, 0.45897, 0.45758, 0.45632, 0.45488], 'val_rmse': [0.40737, 0.40296, 0.40411, 0.40558, 0.4074, 0.40538, 0.40579, 0.40484, 0.4064, 0.40685, 0.40629, 0.40887, 0.40803], 'test_rmse': [0.47402, 0.4709, 0.47155, 0.47297, 0.4732, 0.47295, 0.4726, 0.4738, 0.47434, 0.47635, 0.4753, 0.47804, 0.47692]})
2021/05/05 16:01:59 Epoch 12, Loss 0.45488, valid loss 0.40803, time per epoch 3604.58661
2021/05/05 16:01:59 Epoch --> 13