
2021/05/02 22:24:01 cuda:0
2021/05/02 22:24:01 ####################################################################################################
2021/05/02 22:24:01 Code Started...
2021/05/02 22:25:10 sample size 16618280, train val size 13294624, train size 11632796, val size 1661828, test size 3323656
2021/05/02 22:25:13 Hyperparameters: learning rate 0.001, dropout rate 0.4, hidden dim 128
2021/05/02 22:25:18 Epoch --> 0
2021/05/02 23:25:12 Model Saved /models-vol4/trained_model_0.001_0.4_128.pth...
2021/05/02 23:25:12 Results Saved /models-vol4/results_dict_0.001_0.4_128.pkl...
2021/05/02 23:25:12 defaultdict(<class 'list'>, {'train_rmse': [0.47774], 'val_rmse': [0.40743], 'test_rmse': [0.47343]})
2021/05/02 23:25:12 Epoch 0, Loss 0.47774, valid loss 0.40743, time per epoch 3593.92502
2021/05/02 23:25:12 Epoch --> 1
2021/05/03 00:24:31 Model Saved /models-vol4/trained_model_0.001_0.4_128.pth...
2021/05/03 00:24:31 Results Saved /models-vol4/results_dict_0.001_0.4_128.pkl...
2021/05/03 00:24:31 defaultdict(<class 'list'>, {'train_rmse': [0.47774, 0.46959], 'val_rmse': [0.40743, 0.40439], 'test_rmse': [0.47343, 0.47155]})
2021/05/03 00:24:31 Epoch 1, Loss 0.46959, valid loss 0.40439, time per epoch 3558.60668
2021/05/03 00:24:31 Epoch --> 2
2021/05/03 01:23:58 Model Saved /models-vol4/trained_model_0.001_0.4_128.pth...
2021/05/03 01:23:58 Results Saved /models-vol4/results_dict_0.001_0.4_128.pkl...
2021/05/03 01:23:58 defaultdict(<class 'list'>, {'train_rmse': [0.47774, 0.46959, 0.46787], 'val_rmse': [0.40743, 0.40439, 0.40389], 'test_rmse': [0.47343, 0.47155, 0.47202]})
2021/05/03 01:23:58 Epoch 2, Loss 0.46787, valid loss 0.40389, time per epoch 3567.28403
2021/05/03 01:23:58 Epoch --> 3
2021/05/03 02:24:01 Model Saved /models-vol4/trained_model_0.001_0.4_128.pth...
2021/05/03 02:24:01 Results Saved /models-vol4/results_dict_0.001_0.4_128.pkl...
2021/05/03 02:24:01 defaultdict(<class 'list'>, {'train_rmse': [0.47774, 0.46959, 0.46787, 0.46669], 'val_rmse': [0.40743, 0.40439, 0.40389, 0.40866], 'test_rmse': [0.47343, 0.47155, 0.47202, 0.47503]})
2021/05/03 02:24:01 Epoch 3, Loss 0.46669, valid loss 0.40866, time per epoch 3602.56902
2021/05/03 02:24:01 Epoch --> 4
2021/05/03 03:23:25 Model Saved /models-vol4/trained_model_0.001_0.4_128.pth...
2021/05/03 03:23:25 Results Saved /models-vol4/results_dict_0.001_0.4_128.pkl...
2021/05/03 03:23:25 defaultdict(<class 'list'>, {'train_rmse': [0.47774, 0.46959, 0.46787, 0.46669, 0.46521], 'val_rmse': [0.40743, 0.40439, 0.40389, 0.40866, 0.40578], 'test_rmse': [0.47343, 0.47155, 0.47202, 0.47503, 0.47299]})
2021/05/03 03:23:25 Epoch 4, Loss 0.46521, valid loss 0.40578, time per epoch 3564.28748
2021/05/03 03:23:25 Epoch --> 5
2021/05/03 04:22:28 Model Saved /models-vol4/trained_model_0.001_0.4_128.pth...
2021/05/03 04:22:28 Results Saved /models-vol4/results_dict_0.001_0.4_128.pkl...
2021/05/03 04:22:28 defaultdict(<class 'list'>, {'train_rmse': [0.47774, 0.46959, 0.46787, 0.46669, 0.46521, 0.46447], 'val_rmse': [0.40743, 0.40439, 0.40389, 0.40866, 0.40578, 0.40374], 'test_rmse': [0.47343, 0.47155, 0.47202, 0.47503, 0.47299, 0.47216]})
2021/05/03 04:22:28 Epoch 5, Loss 0.46447, valid loss 0.40374, time per epoch 3543.32243
2021/05/03 04:22:28 Epoch --> 6
2021/05/03 05:21:02 Model Saved /models-vol4/trained_model_0.001_0.4_128.pth...
2021/05/03 05:21:02 Results Saved /models-vol4/results_dict_0.001_0.4_128.pkl...
2021/05/03 05:21:02 defaultdict(<class 'list'>, {'train_rmse': [0.47774, 0.46959, 0.46787, 0.46669, 0.46521, 0.46447, 0.46382], 'val_rmse': [0.40743, 0.40439, 0.40389, 0.40866, 0.40578, 0.40374, 0.40436], 'test_rmse': [0.47343, 0.47155, 0.47202, 0.47503, 0.47299, 0.47216, 0.47227]})
2021/05/03 05:21:02 Epoch 6, Loss 0.46382, valid loss 0.40436, time per epoch 3513.9537
2021/05/03 05:21:02 Epoch --> 7
2021/05/03 06:19:44 Model Saved /models-vol4/trained_model_0.001_0.4_128.pth...
2021/05/03 06:19:44 Results Saved /models-vol4/results_dict_0.001_0.4_128.pkl...
2021/05/03 06:19:44 defaultdict(<class 'list'>, {'train_rmse': [0.47774, 0.46959, 0.46787, 0.46669, 0.46521, 0.46447, 0.46382, 0.46311], 'val_rmse': [0.40743, 0.40439, 0.40389, 0.40866, 0.40578, 0.40374, 0.40436, 0.40576], 'test_rmse': [0.47343, 0.47155, 0.47202, 0.47503, 0.47299, 0.47216, 0.47227, 0.47228]})
2021/05/03 06:19:44 Epoch 7, Loss 0.46311, valid loss 0.40576, time per epoch 3521.82433
2021/05/03 06:19:44 Epoch --> 8
2021/05/03 07:18:51 Model Saved /models-vol4/trained_model_0.001_0.4_128.pth...
2021/05/03 07:18:51 Results Saved /models-vol4/results_dict_0.001_0.4_128.pkl...
2021/05/03 07:18:51 defaultdict(<class 'list'>, {'train_rmse': [0.47774, 0.46959, 0.46787, 0.46669, 0.46521, 0.46447, 0.46382, 0.46311, 0.4624], 'val_rmse': [0.40743, 0.40439, 0.40389, 0.40866, 0.40578, 0.40374, 0.40436, 0.40576, 0.40557], 'test_rmse': [0.47343, 0.47155, 0.47202, 0.47503, 0.47299, 0.47216, 0.47227, 0.47228, 0.4733]})
2021/05/03 07:18:51 Epoch 8, Loss 0.4624, valid loss 0.40557, time per epoch 3547.45351
2021/05/03 07:18:51 Epoch --> 9
2021/05/03 08:17:49 Model Saved /models-vol4/trained_model_0.001_0.4_128.pth...
2021/05/03 08:17:49 Results Saved /models-vol4/results_dict_0.001_0.4_128.pkl...
2021/05/03 08:17:49 defaultdict(<class 'list'>, {'train_rmse': [0.47774, 0.46959, 0.46787, 0.46669, 0.46521, 0.46447, 0.46382, 0.46311, 0.4624, 0.46092], 'val_rmse': [0.40743, 0.40439, 0.40389, 0.40866, 0.40578, 0.40374, 0.40436, 0.40576, 0.40557, 0.40475], 'test_rmse': [0.47343, 0.47155, 0.47202, 0.47503, 0.47299, 0.47216, 0.47227, 0.47228, 0.4733, 0.47297]})
2021/05/03 08:17:49 Epoch 9, Loss 0.46092, valid loss 0.40475, time per epoch 3537.77658
2021/05/03 08:17:49 Epoch --> 10
2021/05/03 09:16:35 Model Saved /models-vol4/trained_model_0.001_0.4_128.pth...
2021/05/03 09:16:35 Results Saved /models-vol4/results_dict_0.001_0.4_128.pkl...
2021/05/03 09:16:35 defaultdict(<class 'list'>, {'train_rmse': [0.47774, 0.46959, 0.46787, 0.46669, 0.46521, 0.46447, 0.46382, 0.46311, 0.4624, 0.46092, 0.46016], 'val_rmse': [0.40743, 0.40439, 0.40389, 0.40866, 0.40578, 0.40374, 0.40436, 0.40576, 0.40557, 0.40475, 0.40474], 'test_rmse': [0.47343, 0.47155, 0.47202, 0.47503, 0.47299, 0.47216, 0.47227, 0.47228, 0.4733, 0.47297, 0.4737]})
2021/05/03 09:16:35 Epoch 10, Loss 0.46016, valid loss 0.40474, time per epoch 3525.68911
2021/05/03 09:16:35 Epoch --> 11
2021/05/03 10:15:27 Model Saved /models-vol4/trained_model_0.001_0.4_128.pth...
2021/05/03 10:15:27 Results Saved /models-vol4/results_dict_0.001_0.4_128.pkl...
2021/05/03 10:15:27 defaultdict(<class 'list'>, {'train_rmse': [0.47774, 0.46959, 0.46787, 0.46669, 0.46521, 0.46447, 0.46382, 0.46311, 0.4624, 0.46092, 0.46016, 0.45936], 'val_rmse': [0.40743, 0.40439, 0.40389, 0.40866, 0.40578, 0.40374, 0.40436, 0.40576, 0.40557, 0.40475, 0.40474, 0.4068], 'test_rmse': [0.47343, 0.47155, 0.47202, 0.47503, 0.47299, 0.47216, 0.47227, 0.47228, 0.4733, 0.47297, 0.4737, 0.47671]})
2021/05/03 10:15:27 Epoch 11, Loss 0.45936, valid loss 0.4068, time per epoch 3531.83455
2021/05/03 10:15:27 Epoch --> 12
2021/05/03 11:14:05 Model Saved /models-vol4/trained_model_0.001_0.4_128.pth...
2021/05/03 11:14:05 Results Saved /models-vol4/results_dict_0.001_0.4_128.pkl...
2021/05/03 11:14:05 defaultdict(<class 'list'>, {'train_rmse': [0.47774, 0.46959, 0.46787, 0.46669, 0.46521, 0.46447, 0.46382, 0.46311, 0.4624, 0.46092, 0.46016, 0.45936, 0.45862], 'val_rmse': [0.40743, 0.40439, 0.40389, 0.40866, 0.40578, 0.40374, 0.40436, 0.40576, 0.40557, 0.40475, 0.40474, 0.4068, 0.40571], 'test_rmse': [0.47343, 0.47155, 0.47202, 0.47503, 0.47299, 0.47216, 0.47227, 0.47228, 0.4733, 0.47297, 0.4737, 0.47671, 0.47455]})
2021/05/03 11:14:05 Epoch 12, Loss 0.45862, valid loss 0.40571, time per epoch 3517.7635
2021/05/03 11:14:05 Epoch --> 13
2021/05/03 12:13:10 Model Saved /models-vol4/trained_model_0.001_0.4_128.pth...
2021/05/03 12:13:10 Results Saved /models-vol4/results_dict_0.001_0.4_128.pkl...
2021/05/03 12:13:10 defaultdict(<class 'list'>, {'train_rmse': [0.47774, 0.46959, 0.46787, 0.46669, 0.46521, 0.46447, 0.46382, 0.46311, 0.4624, 0.46092, 0.46016, 0.45936, 0.45862, 0.45784], 'val_rmse': [0.40743, 0.40439, 0.40389, 0.40866, 0.40578, 0.40374, 0.40436, 0.40576, 0.40557, 0.40475, 0.40474, 0.4068, 0.40571, 0.40596], 'test_rmse': [0.47343, 0.47155, 0.47202, 0.47503, 0.47299, 0.47216, 0.47227, 0.47228, 0.4733, 0.47297, 0.4737, 0.47671, 0.47455, 0.47557]})
2021/05/03 12:13:10 Epoch 13, Loss 0.45784, valid loss 0.40596, time per epoch 3545.7153
2021/05/03 12:13:10 Epoch --> 14
2021/05/03 13:11:51 Model Saved /models-vol4/trained_model_0.001_0.4_128.pth...
2021/05/03 13:11:51 Results Saved /models-vol4/results_dict_0.001_0.4_128.pkl...
2021/05/03 13:11:51 defaultdict(<class 'list'>, {'train_rmse': [0.47774, 0.46959, 0.46787, 0.46669, 0.46521, 0.46447, 0.46382, 0.46311, 0.4624, 0.46092, 0.46016, 0.45936, 0.45862, 0.45784, 0.45614], 'val_rmse': [0.40743, 0.40439, 0.40389, 0.40866, 0.40578, 0.40374, 0.40436, 0.40576, 0.40557, 0.40475, 0.40474, 0.4068, 0.40571, 0.40596, 0.40705], 'test_rmse': [0.47343, 0.47155, 0.47202, 0.47503, 0.47299, 0.47216, 0.47227, 0.47228, 0.4733, 0.47297, 0.4737, 0.47671, 0.47455, 0.47557, 0.47665]})
2021/05/03 13:11:51 Epoch 14, Loss 0.45614, valid loss 0.40705, time per epoch 3521.06688
2021/05/03 13:11:51 Epoch --> 15
2021/05/03 14:10:29 Model Saved /models-vol4/trained_model_0.001_0.4_128.pth...
2021/05/03 14:10:29 Results Saved /models-vol4/results_dict_0.001_0.4_128.pkl...
2021/05/03 14:10:29 defaultdict(<class 'list'>, {'train_rmse': [0.47774, 0.46959, 0.46787, 0.46669, 0.46521, 0.46447, 0.46382, 0.46311, 0.4624, 0.46092, 0.46016, 0.45936, 0.45862, 0.45784, 0.45614, 0.45517], 'val_rmse': [0.40743, 0.40439, 0.40389, 0.40866, 0.40578, 0.40374, 0.40436, 0.40576, 0.40557, 0.40475, 0.40474, 0.4068, 0.40571, 0.40596, 0.40705, 0.40729], 'test_rmse': [0.47343, 0.47155, 0.47202, 0.47503, 0.47299, 0.47216, 0.47227, 0.47228, 0.4733, 0.47297, 0.4737, 0.47671, 0.47455, 0.47557, 0.47665, 0.47801]})
2021/05/03 14:10:29 Completed training current hyperparameters...
2021/05/03 14:10:29 Hyperparameters: learning rate 0.1, dropout rate 0.6, hidden dim 256
2021/05/03 14:10:31 Epoch --> 0
2021/05/03 15:10:33 Model Saved /models-vol4/trained_model_0.1_0.6_256.pth...
2021/05/03 15:10:33 Results Saved /models-vol4/results_dict_0.1_0.6_256.pkl...
2021/05/03 15:10:33 defaultdict(<class 'list'>, {'train_rmse': [72.74348], 'val_rmse': [85.30112], 'test_rmse': [85.40711]})
2021/05/03 15:10:33 Epoch 0, Loss 72.74348, valid loss 85.30112, time per epoch 3602.24484
2021/05/03 15:10:33 Epoch --> 1
2021/05/03 16:10:15 Model Saved /models-vol4/trained_model_0.1_0.6_256.pth...
2021/05/03 16:10:15 Results Saved /models-vol4/results_dict_0.1_0.6_256.pkl...
2021/05/03 16:10:15 defaultdict(<class 'list'>, {'train_rmse': [72.74348, 111.46093], 'val_rmse': [85.30112, 126.45205], 'test_rmse': [85.40711, 126.23924]})
2021/05/03 16:10:15 Epoch 1, Loss 111.46093, valid loss 126.45205, time per epoch 3581.3433
2021/05/03 16:10:15 Epoch --> 2
2021/05/03 17:10:04 Model Saved /models-vol4/trained_model_0.1_0.6_256.pth...
2021/05/03 17:10:04 Results Saved /models-vol4/results_dict_0.1_0.6_256.pkl...
2021/05/03 17:10:04 defaultdict(<class 'list'>, {'train_rmse': [72.74348, 111.46093, 128.7988], 'val_rmse': [85.30112, 126.45205, 194.48881], 'test_rmse': [85.40711, 126.23924, 194.6428]})
2021/05/03 17:10:04 Epoch 2, Loss 128.7988, valid loss 194.48881, time per epoch 3589.89978
2021/05/03 17:10:04 Epoch --> 3
2021/05/03 18:09:59 Model Saved /models-vol4/trained_model_0.1_0.6_256.pth...
2021/05/03 18:09:59 Results Saved /models-vol4/results_dict_0.1_0.6_256.pkl...
2021/05/03 18:09:59 defaultdict(<class 'list'>, {'train_rmse': [72.74348, 111.46093, 128.7988, 136.35971], 'val_rmse': [85.30112, 126.45205, 194.48881, 153.79196], 'test_rmse': [85.40711, 126.23924, 194.6428, 153.09936]})
2021/05/03 18:09:59 Epoch 3, Loss 136.35971, valid loss 153.79196, time per epoch 3594.04353
2021/05/03 18:09:59 Epoch --> 4
2021/05/03 19:10:02 Model Saved /models-vol4/trained_model_0.1_0.6_256.pth...
2021/05/03 19:10:02 Results Saved /models-vol4/results_dict_0.1_0.6_256.pkl...
2021/05/03 19:10:02 defaultdict(<class 'list'>, {'train_rmse': [72.74348, 111.46093, 128.7988, 136.35971, 138.3907], 'val_rmse': [85.30112, 126.45205, 194.48881, 153.79196, 110.50933], 'test_rmse': [85.40711, 126.23924, 194.6428, 153.09936, 111.12949]})
2021/05/03 19:10:02 Epoch 4, Loss 138.3907, valid loss 110.50933, time per epoch 3603.59094
2021/05/03 19:10:02 Epoch --> 5
2021/05/03 20:09:51 Model Saved /models-vol4/trained_model_0.1_0.6_256.pth...
2021/05/03 20:09:51 Results Saved /models-vol4/results_dict_0.1_0.6_256.pkl...
2021/05/03 20:09:51 defaultdict(<class 'list'>, {'train_rmse': [72.74348, 111.46093, 128.7988, 136.35971, 138.3907, 170.25764], 'val_rmse': [85.30112, 126.45205, 194.48881, 153.79196, 110.50933, 175.04869], 'test_rmse': [85.40711, 126.23924, 194.6428, 153.09936, 111.12949, 175.34608]})
2021/05/03 20:09:51 Epoch 5, Loss 170.25764, valid loss 175.04869, time per epoch 3589.3181
2021/05/03 20:09:51 Epoch --> 6
2021/05/03 21:09:36 Model Saved /models-vol4/trained_model_0.1_0.6_256.pth...
2021/05/03 21:09:36 Results Saved /models-vol4/results_dict_0.1_0.6_256.pkl...
2021/05/03 21:09:36 defaultdict(<class 'list'>, {'train_rmse': [72.74348, 111.46093, 128.7988, 136.35971, 138.3907, 170.25764, 181.5211], 'val_rmse': [85.30112, 126.45205, 194.48881, 153.79196, 110.50933, 175.04869, 174.51239], 'test_rmse': [85.40711, 126.23924, 194.6428, 153.09936, 111.12949, 175.34608, 174.31041]})
2021/05/03 21:09:36 Epoch 6, Loss 181.5211, valid loss 174.51239, time per epoch 3584.39041
2021/05/03 21:09:36 Epoch --> 7
2021/05/03 22:09:28 Model Saved /models-vol4/trained_model_0.1_0.6_256.pth...
2021/05/03 22:09:28 Results Saved /models-vol4/results_dict_0.1_0.6_256.pkl...
2021/05/03 22:09:28 defaultdict(<class 'list'>, {'train_rmse': [72.74348, 111.46093, 128.7988, 136.35971, 138.3907, 170.25764, 181.5211, 163.73704], 'val_rmse': [85.30112, 126.45205, 194.48881, 153.79196, 110.50933, 175.04869, 174.51239, 155.98289], 'test_rmse': [85.40711, 126.23924, 194.6428, 153.09936, 111.12949, 175.34608, 174.31041, 156.28399]})
2021/05/03 22:09:28 Epoch 7, Loss 163.73704, valid loss 155.98289, time per epoch 3591.96682
2021/05/03 22:09:28 Epoch --> 8
2021/05/03 23:09:22 Model Saved /models-vol4/trained_model_0.1_0.6_256.pth...
2021/05/03 23:09:22 Results Saved /models-vol4/results_dict_0.1_0.6_256.pkl...
2021/05/03 23:09:22 defaultdict(<class 'list'>, {'train_rmse': [72.74348, 111.46093, 128.7988, 136.35971, 138.3907, 170.25764, 181.5211, 163.73704, 171.70669], 'val_rmse': [85.30112, 126.45205, 194.48881, 153.79196, 110.50933, 175.04869, 174.51239, 155.98289, 227.64942], 'test_rmse': [85.40711, 126.23924, 194.6428, 153.09936, 111.12949, 175.34608, 174.31041, 156.28399, 227.8186]})
2021/05/03 23:09:22 Epoch 8, Loss 171.70669, valid loss 227.64942, time per epoch 3594.31191
2021/05/03 23:09:22 Epoch --> 9
2021/05/04 00:09:15 Model Saved /models-vol4/trained_model_0.1_0.6_256.pth...
2021/05/04 00:09:15 Results Saved /models-vol4/results_dict_0.1_0.6_256.pkl...
2021/05/04 00:09:15 defaultdict(<class 'list'>, {'train_rmse': [72.74348, 111.46093, 128.7988, 136.35971, 138.3907, 170.25764, 181.5211, 163.73704, 171.70669, 172.84249], 'val_rmse': [85.30112, 126.45205, 194.48881, 153.79196, 110.50933, 175.04869, 174.51239, 155.98289, 227.64942, 171.07346], 'test_rmse': [85.40711, 126.23924, 194.6428, 153.09936, 111.12949, 175.34608, 174.31041, 156.28399, 227.8186, 171.14062]})
2021/05/04 00:09:15 Epoch 9, Loss 172.84249, valid loss 171.07346, time per epoch 3592.59801
2021/05/04 00:09:15 Epoch --> 10
2021/05/04 01:09:04 Model Saved /models-vol4/trained_model_0.1_0.6_256.pth...
2021/05/04 01:09:04 Results Saved /models-vol4/results_dict_0.1_0.6_256.pkl...
2021/05/04 01:09:04 defaultdict(<class 'list'>, {'train_rmse': [72.74348, 111.46093, 128.7988, 136.35971, 138.3907, 170.25764, 181.5211, 163.73704, 171.70669, 172.84249, 160.39853], 'val_rmse': [85.30112, 126.45205, 194.48881, 153.79196, 110.50933, 175.04869, 174.51239, 155.98289, 227.64942, 171.07346, 180.89989], 'test_rmse': [85.40711, 126.23924, 194.6428, 153.09936, 111.12949, 175.34608, 174.31041, 156.28399, 227.8186, 171.14062, 181.8193]})
2021/05/04 01:09:04 Epoch 10, Loss 160.39853, valid loss 180.89989, time per epoch 3589.34111
2021/05/04 01:09:04 Epoch --> 11
2021/05/04 02:08:41 Model Saved /models-vol4/trained_model_0.1_0.6_256.pth...
2021/05/04 02:08:41 Results Saved /models-vol4/results_dict_0.1_0.6_256.pkl...
2021/05/04 02:08:41 defaultdict(<class 'list'>, {'train_rmse': [72.74348, 111.46093, 128.7988, 136.35971, 138.3907, 170.25764, 181.5211, 163.73704, 171.70669, 172.84249, 160.39853, 189.25349], 'val_rmse': [85.30112, 126.45205, 194.48881, 153.79196, 110.50933, 175.04869, 174.51239, 155.98289, 227.64942, 171.07346, 180.89989, 225.15126], 'test_rmse': [85.40711, 126.23924, 194.6428, 153.09936, 111.12949, 175.34608, 174.31041, 156.28399, 227.8186, 171.14062, 181.8193, 224.1794]})
2021/05/04 02:08:41 Epoch 11, Loss 189.25349, valid loss 225.15126, time per epoch 3577.17528
2021/05/04 02:08:41 Epoch --> 12
2021/05/04 03:08:25 Model Saved /models-vol4/trained_model_0.1_0.6_256.pth...
2021/05/04 03:08:25 Results Saved /models-vol4/results_dict_0.1_0.6_256.pkl...
2021/05/04 03:08:25 defaultdict(<class 'list'>, {'train_rmse': [72.74348, 111.46093, 128.7988, 136.35971, 138.3907, 170.25764, 181.5211, 163.73704, 171.70669, 172.84249, 160.39853, 189.25349, 194.85297], 'val_rmse': [85.30112, 126.45205, 194.48881, 153.79196, 110.50933, 175.04869, 174.51239, 155.98289, 227.64942, 171.07346, 180.89989, 225.15126, 172.66435], 'test_rmse': [85.40711, 126.23924, 194.6428, 153.09936, 111.12949, 175.34608, 174.31041, 156.28399, 227.8186, 171.14062, 181.8193, 224.1794, 172.72991]})
2021/05/04 03:08:25 Epoch 12, Loss 194.85297, valid loss 172.66435, time per epoch 3583.48709
2021/05/04 03:08:25 Epoch --> 13
2021/05/04 04:08:20 Model Saved /models-vol4/trained_model_0.1_0.6_256.pth...
2021/05/04 04:08:20 Results Saved /models-vol4/results_dict_0.1_0.6_256.pkl...
2021/05/04 04:08:20 defaultdict(<class 'list'>, {'train_rmse': [72.74348, 111.46093, 128.7988, 136.35971, 138.3907, 170.25764, 181.5211, 163.73704, 171.70669, 172.84249, 160.39853, 189.25349, 194.85297, 185.09456], 'val_rmse': [85.30112, 126.45205, 194.48881, 153.79196, 110.50933, 175.04869, 174.51239, 155.98289, 227.64942, 171.07346, 180.89989, 225.15126, 172.66435, 141.67378], 'test_rmse': [85.40711, 126.23924, 194.6428, 153.09936, 111.12949, 175.34608, 174.31041, 156.28399, 227.8186, 171.14062, 181.8193, 224.1794, 172.72991, 141.63294]})
2021/05/04 04:08:20 Epoch 13, Loss 185.09456, valid loss 141.67378, time per epoch 3595.63508
2021/05/04 04:08:20 Epoch --> 14
2021/05/04 05:08:09 Model Saved /models-vol4/trained_model_0.1_0.6_256.pth...
2021/05/04 05:08:09 Results Saved /models-vol4/results_dict_0.1_0.6_256.pkl...
2021/05/04 05:08:09 defaultdict(<class 'list'>, {'train_rmse': [72.74348, 111.46093, 128.7988, 136.35971, 138.3907, 170.25764, 181.5211, 163.73704, 171.70669, 172.84249, 160.39853, 189.25349, 194.85297, 185.09456, 197.13163], 'val_rmse': [85.30112, 126.45205, 194.48881, 153.79196, 110.50933, 175.04869, 174.51239, 155.98289, 227.64942, 171.07346, 180.89989, 225.15126, 172.66435, 141.67378, 204.12725], 'test_rmse': [85.40711, 126.23924, 194.6428, 153.09936, 111.12949, 175.34608, 174.31041, 156.28399, 227.8186, 171.14062, 181.8193, 224.1794, 172.72991, 141.63294, 203.91399]})
2021/05/04 05:08:09 Epoch 14, Loss 197.13163, valid loss 204.12725, time per epoch 3588.81862
2021/05/04 05:08:09 Epoch --> 15
2021/05/04 06:08:08 Model Saved /models-vol4/trained_model_0.1_0.6_256.pth...
2021/05/04 06:08:08 Results Saved /models-vol4/results_dict_0.1_0.6_256.pkl...
2021/05/04 06:08:08 defaultdict(<class 'list'>, {'train_rmse': [72.74348, 111.46093, 128.7988, 136.35971, 138.3907, 170.25764, 181.5211, 163.73704, 171.70669, 172.84249, 160.39853, 189.25349, 194.85297, 185.09456, 197.13163, 174.56003], 'val_rmse': [85.30112, 126.45205, 194.48881, 153.79196, 110.50933, 175.04869, 174.51239, 155.98289, 227.64942, 171.07346, 180.89989, 225.15126, 172.66435, 141.67378, 204.12725, 142.86886], 'test_rmse': [85.40711, 126.23924, 194.6428, 153.09936, 111.12949, 175.34608, 174.31041, 156.28399, 227.8186, 171.14062, 181.8193, 224.1794, 172.72991, 141.63294, 203.91399, 143.64271]})
2021/05/04 06:08:08 Epoch 15, Loss 174.56003, valid loss 142.86886, time per epoch 3598.72358
2021/05/04 06:08:08 Epoch --> 16
2021/05/04 07:07:53 Model Saved /models-vol4/trained_model_0.1_0.6_256.pth...
2021/05/04 07:07:53 Results Saved /models-vol4/results_dict_0.1_0.6_256.pkl...
2021/05/04 07:07:53 defaultdict(<class 'list'>, {'train_rmse': [72.74348, 111.46093, 128.7988, 136.35971, 138.3907, 170.25764, 181.5211, 163.73704, 171.70669, 172.84249, 160.39853, 189.25349, 194.85297, 185.09456, 197.13163, 174.56003, 170.71142], 'val_rmse': [85.30112, 126.45205, 194.48881, 153.79196, 110.50933, 175.04869, 174.51239, 155.98289, 227.64942, 171.07346, 180.89989, 225.15126, 172.66435, 141.67378, 204.12725, 142.86886, 224.03549], 'test_rmse': [85.40711, 126.23924, 194.6428, 153.09936, 111.12949, 175.34608, 174.31041, 156.28399, 227.8186, 171.14062, 181.8193, 224.1794, 172.72991, 141.63294, 203.91399, 143.64271, 222.8603]})
2021/05/04 07:07:53 Epoch 16, Loss 170.71142, valid loss 224.03549, time per epoch 3585.32421
2021/05/04 07:07:53 Epoch --> 17
2021/05/04 08:07:39 Model Saved /models-vol4/trained_model_0.1_0.6_256.pth...
2021/05/04 08:07:39 Results Saved /models-vol4/results_dict_0.1_0.6_256.pkl...
2021/05/04 08:07:39 defaultdict(<class 'list'>, {'train_rmse': [72.74348, 111.46093, 128.7988, 136.35971, 138.3907, 170.25764, 181.5211, 163.73704, 171.70669, 172.84249, 160.39853, 189.25349, 194.85297, 185.09456, 197.13163, 174.56003, 170.71142, 181.66313], 'val_rmse': [85.30112, 126.45205, 194.48881, 153.79196, 110.50933, 175.04869, 174.51239, 155.98289, 227.64942, 171.07346, 180.89989, 225.15126, 172.66435, 141.67378, 204.12725, 142.86886, 224.03549, 342.06873], 'test_rmse': [85.40711, 126.23924, 194.6428, 153.09936, 111.12949, 175.34608, 174.31041, 156.28399, 227.8186, 171.14062, 181.8193, 224.1794, 172.72991, 141.63294, 203.91399, 143.64271, 222.8603, 341.80994]})
2021/05/04 08:07:39 Completed training current hyperparameters...
2021/05/04 08:07:39 Hyperparameters: learning rate 0.1, dropout rate 0.8, hidden dim 128
2021/05/04 08:07:41 Epoch --> 0
2021/05/04 09:06:45 Model Saved /models-vol4/trained_model_0.1_0.8_128.pth...
2021/05/04 09:06:45 Results Saved /models-vol4/results_dict_0.1_0.8_128.pkl...
2021/05/04 09:06:45 defaultdict(<class 'list'>, {'train_rmse': [73.37187], 'val_rmse': [100.08282], 'test_rmse': [99.96501]})
2021/05/04 09:06:45 Epoch 0, Loss 73.37187, valid loss 100.08282, time per epoch 3543.98744
2021/05/04 09:06:45 Epoch --> 1
2021/05/04 10:05:27 Model Saved /models-vol4/trained_model_0.1_0.8_128.pth...
2021/05/04 10:05:27 Results Saved /models-vol4/results_dict_0.1_0.8_128.pkl...
2021/05/04 10:05:27 defaultdict(<class 'list'>, {'train_rmse': [73.37187, 118.72022], 'val_rmse': [100.08282, 100.91475], 'test_rmse': [99.96501, 100.51138]})
2021/05/04 10:05:27 Epoch 1, Loss 118.72022, valid loss 100.91475, time per epoch 3521.63981
2021/05/04 10:05:27 Epoch --> 2
2021/05/04 11:03:53 Model Saved /models-vol4/trained_model_0.1_0.8_128.pth...
2021/05/04 11:03:53 Results Saved /models-vol4/results_dict_0.1_0.8_128.pkl...
2021/05/04 11:03:53 defaultdict(<class 'list'>, {'train_rmse': [73.37187, 118.72022, 114.99197], 'val_rmse': [100.08282, 100.91475, 206.44089], 'test_rmse': [99.96501, 100.51138, 205.08264]})
2021/05/04 11:03:53 Epoch 2, Loss 114.99197, valid loss 206.44089, time per epoch 3506.89433
2021/05/04 11:03:53 Epoch --> 3
2021/05/04 12:02:37 Model Saved /models-vol4/trained_model_0.1_0.8_128.pth...
2021/05/04 12:02:37 Results Saved /models-vol4/results_dict_0.1_0.8_128.pkl...
2021/05/04 12:02:37 defaultdict(<class 'list'>, {'train_rmse': [73.37187, 118.72022, 114.99197, 163.03835], 'val_rmse': [100.08282, 100.91475, 206.44089, 190.20273], 'test_rmse': [99.96501, 100.51138, 205.08264, 190.5516]})
2021/05/04 12:02:37 Epoch 3, Loss 163.03835, valid loss 190.20273, time per epoch 3523.22322
2021/05/04 12:02:37 Epoch --> 4
2021/05/04 13:01:37 Model Saved /models-vol4/trained_model_0.1_0.8_128.pth...
2021/05/04 13:01:37 Results Saved /models-vol4/results_dict_0.1_0.8_128.pkl...
2021/05/04 13:01:37 defaultdict(<class 'list'>, {'train_rmse': [73.37187, 118.72022, 114.99197, 163.03835, 144.08037], 'val_rmse': [100.08282, 100.91475, 206.44089, 190.20273, 172.12126], 'test_rmse': [99.96501, 100.51138, 205.08264, 190.5516, 171.56279]})
2021/05/04 13:01:37 Epoch 4, Loss 144.08037, valid loss 172.12126, time per epoch 3540.24895
2021/05/04 13:01:37 Epoch --> 5
2021/05/04 14:00:27 Model Saved /models-vol4/trained_model_0.1_0.8_128.pth...
2021/05/04 14:00:27 Results Saved /models-vol4/results_dict_0.1_0.8_128.pkl...
2021/05/04 14:00:27 defaultdict(<class 'list'>, {'train_rmse': [73.37187, 118.72022, 114.99197, 163.03835, 144.08037, 157.58333], 'val_rmse': [100.08282, 100.91475, 206.44089, 190.20273, 172.12126, 154.01029], 'test_rmse': [99.96501, 100.51138, 205.08264, 190.5516, 171.56279, 153.9772]})
2021/05/04 14:00:27 Epoch 5, Loss 157.58333, valid loss 154.01029, time per epoch 3530.01293
2021/05/04 14:00:27 Epoch --> 6
2021/05/04 14:59:04 Model Saved /models-vol4/trained_model_0.1_0.8_128.pth...
2021/05/04 14:59:04 Results Saved /models-vol4/results_dict_0.1_0.8_128.pkl...
2021/05/04 14:59:04 defaultdict(<class 'list'>, {'train_rmse': [73.37187, 118.72022, 114.99197, 163.03835, 144.08037, 157.58333, 145.47509], 'val_rmse': [100.08282, 100.91475, 206.44089, 190.20273, 172.12126, 154.01029, 149.24437], 'test_rmse': [99.96501, 100.51138, 205.08264, 190.5516, 171.56279, 153.9772, 151.13824]})
2021/05/04 14:59:04 Epoch 6, Loss 145.47509, valid loss 149.24437, time per epoch 3517.49704
2021/05/04 14:59:04 Epoch --> 7
2021/05/04 15:57:25 Model Saved /models-vol4/trained_model_0.1_0.8_128.pth...
2021/05/04 15:57:25 Results Saved /models-vol4/results_dict_0.1_0.8_128.pkl...
2021/05/04 15:57:25 defaultdict(<class 'list'>, {'train_rmse': [73.37187, 118.72022, 114.99197, 163.03835, 144.08037, 157.58333, 145.47509, 150.79779], 'val_rmse': [100.08282, 100.91475, 206.44089, 190.20273, 172.12126, 154.01029, 149.24437, 141.29669], 'test_rmse': [99.96501, 100.51138, 205.08264, 190.5516, 171.56279, 153.9772, 151.13824, 140.65716]})
2021/05/04 15:57:25 Epoch 7, Loss 150.79779, valid loss 141.29669, time per epoch 3500.39685
2021/05/04 15:57:25 Epoch --> 8
2021/05/04 16:55:56 Model Saved /models-vol4/trained_model_0.1_0.8_128.pth...
2021/05/04 16:55:56 Results Saved /models-vol4/results_dict_0.1_0.8_128.pkl...
2021/05/04 16:55:56 defaultdict(<class 'list'>, {'train_rmse': [73.37187, 118.72022, 114.99197, 163.03835, 144.08037, 157.58333, 145.47509, 150.79779, 163.03096], 'val_rmse': [100.08282, 100.91475, 206.44089, 190.20273, 172.12126, 154.01029, 149.24437, 141.29669, 121.99052], 'test_rmse': [99.96501, 100.51138, 205.08264, 190.5516, 171.56279, 153.9772, 151.13824, 140.65716, 121.80327]})
2021/05/04 16:55:56 Epoch 8, Loss 163.03096, valid loss 121.99052, time per epoch 3511.43221
2021/05/04 16:55:56 Epoch --> 9
2021/05/04 17:54:47 Model Saved /models-vol4/trained_model_0.1_0.8_128.pth...
2021/05/04 17:54:47 Results Saved /models-vol4/results_dict_0.1_0.8_128.pkl...
2021/05/04 17:54:47 defaultdict(<class 'list'>, {'train_rmse': [73.37187, 118.72022, 114.99197, 163.03835, 144.08037, 157.58333, 145.47509, 150.79779, 163.03096, 129.12844], 'val_rmse': [100.08282, 100.91475, 206.44089, 190.20273, 172.12126, 154.01029, 149.24437, 141.29669, 121.99052, 164.03537], 'test_rmse': [99.96501, 100.51138, 205.08264, 190.5516, 171.56279, 153.9772, 151.13824, 140.65716, 121.80327, 163.56552]})
2021/05/04 17:54:47 Epoch 9, Loss 129.12844, valid loss 164.03537, time per epoch 3530.88306
2021/05/04 17:54:47 Epoch --> 10
2021/05/04 18:52:58 Model Saved /models-vol4/trained_model_0.1_0.8_128.pth...
2021/05/04 18:52:58 Results Saved /models-vol4/results_dict_0.1_0.8_128.pkl...
2021/05/04 18:52:58 defaultdict(<class 'list'>, {'train_rmse': [73.37187, 118.72022, 114.99197, 163.03835, 144.08037, 157.58333, 145.47509, 150.79779, 163.03096, 129.12844, 160.71926], 'val_rmse': [100.08282, 100.91475, 206.44089, 190.20273, 172.12126, 154.01029, 149.24437, 141.29669, 121.99052, 164.03537, 169.51674], 'test_rmse': [99.96501, 100.51138, 205.08264, 190.5516, 171.56279, 153.9772, 151.13824, 140.65716, 121.80327, 163.56552, 169.20609]})
2021/05/04 18:52:58 Epoch 10, Loss 160.71926, valid loss 169.51674, time per epoch 3490.67634
2021/05/04 18:52:58 Epoch --> 11
2021/05/04 19:51:26 Model Saved /models-vol4/trained_model_0.1_0.8_128.pth...
2021/05/04 19:51:26 Results Saved /models-vol4/results_dict_0.1_0.8_128.pkl...
2021/05/04 19:51:26 defaultdict(<class 'list'>, {'train_rmse': [73.37187, 118.72022, 114.99197, 163.03835, 144.08037, 157.58333, 145.47509, 150.79779, 163.03096, 129.12844, 160.71926, 167.50951], 'val_rmse': [100.08282, 100.91475, 206.44089, 190.20273, 172.12126, 154.01029, 149.24437, 141.29669, 121.99052, 164.03537, 169.51674, 134.27803], 'test_rmse': [99.96501, 100.51138, 205.08264, 190.5516, 171.56279, 153.9772, 151.13824, 140.65716, 121.80327, 163.56552, 169.20609, 133.92882]})
2021/05/04 19:51:26 Epoch 11, Loss 167.50951, valid loss 134.27803, time per epoch 3508.47944
2021/05/04 19:51:26 Epoch --> 12
2021/05/04 20:49:51 Model Saved /models-vol4/trained_model_0.1_0.8_128.pth...
2021/05/04 20:49:51 Results Saved /models-vol4/results_dict_0.1_0.8_128.pkl...
2021/05/04 20:49:51 defaultdict(<class 'list'>, {'train_rmse': [73.37187, 118.72022, 114.99197, 163.03835, 144.08037, 157.58333, 145.47509, 150.79779, 163.03096, 129.12844, 160.71926, 167.50951, 170.47277], 'val_rmse': [100.08282, 100.91475, 206.44089, 190.20273, 172.12126, 154.01029, 149.24437, 141.29669, 121.99052, 164.03537, 169.51674, 134.27803, 129.56942], 'test_rmse': [99.96501, 100.51138, 205.08264, 190.5516, 171.56279, 153.9772, 151.13824, 140.65716, 121.80327, 163.56552, 169.20609, 133.92882, 129.29894]})
2021/05/04 20:49:51 Epoch 12, Loss 170.47277, valid loss 129.56942, time per epoch 3505.00526
2021/05/04 20:49:51 Epoch --> 13
2021/05/04 21:48:19 Model Saved /models-vol4/trained_model_0.1_0.8_128.pth...
2021/05/04 21:48:19 Results Saved /models-vol4/results_dict_0.1_0.8_128.pkl...
2021/05/04 21:48:19 defaultdict(<class 'list'>, {'train_rmse': [73.37187, 118.72022, 114.99197, 163.03835, 144.08037, 157.58333, 145.47509, 150.79779, 163.03096, 129.12844, 160.71926, 167.50951, 170.47277, 163.45516], 'val_rmse': [100.08282, 100.91475, 206.44089, 190.20273, 172.12126, 154.01029, 149.24437, 141.29669, 121.99052, 164.03537, 169.51674, 134.27803, 129.56942, 147.99328], 'test_rmse': [99.96501, 100.51138, 205.08264, 190.5516, 171.56279, 153.9772, 151.13824, 140.65716, 121.80327, 163.56552, 169.20609, 133.92882, 129.29894, 147.96388]})
2021/05/04 21:48:19 Epoch 13, Loss 163.45516, valid loss 147.99328, time per epoch 3507.79403
2021/05/04 21:48:19 Epoch --> 14
2021/05/04 22:46:40 Model Saved /models-vol4/trained_model_0.1_0.8_128.pth...
2021/05/04 22:46:40 Results Saved /models-vol4/results_dict_0.1_0.8_128.pkl...
2021/05/04 22:46:40 defaultdict(<class 'list'>, {'train_rmse': [73.37187, 118.72022, 114.99197, 163.03835, 144.08037, 157.58333, 145.47509, 150.79779, 163.03096, 129.12844, 160.71926, 167.50951, 170.47277, 163.45516, 132.22223], 'val_rmse': [100.08282, 100.91475, 206.44089, 190.20273, 172.12126, 154.01029, 149.24437, 141.29669, 121.99052, 164.03537, 169.51674, 134.27803, 129.56942, 147.99328, 131.95793], 'test_rmse': [99.96501, 100.51138, 205.08264, 190.5516, 171.56279, 153.9772, 151.13824, 140.65716, 121.80327, 163.56552, 169.20609, 133.92882, 129.29894, 147.96388, 131.9247]})
2021/05/04 22:46:40 Epoch 14, Loss 132.22223, valid loss 131.95793, time per epoch 3501.06298
2021/05/04 22:46:40 Epoch --> 15
2021/05/04 23:45:09 Model Saved /models-vol4/trained_model_0.1_0.8_128.pth...
2021/05/04 23:45:09 Results Saved /models-vol4/results_dict_0.1_0.8_128.pkl...
2021/05/04 23:45:09 defaultdict(<class 'list'>, {'train_rmse': [73.37187, 118.72022, 114.99197, 163.03835, 144.08037, 157.58333, 145.47509, 150.79779, 163.03096, 129.12844, 160.71926, 167.50951, 170.47277, 163.45516, 132.22223, 139.8204], 'val_rmse': [100.08282, 100.91475, 206.44089, 190.20273, 172.12126, 154.01029, 149.24437, 141.29669, 121.99052, 164.03537, 169.51674, 134.27803, 129.56942, 147.99328, 131.95793, 156.91753], 'test_rmse': [99.96501, 100.51138, 205.08264, 190.5516, 171.56279, 153.9772, 151.13824, 140.65716, 121.80327, 163.56552, 169.20609, 133.92882, 129.29894, 147.96388, 131.9247, 156.90895]})
2021/05/04 23:45:09 Epoch 15, Loss 139.8204, valid loss 156.91753, time per epoch 3509.20093
2021/05/04 23:45:09 Epoch --> 16
2021/05/05 00:43:48 Model Saved /models-vol4/trained_model_0.1_0.8_128.pth...
2021/05/05 00:43:48 Results Saved /models-vol4/results_dict_0.1_0.8_128.pkl...
2021/05/05 00:43:48 defaultdict(<class 'list'>, {'train_rmse': [73.37187, 118.72022, 114.99197, 163.03835, 144.08037, 157.58333, 145.47509, 150.79779, 163.03096, 129.12844, 160.71926, 167.50951, 170.47277, 163.45516, 132.22223, 139.8204, 146.79396], 'val_rmse': [100.08282, 100.91475, 206.44089, 190.20273, 172.12126, 154.01029, 149.24437, 141.29669, 121.99052, 164.03537, 169.51674, 134.27803, 129.56942, 147.99328, 131.95793, 156.91753, 154.63303], 'test_rmse': [99.96501, 100.51138, 205.08264, 190.5516, 171.56279, 153.9772, 151.13824, 140.65716, 121.80327, 163.56552, 169.20609, 133.92882, 129.29894, 147.96388, 131.9247, 156.90895, 154.47775]})
2021/05/05 00:43:48 Epoch 16, Loss 146.79396, valid loss 154.63303, time per epoch 3518.14387
2021/05/05 00:43:48 Epoch --> 17
2021/05/05 01:42:18 Model Saved /models-vol4/trained_model_0.1_0.8_128.pth...
2021/05/05 01:42:18 Results Saved /models-vol4/results_dict_0.1_0.8_128.pkl...
2021/05/05 01:42:18 defaultdict(<class 'list'>, {'train_rmse': [73.37187, 118.72022, 114.99197, 163.03835, 144.08037, 157.58333, 145.47509, 150.79779, 163.03096, 129.12844, 160.71926, 167.50951, 170.47277, 163.45516, 132.22223, 139.8204, 146.79396, 184.45728], 'val_rmse': [100.08282, 100.91475, 206.44089, 190.20273, 172.12126, 154.01029, 149.24437, 141.29669, 121.99052, 164.03537, 169.51674, 134.27803, 129.56942, 147.99328, 131.95793, 156.91753, 154.63303, 168.78282], 'test_rmse': [99.96501, 100.51138, 205.08264, 190.5516, 171.56279, 153.9772, 151.13824, 140.65716, 121.80327, 163.56552, 169.20609, 133.92882, 129.29894, 147.96388, 131.9247, 156.90895, 154.47775, 168.7669]})
2021/05/05 01:42:18 Completed training current hyperparameters...
2021/05/05 01:42:18 Hyperparameters: learning rate 0.0001, dropout rate 0.8, hidden dim 64
2021/05/05 01:42:21 Epoch --> 0
2021/05/05 02:41:07 Model Saved /models-vol4/trained_model_0.0001_0.8_64.pth...
2021/05/05 02:41:07 Results Saved /models-vol4/results_dict_0.0001_0.8_64.pkl...
2021/05/05 02:41:07 defaultdict(<class 'list'>, {'train_rmse': [0.49512], 'val_rmse': [0.41191], 'test_rmse': [0.48184]})
2021/05/05 02:41:07 Epoch 0, Loss 0.49512, valid loss 0.41191, time per epoch 3526.54403
2021/05/05 02:41:07 Epoch --> 1
2021/05/05 03:40:00 Model Saved /models-vol4/trained_model_0.0001_0.8_64.pth...
2021/05/05 03:40:00 Results Saved /models-vol4/results_dict_0.0001_0.8_64.pkl...
2021/05/05 03:40:00 defaultdict(<class 'list'>, {'train_rmse': [0.49512, 0.48068], 'val_rmse': [0.41191, 0.40853], 'test_rmse': [0.48184, 0.47594]})
2021/05/05 03:40:00 Epoch 1, Loss 0.48068, valid loss 0.40853, time per epoch 3532.79867
2021/05/05 03:40:00 Epoch --> 2
2021/05/05 04:38:46 Model Saved /models-vol4/trained_model_0.0001_0.8_64.pth...
2021/05/05 04:38:46 Results Saved /models-vol4/results_dict_0.0001_0.8_64.pkl...
2021/05/05 04:38:46 defaultdict(<class 'list'>, {'train_rmse': [0.49512, 0.48068, 0.47595], 'val_rmse': [0.41191, 0.40853, 0.40729], 'test_rmse': [0.48184, 0.47594, 0.47421]})
2021/05/05 04:38:46 Epoch 2, Loss 0.47595, valid loss 0.40729, time per epoch 3526.39091
2021/05/05 04:38:46 Epoch --> 3
2021/05/05 05:37:50 Model Saved /models-vol4/trained_model_0.0001_0.8_64.pth...
2021/05/05 05:37:50 Results Saved /models-vol4/results_dict_0.0001_0.8_64.pkl...
2021/05/05 05:37:50 defaultdict(<class 'list'>, {'train_rmse': [0.49512, 0.48068, 0.47595, 0.47373], 'val_rmse': [0.41191, 0.40853, 0.40729, 0.40659], 'test_rmse': [0.48184, 0.47594, 0.47421, 0.47245]})
2021/05/05 05:37:50 Epoch 3, Loss 0.47373, valid loss 0.40659, time per epoch 3543.32181
2021/05/05 05:37:50 Epoch --> 4
2021/05/05 06:36:43 Model Saved /models-vol4/trained_model_0.0001_0.8_64.pth...
2021/05/05 06:36:43 Results Saved /models-vol4/results_dict_0.0001_0.8_64.pkl...
2021/05/05 06:36:43 defaultdict(<class 'list'>, {'train_rmse': [0.49512, 0.48068, 0.47595, 0.47373, 0.47204], 'val_rmse': [0.41191, 0.40853, 0.40729, 0.40659, 0.40597], 'test_rmse': [0.48184, 0.47594, 0.47421, 0.47245, 0.47214]})
2021/05/05 06:36:43 Epoch 4, Loss 0.47204, valid loss 0.40597, time per epoch 3533.4364
2021/05/05 06:36:43 Epoch --> 5
2021/05/05 07:35:33 Model Saved /models-vol4/trained_model_0.0001_0.8_64.pth...
2021/05/05 07:35:33 Results Saved /models-vol4/results_dict_0.0001_0.8_64.pkl...
2021/05/05 07:35:33 defaultdict(<class 'list'>, {'train_rmse': [0.49512, 0.48068, 0.47595, 0.47373, 0.47204, 0.47129], 'val_rmse': [0.41191, 0.40853, 0.40729, 0.40659, 0.40597, 0.40669], 'test_rmse': [0.48184, 0.47594, 0.47421, 0.47245, 0.47214, 0.47291]})
2021/05/05 07:35:33 Epoch 5, Loss 0.47129, valid loss 0.40669, time per epoch 3529.77879
2021/05/05 07:35:33 Epoch --> 6
2021/05/05 08:34:33 Model Saved /models-vol4/trained_model_0.0001_0.8_64.pth...
2021/05/05 08:34:33 Results Saved /models-vol4/results_dict_0.0001_0.8_64.pkl...
2021/05/05 08:34:33 defaultdict(<class 'list'>, {'train_rmse': [0.49512, 0.48068, 0.47595, 0.47373, 0.47204, 0.47129, 0.47066], 'val_rmse': [0.41191, 0.40853, 0.40729, 0.40659, 0.40597, 0.40669, 0.40467], 'test_rmse': [0.48184, 0.47594, 0.47421, 0.47245, 0.47214, 0.47291, 0.47116]})
2021/05/05 08:34:33 Epoch 6, Loss 0.47066, valid loss 0.40467, time per epoch 3539.70945
2021/05/05 08:34:33 Epoch --> 7
2021/05/05 09:33:21 Model Saved /models-vol4/trained_model_0.0001_0.8_64.pth...
2021/05/05 09:33:21 Results Saved /models-vol4/results_dict_0.0001_0.8_64.pkl...
2021/05/05 09:33:21 defaultdict(<class 'list'>, {'train_rmse': [0.49512, 0.48068, 0.47595, 0.47373, 0.47204, 0.47129, 0.47066, 0.47015], 'val_rmse': [0.41191, 0.40853, 0.40729, 0.40659, 0.40597, 0.40669, 0.40467, 0.40496], 'test_rmse': [0.48184, 0.47594, 0.47421, 0.47245, 0.47214, 0.47291, 0.47116, 0.47086]})
2021/05/05 09:33:21 Epoch 7, Loss 0.47015, valid loss 0.40496, time per epoch 3528.36464
2021/05/05 09:33:21 Epoch --> 8
2021/05/05 10:32:17 Model Saved /models-vol4/trained_model_0.0001_0.8_64.pth...
2021/05/05 10:32:17 Results Saved /models-vol4/results_dict_0.0001_0.8_64.pkl...
2021/05/05 10:32:17 defaultdict(<class 'list'>, {'train_rmse': [0.49512, 0.48068, 0.47595, 0.47373, 0.47204, 0.47129, 0.47066, 0.47015, 0.46971], 'val_rmse': [0.41191, 0.40853, 0.40729, 0.40659, 0.40597, 0.40669, 0.40467, 0.40496, 0.40503], 'test_rmse': [0.48184, 0.47594, 0.47421, 0.47245, 0.47214, 0.47291, 0.47116, 0.47086, 0.47189]})
2021/05/05 10:32:17 Epoch 8, Loss 0.46971, valid loss 0.40503, time per epoch 3535.83946
2021/05/05 10:32:17 Epoch --> 9
2021/05/05 11:31:21 Model Saved /models-vol4/trained_model_0.0001_0.8_64.pth...
2021/05/05 11:31:21 Results Saved /models-vol4/results_dict_0.0001_0.8_64.pkl...
2021/05/05 11:31:21 defaultdict(<class 'list'>, {'train_rmse': [0.49512, 0.48068, 0.47595, 0.47373, 0.47204, 0.47129, 0.47066, 0.47015, 0.46971, 0.46909], 'val_rmse': [0.41191, 0.40853, 0.40729, 0.40659, 0.40597, 0.40669, 0.40467, 0.40496, 0.40503, 0.40663], 'test_rmse': [0.48184, 0.47594, 0.47421, 0.47245, 0.47214, 0.47291, 0.47116, 0.47086, 0.47189, 0.47245]})
2021/05/05 11:31:21 Epoch 9, Loss 0.46909, valid loss 0.40663, time per epoch 3543.73521
2021/05/05 11:31:21 Epoch --> 10
2021/05/05 12:30:25 Model Saved /models-vol4/trained_model_0.0001_0.8_64.pth...
2021/05/05 12:30:25 Results Saved /models-vol4/results_dict_0.0001_0.8_64.pkl...
2021/05/05 12:30:25 defaultdict(<class 'list'>, {'train_rmse': [0.49512, 0.48068, 0.47595, 0.47373, 0.47204, 0.47129, 0.47066, 0.47015, 0.46971, 0.46909, 0.46881], 'val_rmse': [0.41191, 0.40853, 0.40729, 0.40659, 0.40597, 0.40669, 0.40467, 0.40496, 0.40503, 0.40663, 0.40417], 'test_rmse': [0.48184, 0.47594, 0.47421, 0.47245, 0.47214, 0.47291, 0.47116, 0.47086, 0.47189, 0.47245, 0.47123]})
2021/05/05 12:30:25 Epoch 10, Loss 0.46881, valid loss 0.40417, time per epoch 3544.55189
2021/05/05 12:30:25 Epoch --> 11
2021/05/05 13:29:19 Model Saved /models-vol4/trained_model_0.0001_0.8_64.pth...
2021/05/05 13:29:19 Results Saved /models-vol4/results_dict_0.0001_0.8_64.pkl...
2021/05/05 13:29:19 defaultdict(<class 'list'>, {'train_rmse': [0.49512, 0.48068, 0.47595, 0.47373, 0.47204, 0.47129, 0.47066, 0.47015, 0.46971, 0.46909, 0.46881, 0.46855], 'val_rmse': [0.41191, 0.40853, 0.40729, 0.40659, 0.40597, 0.40669, 0.40467, 0.40496, 0.40503, 0.40663, 0.40417, 0.40496], 'test_rmse': [0.48184, 0.47594, 0.47421, 0.47245, 0.47214, 0.47291, 0.47116, 0.47086, 0.47189, 0.47245, 0.47123, 0.47273]})
2021/05/05 13:29:19 Epoch 11, Loss 0.46855, valid loss 0.40496, time per epoch 3533.45354
2021/05/05 13:29:19 Epoch --> 12
2021/05/05 14:28:20 Model Saved /models-vol4/trained_model_0.0001_0.8_64.pth...
2021/05/05 14:28:20 Results Saved /models-vol4/results_dict_0.0001_0.8_64.pkl...
2021/05/05 14:28:20 defaultdict(<class 'list'>, {'train_rmse': [0.49512, 0.48068, 0.47595, 0.47373, 0.47204, 0.47129, 0.47066, 0.47015, 0.46971, 0.46909, 0.46881, 0.46855, 0.4683], 'val_rmse': [0.41191, 0.40853, 0.40729, 0.40659, 0.40597, 0.40669, 0.40467, 0.40496, 0.40503, 0.40663, 0.40417, 0.40496, 0.40407], 'test_rmse': [0.48184, 0.47594, 0.47421, 0.47245, 0.47214, 0.47291, 0.47116, 0.47086, 0.47189, 0.47245, 0.47123, 0.47273, 0.47172]})
2021/05/05 14:28:20 Epoch 12, Loss 0.4683, valid loss 0.40407, time per epoch 3541.14031
2021/05/05 14:28:20 Epoch --> 13
2021/05/05 15:27:17 Model Saved /models-vol4/trained_model_0.0001_0.8_64.pth...
2021/05/05 15:27:17 Results Saved /models-vol4/results_dict_0.0001_0.8_64.pkl...
2021/05/05 15:27:17 defaultdict(<class 'list'>, {'train_rmse': [0.49512, 0.48068, 0.47595, 0.47373, 0.47204, 0.47129, 0.47066, 0.47015, 0.46971, 0.46909, 0.46881, 0.46855, 0.4683, 0.46808], 'val_rmse': [0.41191, 0.40853, 0.40729, 0.40659, 0.40597, 0.40669, 0.40467, 0.40496, 0.40503, 0.40663, 0.40417, 0.40496, 0.40407, 0.40391], 'test_rmse': [0.48184, 0.47594, 0.47421, 0.47245, 0.47214, 0.47291, 0.47116, 0.47086, 0.47189, 0.47245, 0.47123, 0.47273, 0.47172, 0.4709]})
2021/05/05 15:27:17 Epoch 13, Loss 0.46808, valid loss 0.40391, time per epoch 3537.05136
2021/05/05 15:27:17 Epoch --> 14