
2021/04/26 18:05:37 cuda:0
2021/04/26 18:05:37 ####################################################################################################
2021/04/26 18:05:37 Code Started...
2021/04/26 18:06:51 sample size 16618280, train val size 13294624, train size 11632796, val size 1661828, test size 3323656
2021/04/26 18:06:59 Epoch --> 0
2021/04/26 19:49:29 Model Saved...
2021/04/26 19:49:29 Results Saved...
2021/04/26 19:49:29 defaultdict(<class 'list'>, {'train_rmse': [0.2408], 'val_rmse': [0.26162], 'test_rmse': [0.24861]})
2021/04/26 19:49:29 Epoch --> 1
2021/04/26 21:31:53 Model Saved...
2021/04/26 21:31:53 Results Saved...
2021/04/26 21:31:53 defaultdict(<class 'list'>, {'train_rmse': [0.2408, 0.2414], 'val_rmse': [0.26162, 0.26475], 'test_rmse': [0.24861, 0.25094]})
2021/04/26 21:31:53 Epoch --> 2
2021/04/26 23:12:57 Model Saved...
2021/04/26 23:12:57 Results Saved...
2021/04/26 23:12:57 defaultdict(<class 'list'>, {'train_rmse': [0.2408, 0.2414, 0.89819], 'val_rmse': [0.26162, 0.26475, 0.35558], 'test_rmse': [0.24861, 0.25094, 0.34297]})
2021/04/26 23:12:57 Epoch --> 3
2021/04/27 00:54:03 Model Saved...
2021/04/27 00:54:03 Results Saved...
2021/04/27 00:54:03 defaultdict(<class 'list'>, {'train_rmse': [0.2408, 0.2414, 0.89819, 0.28589], 'val_rmse': [0.26162, 0.26475, 0.35558, 0.2837], 'test_rmse': [0.24861, 0.25094, 0.34297, 0.26587]})
2021/04/27 00:54:03 Epoch --> 4
2021/04/27 02:35:03 Model Saved...
2021/04/27 02:35:03 Results Saved...
2021/04/27 02:35:03 defaultdict(<class 'list'>, {'train_rmse': [0.2408, 0.2414, 0.89819, 0.28589, 0.24499], 'val_rmse': [0.26162, 0.26475, 0.35558, 0.2837, 0.26536], 'test_rmse': [0.24861, 0.25094, 0.34297, 0.26587, 0.2513]})
2021/04/27 02:35:03 Epoch --> 5
2021/04/27 04:16:08 Model Saved...
2021/04/27 04:16:08 Results Saved...
2021/04/27 04:16:08 defaultdict(<class 'list'>, {'train_rmse': [0.2408, 0.2414, 0.89819, 0.28589, 0.24499, 0.24442], 'val_rmse': [0.26162, 0.26475, 0.35558, 0.2837, 0.26536, 0.26685], 'test_rmse': [0.24861, 0.25094, 0.34297, 0.26587, 0.2513, 0.25191]})
2021/04/27 04:16:08 Epoch --> 6
2021/04/27 05:57:13 Model Saved...
2021/04/27 05:57:13 Results Saved...
2021/04/27 05:57:13 defaultdict(<class 'list'>, {'train_rmse': [0.2408, 0.2414, 0.89819, 0.28589, 0.24499, 0.24442, 0.23928], 'val_rmse': [0.26162, 0.26475, 0.35558, 0.2837, 0.26536, 0.26685, 0.26339], 'test_rmse': [0.24861, 0.25094, 0.34297, 0.26587, 0.2513, 0.25191, 0.2493]})
2021/04/27 05:57:13 Epoch --> 7
2021/04/27 07:38:15 Model Saved...
2021/04/27 07:38:15 Results Saved...
2021/04/27 07:38:15 defaultdict(<class 'list'>, {'train_rmse': [0.2408, 0.2414, 0.89819, 0.28589, 0.24499, 0.24442, 0.23928, 0.23949], 'val_rmse': [0.26162, 0.26475, 0.35558, 0.2837, 0.26536, 0.26685, 0.26339, 0.26358], 'test_rmse': [0.24861, 0.25094, 0.34297, 0.26587, 0.2513, 0.25191, 0.2493, 0.24978]})
2021/04/27 07:38:15 Epoch --> 8
2021/04/27 09:19:15 Model Saved...
2021/04/27 09:19:15 Results Saved...
2021/04/27 09:19:15 defaultdict(<class 'list'>, {'train_rmse': [0.2408, 0.2414, 0.89819, 0.28589, 0.24499, 0.24442, 0.23928, 0.23949, 0.23847], 'val_rmse': [0.26162, 0.26475, 0.35558, 0.2837, 0.26536, 0.26685, 0.26339, 0.26358, 0.26231], 'test_rmse': [0.24861, 0.25094, 0.34297, 0.26587, 0.2513, 0.25191, 0.2493, 0.24978, 0.24889]})
2021/04/27 09:19:15 Epoch --> 9
2021/04/27 11:00:11 Model Saved...
2021/04/27 11:00:11 Results Saved...
2021/04/27 11:00:11 defaultdict(<class 'list'>, {'train_rmse': [0.2408, 0.2414, 0.89819, 0.28589, 0.24499, 0.24442, 0.23928, 0.23949, 0.23847, 0.24878], 'val_rmse': [0.26162, 0.26475, 0.35558, 0.2837, 0.26536, 0.26685, 0.26339, 0.26358, 0.26231, 0.2659], 'test_rmse': [0.24861, 0.25094, 0.34297, 0.26587, 0.2513, 0.25191, 0.2493, 0.24978, 0.24889, 0.25064]})
2021/04/27 11:00:11 Epoch --> 10
2021/04/27 12:41:03 Model Saved...
2021/04/27 12:41:03 Results Saved...
2021/04/27 12:41:03 defaultdict(<class 'list'>, {'train_rmse': [0.2408, 0.2414, 0.89819, 0.28589, 0.24499, 0.24442, 0.23928, 0.23949, 0.23847, 0.24878, 0.2391], 'val_rmse': [0.26162, 0.26475, 0.35558, 0.2837, 0.26536, 0.26685, 0.26339, 0.26358, 0.26231, 0.2659, 0.26582], 'test_rmse': [0.24861, 0.25094, 0.34297, 0.26587, 0.2513, 0.25191, 0.2493, 0.24978, 0.24889, 0.25064, 0.25168]})
2021/04/27 12:41:03 Epoch --> 11
2021/04/27 14:21:53 Model Saved...
2021/04/27 14:21:53 Results Saved...
2021/04/27 14:21:53 defaultdict(<class 'list'>, {'train_rmse': [0.2408, 0.2414, 0.89819, 0.28589, 0.24499, 0.24442, 0.23928, 0.23949, 0.23847, 0.24878, 0.2391, 0.24084], 'val_rmse': [0.26162, 0.26475, 0.35558, 0.2837, 0.26536, 0.26685, 0.26339, 0.26358, 0.26231, 0.2659, 0.26582, 0.26258], 'test_rmse': [0.24861, 0.25094, 0.34297, 0.26587, 0.2513, 0.25191, 0.2493, 0.24978, 0.24889, 0.25064, 0.25168, 0.25089]})
2021/04/27 14:21:53 Epoch --> 12
2021/04/27 16:02:43 Model Saved...
2021/04/27 16:02:43 Results Saved...
2021/04/27 16:02:43 defaultdict(<class 'list'>, {'train_rmse': [0.2408, 0.2414, 0.89819, 0.28589, 0.24499, 0.24442, 0.23928, 0.23949, 0.23847, 0.24878, 0.2391, 0.24084, 0.23791], 'val_rmse': [0.26162, 0.26475, 0.35558, 0.2837, 0.26536, 0.26685, 0.26339, 0.26358, 0.26231, 0.2659, 0.26582, 0.26258, 0.26412], 'test_rmse': [0.24861, 0.25094, 0.34297, 0.26587, 0.2513, 0.25191, 0.2493, 0.24978, 0.24889, 0.25064, 0.25168, 0.25089, 0.25024]})
2021/04/27 16:02:43 Epoch --> 13
2021/04/27 17:43:43 Model Saved...
2021/04/27 17:43:43 Results Saved...
2021/04/27 17:43:43 defaultdict(<class 'list'>, {'train_rmse': [0.2408, 0.2414, 0.89819, 0.28589, 0.24499, 0.24442, 0.23928, 0.23949, 0.23847, 0.24878, 0.2391, 0.24084, 0.23791, 0.24161], 'val_rmse': [0.26162, 0.26475, 0.35558, 0.2837, 0.26536, 0.26685, 0.26339, 0.26358, 0.26231, 0.2659, 0.26582, 0.26258, 0.26412, 0.26213], 'test_rmse': [0.24861, 0.25094, 0.34297, 0.26587, 0.2513, 0.25191, 0.2493, 0.24978, 0.24889, 0.25064, 0.25168, 0.25089, 0.25024, 0.2491]})
2021/04/27 17:43:43 Epoch --> 14
2021/04/27 19:24:44 Model Saved...
2021/04/27 19:24:44 Results Saved...
2021/04/27 19:24:44 defaultdict(<class 'list'>, {'train_rmse': [0.2408, 0.2414, 0.89819, 0.28589, 0.24499, 0.24442, 0.23928, 0.23949, 0.23847, 0.24878, 0.2391, 0.24084, 0.23791, 0.24161, 0.23752], 'val_rmse': [0.26162, 0.26475, 0.35558, 0.2837, 0.26536, 0.26685, 0.26339, 0.26358, 0.26231, 0.2659, 0.26582, 0.26258, 0.26412, 0.26213, 0.26413], 'test_rmse': [0.24861, 0.25094, 0.34297, 0.26587, 0.2513, 0.25191, 0.2493, 0.24978, 0.24889, 0.25064, 0.25168, 0.25089, 0.25024, 0.2491, 0.25044]})
2021/04/27 19:24:44 Epoch --> 15
2021/04/27 21:05:35 Model Saved...
2021/04/27 21:05:35 Results Saved...
2021/04/27 21:05:35 defaultdict(<class 'list'>, {'train_rmse': [0.2408, 0.2414, 0.89819, 0.28589, 0.24499, 0.24442, 0.23928, 0.23949, 0.23847, 0.24878, 0.2391, 0.24084, 0.23791, 0.24161, 0.23752, 0.24686], 'val_rmse': [0.26162, 0.26475, 0.35558, 0.2837, 0.26536, 0.26685, 0.26339, 0.26358, 0.26231, 0.2659, 0.26582, 0.26258, 0.26412, 0.26213, 0.26413, 0.26894], 'test_rmse': [0.24861, 0.25094, 0.34297, 0.26587, 0.2513, 0.25191, 0.2493, 0.24978, 0.24889, 0.25064, 0.25168, 0.25089, 0.25024, 0.2491, 0.25044, 0.25621]})
2021/04/27 21:05:35 Code Ended...
2021/04/27 21:05:35 ####################################################################################################