
2021/05/02 09:05:37 cuda:0
2021/05/02 09:05:37 ####################################################################################################
2021/05/02 09:05:37 Code Started...
2021/05/02 09:06:57 sample size 16618280, train val size 13294624, train size 11632796, val size 1661828, test size 3323656
2021/05/02 09:07:03 Epoch --> 0
2021/05/02 09:43:24 Model Saved...
2021/05/02 09:43:24 Results Saved...
2021/05/02 09:43:24 defaultdict(<class 'list'>, {'train_rmse': [0.50485], 'val_rmse': [0.41026], 'test_rmse': [0.47832]})
2021/05/02 09:43:24 Epoch --> 1
2021/05/02 10:19:47 Model Saved...
2021/05/02 10:19:47 Results Saved...
2021/05/02 10:19:47 defaultdict(<class 'list'>, {'train_rmse': [0.50485, 0.47693], 'val_rmse': [0.41026, 0.40893], 'test_rmse': [0.47832, 0.4781]})
2021/05/02 10:19:47 Epoch --> 2
2021/05/02 10:56:09 Model Saved...
2021/05/02 10:56:09 Results Saved...
2021/05/02 10:56:09 defaultdict(<class 'list'>, {'train_rmse': [0.50485, 0.47693, 0.47506], 'val_rmse': [0.41026, 0.40893, 0.41], 'test_rmse': [0.47832, 0.4781, 0.47734]})
2021/05/02 10:56:09 Epoch --> 3
2021/05/02 11:32:53 Model Saved...
2021/05/02 11:32:53 Results Saved...
2021/05/02 11:32:53 defaultdict(<class 'list'>, {'train_rmse': [0.50485, 0.47693, 0.47506, 0.4761], 'val_rmse': [0.41026, 0.40893, 0.41, 0.41569], 'test_rmse': [0.47832, 0.4781, 0.47734, 0.4813]})
2021/05/02 11:32:53 Epoch --> 4
2021/05/02 12:09:18 Model Saved...
2021/05/02 12:09:18 Results Saved...
2021/05/02 12:09:18 defaultdict(<class 'list'>, {'train_rmse': [0.50485, 0.47693, 0.47506, 0.4761, 0.47635], 'val_rmse': [0.41026, 0.40893, 0.41, 0.41569, 0.41342], 'test_rmse': [0.47832, 0.4781, 0.47734, 0.4813, 0.48019]})
2021/05/02 12:09:18 Epoch --> 5
2021/05/02 12:45:40 Model Saved...
2021/05/02 12:45:40 Results Saved...
2021/05/02 12:45:40 defaultdict(<class 'list'>, {'train_rmse': [0.50485, 0.47693, 0.47506, 0.4761, 0.47635, 0.47452], 'val_rmse': [0.41026, 0.40893, 0.41, 0.41569, 0.41342, 0.40836], 'test_rmse': [0.47832, 0.4781, 0.47734, 0.4813, 0.48019, 0.47604]})
2021/05/02 12:45:40 Epoch --> 6
2021/05/02 13:22:08 Model Saved...
2021/05/02 13:22:08 Results Saved...
2021/05/02 13:22:08 defaultdict(<class 'list'>, {'train_rmse': [0.50485, 0.47693, 0.47506, 0.4761, 0.47635, 0.47452, 0.47445], 'val_rmse': [0.41026, 0.40893, 0.41, 0.41569, 0.41342, 0.40836, 0.40801], 'test_rmse': [0.47832, 0.4781, 0.47734, 0.4813, 0.48019, 0.47604, 0.47481]})
2021/05/02 13:22:08 Epoch --> 7
2021/05/02 13:58:32 Model Saved...
2021/05/02 13:58:32 Results Saved...
2021/05/02 13:58:32 defaultdict(<class 'list'>, {'train_rmse': [0.50485, 0.47693, 0.47506, 0.4761, 0.47635, 0.47452, 0.47445, 0.4741], 'val_rmse': [0.41026, 0.40893, 0.41, 0.41569, 0.41342, 0.40836, 0.40801, 0.40711], 'test_rmse': [0.47832, 0.4781, 0.47734, 0.4813, 0.48019, 0.47604, 0.47481, 0.47394]})
2021/05/02 13:58:32 Epoch --> 8
2021/05/02 14:34:56 Model Saved...
2021/05/02 14:34:56 Results Saved...
2021/05/02 14:34:56 defaultdict(<class 'list'>, {'train_rmse': [0.50485, 0.47693, 0.47506, 0.4761, 0.47635, 0.47452, 0.47445, 0.4741, 0.4737], 'val_rmse': [0.41026, 0.40893, 0.41, 0.41569, 0.41342, 0.40836, 0.40801, 0.40711, 0.40996], 'test_rmse': [0.47832, 0.4781, 0.47734, 0.4813, 0.48019, 0.47604, 0.47481, 0.47394, 0.47648]})
2021/05/02 14:34:56 Epoch --> 9
2021/05/02 15:11:19 Model Saved...
2021/05/02 15:11:19 Results Saved...
2021/05/02 15:11:19 defaultdict(<class 'list'>, {'train_rmse': [0.50485, 0.47693, 0.47506, 0.4761, 0.47635, 0.47452, 0.47445, 0.4741, 0.4737, 0.47653], 'val_rmse': [0.41026, 0.40893, 0.41, 0.41569, 0.41342, 0.40836, 0.40801, 0.40711, 0.40996, 0.41209], 'test_rmse': [0.47832, 0.4781, 0.47734, 0.4813, 0.48019, 0.47604, 0.47481, 0.47394, 0.47648, 0.47789]})
2021/05/02 15:11:19 Epoch --> 10
2021/05/02 15:47:40 Model Saved...
2021/05/02 15:47:40 Results Saved...
2021/05/02 15:47:40 defaultdict(<class 'list'>, {'train_rmse': [0.50485, 0.47693, 0.47506, 0.4761, 0.47635, 0.47452, 0.47445, 0.4741, 0.4737, 0.47653, 0.47473], 'val_rmse': [0.41026, 0.40893, 0.41, 0.41569, 0.41342, 0.40836, 0.40801, 0.40711, 0.40996, 0.41209, 0.41139], 'test_rmse': [0.47832, 0.4781, 0.47734, 0.4813, 0.48019, 0.47604, 0.47481, 0.47394, 0.47648, 0.47789, 0.4784]})
2021/05/02 15:47:40 Epoch --> 11
2021/05/02 16:24:03 Model Saved...
2021/05/02 16:24:03 Results Saved...
2021/05/02 16:24:03 defaultdict(<class 'list'>, {'train_rmse': [0.50485, 0.47693, 0.47506, 0.4761, 0.47635, 0.47452, 0.47445, 0.4741, 0.4737, 0.47653, 0.47473, 0.47649], 'val_rmse': [0.41026, 0.40893, 0.41, 0.41569, 0.41342, 0.40836, 0.40801, 0.40711, 0.40996, 0.41209, 0.41139, 0.40913], 'test_rmse': [0.47832, 0.4781, 0.47734, 0.4813, 0.48019, 0.47604, 0.47481, 0.47394, 0.47648, 0.47789, 0.4784, 0.47692]})
2021/05/02 16:24:03 Epoch --> 12
2021/05/02 17:00:22 Model Saved...
2021/05/02 17:00:22 Results Saved...
2021/05/02 17:00:22 defaultdict(<class 'list'>, {'train_rmse': [0.50485, 0.47693, 0.47506, 0.4761, 0.47635, 0.47452, 0.47445, 0.4741, 0.4737, 0.47653, 0.47473, 0.47649, 0.47388], 'val_rmse': [0.41026, 0.40893, 0.41, 0.41569, 0.41342, 0.40836, 0.40801, 0.40711, 0.40996, 0.41209, 0.41139, 0.40913, 0.4188], 'test_rmse': [0.47832, 0.4781, 0.47734, 0.4813, 0.48019, 0.47604, 0.47481, 0.47394, 0.47648, 0.47789, 0.4784, 0.47692, 0.48378]})
2021/05/02 17:00:22 Epoch --> 13
2021/05/02 17:36:47 Model Saved...
2021/05/02 17:36:47 Results Saved...
2021/05/02 17:36:47 defaultdict(<class 'list'>, {'train_rmse': [0.50485, 0.47693, 0.47506, 0.4761, 0.47635, 0.47452, 0.47445, 0.4741, 0.4737, 0.47653, 0.47473, 0.47649, 0.47388, 0.47425], 'val_rmse': [0.41026, 0.40893, 0.41, 0.41569, 0.41342, 0.40836, 0.40801, 0.40711, 0.40996, 0.41209, 0.41139, 0.40913, 0.4188, 0.40772], 'test_rmse': [0.47832, 0.4781, 0.47734, 0.4813, 0.48019, 0.47604, 0.47481, 0.47394, 0.47648, 0.47789, 0.4784, 0.47692, 0.48378, 0.47538]})
2021/05/02 17:36:47 Epoch --> 14
2021/05/02 18:13:08 Model Saved...
2021/05/02 18:13:08 Results Saved...
2021/05/02 18:13:08 defaultdict(<class 'list'>, {'train_rmse': [0.50485, 0.47693, 0.47506, 0.4761, 0.47635, 0.47452, 0.47445, 0.4741, 0.4737, 0.47653, 0.47473, 0.47649, 0.47388, 0.47425, 0.47205], 'val_rmse': [0.41026, 0.40893, 0.41, 0.41569, 0.41342, 0.40836, 0.40801, 0.40711, 0.40996, 0.41209, 0.41139, 0.40913, 0.4188, 0.40772, 0.40901], 'test_rmse': [0.47832, 0.4781, 0.47734, 0.4813, 0.48019, 0.47604, 0.47481, 0.47394, 0.47648, 0.47789, 0.4784, 0.47692, 0.48378, 0.47538, 0.47658]})
2021/05/02 18:13:08 Epoch --> 15
2021/05/02 18:49:27 Model Saved...
2021/05/02 18:49:27 Results Saved...
2021/05/02 18:49:27 defaultdict(<class 'list'>, {'train_rmse': [0.50485, 0.47693, 0.47506, 0.4761, 0.47635, 0.47452, 0.47445, 0.4741, 0.4737, 0.47653, 0.47473, 0.47649, 0.47388, 0.47425, 0.47205, 0.47504], 'val_rmse': [0.41026, 0.40893, 0.41, 0.41569, 0.41342, 0.40836, 0.40801, 0.40711, 0.40996, 0.41209, 0.41139, 0.40913, 0.4188, 0.40772, 0.40901, 0.41188], 'test_rmse': [0.47832, 0.4781, 0.47734, 0.4813, 0.48019, 0.47604, 0.47481, 0.47394, 0.47648, 0.47789, 0.4784, 0.47692, 0.48378, 0.47538, 0.47658, 0.47956]})
2021/05/02 18:49:27 Code Ended...
2021/05/02 18:49:27 ####################################################################################################