
2021/05/02 09:16:21 cuda:0
2021/05/02 09:16:21 ####################################################################################################
2021/05/02 09:16:21 Code Started...
2021/05/02 09:17:36 sample size 16618280, train val size 13294624, train size 11632796, val size 1661828, test size 3323656
2021/05/02 09:17:43 Epoch --> 0
2021/05/02 10:06:17 Model Saved...
2021/05/02 10:06:17 Results Saved...
2021/05/02 10:06:17 defaultdict(<class 'list'>, {'train_rmse': [0.5081], 'val_rmse': [0.4093], 'test_rmse': [0.47808]})
2021/05/02 10:06:17 Epoch --> 1
2021/05/02 10:55:31 Model Saved...
2021/05/02 10:55:31 Results Saved...
2021/05/02 10:55:31 defaultdict(<class 'list'>, {'train_rmse': [0.5081, 0.47463], 'val_rmse': [0.4093, 0.40838], 'test_rmse': [0.47808, 0.47546]})
2021/05/02 10:55:31 Epoch --> 2
2021/05/02 11:51:54 Model Saved...
2021/05/02 11:51:54 Results Saved...
2021/05/02 11:51:54 defaultdict(<class 'list'>, {'train_rmse': [0.5081, 0.47463, 0.47265], 'val_rmse': [0.4093, 0.40838, 0.40795], 'test_rmse': [0.47808, 0.47546, 0.4753]})
2021/05/02 11:51:54 Epoch --> 3
2021/05/02 12:47:33 Model Saved...
2021/05/02 12:47:33 Results Saved...
2021/05/02 12:47:33 defaultdict(<class 'list'>, {'train_rmse': [0.5081, 0.47463, 0.47265, 0.47184], 'val_rmse': [0.4093, 0.40838, 0.40795, 0.40758], 'test_rmse': [0.47808, 0.47546, 0.4753, 0.47456]})
2021/05/02 12:47:33 Epoch --> 4
2021/05/02 13:43:05 Model Saved...
2021/05/02 13:43:05 Results Saved...
2021/05/02 13:43:05 defaultdict(<class 'list'>, {'train_rmse': [0.5081, 0.47463, 0.47265, 0.47184, 0.47017], 'val_rmse': [0.4093, 0.40838, 0.40795, 0.40758, 0.40444], 'test_rmse': [0.47808, 0.47546, 0.4753, 0.47456, 0.47434]})
2021/05/02 13:43:05 Epoch --> 5
2021/05/02 14:38:22 Model Saved...
2021/05/02 14:38:22 Results Saved...
2021/05/02 14:38:22 defaultdict(<class 'list'>, {'train_rmse': [0.5081, 0.47463, 0.47265, 0.47184, 0.47017, 0.46984], 'val_rmse': [0.4093, 0.40838, 0.40795, 0.40758, 0.40444, 0.40527], 'test_rmse': [0.47808, 0.47546, 0.4753, 0.47456, 0.47434, 0.47315]})
2021/05/02 14:38:22 Epoch --> 6
2021/05/02 15:33:46 Model Saved...
2021/05/02 15:33:46 Results Saved...
2021/05/02 15:33:46 defaultdict(<class 'list'>, {'train_rmse': [0.5081, 0.47463, 0.47265, 0.47184, 0.47017, 0.46984, 0.46948], 'val_rmse': [0.4093, 0.40838, 0.40795, 0.40758, 0.40444, 0.40527, 0.40742], 'test_rmse': [0.47808, 0.47546, 0.4753, 0.47456, 0.47434, 0.47315, 0.4753]})
2021/05/02 15:33:46 Epoch --> 7
2021/05/02 16:29:13 Model Saved...
2021/05/02 16:29:13 Results Saved...
2021/05/02 16:29:13 defaultdict(<class 'list'>, {'train_rmse': [0.5081, 0.47463, 0.47265, 0.47184, 0.47017, 0.46984, 0.46948, 0.46945], 'val_rmse': [0.4093, 0.40838, 0.40795, 0.40758, 0.40444, 0.40527, 0.40742, 0.40549], 'test_rmse': [0.47808, 0.47546, 0.4753, 0.47456, 0.47434, 0.47315, 0.4753, 0.4739]})
2021/05/02 16:29:13 Epoch --> 8
2021/05/02 17:24:41 Model Saved...
2021/05/02 17:24:41 Results Saved...
2021/05/02 17:24:41 defaultdict(<class 'list'>, {'train_rmse': [0.5081, 0.47463, 0.47265, 0.47184, 0.47017, 0.46984, 0.46948, 0.46945, 0.46924], 'val_rmse': [0.4093, 0.40838, 0.40795, 0.40758, 0.40444, 0.40527, 0.40742, 0.40549, 0.4057], 'test_rmse': [0.47808, 0.47546, 0.4753, 0.47456, 0.47434, 0.47315, 0.4753, 0.4739, 0.47513]})
2021/05/02 17:24:41 Epoch --> 9
2021/05/02 18:20:24 Model Saved...
2021/05/02 18:20:24 Results Saved...
2021/05/02 18:20:24 defaultdict(<class 'list'>, {'train_rmse': [0.5081, 0.47463, 0.47265, 0.47184, 0.47017, 0.46984, 0.46948, 0.46945, 0.46924, 0.46815], 'val_rmse': [0.4093, 0.40838, 0.40795, 0.40758, 0.40444, 0.40527, 0.40742, 0.40549, 0.4057, 0.40537], 'test_rmse': [0.47808, 0.47546, 0.4753, 0.47456, 0.47434, 0.47315, 0.4753, 0.4739, 0.47513, 0.47263]})
2021/05/02 18:20:24 Epoch --> 10
2021/05/02 19:15:50 Model Saved...
2021/05/02 19:15:50 Results Saved...
2021/05/02 19:15:50 defaultdict(<class 'list'>, {'train_rmse': [0.5081, 0.47463, 0.47265, 0.47184, 0.47017, 0.46984, 0.46948, 0.46945, 0.46924, 0.46815, 0.46805], 'val_rmse': [0.4093, 0.40838, 0.40795, 0.40758, 0.40444, 0.40527, 0.40742, 0.40549, 0.4057, 0.40537, 0.40516], 'test_rmse': [0.47808, 0.47546, 0.4753, 0.47456, 0.47434, 0.47315, 0.4753, 0.4739, 0.47513, 0.47263, 0.47315]})
2021/05/02 19:15:50 Epoch --> 11
2021/05/02 20:11:10 Model Saved...
2021/05/02 20:11:10 Results Saved...
2021/05/02 20:11:10 defaultdict(<class 'list'>, {'train_rmse': [0.5081, 0.47463, 0.47265, 0.47184, 0.47017, 0.46984, 0.46948, 0.46945, 0.46924, 0.46815, 0.46805, 0.46788], 'val_rmse': [0.4093, 0.40838, 0.40795, 0.40758, 0.40444, 0.40527, 0.40742, 0.40549, 0.4057, 0.40537, 0.40516, 0.40713], 'test_rmse': [0.47808, 0.47546, 0.4753, 0.47456, 0.47434, 0.47315, 0.4753, 0.4739, 0.47513, 0.47263, 0.47315, 0.47493]})
2021/05/02 20:11:10 Epoch --> 12