
2021/04/25 15:37:39 cuda:0
2021/04/25 15:37:39 ####################################################################################################
2021/04/25 15:37:39 Code Started...
2021/04/25 15:37:43 sample size 327725, train val size 262180, train size 229407, val size 32772, test size 65545
2021/04/25 15:37:46 Epoch --> 0
2021/04/25 15:39:38 cuda:0
2021/04/25 15:39:38 ####################################################################################################
2021/04/25 15:39:38 Code Started...
2021/04/25 15:39:38 sample size 327725, train val size 262180, train size 229407, val size 32772, test size 65545
2021/04/25 15:39:41 Epoch --> 0
2021/04/25 15:42:15 cuda:0
2021/04/25 15:42:15 ####################################################################################################
2021/04/25 15:42:15 Code Started...
2021/04/25 15:42:21 sample size 327725, train val size 262180, train size 229407, val size 32772, test size 65545
2021/04/25 15:42:23 Epoch --> 0
2021/04/25 15:45:15 cuda:0
2021/04/25 15:45:15 ####################################################################################################
2021/04/25 15:45:15 Code Started...
2021/04/25 15:45:18 sample size 327725, train val size 262180, train size 229407, val size 32772, test size 65545
2021/04/25 15:45:21 Epoch --> 0
2021/04/25 19:26:34 cuda:0
2021/04/25 19:26:34 ####################################################################################################
2021/04/25 19:26:34 Code Started...
2021/04/25 19:26:39 sample size 327725, train val size 262180, train size 229407, val size 32772, test size 65545
2021/04/25 19:26:41 Epoch --> 0
2021/04/25 19:29:05 Model Saved...
2021/04/25 19:29:12 cuda:0
2021/04/25 19:29:12 ####################################################################################################
2021/04/25 19:29:12 Code Started...
2021/04/25 19:29:12 sample size 327725, train val size 262180, train size 229407, val size 32772, test size 65545
2021/04/25 19:29:15 Model Loaded...
2021/04/25 19:29:15 Epoch --> 0
2021/04/25 19:31:38 Model Saved...
2021/04/25 19:32:16 cuda:0
2021/04/25 19:32:16 ####################################################################################################
2021/04/25 19:32:16 Code Started...
2021/04/25 19:32:20 sample size 327725, train val size 262180, train size 229407, val size 32772, test size 65545
2021/04/25 19:32:23 Model Loaded...
2021/04/25 19:32:23 Epoch --> 0
2021/04/25 19:34:49 Model Saved...
2021/04/25 19:35:54 cuda:0
2021/04/25 19:35:54 ####################################################################################################
2021/04/25 19:35:54 Code Started...
2021/04/25 19:35:59 sample size 327725, train val size 262180, train size 229407, val size 32772, test size 65545
2021/04/25 19:36:02 Model Loaded...
2021/04/25 19:36:02 Epoch --> 0
2021/04/25 19:38:28 Model Saved...
2021/04/25 19:59:02 cuda:0
2021/04/25 19:59:02 ####################################################################################################
2021/04/25 19:59:02 Code Started...
2021/04/25 19:59:06 sample size 327725, train val size 262180, train size 229407, val size 32772, test size 65545
2021/04/25 19:59:09 Model Loaded...
2021/04/25 19:59:09 Epoch --> 0
2021/04/25 20:01:34 Model Saved...
2021/04/25 20:01:34 Results Saved...
2021/04/25 20:01:34 defaultdict(<class 'list'>, {'train_rmse': [0.35137], 'val_rmse': [0.61709], 'test_rmse': [0.49189]})
2021/04/25 20:01:34 Epoch --> 1
2021/04/25 20:04:00 Model Saved...
2021/04/25 20:04:00 Results Saved...
2021/04/25 20:04:00 defaultdict(<class 'list'>, {'train_rmse': [0.35137, 0.32603], 'val_rmse': [0.61709, 0.58425], 'test_rmse': [0.49189, 0.45726]})
2021/04/25 20:04:00 Epoch --> 2
2021/04/25 20:06:26 Model Saved...
2021/04/25 20:06:26 Results Saved...
2021/04/25 20:06:26 defaultdict(<class 'list'>, {'train_rmse': [0.35137, 0.32603, 0.32026], 'val_rmse': [0.61709, 0.58425, 0.60094], 'test_rmse': [0.49189, 0.45726, 0.47232]})
2021/04/25 20:06:26 Epoch --> 3
2021/04/25 20:08:53 Model Saved...
2021/04/25 20:08:53 Results Saved...
2021/04/25 20:08:53 defaultdict(<class 'list'>, {'train_rmse': [0.35137, 0.32603, 0.32026, 0.3198], 'val_rmse': [0.61709, 0.58425, 0.60094, 0.58284], 'test_rmse': [0.49189, 0.45726, 0.47232, 0.47118]})
2021/04/25 20:08:53 Epoch --> 4
2021/04/25 20:11:18 Model Saved...
2021/04/25 20:11:18 Results Saved...
2021/04/25 20:11:18 defaultdict(<class 'list'>, {'train_rmse': [0.35137, 0.32603, 0.32026, 0.3198, 0.31775], 'val_rmse': [0.61709, 0.58425, 0.60094, 0.58284, 0.53952], 'test_rmse': [0.49189, 0.45726, 0.47232, 0.47118, 0.42851]})
2021/04/25 20:11:18 Epoch --> 5
2021/04/25 20:13:43 Model Saved...
2021/04/25 20:13:43 Results Saved...
2021/04/25 20:13:43 defaultdict(<class 'list'>, {'train_rmse': [0.35137, 0.32603, 0.32026, 0.3198, 0.31775, 0.32056], 'val_rmse': [0.61709, 0.58425, 0.60094, 0.58284, 0.53952, 0.54864], 'test_rmse': [0.49189, 0.45726, 0.47232, 0.47118, 0.42851, 0.44496]})
2021/04/25 20:13:43 Epoch --> 6
2021/04/25 20:16:09 Model Saved...
2021/04/25 20:16:09 Results Saved...
2021/04/25 20:16:09 defaultdict(<class 'list'>, {'train_rmse': [0.35137, 0.32603, 0.32026, 0.3198, 0.31775, 0.32056, 0.31261], 'val_rmse': [0.61709, 0.58425, 0.60094, 0.58284, 0.53952, 0.54864, 0.60701], 'test_rmse': [0.49189, 0.45726, 0.47232, 0.47118, 0.42851, 0.44496, 0.45546]})
2021/04/25 20:16:09 Epoch --> 7
2021/04/25 20:18:35 Model Saved...
2021/04/25 20:18:35 Results Saved...
2021/04/25 20:18:35 defaultdict(<class 'list'>, {'train_rmse': [0.35137, 0.32603, 0.32026, 0.3198, 0.31775, 0.32056, 0.31261, 0.33195], 'val_rmse': [0.61709, 0.58425, 0.60094, 0.58284, 0.53952, 0.54864, 0.60701, 0.54526], 'test_rmse': [0.49189, 0.45726, 0.47232, 0.47118, 0.42851, 0.44496, 0.45546, 0.46166]})
2021/04/25 20:18:35 Epoch --> 8
2021/04/25 20:21:01 Model Saved...
2021/04/25 20:21:01 Results Saved...
2021/04/25 20:21:01 defaultdict(<class 'list'>, {'train_rmse': [0.35137, 0.32603, 0.32026, 0.3198, 0.31775, 0.32056, 0.31261, 0.33195, 0.33023], 'val_rmse': [0.61709, 0.58425, 0.60094, 0.58284, 0.53952, 0.54864, 0.60701, 0.54526, 0.59963], 'test_rmse': [0.49189, 0.45726, 0.47232, 0.47118, 0.42851, 0.44496, 0.45546, 0.46166, 0.47538]})
2021/04/25 20:21:01 Epoch --> 9
2021/04/25 20:26:32 cuda:0
2021/04/25 20:26:32 ####################################################################################################
2021/04/25 20:26:32 Code Started...
2021/04/25 20:26:37 sample size 327725, train val size 262180, train size 229407, val size 32772, test size 65545
2021/04/25 20:26:39 Model Loaded...
2021/04/25 20:26:39 Results Loaded...
2021/04/25 20:26:39 Epoch --> 0
2021/04/25 20:29:05 Model Saved...
2021/04/25 20:29:05 Results Saved...
2021/04/25 20:29:05 defaultdict(<class 'list'>, {'train_rmse': [0.35137, 0.32603, 0.32026, 0.3198, 0.31775, 0.32056, 0.31261, 0.33195, 0.33023, 0.36375], 'val_rmse': [0.61709, 0.58425, 0.60094, 0.58284, 0.53952, 0.54864, 0.60701, 0.54526, 0.59963, 0.62729], 'test_rmse': [0.49189, 0.45726, 0.47232, 0.47118, 0.42851, 0.44496, 0.45546, 0.46166, 0.47538, 0.50537]})
2021/04/25 20:29:05 Epoch --> 1
2021/04/25 20:31:32 Model Saved...
2021/04/25 20:31:32 Results Saved...
2021/04/25 20:31:32 defaultdict(<class 'list'>, {'train_rmse': [0.35137, 0.32603, 0.32026, 0.3198, 0.31775, 0.32056, 0.31261, 0.33195, 0.33023, 0.36375, 0.37144], 'val_rmse': [0.61709, 0.58425, 0.60094, 0.58284, 0.53952, 0.54864, 0.60701, 0.54526, 0.59963, 0.62729, 0.61162], 'test_rmse': [0.49189, 0.45726, 0.47232, 0.47118, 0.42851, 0.44496, 0.45546, 0.46166, 0.47538, 0.50537, 0.4807]})
2021/04/25 20:31:32 Epoch --> 2
2021/04/25 20:33:58 Model Saved...
2021/04/25 20:33:58 Results Saved...
2021/04/25 20:33:58 defaultdict(<class 'list'>, {'train_rmse': [0.35137, 0.32603, 0.32026, 0.3198, 0.31775, 0.32056, 0.31261, 0.33195, 0.33023, 0.36375, 0.37144, 0.37818], 'val_rmse': [0.61709, 0.58425, 0.60094, 0.58284, 0.53952, 0.54864, 0.60701, 0.54526, 0.59963, 0.62729, 0.61162, 0.55232], 'test_rmse': [0.49189, 0.45726, 0.47232, 0.47118, 0.42851, 0.44496, 0.45546, 0.46166, 0.47538, 0.50537, 0.4807, 0.4644]})
2021/04/25 20:33:58 Epoch --> 3
2021/04/25 20:36:25 Model Saved...
2021/04/25 20:36:25 Results Saved...
2021/04/25 20:36:25 defaultdict(<class 'list'>, {'train_rmse': [0.35137, 0.32603, 0.32026, 0.3198, 0.31775, 0.32056, 0.31261, 0.33195, 0.33023, 0.36375, 0.37144, 0.37818, 0.36064], 'val_rmse': [0.61709, 0.58425, 0.60094, 0.58284, 0.53952, 0.54864, 0.60701, 0.54526, 0.59963, 0.62729, 0.61162, 0.55232, 0.54042], 'test_rmse': [0.49189, 0.45726, 0.47232, 0.47118, 0.42851, 0.44496, 0.45546, 0.46166, 0.47538, 0.50537, 0.4807, 0.4644, 0.45046]})
2021/04/25 20:36:25 Epoch --> 4
2021/04/25 20:38:53 Model Saved...
2021/04/25 20:38:53 Results Saved...
2021/04/25 20:38:53 defaultdict(<class 'list'>, {'train_rmse': [0.35137, 0.32603, 0.32026, 0.3198, 0.31775, 0.32056, 0.31261, 0.33195, 0.33023, 0.36375, 0.37144, 0.37818, 0.36064, 0.33775], 'val_rmse': [0.61709, 0.58425, 0.60094, 0.58284, 0.53952, 0.54864, 0.60701, 0.54526, 0.59963, 0.62729, 0.61162, 0.55232, 0.54042, 0.55264], 'test_rmse': [0.49189, 0.45726, 0.47232, 0.47118, 0.42851, 0.44496, 0.45546, 0.46166, 0.47538, 0.50537, 0.4807, 0.4644, 0.45046, 0.46035]})
2021/04/25 20:38:53 Epoch --> 5
2021/04/25 20:41:19 Model Saved...
2021/04/25 20:41:19 Results Saved...
2021/04/25 20:41:19 defaultdict(<class 'list'>, {'train_rmse': [0.35137, 0.32603, 0.32026, 0.3198, 0.31775, 0.32056, 0.31261, 0.33195, 0.33023, 0.36375, 0.37144, 0.37818, 0.36064, 0.33775, 0.32914], 'val_rmse': [0.61709, 0.58425, 0.60094, 0.58284, 0.53952, 0.54864, 0.60701, 0.54526, 0.59963, 0.62729, 0.61162, 0.55232, 0.54042, 0.55264, 0.49652], 'test_rmse': [0.49189, 0.45726, 0.47232, 0.47118, 0.42851, 0.44496, 0.45546, 0.46166, 0.47538, 0.50537, 0.4807, 0.4644, 0.45046, 0.46035, 0.42759]})
2021/04/25 20:41:19 Epoch --> 6
2021/04/25 20:43:45 Model Saved...
2021/04/25 20:43:45 Results Saved...
2021/04/25 20:43:45 defaultdict(<class 'list'>, {'train_rmse': [0.35137, 0.32603, 0.32026, 0.3198, 0.31775, 0.32056, 0.31261, 0.33195, 0.33023, 0.36375, 0.37144, 0.37818, 0.36064, 0.33775, 0.32914, 0.3429], 'val_rmse': [0.61709, 0.58425, 0.60094, 0.58284, 0.53952, 0.54864, 0.60701, 0.54526, 0.59963, 0.62729, 0.61162, 0.55232, 0.54042, 0.55264, 0.49652, 0.49131], 'test_rmse': [0.49189, 0.45726, 0.47232, 0.47118, 0.42851, 0.44496, 0.45546, 0.46166, 0.47538, 0.50537, 0.4807, 0.4644, 0.45046, 0.46035, 0.42759, 0.41318]})
2021/04/25 20:43:45 Epoch --> 7
2021/04/25 20:46:12 Model Saved...
2021/04/25 20:46:12 Results Saved...
2021/04/25 20:46:12 defaultdict(<class 'list'>, {'train_rmse': [0.35137, 0.32603, 0.32026, 0.3198, 0.31775, 0.32056, 0.31261, 0.33195, 0.33023, 0.36375, 0.37144, 0.37818, 0.36064, 0.33775, 0.32914, 0.3429, 0.35601], 'val_rmse': [0.61709, 0.58425, 0.60094, 0.58284, 0.53952, 0.54864, 0.60701, 0.54526, 0.59963, 0.62729, 0.61162, 0.55232, 0.54042, 0.55264, 0.49652, 0.49131, 0.54887], 'test_rmse': [0.49189, 0.45726, 0.47232, 0.47118, 0.42851, 0.44496, 0.45546, 0.46166, 0.47538, 0.50537, 0.4807, 0.4644, 0.45046, 0.46035, 0.42759, 0.41318, 0.45468]})
2021/04/25 20:46:12 Epoch --> 8
2021/04/25 20:48:38 Model Saved...
2021/04/25 20:48:38 Results Saved...
2021/04/25 20:48:38 defaultdict(<class 'list'>, {'train_rmse': [0.35137, 0.32603, 0.32026, 0.3198, 0.31775, 0.32056, 0.31261, 0.33195, 0.33023, 0.36375, 0.37144, 0.37818, 0.36064, 0.33775, 0.32914, 0.3429, 0.35601, 0.33027], 'val_rmse': [0.61709, 0.58425, 0.60094, 0.58284, 0.53952, 0.54864, 0.60701, 0.54526, 0.59963, 0.62729, 0.61162, 0.55232, 0.54042, 0.55264, 0.49652, 0.49131, 0.54887, 0.51423], 'test_rmse': [0.49189, 0.45726, 0.47232, 0.47118, 0.42851, 0.44496, 0.45546, 0.46166, 0.47538, 0.50537, 0.4807, 0.4644, 0.45046, 0.46035, 0.42759, 0.41318, 0.45468, 0.42351]})
2021/04/25 20:48:38 Epoch --> 9
2021/04/25 20:51:05 Model Saved...
2021/04/25 20:51:05 Results Saved...
2021/04/25 20:51:05 defaultdict(<class 'list'>, {'train_rmse': [0.35137, 0.32603, 0.32026, 0.3198, 0.31775, 0.32056, 0.31261, 0.33195, 0.33023, 0.36375, 0.37144, 0.37818, 0.36064, 0.33775, 0.32914, 0.3429, 0.35601, 0.33027, 0.31541], 'val_rmse': [0.61709, 0.58425, 0.60094, 0.58284, 0.53952, 0.54864, 0.60701, 0.54526, 0.59963, 0.62729, 0.61162, 0.55232, 0.54042, 0.55264, 0.49652, 0.49131, 0.54887, 0.51423, 0.59885], 'test_rmse': [0.49189, 0.45726, 0.47232, 0.47118, 0.42851, 0.44496, 0.45546, 0.46166, 0.47538, 0.50537, 0.4807, 0.4644, 0.45046, 0.46035, 0.42759, 0.41318, 0.45468, 0.42351, 0.4698]})
2021/04/25 20:51:05 Epoch --> 10
2021/04/25 20:53:31 Model Saved...
2021/04/25 20:53:31 Results Saved...
2021/04/25 20:53:31 defaultdict(<class 'list'>, {'train_rmse': [0.35137, 0.32603, 0.32026, 0.3198, 0.31775, 0.32056, 0.31261, 0.33195, 0.33023, 0.36375, 0.37144, 0.37818, 0.36064, 0.33775, 0.32914, 0.3429, 0.35601, 0.33027, 0.31541, 0.31881], 'val_rmse': [0.61709, 0.58425, 0.60094, 0.58284, 0.53952, 0.54864, 0.60701, 0.54526, 0.59963, 0.62729, 0.61162, 0.55232, 0.54042, 0.55264, 0.49652, 0.49131, 0.54887, 0.51423, 0.59885, 0.54292], 'test_rmse': [0.49189, 0.45726, 0.47232, 0.47118, 0.42851, 0.44496, 0.45546, 0.46166, 0.47538, 0.50537, 0.4807, 0.4644, 0.45046, 0.46035, 0.42759, 0.41318, 0.45468, 0.42351, 0.4698, 0.46124]})
2021/04/25 20:53:31 Epoch --> 11
2021/04/25 20:55:57 Model Saved...
2021/04/25 20:55:57 Results Saved...
2021/04/25 20:55:57 defaultdict(<class 'list'>, {'train_rmse': [0.35137, 0.32603, 0.32026, 0.3198, 0.31775, 0.32056, 0.31261, 0.33195, 0.33023, 0.36375, 0.37144, 0.37818, 0.36064, 0.33775, 0.32914, 0.3429, 0.35601, 0.33027, 0.31541, 0.31881, 0.31776], 'val_rmse': [0.61709, 0.58425, 0.60094, 0.58284, 0.53952, 0.54864, 0.60701, 0.54526, 0.59963, 0.62729, 0.61162, 0.55232, 0.54042, 0.55264, 0.49652, 0.49131, 0.54887, 0.51423, 0.59885, 0.54292, 0.55005], 'test_rmse': [0.49189, 0.45726, 0.47232, 0.47118, 0.42851, 0.44496, 0.45546, 0.46166, 0.47538, 0.50537, 0.4807, 0.4644, 0.45046, 0.46035, 0.42759, 0.41318, 0.45468, 0.42351, 0.4698, 0.46124, 0.45193]})
2021/04/25 20:55:57 Epoch --> 12
2021/04/25 20:58:23 Model Saved...
2021/04/25 20:58:23 Results Saved...
2021/04/25 20:58:23 defaultdict(<class 'list'>, {'train_rmse': [0.35137, 0.32603, 0.32026, 0.3198, 0.31775, 0.32056, 0.31261, 0.33195, 0.33023, 0.36375, 0.37144, 0.37818, 0.36064, 0.33775, 0.32914, 0.3429, 0.35601, 0.33027, 0.31541, 0.31881, 0.31776, 0.31324], 'val_rmse': [0.61709, 0.58425, 0.60094, 0.58284, 0.53952, 0.54864, 0.60701, 0.54526, 0.59963, 0.62729, 0.61162, 0.55232, 0.54042, 0.55264, 0.49652, 0.49131, 0.54887, 0.51423, 0.59885, 0.54292, 0.55005, 0.57545], 'test_rmse': [0.49189, 0.45726, 0.47232, 0.47118, 0.42851, 0.44496, 0.45546, 0.46166, 0.47538, 0.50537, 0.4807, 0.4644, 0.45046, 0.46035, 0.42759, 0.41318, 0.45468, 0.42351, 0.4698, 0.46124, 0.45193, 0.47361]})
2021/04/25 20:58:23 Epoch --> 13
2021/04/25 21:00:49 Model Saved...
2021/04/25 21:00:49 Results Saved...
2021/04/25 21:00:49 defaultdict(<class 'list'>, {'train_rmse': [0.35137, 0.32603, 0.32026, 0.3198, 0.31775, 0.32056, 0.31261, 0.33195, 0.33023, 0.36375, 0.37144, 0.37818, 0.36064, 0.33775, 0.32914, 0.3429, 0.35601, 0.33027, 0.31541, 0.31881, 0.31776, 0.31324, 0.31138], 'val_rmse': [0.61709, 0.58425, 0.60094, 0.58284, 0.53952, 0.54864, 0.60701, 0.54526, 0.59963, 0.62729, 0.61162, 0.55232, 0.54042, 0.55264, 0.49652, 0.49131, 0.54887, 0.51423, 0.59885, 0.54292, 0.55005, 0.57545, 0.54545], 'test_rmse': [0.49189, 0.45726, 0.47232, 0.47118, 0.42851, 0.44496, 0.45546, 0.46166, 0.47538, 0.50537, 0.4807, 0.4644, 0.45046, 0.46035, 0.42759, 0.41318, 0.45468, 0.42351, 0.4698, 0.46124, 0.45193, 0.47361, 0.43305]})
2021/04/25 21:00:49 Epoch --> 14
2021/04/25 21:03:15 Model Saved...
2021/04/25 21:03:15 Results Saved...
2021/04/25 21:03:15 defaultdict(<class 'list'>, {'train_rmse': [0.35137, 0.32603, 0.32026, 0.3198, 0.31775, 0.32056, 0.31261, 0.33195, 0.33023, 0.36375, 0.37144, 0.37818, 0.36064, 0.33775, 0.32914, 0.3429, 0.35601, 0.33027, 0.31541, 0.31881, 0.31776, 0.31324, 0.31138, 0.30592], 'val_rmse': [0.61709, 0.58425, 0.60094, 0.58284, 0.53952, 0.54864, 0.60701, 0.54526, 0.59963, 0.62729, 0.61162, 0.55232, 0.54042, 0.55264, 0.49652, 0.49131, 0.54887, 0.51423, 0.59885, 0.54292, 0.55005, 0.57545, 0.54545, 0.57887], 'test_rmse': [0.49189, 0.45726, 0.47232, 0.47118, 0.42851, 0.44496, 0.45546, 0.46166, 0.47538, 0.50537, 0.4807, 0.4644, 0.45046, 0.46035, 0.42759, 0.41318, 0.45468, 0.42351, 0.4698, 0.46124, 0.45193, 0.47361, 0.43305, 0.46502]})
2021/04/25 21:03:15 Epoch --> 15
2021/04/25 21:05:42 Model Saved...
2021/04/25 21:05:42 Results Saved...
2021/04/25 21:05:42 defaultdict(<class 'list'>, {'train_rmse': [0.35137, 0.32603, 0.32026, 0.3198, 0.31775, 0.32056, 0.31261, 0.33195, 0.33023, 0.36375, 0.37144, 0.37818, 0.36064, 0.33775, 0.32914, 0.3429, 0.35601, 0.33027, 0.31541, 0.31881, 0.31776, 0.31324, 0.31138, 0.30592, 0.32624], 'val_rmse': [0.61709, 0.58425, 0.60094, 0.58284, 0.53952, 0.54864, 0.60701, 0.54526, 0.59963, 0.62729, 0.61162, 0.55232, 0.54042, 0.55264, 0.49652, 0.49131, 0.54887, 0.51423, 0.59885, 0.54292, 0.55005, 0.57545, 0.54545, 0.57887, 0.55941], 'test_rmse': [0.49189, 0.45726, 0.47232, 0.47118, 0.42851, 0.44496, 0.45546, 0.46166, 0.47538, 0.50537, 0.4807, 0.4644, 0.45046, 0.46035, 0.42759, 0.41318, 0.45468, 0.42351, 0.4698, 0.46124, 0.45193, 0.47361, 0.43305, 0.46502, 0.45353]})
2021/04/25 21:05:42 Code Ended...
2021/04/25 21:05:42 ####################################################################################################