
2021/04/25 21:18:36 cuda:0
2021/04/25 21:18:36 ####################################################################################################
2021/04/25 21:18:36 Code Started...
2021/04/25 21:18:41 sample size 327725, train val size 262180, train size 229407, val size 32772, test size 65545
2021/04/25 21:18:44 Epoch --> 0
2021/04/25 21:19:48 Model Saved...
2021/04/25 21:19:48 Results Saved...
2021/04/25 21:19:48 defaultdict(<class 'list'>, {'train_rmse': [1.44259], 'val_rmse': [0.88341], 'test_rmse': [0.85316]})
2021/04/25 21:19:48 Epoch --> 1
2021/04/25 21:20:52 Model Saved...
2021/04/25 21:20:52 Results Saved...
2021/04/25 21:20:52 defaultdict(<class 'list'>, {'train_rmse': [1.44259, 0.84802], 'val_rmse': [0.88341, 0.8607], 'test_rmse': [0.85316, 0.82132]})
2021/04/25 21:20:52 Epoch --> 2
2021/04/25 21:21:56 Model Saved...
2021/04/25 21:21:56 Results Saved...
2021/04/25 21:21:56 defaultdict(<class 'list'>, {'train_rmse': [1.44259, 0.84802, 0.79558], 'val_rmse': [0.88341, 0.8607, 0.51488], 'test_rmse': [0.85316, 0.82132, 0.54558]})
2021/04/25 21:21:56 Epoch --> 3
2021/04/25 21:23:00 Model Saved...
2021/04/25 21:23:00 Results Saved...
2021/04/25 21:23:00 defaultdict(<class 'list'>, {'train_rmse': [1.44259, 0.84802, 0.79558, 1.84782], 'val_rmse': [0.88341, 0.8607, 0.51488, 1.78776], 'test_rmse': [0.85316, 0.82132, 0.54558, 1.8048]})
2021/04/25 21:23:00 Epoch --> 4
2021/04/25 21:24:04 Model Saved...
2021/04/25 21:24:04 Results Saved...
2021/04/25 21:24:04 defaultdict(<class 'list'>, {'train_rmse': [1.44259, 0.84802, 0.79558, 1.84782, 1.65435], 'val_rmse': [0.88341, 0.8607, 0.51488, 1.78776, 1.37367], 'test_rmse': [0.85316, 0.82132, 0.54558, 1.8048, 1.36919]})
2021/04/25 21:24:04 Epoch --> 5
2021/04/25 21:25:07 Model Saved...
2021/04/25 21:25:07 Results Saved...
2021/04/25 21:25:07 defaultdict(<class 'list'>, {'train_rmse': [1.44259, 0.84802, 0.79558, 1.84782, 1.65435, 1.17633], 'val_rmse': [0.88341, 0.8607, 0.51488, 1.78776, 1.37367, 0.99484], 'test_rmse': [0.85316, 0.82132, 0.54558, 1.8048, 1.36919, 0.97582]})
2021/04/25 21:25:07 Epoch --> 6
2021/04/25 21:26:12 Model Saved...
2021/04/25 21:26:12 Results Saved...
2021/04/25 21:26:12 defaultdict(<class 'list'>, {'train_rmse': [1.44259, 0.84802, 0.79558, 1.84782, 1.65435, 1.17633, 0.85687], 'val_rmse': [0.88341, 0.8607, 0.51488, 1.78776, 1.37367, 0.99484, 0.67436], 'test_rmse': [0.85316, 0.82132, 0.54558, 1.8048, 1.36919, 0.97582, 0.67618]})
2021/04/25 21:26:12 Epoch --> 7
2021/04/25 21:27:15 Model Saved...
2021/04/25 21:27:15 Results Saved...
2021/04/25 21:27:15 defaultdict(<class 'list'>, {'train_rmse': [1.44259, 0.84802, 0.79558, 1.84782, 1.65435, 1.17633, 0.85687, 0.67258], 'val_rmse': [0.88341, 0.8607, 0.51488, 1.78776, 1.37367, 0.99484, 0.67436, 0.56144], 'test_rmse': [0.85316, 0.82132, 0.54558, 1.8048, 1.36919, 0.97582, 0.67618, 0.49731]})
2021/04/25 21:27:15 Epoch --> 8
2021/04/25 21:28:19 Model Saved...
2021/04/25 21:28:19 Results Saved...
2021/04/25 21:28:19 defaultdict(<class 'list'>, {'train_rmse': [1.44259, 0.84802, 0.79558, 1.84782, 1.65435, 1.17633, 0.85687, 0.67258, 0.60404], 'val_rmse': [0.88341, 0.8607, 0.51488, 1.78776, 1.37367, 0.99484, 0.67436, 0.56144, 0.81874], 'test_rmse': [0.85316, 0.82132, 0.54558, 1.8048, 1.36919, 0.97582, 0.67618, 0.49731, 0.64298]})
2021/04/25 21:28:19 Epoch --> 9
2021/04/25 21:29:23 Model Saved...
2021/04/25 21:29:23 Results Saved...
2021/04/25 21:29:23 defaultdict(<class 'list'>, {'train_rmse': [1.44259, 0.84802, 0.79558, 1.84782, 1.65435, 1.17633, 0.85687, 0.67258, 0.60404, 0.48343], 'val_rmse': [0.88341, 0.8607, 0.51488, 1.78776, 1.37367, 0.99484, 0.67436, 0.56144, 0.81874, 0.5864], 'test_rmse': [0.85316, 0.82132, 0.54558, 1.8048, 1.36919, 0.97582, 0.67618, 0.49731, 0.64298, 0.45042]})
2021/04/25 21:29:23 Epoch --> 10
2021/04/25 21:30:27 Model Saved...
2021/04/25 21:30:27 Results Saved...
2021/04/25 21:30:27 defaultdict(<class 'list'>, {'train_rmse': [1.44259, 0.84802, 0.79558, 1.84782, 1.65435, 1.17633, 0.85687, 0.67258, 0.60404, 0.48343, 0.48882], 'val_rmse': [0.88341, 0.8607, 0.51488, 1.78776, 1.37367, 0.99484, 0.67436, 0.56144, 0.81874, 0.5864, 0.59239], 'test_rmse': [0.85316, 0.82132, 0.54558, 1.8048, 1.36919, 0.97582, 0.67618, 0.49731, 0.64298, 0.45042, 0.45224]})
2021/04/25 21:30:27 Epoch --> 11
2021/04/25 21:31:31 Model Saved...
2021/04/25 21:31:31 Results Saved...
2021/04/25 21:31:31 defaultdict(<class 'list'>, {'train_rmse': [1.44259, 0.84802, 0.79558, 1.84782, 1.65435, 1.17633, 0.85687, 0.67258, 0.60404, 0.48343, 0.48882, 0.44753], 'val_rmse': [0.88341, 0.8607, 0.51488, 1.78776, 1.37367, 0.99484, 0.67436, 0.56144, 0.81874, 0.5864, 0.59239, 0.51728], 'test_rmse': [0.85316, 0.82132, 0.54558, 1.8048, 1.36919, 0.97582, 0.67618, 0.49731, 0.64298, 0.45042, 0.45224, 0.41761]})
2021/04/25 21:31:31 Epoch --> 12
2021/04/25 21:32:34 Model Saved...
2021/04/25 21:32:34 Results Saved...
2021/04/25 21:32:34 defaultdict(<class 'list'>, {'train_rmse': [1.44259, 0.84802, 0.79558, 1.84782, 1.65435, 1.17633, 0.85687, 0.67258, 0.60404, 0.48343, 0.48882, 0.44753, 0.45574], 'val_rmse': [0.88341, 0.8607, 0.51488, 1.78776, 1.37367, 0.99484, 0.67436, 0.56144, 0.81874, 0.5864, 0.59239, 0.51728, 0.52314], 'test_rmse': [0.85316, 0.82132, 0.54558, 1.8048, 1.36919, 0.97582, 0.67618, 0.49731, 0.64298, 0.45042, 0.45224, 0.41761, 0.42774]})
2021/04/25 21:32:34 Epoch --> 13
2021/04/25 21:33:37 Model Saved...
2021/04/25 21:33:37 Results Saved...
2021/04/25 21:33:37 defaultdict(<class 'list'>, {'train_rmse': [1.44259, 0.84802, 0.79558, 1.84782, 1.65435, 1.17633, 0.85687, 0.67258, 0.60404, 0.48343, 0.48882, 0.44753, 0.45574, 0.47089], 'val_rmse': [0.88341, 0.8607, 0.51488, 1.78776, 1.37367, 0.99484, 0.67436, 0.56144, 0.81874, 0.5864, 0.59239, 0.51728, 0.52314, 0.51554], 'test_rmse': [0.85316, 0.82132, 0.54558, 1.8048, 1.36919, 0.97582, 0.67618, 0.49731, 0.64298, 0.45042, 0.45224, 0.41761, 0.42774, 0.44469]})
2021/04/25 21:33:37 Epoch --> 14
2021/04/25 21:34:41 Model Saved...
2021/04/25 21:34:41 Results Saved...
2021/04/25 21:34:41 defaultdict(<class 'list'>, {'train_rmse': [1.44259, 0.84802, 0.79558, 1.84782, 1.65435, 1.17633, 0.85687, 0.67258, 0.60404, 0.48343, 0.48882, 0.44753, 0.45574, 0.47089, 0.43914], 'val_rmse': [0.88341, 0.8607, 0.51488, 1.78776, 1.37367, 0.99484, 0.67436, 0.56144, 0.81874, 0.5864, 0.59239, 0.51728, 0.52314, 0.51554, 0.63889], 'test_rmse': [0.85316, 0.82132, 0.54558, 1.8048, 1.36919, 0.97582, 0.67618, 0.49731, 0.64298, 0.45042, 0.45224, 0.41761, 0.42774, 0.44469, 0.48529]})
2021/04/25 21:34:41 Epoch --> 15
2021/04/25 21:35:44 Model Saved...
2021/04/25 21:35:44 Results Saved...
2021/04/25 21:35:44 defaultdict(<class 'list'>, {'train_rmse': [1.44259, 0.84802, 0.79558, 1.84782, 1.65435, 1.17633, 0.85687, 0.67258, 0.60404, 0.48343, 0.48882, 0.44753, 0.45574, 0.47089, 0.43914, 0.43947], 'val_rmse': [0.88341, 0.8607, 0.51488, 1.78776, 1.37367, 0.99484, 0.67436, 0.56144, 0.81874, 0.5864, 0.59239, 0.51728, 0.52314, 0.51554, 0.63889, 0.7193], 'test_rmse': [0.85316, 0.82132, 0.54558, 1.8048, 1.36919, 0.97582, 0.67618, 0.49731, 0.64298, 0.45042, 0.45224, 0.41761, 0.42774, 0.44469, 0.48529, 0.56235]})
2021/04/25 21:35:44 Epoch --> 16
2021/04/25 21:36:48 Model Saved...
2021/04/25 21:36:48 Results Saved...
2021/04/25 21:36:48 defaultdict(<class 'list'>, {'train_rmse': [1.44259, 0.84802, 0.79558, 1.84782, 1.65435, 1.17633, 0.85687, 0.67258, 0.60404, 0.48343, 0.48882, 0.44753, 0.45574, 0.47089, 0.43914, 0.43947, 0.43043], 'val_rmse': [0.88341, 0.8607, 0.51488, 1.78776, 1.37367, 0.99484, 0.67436, 0.56144, 0.81874, 0.5864, 0.59239, 0.51728, 0.52314, 0.51554, 0.63889, 0.7193, 0.75103], 'test_rmse': [0.85316, 0.82132, 0.54558, 1.8048, 1.36919, 0.97582, 0.67618, 0.49731, 0.64298, 0.45042, 0.45224, 0.41761, 0.42774, 0.44469, 0.48529, 0.56235, 0.59954]})
2021/04/25 21:36:48 Code Ended...
2021/04/25 21:36:48 ####################################################################################################