
2021/05/02 09:32:22 cuda:0
2021/05/02 09:32:22 ####################################################################################################
2021/05/02 09:32:22 Code Started...
2021/05/02 09:33:43 sample size 16618280, train val size 13294624, train size 11632796, val size 1661828, test size 3323656
2021/05/02 09:33:51 Epoch --> 0
2021/05/02 11:17:07 Model Saved...
2021/05/02 11:17:07 Results Saved...
2021/05/02 11:17:07 defaultdict(<class 'list'>, {'train_rmse': [0.49214], 'val_rmse': [0.4235], 'test_rmse': [0.49189]})
2021/05/02 11:17:07 Epoch --> 1
2021/05/02 12:59:09 Model Saved...
2021/05/02 12:59:09 Results Saved...
2021/05/02 12:59:09 defaultdict(<class 'list'>, {'train_rmse': [0.49214, 0.49066], 'val_rmse': [0.4235, 0.42346], 'test_rmse': [0.49189, 0.48799]})
2021/05/02 12:59:09 Epoch --> 2
2021/05/02 14:41:11 Model Saved...
2021/05/02 14:41:11 Results Saved...
2021/05/02 14:41:11 defaultdict(<class 'list'>, {'train_rmse': [0.49214, 0.49066, 0.49002], 'val_rmse': [0.4235, 0.42346, 0.41715], 'test_rmse': [0.49189, 0.48799, 0.48346]})
2021/05/02 14:41:11 Epoch --> 3
2021/05/02 16:23:15 Model Saved...
2021/05/02 16:23:15 Results Saved...
2021/05/02 16:23:15 defaultdict(<class 'list'>, {'train_rmse': [0.49214, 0.49066, 0.49002, 0.49373], 'val_rmse': [0.4235, 0.42346, 0.41715, 0.4234], 'test_rmse': [0.49189, 0.48799, 0.48346, 0.49242]})
2021/05/02 16:23:15 Epoch --> 4
2021/05/02 18:05:32 Model Saved...
2021/05/02 18:05:32 Results Saved...
2021/05/02 18:05:32 defaultdict(<class 'list'>, {'train_rmse': [0.49214, 0.49066, 0.49002, 0.49373, 0.49449], 'val_rmse': [0.4235, 0.42346, 0.41715, 0.4234, 0.42332], 'test_rmse': [0.49189, 0.48799, 0.48346, 0.49242, 0.49058]})
2021/05/02 18:05:32 Epoch --> 5
2021/05/02 19:47:33 Model Saved...
2021/05/02 19:47:33 Results Saved...
2021/05/02 19:47:33 defaultdict(<class 'list'>, {'train_rmse': [0.49214, 0.49066, 0.49002, 0.49373, 0.49449, 0.49708], 'val_rmse': [0.4235, 0.42346, 0.41715, 0.4234, 0.42332, 0.42386], 'test_rmse': [0.49189, 0.48799, 0.48346, 0.49242, 0.49058, 0.49094]})
2021/05/02 19:47:33 Epoch --> 6